[INFO ] 2022-11-07 12:12:40.258 [main] TestContext - =================To verify Buyer has provided with different recommendations "lot2" and after answering different set of question as looking for "Service", Budget radio as "Yes" and enters budget as "12345", Contract radio as "Yes" and enters contract length "13" , selects Service area as "Theatre pack and gowns" and Additional facilities as "No, I have everything I need" during the journey execution starts===================
[INFO ] 2022-11-07 12:12:40.274 [main] BrowserFactory - Opening CHROMEbrowser
[INFO ] 2022-11-07 12:12:48.748 [main] TestContext - Successfully lunched the chrome browser
[INFO ] 2022-11-07 12:12:48.750 [main] TestContext - base.url:https://webuat.crowncommercial.gov.uk/
[INFO ] 2022-11-07 12:12:58.157 [main] BrowserFactory - https://webuat.crowncommercial.gov.uk/ is launched
[INFO ] 2022-11-07 12:13:07.746 [main] HomePage - Clicked on Start now button
[INFO ] 2022-11-07 12:13:11.338 [main] HomePage - Clicked on Start now button
[INFO ] 2022-11-07 12:13:13.405 [main] HomePage - Buyer clicked on Linen radio button
[INFO ] 2022-11-07 12:13:16.605 [main] HomePage - Clicked on Continue button
[INFO ] 2022-11-07 12:13:18.667 [main] HomePage - Buyer clicked on Service radio button
[INFO ] 2022-11-07 12:13:21.860 [main] HomePage - Clicked on Continue button
[INFO ] 2022-11-07 12:13:24.170 [main] HomePage - Buyer clicked on Yes radio button
[INFO ] 2022-11-07 12:13:29.447 [main] HomePage - Clicked on Continue button
[INFO ] 2022-11-07 12:13:31.495 [main] HomePage - Buyer clicked on Yes radio button
[INFO ] 2022-11-07 12:13:35.156 [main] HomePage - Clicked on Continue button
[INFO ] 2022-11-07 12:13:37.195 [main] HomePage - Buyer clicked on Theatre pack and gowns radio button
[INFO ] 2022-11-07 12:13:40.325 [main] HomePage - Clicked on Continue button
[INFO ] 2022-11-07 12:13:43.370 [main] HomePage - Buyer clicked on No, I have everything I need checkbox  button
[INFO ] 2022-11-07 12:13:46.581 [main] HomePage - Clicked on Continue button
[INFO ] 2022-11-07 13:24:16.278 [main] TestContext - =================To verify Buyer has provided with different recommendations "lot2" and after answering different set of question as looking for "Service", Budget radio as "Yes" and enters budget as "12345", Contract radio as "Yes" and enters contract length "13" , selects Service area as "Theatre pack and gowns" and Additional facilities as "No, I have everything I need" during the journey execution starts===================
[INFO ] 2022-11-07 13:24:16.306 [main] BrowserFactory - Opening CHROMEbrowser
[INFO ] 2022-11-07 13:24:25.607 [main] TestContext - Successfully lunched the chrome browser
[INFO ] 2022-11-07 13:24:25.609 [main] TestContext - base.url:https://webuat.crowncommercial.gov.uk/
[INFO ] 2022-11-07 13:24:40.532 [main] BrowserFactory - https://webuat.crowncommercial.gov.uk/ is launched
[INFO ] 2022-11-07 13:24:50.830 [main] HomePage - Clicked on Start now button
[INFO ] 2022-11-07 13:24:54.504 [main] HomePage - Clicked on Start now button
[INFO ] 2022-11-07 13:24:56.573 [main] HomePage - Buyer clicked on Linen radio button
[INFO ] 2022-11-07 13:25:00.813 [main] HomePage - Clicked on Continue button
[INFO ] 2022-11-07 13:25:02.860 [main] HomePage - Buyer clicked on Service radio button
[INFO ] 2022-11-07 13:25:06.982 [main] HomePage - Clicked on Continue button
[INFO ] 2022-11-07 13:25:09.285 [main] HomePage - Buyer clicked on Yes radio button
[INFO ] 2022-11-07 13:25:13.540 [main] HomePage - Clicked on Continue button
[INFO ] 2022-11-07 13:25:15.581 [main] HomePage - Buyer clicked on Yes radio button
[INFO ] 2022-11-07 13:25:19.297 [main] HomePage - Clicked on Continue button
[INFO ] 2022-11-07 13:25:21.338 [main] HomePage - Buyer clicked on Theatre pack and gowns radio button
[INFO ] 2022-11-07 13:25:23.983 [main] HomePage - Clicked on Continue button
[INFO ] 2022-11-07 13:25:27.016 [main] HomePage - Buyer clicked on No, I have everything I need checkbox  button
[INFO ] 2022-11-07 13:25:30.437 [main] HomePage - Clicked on Continue button
[INFO ] 2022-11-07 13:25:31.643 [main] HomePage - Clicked on Show details link
[INFO ] 2022-11-07 13:25:41.309 [main] TestContext - =================To verify Buyer has provided with different recommendations "lot2" and after answering different set of question as looking for "Service", Budget radio as "Yes" and enters budget as "12345", Contract radio as "Yes" and enters contract length "13" , selects Service area as "Theatre pack and gowns" and Additional facilities as "No, I have everything I need" during the journey execution ends===================
[INFO ] 2022-11-07 13:28:31.809 [main] TestContext - =================To verify Buyer has provided with different recommendations "lot2" and after answering different set of question as looking for "Service", Budget radio as "Yes" and enters budget as "12345", Contract radio as "Yes" and enters contract length "13" , selects Service area as "Theatre pack and gowns" and Additional facilities as "No, I have everything I need" during the journey execution starts===================
[INFO ] 2022-11-07 13:28:31.813 [main] BrowserFactory - Opening CHROMEbrowser
[INFO ] 2022-11-07 13:28:39.139 [main] TestContext - Successfully lunched the chrome browser
[INFO ] 2022-11-07 13:28:39.141 [main] TestContext - base.url:https://webuat.crowncommercial.gov.uk/
[INFO ] 2022-11-07 13:28:49.591 [main] BrowserFactory - https://webuat.crowncommercial.gov.uk/ is launched
[INFO ] 2022-11-07 13:28:58.838 [main] HomePage - Clicked on Start now button
[INFO ] 2022-11-07 13:29:02.050 [main] HomePage - Clicked on Start now button
[INFO ] 2022-11-07 13:29:04.142 [main] HomePage - Buyer clicked on Linen radio button
[INFO ] 2022-11-07 13:29:07.114 [main] HomePage - Clicked on Continue button
[INFO ] 2022-11-07 13:29:09.162 [main] HomePage - Buyer clicked on Service radio button
[INFO ] 2022-11-07 13:29:11.800 [main] HomePage - Clicked on Continue button
[INFO ] 2022-11-07 13:29:14.092 [main] HomePage - Buyer clicked on Yes radio button
[INFO ] 2022-11-07 13:29:18.521 [main] HomePage - Clicked on Continue button
[INFO ] 2022-11-07 13:29:20.561 [main] HomePage - Buyer clicked on Yes radio button
[INFO ] 2022-11-07 13:29:24.309 [main] HomePage - Clicked on Continue button
[INFO ] 2022-11-07 13:29:26.352 [main] HomePage - Buyer clicked on Theatre pack and gowns radio button
[INFO ] 2022-11-07 13:29:28.906 [main] HomePage - Clicked on Continue button
[INFO ] 2022-11-07 13:29:31.956 [main] HomePage - Buyer clicked on No, I have everything I need checkbox  button
[INFO ] 2022-11-07 13:29:35.811 [main] HomePage - Clicked on Continue button
[INFO ] 2022-11-07 13:30:12.515 [main] TestContext - =================To verify Buyer has provided with different recommendations "lot2" and after answering different set of question as looking for "Service", Budget radio as "Yes" and enters budget as "12345", Contract radio as "Yes" and enters contract length "13" , selects Service area as "Theatre pack and gowns" and Additional facilities as "No, I have everything I need" during the journey execution ends===================
[INFO ] 2022-11-07 13:32:57.351 [main] TestContext - =================To verify Buyer has provided with different recommendations "lot2" and after answering different set of question as looking for "Service", Budget radio as "Yes" and enters budget as "12345", Contract radio as "Yes" and enters contract length "13" , selects Service area as "Theatre pack and gowns" and Additional facilities as "No, I have everything I need" during the journey execution starts===================
[INFO ] 2022-11-07 13:32:57.355 [main] BrowserFactory - Opening CHROMEbrowser
[INFO ] 2022-11-07 13:33:05.109 [main] TestContext - Successfully lunched the chrome browser
[INFO ] 2022-11-07 13:33:05.111 [main] TestContext - base.url:https://webuat.crowncommercial.gov.uk/
[INFO ] 2022-11-07 13:33:15.458 [main] BrowserFactory - https://webuat.crowncommercial.gov.uk/ is launched
[INFO ] 2022-11-07 13:33:24.673 [main] HomePage - Clicked on Start now button
[INFO ] 2022-11-07 13:33:28.484 [main] HomePage - Clicked on Start now button
[INFO ] 2022-11-07 13:33:30.557 [main] HomePage - Buyer clicked on Linen radio button
[INFO ] 2022-11-07 13:33:33.417 [main] HomePage - Clicked on Continue button
[INFO ] 2022-11-07 13:33:35.443 [main] HomePage - Buyer clicked on Service radio button
[INFO ] 2022-11-07 13:33:38.081 [main] HomePage - Clicked on Continue button
[INFO ] 2022-11-07 13:33:40.375 [main] HomePage - Buyer clicked on Yes radio button
[INFO ] 2022-11-07 13:33:44.387 [main] HomePage - Clicked on Continue button
[INFO ] 2022-11-07 13:33:46.429 [main] HomePage - Buyer clicked on Yes radio button
[INFO ] 2022-11-07 13:33:50.046 [main] HomePage - Clicked on Continue button
[INFO ] 2022-11-07 13:33:52.092 [main] HomePage - Buyer clicked on Theatre pack and gowns radio button
[INFO ] 2022-11-07 13:33:54.634 [main] HomePage - Clicked on Continue button
[INFO ] 2022-11-07 13:33:57.682 [main] HomePage - Buyer clicked on No, I have everything I need checkbox  button
[INFO ] 2022-11-07 13:34:00.912 [main] HomePage - Clicked on Continue button
[INFO ] 2022-11-07 13:34:38.745 [main] TestContext - =================To verify Buyer has provided with different recommendations "lot2" and after answering different set of question as looking for "Service", Budget radio as "Yes" and enters budget as "12345", Contract radio as "Yes" and enters contract length "13" , selects Service area as "Theatre pack and gowns" and Additional facilities as "No, I have everything I need" during the journey execution ends===================
[INFO ] 2022-11-07 13:38:41.585 [main] TestContext - =================To verify Buyer has provided with different recommendations "lot2" and after answering different set of question as looking for "Service", Budget radio as "Yes" and enters budget as "12345", Contract radio as "Yes" and enters contract length "13" , selects Service area as "Theatre pack and gowns" and Additional facilities as "No, I have everything I need" during the journey execution starts===================
[INFO ] 2022-11-07 13:38:41.590 [main] BrowserFactory - Opening CHROMEbrowser
[INFO ] 2022-11-07 13:38:49.789 [main] TestContext - Successfully lunched the chrome browser
[INFO ] 2022-11-07 13:38:49.791 [main] TestContext - base.url:https://webuat.crowncommercial.gov.uk/
[INFO ] 2022-11-07 13:39:02.327 [main] BrowserFactory - https://webuat.crowncommercial.gov.uk/ is launched
[INFO ] 2022-11-07 13:39:11.572 [main] HomePage - Clicked on Start now button
[INFO ] 2022-11-07 13:39:14.854 [main] HomePage - Clicked on Start now button
[INFO ] 2022-11-07 13:39:16.947 [main] HomePage - Buyer clicked on Linen radio button
[INFO ] 2022-11-07 13:39:20.035 [main] HomePage - Clicked on Continue button
[INFO ] 2022-11-07 13:39:22.081 [main] HomePage - Buyer clicked on Service radio button
[INFO ] 2022-11-07 13:39:24.849 [main] HomePage - Clicked on Continue button
[INFO ] 2022-11-07 13:39:27.149 [main] HomePage - Buyer clicked on Yes radio button
[INFO ] 2022-11-07 13:39:30.989 [main] HomePage - Clicked on Continue button
[INFO ] 2022-11-07 13:39:33.031 [main] HomePage - Buyer clicked on Yes radio button
[INFO ] 2022-11-07 13:39:36.732 [main] HomePage - Clicked on Continue button
[INFO ] 2022-11-07 13:39:38.770 [main] HomePage - Buyer clicked on Theatre pack and gowns radio button
[INFO ] 2022-11-07 13:39:41.446 [main] HomePage - Clicked on Continue button
[INFO ] 2022-11-07 13:39:44.498 [main] HomePage - Buyer clicked on No, I have everything I need checkbox  button
[INFO ] 2022-11-07 13:39:47.687 [main] HomePage - Clicked on Continue button
[INFO ] 2022-11-07 13:39:50.739 [main] HomePage - Clicked on Show details link
[INFO ] 2022-11-07 13:39:58.636 [main] TestContext - =================To verify Buyer has provided with different recommendations "lot2" and after answering different set of question as looking for "Service", Budget radio as "Yes" and enters budget as "12345", Contract radio as "Yes" and enters contract length "13" , selects Service area as "Theatre pack and gowns" and Additional facilities as "No, I have everything I need" during the journey execution ends===================
[INFO ] 2022-11-07 13:41:12.764 [main] TestContext - =================To verify Buyer has provided with different recommendations "lot2" and after answering different set of question as looking for "Service", Budget radio as "Yes" and enters budget as "12345", Contract radio as "Yes" and enters contract length "10" , selects Service area as "Theatre pack and gowns" and Additional facilities as "No, I have everything I need" during the journey execution starts===================
[INFO ] 2022-11-07 13:41:12.768 [main] BrowserFactory - Opening CHROMEbrowser
[INFO ] 2022-11-07 13:41:52.719 [main] TestContext - =================To verify Buyer has provided with different recommendations "lot2" and after answering different set of question as looking for "Service", Budget radio as "Yes" and enters budget as "12345", Contract radio as "Yes" and enters contract length "10" , selects Service area as "Theatre pack and gowns" and Additional facilities as "No, I have everything I need" during the journey execution starts===================
[INFO ] 2022-11-07 13:41:52.723 [main] BrowserFactory - Opening CHROMEbrowser
[INFO ] 2022-11-07 13:42:00.012 [main] TestContext - Successfully lunched the chrome browser
[INFO ] 2022-11-07 13:42:00.020 [main] TestContext - base.url:https://webuat.crowncommercial.gov.uk/
[INFO ] 2022-11-07 13:42:07.951 [main] BrowserFactory - https://webuat.crowncommercial.gov.uk/ is launched
[INFO ] 2022-11-07 13:42:17.427 [main] HomePage - Clicked on Start now button
[INFO ] 2022-11-07 13:42:20.691 [main] HomePage - Clicked on Start now button
[INFO ] 2022-11-07 13:42:22.768 [main] HomePage - Buyer clicked on Linen radio button
[INFO ] 2022-11-07 13:42:25.744 [main] HomePage - Clicked on Continue button
[INFO ] 2022-11-07 13:42:27.784 [main] HomePage - Buyer clicked on Service radio button
[INFO ] 2022-11-07 13:42:30.454 [main] HomePage - Clicked on Continue button
[INFO ] 2022-11-07 13:42:32.743 [main] HomePage - Buyer clicked on Yes radio button
[INFO ] 2022-11-07 13:42:36.544 [main] HomePage - Clicked on Continue button
[INFO ] 2022-11-07 13:42:38.605 [main] HomePage - Buyer clicked on Yes radio button
[INFO ] 2022-11-07 13:42:42.283 [main] HomePage - Clicked on Continue button
[INFO ] 2022-11-07 13:42:44.327 [main] HomePage - Buyer clicked on Theatre pack and gowns radio button
[INFO ] 2022-11-07 13:42:46.991 [main] HomePage - Clicked on Continue button
[INFO ] 2022-11-07 13:42:50.033 [main] HomePage - Buyer clicked on No, I have everything I need checkbox  button
[INFO ] 2022-11-07 13:42:53.544 [main] HomePage - Clicked on Continue button
[INFO ] 2022-11-07 13:43:03.216 [main] TestContext - =================To verify Buyer has provided with different recommendations "lot2" and after answering different set of question as looking for "Service", Budget radio as "Yes" and enters budget as "12345", Contract radio as "Yes" and enters contract length "10" , selects Service area as "Theatre pack and gowns" and Additional facilities as "No, I have everything I need" during the journey execution ends===================
[INFO ] 2022-11-07 13:43:03.398 [main] TestContext - =================To verify Buyer has provided with different recommendations "lot3" and after answering different set of question as looking for "Service", Budget radio as "Yes" and enters budget as "12345", Contract radio as "Yes" and enters contract length "11" , selects Service area as "Cleanroom services" and Additional facilities as "No, I have everything I need" during the journey execution starts===================
[INFO ] 2022-11-07 13:43:03.399 [main] BrowserFactory - Opening CHROMEbrowser
[INFO ] 2022-11-07 13:43:10.760 [main] TestContext - Successfully lunched the chrome browser
[INFO ] 2022-11-07 13:43:10.762 [main] TestContext - base.url:https://webuat.crowncommercial.gov.uk/
[INFO ] 2022-11-07 13:43:20.040 [main] BrowserFactory - https://webuat.crowncommercial.gov.uk/ is launched
[INFO ] 2022-11-07 13:43:29.309 [main] HomePage - Clicked on Start now button
[INFO ] 2022-11-07 13:43:32.568 [main] HomePage - Clicked on Start now button
[INFO ] 2022-11-07 13:43:34.657 [main] HomePage - Buyer clicked on Linen radio button
[INFO ] 2022-11-07 13:43:37.609 [main] HomePage - Clicked on Continue button
[INFO ] 2022-11-07 13:43:39.652 [main] HomePage - Buyer clicked on Service radio button
[INFO ] 2022-11-07 13:43:42.385 [main] HomePage - Clicked on Continue button
[INFO ] 2022-11-07 13:43:44.705 [main] HomePage - Buyer clicked on Yes radio button
[INFO ] 2022-11-07 13:43:48.552 [main] HomePage - Clicked on Continue button
[INFO ] 2022-11-07 13:43:50.593 [main] HomePage - Buyer clicked on Yes radio button
[INFO ] 2022-11-07 13:43:54.268 [main] HomePage - Clicked on Continue button
[INFO ] 2022-11-07 13:43:56.307 [main] HomePage - Buyer clicked on Cleanroom services radio button
[INFO ] 2022-11-07 13:43:58.972 [main] HomePage - Clicked on Continue button
[INFO ] 2022-11-07 13:44:02.018 [main] HomePage - Buyer clicked on No, I have everything I need checkbox  button
[INFO ] 2022-11-07 13:44:05.852 [main] HomePage - Clicked on Continue button
[INFO ] 2022-11-07 13:44:14.693 [main] TestContext - =================To verify Buyer has provided with different recommendations "lot3" and after answering different set of question as looking for "Service", Budget radio as "Yes" and enters budget as "12345", Contract radio as "Yes" and enters contract length "11" , selects Service area as "Cleanroom services" and Additional facilities as "No, I have everything I need" during the journey execution ends===================
[INFO ] 2022-11-07 13:44:14.902 [main] TestContext - =================To verify Buyer has provided with different recommendations "lot1a" and after answering different set of question as looking for "Service", Budget radio as "Yes" and enters budget as "12345", Contract radio as "Yes" and enters contract length "11" , selects Service area as "Linen hire with standard wash" and Additional facilities as "No, I have everything I need" during the journey execution starts===================
[INFO ] 2022-11-07 13:44:14.903 [main] BrowserFactory - Opening CHROMEbrowser
[INFO ] 2022-11-07 13:44:22.969 [main] TestContext - Successfully lunched the chrome browser
[INFO ] 2022-11-07 13:44:22.971 [main] TestContext - base.url:https://webuat.crowncommercial.gov.uk/
[INFO ] 2022-11-07 13:44:30.264 [main] BrowserFactory - https://webuat.crowncommercial.gov.uk/ is launched
[INFO ] 2022-11-07 13:44:39.244 [main] HomePage - Clicked on Start now button
[INFO ] 2022-11-07 13:44:42.487 [main] HomePage - Clicked on Start now button
[INFO ] 2022-11-07 13:44:44.581 [main] HomePage - Buyer clicked on Linen radio button
[INFO ] 2022-11-07 13:44:47.661 [main] HomePage - Clicked on Continue button
[INFO ] 2022-11-07 13:44:49.708 [main] HomePage - Buyer clicked on Service radio button
[INFO ] 2022-11-07 13:44:52.418 [main] HomePage - Clicked on Continue button
[INFO ] 2022-11-07 13:44:54.685 [main] HomePage - Buyer clicked on Yes radio button
[INFO ] 2022-11-07 13:44:59.516 [main] HomePage - Clicked on Continue button
[INFO ] 2022-11-07 13:45:01.559 [main] HomePage - Buyer clicked on Yes radio button
[INFO ] 2022-11-07 13:45:05.238 [main] HomePage - Clicked on Continue button
[INFO ] 2022-11-07 13:45:07.281 [main] HomePage - Buyer clicked on Linen hire with standard wash radio button
[INFO ] 2022-11-07 13:45:09.831 [main] HomePage - Clicked on Continue button
[INFO ] 2022-11-07 13:45:12.875 [main] HomePage - Buyer clicked on No, I have everything I need checkbox  button
[INFO ] 2022-11-07 13:45:16.275 [main] HomePage - Clicked on Continue button
[INFO ] 2022-11-07 13:45:25.211 [main] TestContext - =================To verify Buyer has provided with different recommendations "lot1a" and after answering different set of question as looking for "Service", Budget radio as "Yes" and enters budget as "12345", Contract radio as "Yes" and enters contract length "11" , selects Service area as "Linen hire with standard wash" and Additional facilities as "No, I have everything I need" during the journey execution ends===================
[INFO ] 2022-11-07 13:45:25.364 [main] TestContext - =================To verify Buyer has provided with different recommendations "lot1b" and after answering different set of question as looking for "Service", Budget radio as "Yes" and enters budget as "12345", Contract radio as "Yes" and enters contract length "7" , selects Service area as "Standard wash" and Additional facilities as "No, I have everything I need" during the journey execution starts===================
[INFO ] 2022-11-07 13:45:25.366 [main] BrowserFactory - Opening CHROMEbrowser
[INFO ] 2022-11-07 13:48:00.868 [main] TestContext - =================To verify Buyer has provided with different recommendations "lot2" and after answering different set of question as looking for "Service", Budget radio as "Yes" and enters budget as "12345", Contract radio as "Yes" and enters contract length "10" , selects Service area as "Theatre pack and gowns" and Additional facilities as "No, I have everything I need" during the journey execution starts===================
[INFO ] 2022-11-07 13:48:00.872 [main] BrowserFactory - Opening CHROMEbrowser
[INFO ] 2022-11-07 13:48:10.939 [main] TestContext - Successfully lunched the chrome browser
[INFO ] 2022-11-07 13:48:10.942 [main] TestContext - base.url:https://webuat.crowncommercial.gov.uk/
[INFO ] 2022-11-07 13:48:18.550 [main] BrowserFactory - https://webuat.crowncommercial.gov.uk/ is launched
[INFO ] 2022-11-07 13:48:27.672 [main] HomePage - Clicked on Start now button
[INFO ] 2022-11-07 13:48:30.947 [main] HomePage - Clicked on Start now button
[INFO ] 2022-11-07 13:48:33.035 [main] HomePage - Buyer clicked on Linen radio button
[INFO ] 2022-11-07 13:48:36.138 [main] HomePage - Clicked on Continue button
[INFO ] 2022-11-07 13:48:38.183 [main] HomePage - Buyer clicked on Service radio button
[INFO ] 2022-11-07 13:48:40.799 [main] HomePage - Clicked on Continue button
[INFO ] 2022-11-07 13:48:43.094 [main] HomePage - Buyer clicked on Yes radio button
[INFO ] 2022-11-07 13:48:46.868 [main] HomePage - Clicked on Continue button
[INFO ] 2022-11-07 13:48:48.928 [main] HomePage - Buyer clicked on Yes radio button
[INFO ] 2022-11-07 13:48:52.690 [main] HomePage - Clicked on Continue button
[INFO ] 2022-11-07 13:48:54.736 [main] HomePage - Buyer clicked on Theatre pack and gowns radio button
[INFO ] 2022-11-07 13:48:57.361 [main] HomePage - Clicked on Continue button
[INFO ] 2022-11-07 13:49:00.406 [main] HomePage - Buyer clicked on No, I have everything I need checkbox  button
[INFO ] 2022-11-07 13:49:03.814 [main] HomePage - Clicked on Continue button
[INFO ] 2022-11-07 13:49:14.606 [main] TestContext - =================To verify Buyer has provided with different recommendations "lot2" and after answering different set of question as looking for "Service", Budget radio as "Yes" and enters budget as "12345", Contract radio as "Yes" and enters contract length "10" , selects Service area as "Theatre pack and gowns" and Additional facilities as "No, I have everything I need" during the journey execution ends===================
[INFO ] 2022-11-07 13:49:14.836 [main] TestContext - =================To verify Buyer has provided with different recommendations "lot3" and after answering different set of question as looking for "Service", Budget radio as "Yes" and enters budget as "12345", Contract radio as "Yes" and enters contract length "11" , selects Service area as "Cleanroom services" and Additional facilities as "No, I have everything I need" during the journey execution starts===================
[INFO ] 2022-11-07 13:49:14.838 [main] BrowserFactory - Opening CHROMEbrowser
[INFO ] 2022-11-07 13:49:34.334 [main] TestContext - =================To verify Buyer has provided with different recommendations "lot2" and after answering different set of question as looking for "Service", Budget radio as "Yes" and enters budget as "12345", Contract radio as "Yes" and enters contract length "13" , selects Service area as "Theatre pack and gowns" and Additional facilities as "No, I have everything I need" during the journey execution starts===================
[INFO ] 2022-11-07 13:49:34.338 [main] BrowserFactory - Opening CHROMEbrowser
[INFO ] 2022-11-07 13:49:41.278 [main] TestContext - Successfully lunched the chrome browser
[INFO ] 2022-11-07 13:49:41.280 [main] TestContext - base.url:https://webuat.crowncommercial.gov.uk/
[INFO ] 2022-11-07 13:49:48.583 [main] BrowserFactory - https://webuat.crowncommercial.gov.uk/ is launched
[INFO ] 2022-11-07 13:49:57.724 [main] HomePage - Clicked on Start now button
[INFO ] 2022-11-07 13:50:01.022 [main] HomePage - Clicked on Start now button
[INFO ] 2022-11-07 13:50:03.111 [main] HomePage - Buyer clicked on Linen radio button
[INFO ] 2022-11-07 13:50:06.217 [main] HomePage - Clicked on Continue button
[INFO ] 2022-11-07 13:50:08.266 [main] HomePage - Buyer clicked on Service radio button
[INFO ] 2022-11-07 13:50:10.945 [main] HomePage - Clicked on Continue button
[INFO ] 2022-11-07 13:50:13.246 [main] HomePage - Buyer clicked on Yes radio button
[INFO ] 2022-11-07 13:50:17.016 [main] HomePage - Clicked on Continue button
[INFO ] 2022-11-07 13:50:19.076 [main] HomePage - Buyer clicked on Yes radio button
[INFO ] 2022-11-07 13:50:22.763 [main] HomePage - Clicked on Continue button
[INFO ] 2022-11-07 13:50:24.807 [main] HomePage - Buyer clicked on Theatre pack and gowns radio button
[INFO ] 2022-11-07 13:50:27.448 [main] HomePage - Clicked on Continue button
[INFO ] 2022-11-07 13:50:30.493 [main] HomePage - Buyer clicked on No, I have everything I need checkbox  button
[INFO ] 2022-11-07 13:50:34.320 [main] HomePage - Clicked on Continue button
[INFO ] 2022-11-07 14:03:16.851 [main] TestContext - =================To verify Buyer has provided with different recommendations "<recommendation>" and after answering different set of question as looking for "Service", Budget radio as "Yes" and enters budget as "12345", Contract radio as "Yes" and enters contract length "18" , selects Service area as "Theatre pack and gowns" and Additional facilities as "Anything else" during the journey execution starts===================
[INFO ] 2022-11-07 14:03:16.856 [main] BrowserFactory - Opening CHROMEbrowser
[INFO ] 2022-11-07 14:03:24.699 [main] TestContext - Successfully lunched the chrome browser
[INFO ] 2022-11-07 14:03:24.700 [main] TestContext - base.url:https://webuat.crowncommercial.gov.uk/
[INFO ] 2022-11-07 14:03:34.350 [main] BrowserFactory - https://webuat.crowncommercial.gov.uk/ is launched
[INFO ] 2022-11-07 14:03:44.072 [main] HomePage - Clicked on Start now button
[INFO ] 2022-11-07 14:03:47.493 [main] HomePage - Clicked on Start now button
[INFO ] 2022-11-07 14:03:49.578 [main] HomePage - Buyer clicked on Linen radio button
[INFO ] 2022-11-07 14:03:52.733 [main] HomePage - Clicked on Continue button
[INFO ] 2022-11-07 14:03:54.779 [main] HomePage - Buyer clicked on Service radio button
[INFO ] 2022-11-07 14:03:57.462 [main] HomePage - Clicked on Continue button
[INFO ] 2022-11-07 14:03:59.765 [main] HomePage - Buyer clicked on Yes radio button
[INFO ] 2022-11-07 14:04:03.597 [main] HomePage - Clicked on Continue button
[INFO ] 2022-11-07 14:04:05.657 [main] HomePage - Buyer clicked on Yes radio button
[INFO ] 2022-11-07 14:04:09.394 [main] HomePage - Clicked on Continue button
[INFO ] 2022-11-07 14:04:11.444 [main] HomePage - Buyer clicked on Theatre pack and gowns radio button
[INFO ] 2022-11-07 14:04:14.010 [main] HomePage - Clicked on Continue button
[INFO ] 2022-11-07 14:04:17.052 [main] HomePage - Buyer clicked on Anything else checkbox  button
[INFO ] 2022-11-07 14:04:20.413 [main] HomePage - Clicked on Continue button
[INFO ] 2022-11-07 14:04:23.664 [main] HomePage - Clicked on Show details link
[INFO ] 2022-11-07 14:04:31.387 [main] TestContext - =================To verify Buyer has provided with different recommendations "<recommendation>" and after answering different set of question as looking for "Service", Budget radio as "Yes" and enters budget as "12345", Contract radio as "Yes" and enters contract length "18" , selects Service area as "Theatre pack and gowns" and Additional facilities as "Anything else" during the journey execution ends===================
[INFO ] 2022-11-07 14:04:46.411 [main] TestContext - =================To verify Buyer has provided with different recommendations "<recommendation>" and after answering different set of question as looking for "Service", Budget radio as "Yes" and enters budget as "12345", Contract radio as "Yes" and enters contract length "18" , selects Service area as "Theatre pack and gowns" and Additional facilities as "Anything else" during the journey execution starts===================
[INFO ] 2022-11-07 14:04:46.415 [main] BrowserFactory - Opening CHROMEbrowser
[INFO ] 2022-11-07 14:04:53.235 [main] TestContext - Successfully lunched the chrome browser
[INFO ] 2022-11-07 14:04:53.237 [main] TestContext - base.url:https://webuat.crowncommercial.gov.uk/
[INFO ] 2022-11-07 14:05:01.983 [main] BrowserFactory - https://webuat.crowncommercial.gov.uk/ is launched
[INFO ] 2022-11-07 14:05:11.165 [main] HomePage - Clicked on Start now button
[INFO ] 2022-11-07 14:05:14.395 [main] HomePage - Clicked on Start now button
[INFO ] 2022-11-07 14:05:16.456 [main] HomePage - Buyer clicked on Linen radio button
[INFO ] 2022-11-07 14:05:19.697 [main] HomePage - Clicked on Continue button
[INFO ] 2022-11-07 14:05:21.743 [main] HomePage - Buyer clicked on Service radio button
[INFO ] 2022-11-07 14:05:24.593 [main] HomePage - Clicked on Continue button
[INFO ] 2022-11-07 14:05:26.879 [main] HomePage - Buyer clicked on Yes radio button
[INFO ] 2022-11-07 14:05:30.642 [main] HomePage - Clicked on Continue button
[INFO ] 2022-11-07 14:05:32.685 [main] HomePage - Buyer clicked on Yes radio button
[INFO ] 2022-11-07 14:05:36.408 [main] HomePage - Clicked on Continue button
[INFO ] 2022-11-07 14:05:38.451 [main] HomePage - Buyer clicked on Theatre pack and gowns radio button
[INFO ] 2022-11-07 14:05:41.133 [main] HomePage - Clicked on Continue button
[INFO ] 2022-11-07 14:05:44.178 [main] HomePage - Buyer clicked on Anything else checkbox  button
[INFO ] 2022-11-07 14:05:47.357 [main] HomePage - Clicked on Continue button
[INFO ] 2022-11-07 14:07:27.592 [main] TestContext - =================To verify Buyer has provided with different recommendations "<recommendation>" and after answering different set of question as looking for "Service", Budget radio as "Yes" and enters budget as "12345", Contract radio as "Yes" and enters contract length "18" , selects Service area as "Theatre pack and gowns" and Additional facilities as "Anything else" during the journey execution ends===================
[INFO ] 2022-11-07 14:07:44.300 [main] TestContext - =================To verify Buyer has provided with different recommendations "<recommendation>" and after answering different set of question as looking for "Service", Budget radio as "Yes" and enters budget as "12345", Contract radio as "Yes" and enters contract length "18" , selects Service area as "Theatre pack and gowns" and Additional facilities as "Anything else" during the journey execution starts===================
[INFO ] 2022-11-07 14:07:44.304 [main] BrowserFactory - Opening CHROMEbrowser
[INFO ] 2022-11-07 14:07:51.109 [main] TestContext - Successfully lunched the chrome browser
[INFO ] 2022-11-07 14:07:51.111 [main] TestContext - base.url:https://webuat.crowncommercial.gov.uk/
[INFO ] 2022-11-07 14:07:59.479 [main] BrowserFactory - https://webuat.crowncommercial.gov.uk/ is launched
[INFO ] 2022-11-07 14:08:09.235 [main] HomePage - Clicked on Start now button
[INFO ] 2022-11-07 14:08:12.499 [main] HomePage - Clicked on Start now button
[INFO ] 2022-11-07 14:08:14.585 [main] HomePage - Buyer clicked on Linen radio button
[INFO ] 2022-11-07 14:08:17.759 [main] HomePage - Clicked on Continue button
[INFO ] 2022-11-07 14:08:19.807 [main] HomePage - Buyer clicked on Service radio button
[INFO ] 2022-11-07 14:08:22.580 [main] HomePage - Clicked on Continue button
[INFO ] 2022-11-07 14:08:24.873 [main] HomePage - Buyer clicked on Yes radio button
[INFO ] 2022-11-07 14:08:29.205 [main] HomePage - Clicked on Continue button
[INFO ] 2022-11-07 14:08:31.257 [main] HomePage - Buyer clicked on Yes radio button
[INFO ] 2022-11-07 14:08:34.995 [main] HomePage - Clicked on Continue button
[INFO ] 2022-11-07 14:08:37.034 [main] HomePage - Buyer clicked on Theatre pack and gowns radio button
[INFO ] 2022-11-07 14:08:39.666 [main] HomePage - Clicked on Continue button
[INFO ] 2022-11-07 14:08:42.712 [main] HomePage - Buyer clicked on Anything else checkbox  button
[INFO ] 2022-11-07 14:08:46.023 [main] HomePage - Clicked on Continue button
[INFO ] 2022-11-07 14:08:49.109 [main] HomePage - Clicked on Show details link
[INFO ] 2022-11-07 14:08:56.809 [main] TestContext - =================To verify Buyer has provided with different recommendations "<recommendation>" and after answering different set of question as looking for "Service", Budget radio as "Yes" and enters budget as "12345", Contract radio as "Yes" and enters contract length "18" , selects Service area as "Theatre pack and gowns" and Additional facilities as "Anything else" during the journey execution ends===================
[INFO ] 2022-11-07 14:34:20.764 [main] TestContext - =================To verify Buyer has provided with different recommendations "lot2" and after answering different set of question as looking for "Service", Budget radio as "Yes" and enters budget as "12345", Contract radio as "Yes" and enters contract length "10" , selects Service area as "Theatre pack and gowns" and Additional facilities as "No, I have everything I need" during the journey execution starts===================
[INFO ] 2022-11-07 14:34:20.771 [main] BrowserFactory - Opening CHROMEbrowser
[INFO ] 2022-11-07 14:34:29.598 [main] TestContext - =================To verify Buyer has provided with different recommendations "<recommendation>" and after answering different set of question as looking for "Service", Budget radio as "Yes" and enters budget as "12345", Contract radio as "Yes" and enters contract length "18" , selects Service area as "Theatre pack and gowns" and Additional facilities as "Anything else" during the journey execution starts===================
[INFO ] 2022-11-07 14:34:29.602 [main] BrowserFactory - Opening CHROMEbrowser
[INFO ] 2022-11-07 14:34:38.489 [main] TestContext - Successfully lunched the chrome browser
[INFO ] 2022-11-07 14:34:38.492 [main] TestContext - base.url:https://webuat.crowncommercial.gov.uk/
[INFO ] 2022-11-07 14:34:54.901 [main] BrowserFactory - https://webuat.crowncommercial.gov.uk/ is launched
[INFO ] 2022-11-07 14:35:04.834 [main] HomePage - Clicked on Start now button
[INFO ] 2022-11-07 14:35:08.153 [main] HomePage - Clicked on Start now button
[INFO ] 2022-11-07 14:35:10.229 [main] HomePage - Buyer clicked on Linen radio button
[INFO ] 2022-11-07 14:35:13.374 [main] HomePage - Clicked on Continue button
[INFO ] 2022-11-07 14:35:15.421 [main] HomePage - Buyer clicked on Service radio button
[INFO ] 2022-11-07 14:35:18.148 [main] HomePage - Clicked on Continue button
[INFO ] 2022-11-07 14:35:20.454 [main] HomePage - Buyer clicked on Yes radio button
[INFO ] 2022-11-07 14:35:24.827 [main] HomePage - Clicked on Continue button
[INFO ] 2022-11-07 14:35:26.879 [main] HomePage - Buyer clicked on Yes radio button
[INFO ] 2022-11-07 14:35:30.467 [main] HomePage - Clicked on Continue button
[INFO ] 2022-11-07 14:35:32.518 [main] HomePage - Buyer clicked on Theatre pack and gowns radio button
[INFO ] 2022-11-07 14:35:35.069 [main] HomePage - Clicked on Continue button
[INFO ] 2022-11-07 14:35:38.114 [main] HomePage - Buyer clicked on Anything else checkbox  button
[INFO ] 2022-11-07 14:35:41.371 [main] HomePage - Clicked on Continue button
[INFO ] 2022-11-07 14:35:44.439 [main] HomePage - Clicked on Show details link
[INFO ] 2022-11-07 14:35:52.179 [main] TestContext - =================To verify Buyer has provided with different recommendations "<recommendation>" and after answering different set of question as looking for "Service", Budget radio as "Yes" and enters budget as "12345", Contract radio as "Yes" and enters contract length "18" , selects Service area as "Theatre pack and gowns" and Additional facilities as "Anything else" during the journey execution ends===================
[INFO ] 2022-11-07 14:35:52.406 [main] TestContext - =================To verify Buyer has provided with different recommendations "<recommendation>" and after answering different set of question as looking for "Service", Budget radio as "Yes" and enters budget as "12345", Contract radio as "Yes" and enters contract length "20" , selects Service area as "Cleanroom services" and Additional facilities as "Anything else" during the journey execution starts===================
[INFO ] 2022-11-07 14:35:52.408 [main] BrowserFactory - Opening CHROMEbrowser
[INFO ] 2022-11-07 19:53:02.517 [main] TestContext - =================To verify Buyer has provided with different recommendations "lot2" and after answering different set of question as looking for "Service", Budget radio as "Yes" and enters budget as "12345000", selects Service area as "Theatre pack and gowns" and Additional facilities as "No, I have everything I need" during the journey execution starts===================
[INFO ] 2022-11-07 19:53:02.522 [main] BrowserFactory - Opening CHROMEbrowser
[INFO ] 2022-11-07 19:53:11.237 [main] TestContext - Successfully lunched the chrome browser
[INFO ] 2022-11-07 19:53:11.239 [main] TestContext - base.url:https://webuat.crowncommercial.gov.uk/
[INFO ] 2022-11-07 19:53:24.552 [main] BrowserFactory - https://webuat.crowncommercial.gov.uk/ is launched
[INFO ] 2022-11-07 19:53:34.502 [main] HomePage - Clicked on Start now button
[INFO ] 2022-11-07 19:53:38.170 [main] HomePage - Clicked on Start now button
[INFO ] 2022-11-07 19:53:40.243 [main] HomePage - Buyer clicked on Linen radio button
[INFO ] 2022-11-07 19:53:43.158 [main] HomePage - Clicked on Continue button
[INFO ] 2022-11-07 19:53:45.197 [main] HomePage - Buyer clicked on Service radio button
[INFO ] 2022-11-07 19:53:48.407 [main] HomePage - Clicked on Continue button
[INFO ] 2022-11-07 19:53:50.701 [main] HomePage - Buyer clicked on Yes radio button
[INFO ] 2022-11-07 19:53:55.043 [main] HomePage - Clicked on Continue button
[INFO ] 2022-11-07 19:53:57.098 [main] HomePage - Buyer clicked on Theatre pack and gowns radio button
[INFO ] 2022-11-07 19:53:59.611 [main] HomePage - Clicked on Continue button
[INFO ] 2022-11-07 19:54:02.652 [main] HomePage - Buyer clicked on No, I have everything I need checkbox  button
[INFO ] 2022-11-07 19:54:05.876 [main] HomePage - Clicked on Continue button
[INFO ] 2022-11-07 19:54:14.792 [main] TestContext - =================To verify Buyer has provided with different recommendations "lot2" and after answering different set of question as looking for "Service", Budget radio as "Yes" and enters budget as "12345000", selects Service area as "Theatre pack and gowns" and Additional facilities as "No, I have everything I need" during the journey execution ends===================
[INFO ] 2022-11-07 19:54:15.029 [main] TestContext - =================To verify Buyer has provided with different recommendations "lot3" and after answering different set of question as looking for "Service", Budget radio as "Yes" and enters budget as "12345000", selects Service area as "Cleanroom services" and Additional facilities as "No, I have everything I need" during the journey execution starts===================
[INFO ] 2022-11-07 19:54:15.033 [main] BrowserFactory - Opening CHROMEbrowser
[INFO ] 2022-11-07 19:54:22.919 [main] TestContext - Successfully lunched the chrome browser
[INFO ] 2022-11-07 19:54:22.920 [main] TestContext - base.url:https://webuat.crowncommercial.gov.uk/
[INFO ] 2022-11-07 19:54:30.465 [main] BrowserFactory - https://webuat.crowncommercial.gov.uk/ is launched
[INFO ] 2022-11-07 19:54:39.611 [main] HomePage - Clicked on Start now button
[INFO ] 2022-11-07 19:54:42.882 [main] HomePage - Clicked on Start now button
[INFO ] 2022-11-07 19:54:44.975 [main] HomePage - Buyer clicked on Linen radio button
[INFO ] 2022-11-07 19:54:47.930 [main] HomePage - Clicked on Continue button
[INFO ] 2022-11-07 19:54:49.972 [main] HomePage - Buyer clicked on Service radio button
[INFO ] 2022-11-07 19:54:52.598 [main] HomePage - Clicked on Continue button
[INFO ] 2022-11-07 19:54:54.879 [main] HomePage - Buyer clicked on Yes radio button
[INFO ] 2022-11-07 19:54:58.828 [main] HomePage - Clicked on Continue button
[INFO ] 2022-11-07 19:55:00.867 [main] HomePage - Buyer clicked on Cleanroom services radio button
[INFO ] 2022-11-07 19:55:03.447 [main] HomePage - Clicked on Continue button
[INFO ] 2022-11-07 19:55:06.504 [main] HomePage - Buyer clicked on No, I have everything I need checkbox  button
[INFO ] 2022-11-07 19:55:09.684 [main] HomePage - Clicked on Continue button
[INFO ] 2022-11-07 19:55:17.745 [main] TestContext - =================To verify Buyer has provided with different recommendations "lot3" and after answering different set of question as looking for "Service", Budget radio as "Yes" and enters budget as "12345000", selects Service area as "Cleanroom services" and Additional facilities as "No, I have everything I need" during the journey execution ends===================
[INFO ] 2022-11-07 19:55:17.906 [main] TestContext - =================To verify Buyer has provided with different recommendations "lot1a" and after answering different set of question as looking for "Service", Budget radio as "Yes" and enters budget as "12345000", selects Service area as "Linen hire with standard wash" and Additional facilities as "No, I have everything I need" during the journey execution starts===================
[INFO ] 2022-11-07 19:55:17.907 [main] BrowserFactory - Opening CHROMEbrowser
[INFO ] 2022-11-07 19:55:25.243 [main] TestContext - Successfully lunched the chrome browser
[INFO ] 2022-11-07 19:55:25.244 [main] TestContext - base.url:https://webuat.crowncommercial.gov.uk/
[INFO ] 2022-11-07 19:59:32.376 [main] TestContext - =================To verify Buyer has provided with different recommendations "lot2" and after answering different set of question as looking for "Service", Budget radio as "Yes" and enters budget as "12345000", selects Service area as "Theatre pack and gowns" and Additional facilities as "No, I have everything I need" during the journey execution starts===================
[INFO ] 2022-11-07 19:59:32.385 [main] BrowserFactory - Opening CHROMEbrowser
[INFO ] 2022-11-07 19:59:43.064 [main] TestContext - Successfully lunched the chrome browser
[INFO ] 2022-11-07 19:59:43.066 [main] TestContext - base.url:https://webuat.crowncommercial.gov.uk/
[INFO ] 2022-11-07 19:59:50.448 [main] BrowserFactory - https://webuat.crowncommercial.gov.uk/ is launched
[INFO ] 2022-11-07 19:59:59.714 [main] HomePage - Clicked on Start now button
[INFO ] 2022-11-07 20:00:03.549 [main] HomePage - Clicked on Start now button
[INFO ] 2022-11-07 20:00:05.615 [main] HomePage - Buyer clicked on Linen radio button
[INFO ] 2022-11-07 20:00:08.622 [main] HomePage - Clicked on Continue button
[INFO ] 2022-11-07 20:00:10.663 [main] HomePage - Buyer clicked on Service radio button
[INFO ] 2022-11-07 20:00:13.423 [main] HomePage - Clicked on Continue button
[INFO ] 2022-11-07 20:00:15.724 [main] HomePage - Buyer clicked on Yes radio button
[INFO ] 2022-11-07 20:00:20.074 [main] HomePage - Clicked on Continue button
[INFO ] 2022-11-07 20:00:22.124 [main] HomePage - Buyer clicked on Theatre pack and gowns radio button
[INFO ] 2022-11-07 20:00:24.673 [main] HomePage - Clicked on Continue button
[INFO ] 2022-11-07 20:00:27.719 [main] HomePage - Buyer clicked on No, I have everything I need checkbox  button
[INFO ] 2022-11-07 20:00:31.031 [main] HomePage - Clicked on Continue button
[INFO ] 2022-11-07 20:00:39.788 [main] TestContext - =================To verify Buyer has provided with different recommendations "lot2" and after answering different set of question as looking for "Service", Budget radio as "Yes" and enters budget as "12345000", selects Service area as "Theatre pack and gowns" and Additional facilities as "No, I have everything I need" during the journey execution ends===================
[INFO ] 2022-11-07 20:00:39.962 [main] TestContext - =================To verify Buyer has provided with different recommendations "lot3" and after answering different set of question as looking for "Service", Budget radio as "Yes" and enters budget as "12345000", selects Service area as "Cleanroom services" and Additional facilities as "No, I have everything I need" during the journey execution starts===================
[INFO ] 2022-11-07 20:00:39.964 [main] BrowserFactory - Opening CHROMEbrowser
[INFO ] 2022-11-07 20:00:46.663 [main] TestContext - Successfully lunched the chrome browser
[INFO ] 2022-11-07 20:00:46.664 [main] TestContext - base.url:https://webuat.crowncommercial.gov.uk/
[INFO ] 2022-11-07 20:00:55.058 [main] BrowserFactory - https://webuat.crowncommercial.gov.uk/ is launched
[INFO ] 2022-11-07 20:01:04.342 [main] HomePage - Clicked on Start now button
[INFO ] 2022-11-07 20:01:07.573 [main] HomePage - Clicked on Start now button
[INFO ] 2022-11-07 20:01:09.657 [main] HomePage - Buyer clicked on Linen radio button
[INFO ] 2022-11-07 20:01:12.724 [main] HomePage - Clicked on Continue button
[INFO ] 2022-11-07 20:01:14.768 [main] HomePage - Buyer clicked on Service radio button
[INFO ] 2022-11-07 20:01:17.400 [main] HomePage - Clicked on Continue button
[INFO ] 2022-11-07 20:01:19.690 [main] HomePage - Buyer clicked on Yes radio button
[INFO ] 2022-11-07 20:01:23.525 [main] HomePage - Clicked on Continue button
[INFO ] 2022-11-07 20:01:25.568 [main] HomePage - Buyer clicked on Cleanroom services radio button
[INFO ] 2022-11-07 20:01:28.303 [main] HomePage - Clicked on Continue button
[INFO ] 2022-11-07 20:01:31.331 [main] HomePage - Buyer clicked on No, I have everything I need checkbox  button
[INFO ] 2022-11-07 20:01:34.724 [main] HomePage - Clicked on Continue button
[INFO ] 2022-11-07 20:01:42.716 [main] TestContext - =================To verify Buyer has provided with different recommendations "lot3" and after answering different set of question as looking for "Service", Budget radio as "Yes" and enters budget as "12345000", selects Service area as "Cleanroom services" and Additional facilities as "No, I have everything I need" during the journey execution ends===================
[INFO ] 2022-11-07 20:01:42.893 [main] TestContext - =================To verify Buyer has provided with different recommendations "lot1a" and after answering different set of question as looking for "Service", Budget radio as "Yes" and enters budget as "12345000", selects Service area as "Linen hire with standard wash" and Additional facilities as "No, I have everything I need" during the journey execution starts===================
[INFO ] 2022-11-07 20:01:42.895 [main] BrowserFactory - Opening CHROMEbrowser
[INFO ] 2022-11-07 20:01:51.246 [main] TestContext - Successfully lunched the chrome browser
[INFO ] 2022-11-07 20:01:51.247 [main] TestContext - base.url:https://webuat.crowncommercial.gov.uk/
[INFO ] 2022-11-07 20:01:58.578 [main] BrowserFactory - https://webuat.crowncommercial.gov.uk/ is launched
[INFO ] 2022-11-07 20:02:07.648 [main] HomePage - Clicked on Start now button
[INFO ] 2022-11-07 20:02:11.550 [main] HomePage - Clicked on Start now button
[INFO ] 2022-11-07 20:02:13.597 [main] HomePage - Buyer clicked on Linen radio button
[INFO ] 2022-11-07 20:02:16.492 [main] HomePage - Clicked on Continue button
[INFO ] 2022-11-07 20:02:18.530 [main] HomePage - Buyer clicked on Service radio button
[INFO ] 2022-11-07 20:02:21.183 [main] HomePage - Clicked on Continue button
[INFO ] 2022-11-07 20:02:23.465 [main] HomePage - Buyer clicked on Yes radio button
[INFO ] 2022-11-07 20:02:27.147 [main] HomePage - Clicked on Continue button
[INFO ] 2022-11-07 20:02:29.204 [main] HomePage - Buyer clicked on Linen hire with standard wash radio button
[INFO ] 2022-11-07 20:02:31.800 [main] HomePage - Clicked on Continue button
[INFO ] 2022-11-07 20:02:34.838 [main] HomePage - Buyer clicked on No, I have everything I need checkbox  button
[INFO ] 2022-11-07 20:02:38.217 [main] HomePage - Clicked on Continue button
[INFO ] 2022-11-07 20:02:46.435 [main] TestContext - =================To verify Buyer has provided with different recommendations "lot1a" and after answering different set of question as looking for "Service", Budget radio as "Yes" and enters budget as "12345000", selects Service area as "Linen hire with standard wash" and Additional facilities as "No, I have everything I need" during the journey execution ends===================
[INFO ] 2022-11-07 20:02:46.591 [main] TestContext - =================To verify Buyer has provided with different recommendations "lot1b" and after answering different set of question as looking for "Service", Budget radio as "Yes" and enters budget as "12345000", selects Service area as "Standard wash" and Additional facilities as "No, I have everything I need" during the journey execution starts===================
[INFO ] 2022-11-07 20:02:46.592 [main] BrowserFactory - Opening CHROMEbrowser
[INFO ] 2022-11-07 20:02:54.480 [main] TestContext - Successfully lunched the chrome browser
[INFO ] 2022-11-07 20:02:54.480 [main] TestContext - base.url:https://webuat.crowncommercial.gov.uk/
[INFO ] 2022-11-07 20:02:59.171 [main] BrowserFactory - https://webuat.crowncommercial.gov.uk/ is launched
[INFO ] 2022-11-07 20:03:38.791 [main] TestContext - =================RM6157: Building Materials - LOT1 execution starts===================
[INFO ] 2022-11-07 20:03:38.795 [main] BrowserFactory - Opening CHROMEbrowser
[INFO ] 2022-11-07 20:03:45.295 [main] TestContext - Successfully lunched the chrome browser
[INFO ] 2022-11-07 20:03:45.303 [main] TestContext - base.url:https://webuat.crowncommercial.gov.uk/
[INFO ] 2022-11-07 20:03:52.496 [main] BrowserFactory - https://webuat.crowncommercial.gov.uk/ is launched
[INFO ] 2022-11-07 20:04:01.904 [main] HomePage - Clicked on Start now button
[INFO ] 2022-11-07 20:04:05.475 [main] HomePage - Clicked on Start now button
[INFO ] 2022-11-07 20:04:07.722 [main] HomePage - Buyer clicked on Building Materials and Equipment radio button
[INFO ] 2022-11-07 20:04:10.612 [main] HomePage - Clicked on Continue button
[INFO ] 2022-11-07 20:04:12.679 [main] HomePage - Buyer clicked on Heavy building materials and one stop shop radio button
[INFO ] 2022-11-07 20:04:17.011 [main] HomePage - Clicked on Continue button
[INFO ] 2022-11-07 20:04:25.507 [main] TestContext - =================RM6157: Building Materials - LOT1 execution ends===================
[INFO ] 2022-11-07 20:04:25.668 [main] TestContext - =================RM6157: Building Materials - LOT9 execution starts===================
[INFO ] 2022-11-07 20:04:25.671 [main] BrowserFactory - Opening CHROMEbrowser
[INFO ] 2022-11-07 20:04:32.419 [main] TestContext - Successfully lunched the chrome browser
[INFO ] 2022-11-07 20:04:32.433 [main] TestContext - base.url:https://webuat.crowncommercial.gov.uk/
[INFO ] 2022-11-07 20:04:42.825 [main] BrowserFactory - https://webuat.crowncommercial.gov.uk/ is launched
[INFO ] 2022-11-07 20:04:51.979 [main] HomePage - Clicked on Start now button
[INFO ] 2022-11-07 20:04:55.293 [main] HomePage - Clicked on Start now button
[INFO ] 2022-11-07 20:04:57.534 [main] HomePage - Buyer clicked on Building Materials and Equipment radio button
[INFO ] 2022-11-07 20:05:00.706 [main] HomePage - Clicked on Continue button
[INFO ] 2022-11-07 20:05:24.407 [main] TestContext - =================RM6157: Building Materials - LOT1 execution starts===================
[INFO ] 2022-11-07 20:05:24.412 [main] BrowserFactory - Opening CHROMEbrowser
[INFO ] 2022-11-07 20:05:34.622 [main] TestContext - Successfully lunched the chrome browser
[INFO ] 2022-11-07 20:05:34.630 [main] TestContext - base.url:https://webuat.crowncommercial.gov.uk/
[INFO ] 2022-11-07 20:05:41.644 [main] BrowserFactory - https://webuat.crowncommercial.gov.uk/ is launched
[INFO ] 2022-11-07 20:05:50.653 [main] HomePage - Clicked on Start now button
[INFO ] 2022-11-07 20:05:53.887 [main] HomePage - Clicked on Start now button
[INFO ] 2022-11-07 20:05:56.086 [main] HomePage - Buyer clicked on Building Materials and Equipment radio button
[INFO ] 2022-11-07 20:05:59.192 [main] HomePage - Clicked on Continue button
[INFO ] 2022-11-07 20:06:01.254 [main] HomePage - Buyer clicked on Heavy building materials and one stop shop radio button
[INFO ] 2022-11-07 20:06:04.641 [main] HomePage - Clicked on Continue button
[INFO ] 2022-11-07 20:06:07.737 [main] TestContext - =================RM6157: Building Materials - LOT1 execution ends===================
[INFO ] 2022-11-07 20:06:07.915 [main] TestContext - =================RM6157: Building Materials - LOT9 execution starts===================
[INFO ] 2022-11-07 20:06:07.916 [main] BrowserFactory - Opening CHROMEbrowser
[INFO ] 2022-11-07 20:06:15.755 [main] TestContext - Successfully lunched the chrome browser
[INFO ] 2022-11-07 20:06:15.757 [main] TestContext - base.url:https://webuat.crowncommercial.gov.uk/
[INFO ] 2022-11-07 20:06:22.857 [main] BrowserFactory - https://webuat.crowncommercial.gov.uk/ is launched
[INFO ] 2022-11-07 20:06:31.851 [main] HomePage - Clicked on Start now button
[INFO ] 2022-11-07 20:06:35.182 [main] HomePage - Clicked on Start now button
[INFO ] 2022-11-07 20:06:37.428 [main] HomePage - Buyer clicked on Building Materials and Equipment radio button
[INFO ] 2022-11-07 20:06:40.378 [main] HomePage - Clicked on Continue button
[INFO ] 2022-11-07 20:06:42.438 [main] HomePage - Buyer clicked on Building and Construction tools & Equipment radio button
[INFO ] 2022-11-07 20:06:45.210 [main] HomePage - Clicked on Continue button
[INFO ] 2022-11-07 20:06:47.252 [main] HomePage - Buyer clicked on Hire radio button
[INFO ] 2022-11-07 20:06:50.480 [main] HomePage - Clicked on Continue button
[INFO ] 2022-11-07 20:06:53.784 [main] TestContext - =================RM6157: Building Materials - LOT9 execution ends===================
[INFO ] 2022-11-07 20:09:42.096 [main] TestContext - =================To verify Buyer has provided with different recommendations "lot2" and after answering different set of question as looking for "Service", Budget radio as "Yes" and enters budget as "12345000", selects Service area as "Theatre pack and gowns" and Additional facilities as "No, I have everything I need" during the journey execution starts===================
[INFO ] 2022-11-07 20:09:42.099 [main] BrowserFactory - Opening CHROMEbrowser
[INFO ] 2022-11-07 20:09:50.969 [main] TestContext - Successfully lunched the chrome browser
[INFO ] 2022-11-07 20:09:50.972 [main] TestContext - base.url:https://webuat.crowncommercial.gov.uk/
[INFO ] 2022-11-07 20:09:58.303 [main] BrowserFactory - https://webuat.crowncommercial.gov.uk/ is launched
[INFO ] 2022-11-07 20:10:07.703 [main] HomePage - Clicked on Start now button
[INFO ] 2022-11-07 20:10:10.978 [main] HomePage - Clicked on Start now button
[INFO ] 2022-11-07 20:10:13.063 [main] HomePage - Buyer clicked on Linen radio button
[INFO ] 2022-11-07 20:10:16.036 [main] HomePage - Clicked on Continue button
[INFO ] 2022-11-07 20:10:18.081 [main] HomePage - Buyer clicked on Service radio button
[INFO ] 2022-11-07 20:10:20.882 [main] HomePage - Clicked on Continue button
[INFO ] 2022-11-07 20:10:23.170 [main] HomePage - Buyer clicked on Yes radio button
[INFO ] 2022-11-07 20:10:27.635 [main] HomePage - Clicked on Continue button
[INFO ] 2022-11-07 20:10:29.677 [main] HomePage - Buyer clicked on Theatre pack and gowns radio button
[INFO ] 2022-11-07 20:10:32.340 [main] HomePage - Clicked on Continue button
[INFO ] 2022-11-07 20:10:35.384 [main] HomePage - Buyer clicked on No, I have everything I need checkbox  button
[INFO ] 2022-11-07 20:10:38.785 [main] HomePage - Clicked on Continue button
[INFO ] 2022-11-07 20:10:41.958 [main] TestContext - =================To verify Buyer has provided with different recommendations "lot2" and after answering different set of question as looking for "Service", Budget radio as "Yes" and enters budget as "12345000", selects Service area as "Theatre pack and gowns" and Additional facilities as "No, I have everything I need" during the journey execution ends===================
[INFO ] 2022-11-07 20:10:42.164 [main] TestContext - =================To verify Buyer has provided with different recommendations "lot3" and after answering different set of question as looking for "Service", Budget radio as "Yes" and enters budget as "12345000", selects Service area as "Cleanroom services" and Additional facilities as "No, I have everything I need" during the journey execution starts===================
[INFO ] 2022-11-07 20:10:42.166 [main] BrowserFactory - Opening CHROMEbrowser
[INFO ] 2022-11-07 20:10:49.755 [main] TestContext - Successfully lunched the chrome browser
[INFO ] 2022-11-07 20:10:49.756 [main] TestContext - base.url:https://webuat.crowncommercial.gov.uk/
[INFO ] 2022-11-07 20:10:57.427 [main] BrowserFactory - https://webuat.crowncommercial.gov.uk/ is launched
[INFO ] 2022-11-07 20:11:06.663 [main] HomePage - Clicked on Start now button
[INFO ] 2022-11-07 20:11:10.505 [main] HomePage - Clicked on Start now button
[INFO ] 2022-11-07 20:11:12.609 [main] HomePage - Buyer clicked on Linen radio button
[INFO ] 2022-11-07 20:11:15.521 [main] HomePage - Clicked on Continue button
[INFO ] 2022-11-07 20:11:17.561 [main] HomePage - Buyer clicked on Service radio button
[INFO ] 2022-11-07 20:11:20.212 [main] HomePage - Clicked on Continue button
[INFO ] 2022-11-07 20:11:22.506 [main] HomePage - Buyer clicked on Yes radio button
[INFO ] 2022-11-07 20:11:26.296 [main] HomePage - Clicked on Continue button
[INFO ] 2022-11-07 20:11:28.352 [main] HomePage - Buyer clicked on Cleanroom services radio button
[INFO ] 2022-11-07 20:11:30.981 [main] HomePage - Clicked on Continue button
[INFO ] 2022-11-07 20:11:34.025 [main] HomePage - Buyer clicked on No, I have everything I need checkbox  button
[INFO ] 2022-11-07 20:11:37.364 [main] HomePage - Clicked on Continue button
[INFO ] 2022-11-07 20:11:40.444 [main] TestContext - =================To verify Buyer has provided with different recommendations "lot3" and after answering different set of question as looking for "Service", Budget radio as "Yes" and enters budget as "12345000", selects Service area as "Cleanroom services" and Additional facilities as "No, I have everything I need" during the journey execution ends===================
[INFO ] 2022-11-07 20:11:40.593 [main] TestContext - =================To verify Buyer has provided with different recommendations "lot1a" and after answering different set of question as looking for "Service", Budget radio as "Yes" and enters budget as "12345000", selects Service area as "Linen hire with standard wash" and Additional facilities as "No, I have everything I need" during the journey execution starts===================
[INFO ] 2022-11-07 20:11:40.594 [main] BrowserFactory - Opening CHROMEbrowser
[INFO ] 2022-11-07 20:11:48.687 [main] TestContext - Successfully lunched the chrome browser
[INFO ] 2022-11-07 20:11:48.688 [main] TestContext - base.url:https://webuat.crowncommercial.gov.uk/
[INFO ] 2022-11-07 20:11:57.126 [main] BrowserFactory - https://webuat.crowncommercial.gov.uk/ is launched
[INFO ] 2022-11-07 20:12:06.420 [main] HomePage - Clicked on Start now button
[INFO ] 2022-11-07 20:12:09.695 [main] HomePage - Clicked on Start now button
[INFO ] 2022-11-07 20:12:11.775 [main] HomePage - Buyer clicked on Linen radio button
[INFO ] 2022-11-07 20:12:14.816 [main] HomePage - Clicked on Continue button
[INFO ] 2022-11-07 20:12:16.859 [main] HomePage - Buyer clicked on Service radio button
[INFO ] 2022-11-07 20:12:19.562 [main] HomePage - Clicked on Continue button
[INFO ] 2022-11-07 20:12:21.847 [main] HomePage - Buyer clicked on Yes radio button
[INFO ] 2022-11-07 20:12:25.678 [main] HomePage - Clicked on Continue button
[INFO ] 2022-11-07 20:12:27.712 [main] HomePage - Buyer clicked on Linen hire with standard wash radio button
[INFO ] 2022-11-07 20:12:30.304 [main] HomePage - Clicked on Continue button
[INFO ] 2022-11-07 20:12:33.372 [main] HomePage - Buyer clicked on No, I have everything I need checkbox  button
[INFO ] 2022-11-07 20:12:36.730 [main] HomePage - Clicked on Continue button
[INFO ] 2022-11-07 20:12:46.685 [main] TestContext - =================To verify Buyer has provided with different recommendations "lot1a" and after answering different set of question as looking for "Service", Budget radio as "Yes" and enters budget as "12345000", selects Service area as "Linen hire with standard wash" and Additional facilities as "No, I have everything I need" during the journey execution ends===================
[INFO ] 2022-11-07 20:12:46.942 [main] TestContext - =================To verify Buyer has provided with different recommendations "lot1b" and after answering different set of question as looking for "Service", Budget radio as "Yes" and enters budget as "12345000", selects Service area as "Standard wash" and Additional facilities as "No, I have everything I need" during the journey execution starts===================
[INFO ] 2022-11-07 20:12:46.944 [main] BrowserFactory - Opening CHROMEbrowser
[INFO ] 2022-11-07 20:12:53.696 [main] TestContext - Successfully lunched the chrome browser
[INFO ] 2022-11-07 20:12:53.697 [main] TestContext - base.url:https://webuat.crowncommercial.gov.uk/
[INFO ] 2022-11-07 20:13:02.713 [main] BrowserFactory - https://webuat.crowncommercial.gov.uk/ is launched
[INFO ] 2022-11-07 20:13:12.184 [main] HomePage - Clicked on Start now button
[INFO ] 2022-11-07 20:13:15.635 [main] HomePage - Clicked on Start now button
[INFO ] 2022-11-07 20:13:17.723 [main] HomePage - Buyer clicked on Linen radio button
[INFO ] 2022-11-07 20:13:20.741 [main] HomePage - Clicked on Continue button
[INFO ] 2022-11-07 20:13:22.784 [main] HomePage - Buyer clicked on Service radio button
[INFO ] 2022-11-07 20:13:25.464 [main] HomePage - Clicked on Continue button
[INFO ] 2022-11-07 20:13:27.756 [main] HomePage - Buyer clicked on Yes radio button
[INFO ] 2022-11-07 20:13:31.588 [main] HomePage - Clicked on Continue button
[INFO ] 2022-11-07 20:13:33.630 [main] HomePage - Buyer clicked on Standard wash radio button
[INFO ] 2022-11-07 20:13:36.213 [main] HomePage - Clicked on Continue button
[INFO ] 2022-11-07 20:13:39.272 [main] HomePage - Buyer clicked on No, I have everything I need checkbox  button
[INFO ] 2022-11-07 20:13:42.503 [main] HomePage - Clicked on Continue button
[INFO ] 2022-11-07 20:13:45.528 [main] TestContext - =================To verify Buyer has provided with different recommendations "lot1b" and after answering different set of question as looking for "Service", Budget radio as "Yes" and enters budget as "12345000", selects Service area as "Standard wash" and Additional facilities as "No, I have everything I need" during the journey execution ends===================
[INFO ] 2022-11-07 20:15:00.787 [main] TestContext - =================To verify Buyer has provided with different recommendations "lot2" and after answering different set of question as looking for "Service", Budget radio as "Yes" and enters budget as "12345000", selects Service area as "Theatre pack and gowns" and Additional facilities as "No, I have everything I need" during the journey execution starts===================
[INFO ] 2022-11-07 20:15:00.791 [main] BrowserFactory - Opening CHROMEbrowser
[INFO ] 2022-11-07 20:15:11.059 [main] TestContext - Successfully lunched the chrome browser
[INFO ] 2022-11-07 20:15:11.062 [main] TestContext - base.url:https://webuat.crowncommercial.gov.uk/
[INFO ] 2022-11-07 20:15:18.637 [main] BrowserFactory - https://webuat.crowncommercial.gov.uk/ is launched
[INFO ] 2022-11-07 20:15:28.092 [main] HomePage - Clicked on Start now button
[INFO ] 2022-11-07 20:15:31.379 [main] HomePage - Clicked on Start now button
[INFO ] 2022-11-07 20:15:33.466 [main] HomePage - Buyer clicked on Linen radio button
[INFO ] 2022-11-07 20:15:36.673 [main] HomePage - Clicked on Continue button
[INFO ] 2022-11-07 20:15:38.715 [main] HomePage - Buyer clicked on Service radio button
[INFO ] 2022-11-07 20:15:41.324 [main] HomePage - Clicked on Continue button
[INFO ] 2022-11-07 20:15:43.614 [main] HomePage - Buyer clicked on Yes radio button
[INFO ] 2022-11-07 20:15:48.251 [main] HomePage - Clicked on Continue button
[INFO ] 2022-11-07 20:15:50.311 [main] HomePage - Buyer clicked on Theatre pack and gowns radio button
[INFO ] 2022-11-07 20:15:52.935 [main] HomePage - Clicked on Continue button
[INFO ] 2022-11-07 20:15:55.982 [main] HomePage - Buyer clicked on No, I have everything I need checkbox  button
[INFO ] 2022-11-07 20:15:59.284 [main] HomePage - Clicked on Continue button
[INFO ] 2022-11-07 20:16:02.451 [main] TestContext - =================To verify Buyer has provided with different recommendations "lot2" and after answering different set of question as looking for "Service", Budget radio as "Yes" and enters budget as "12345000", selects Service area as "Theatre pack and gowns" and Additional facilities as "No, I have everything I need" during the journey execution ends===================
[INFO ] 2022-11-07 20:16:02.627 [main] TestContext - =================To verify Buyer has provided with different recommendations "lot3" and after answering different set of question as looking for "Service", Budget radio as "Yes" and enters budget as "12345000", selects Service area as "Cleanroom services" and Additional facilities as "No, I have everything I need" during the journey execution starts===================
[INFO ] 2022-11-07 20:16:02.629 [main] BrowserFactory - Opening CHROMEbrowser
[INFO ] 2022-11-07 20:16:10.336 [main] TestContext - Successfully lunched the chrome browser
[INFO ] 2022-11-07 20:16:10.337 [main] TestContext - base.url:https://webuat.crowncommercial.gov.uk/
[INFO ] 2022-11-07 20:16:17.771 [main] BrowserFactory - https://webuat.crowncommercial.gov.uk/ is launched
[INFO ] 2022-11-07 20:16:27.181 [main] HomePage - Clicked on Start now button
[INFO ] 2022-11-07 20:16:30.428 [main] HomePage - Clicked on Start now button
[INFO ] 2022-11-07 20:16:32.521 [main] HomePage - Buyer clicked on Linen radio button
[INFO ] 2022-11-07 20:16:35.616 [main] HomePage - Clicked on Continue button
[INFO ] 2022-11-07 20:16:37.658 [main] HomePage - Buyer clicked on Service radio button
[INFO ] 2022-11-07 20:16:40.305 [main] HomePage - Clicked on Continue button
[INFO ] 2022-11-07 20:16:42.599 [main] HomePage - Buyer clicked on Yes radio button
[INFO ] 2022-11-07 20:16:46.990 [main] HomePage - Clicked on Continue button
[INFO ] 2022-11-07 20:16:49.040 [main] HomePage - Buyer clicked on Cleanroom services radio button
[INFO ] 2022-11-07 20:16:51.679 [main] HomePage - Clicked on Continue button
[INFO ] 2022-11-07 20:16:54.721 [main] HomePage - Buyer clicked on No, I have everything I need checkbox  button
[INFO ] 2022-11-07 20:16:58.373 [main] HomePage - Clicked on Continue button
[INFO ] 2022-11-07 20:17:01.511 [main] TestContext - =================To verify Buyer has provided with different recommendations "lot3" and after answering different set of question as looking for "Service", Budget radio as "Yes" and enters budget as "12345000", selects Service area as "Cleanroom services" and Additional facilities as "No, I have everything I need" during the journey execution ends===================
[INFO ] 2022-11-07 20:17:01.668 [main] TestContext - =================To verify Buyer has provided with different recommendations "lot1a" and after answering different set of question as looking for "Service", Budget radio as "Yes" and enters budget as "12345000", selects Service area as "Linen hire with standard wash" and Additional facilities as "No, I have everything I need" during the journey execution starts===================
[INFO ] 2022-11-07 20:17:01.669 [main] BrowserFactory - Opening CHROMEbrowser
[INFO ] 2022-11-07 20:17:10.973 [main] TestContext - Successfully lunched the chrome browser
[INFO ] 2022-11-07 20:17:10.974 [main] TestContext - base.url:https://webuat.crowncommercial.gov.uk/
[INFO ] 2022-11-07 20:17:18.247 [main] BrowserFactory - https://webuat.crowncommercial.gov.uk/ is launched
[INFO ] 2022-11-07 20:17:27.289 [main] HomePage - Clicked on Start now button
[INFO ] 2022-11-07 20:17:30.574 [main] HomePage - Clicked on Start now button
[INFO ] 2022-11-07 20:17:32.661 [main] HomePage - Buyer clicked on Linen radio button
[INFO ] 2022-11-07 20:17:35.727 [main] HomePage - Clicked on Continue button
[INFO ] 2022-11-07 20:17:37.774 [main] HomePage - Buyer clicked on Service radio button
[INFO ] 2022-11-07 20:17:40.478 [main] HomePage - Clicked on Continue button
[INFO ] 2022-11-07 20:17:42.776 [main] HomePage - Buyer clicked on Yes radio button
[INFO ] 2022-11-07 20:17:47.532 [main] HomePage - Clicked on Continue button
[INFO ] 2022-11-07 20:17:49.589 [main] HomePage - Buyer clicked on Linen hire with standard wash radio button
[INFO ] 2022-11-07 20:17:52.212 [main] HomePage - Clicked on Continue button
[INFO ] 2022-11-07 20:17:55.254 [main] HomePage - Buyer clicked on No, I have everything I need checkbox  button
[INFO ] 2022-11-07 20:17:58.417 [main] HomePage - Clicked on Continue button
[INFO ] 2022-11-07 20:18:01.503 [main] TestContext - =================To verify Buyer has provided with different recommendations "lot1a" and after answering different set of question as looking for "Service", Budget radio as "Yes" and enters budget as "12345000", selects Service area as "Linen hire with standard wash" and Additional facilities as "No, I have everything I need" during the journey execution ends===================
[INFO ] 2022-11-07 20:18:01.686 [main] TestContext - =================To verify Buyer has provided with different recommendations "lot1b" and after answering different set of question as looking for "Service", Budget radio as "Yes" and enters budget as "12345000", selects Service area as "Standard wash" and Additional facilities as "No, I have everything I need" during the journey execution starts===================
[INFO ] 2022-11-07 20:18:01.688 [main] BrowserFactory - Opening CHROMEbrowser
[INFO ] 2022-11-07 20:18:09.333 [main] TestContext - Successfully lunched the chrome browser
[INFO ] 2022-11-07 20:18:09.334 [main] TestContext - base.url:https://webuat.crowncommercial.gov.uk/
[INFO ] 2022-11-07 20:18:16.942 [main] BrowserFactory - https://webuat.crowncommercial.gov.uk/ is launched
[INFO ] 2022-11-07 20:18:25.889 [main] HomePage - Clicked on Start now button
[INFO ] 2022-11-07 20:18:29.106 [main] HomePage - Clicked on Start now button
[INFO ] 2022-11-07 20:18:31.204 [main] HomePage - Buyer clicked on Linen radio button
[INFO ] 2022-11-07 20:18:34.340 [main] HomePage - Clicked on Continue button
[INFO ] 2022-11-07 20:18:36.385 [main] HomePage - Buyer clicked on Service radio button
[INFO ] 2022-11-07 20:18:39.037 [main] HomePage - Clicked on Continue button
[INFO ] 2022-11-07 20:18:41.340 [main] HomePage - Buyer clicked on Yes radio button
[INFO ] 2022-11-07 20:18:45.030 [main] HomePage - Clicked on Continue button
[INFO ] 2022-11-07 20:18:47.091 [main] HomePage - Buyer clicked on Standard wash radio button
[INFO ] 2022-11-07 20:18:49.606 [main] HomePage - Clicked on Continue button
[INFO ] 2022-11-07 20:18:52.648 [main] HomePage - Buyer clicked on No, I have everything I need checkbox  button
[INFO ] 2022-11-07 20:18:55.766 [main] HomePage - Clicked on Continue button
[INFO ] 2022-11-07 20:18:58.687 [main] TestContext - =================To verify Buyer has provided with different recommendations "lot1b" and after answering different set of question as looking for "Service", Budget radio as "Yes" and enters budget as "12345000", selects Service area as "Standard wash" and Additional facilities as "No, I have everything I need" during the journey execution ends===================
[INFO ] 2022-11-07 20:27:33.156 [main] TestContext - =================To verify Buyer has provided with different recommendations "<recommendation>" and after answering different set of question as looking for "Service", Budget radio as "Yes" and enters budget as "7654321", selects Service area as "Theatre pack and gowns" and Additional facilities as "Anything else" during the journey execution starts===================
[INFO ] 2022-11-07 20:27:33.160 [main] BrowserFactory - Opening CHROMEbrowser
[INFO ] 2022-11-07 20:27:40.200 [main] TestContext - Successfully lunched the chrome browser
[INFO ] 2022-11-07 20:27:40.203 [main] TestContext - base.url:https://webuat.crowncommercial.gov.uk/
[INFO ] 2022-11-07 20:27:50.184 [main] BrowserFactory - https://webuat.crowncommercial.gov.uk/ is launched
[INFO ] 2022-11-07 20:27:59.705 [main] HomePage - Clicked on Start now button
[INFO ] 2022-11-07 20:28:03.039 [main] HomePage - Clicked on Start now button
[INFO ] 2022-11-07 20:28:05.145 [main] HomePage - Buyer clicked on Linen radio button
[INFO ] 2022-11-07 20:28:08.274 [main] HomePage - Clicked on Continue button
[INFO ] 2022-11-07 20:28:10.317 [main] HomePage - Buyer clicked on Service radio button
[INFO ] 2022-11-07 20:28:13.112 [main] HomePage - Clicked on Continue button
[INFO ] 2022-11-07 20:28:15.405 [main] HomePage - Buyer clicked on Yes radio button
[INFO ] 2022-11-07 20:28:20.205 [main] HomePage - Clicked on Continue button
[INFO ] 2022-11-07 20:28:22.248 [main] HomePage - Buyer clicked on Theatre pack and gowns radio button
[INFO ] 2022-11-07 20:28:24.912 [main] HomePage - Clicked on Continue button
[INFO ] 2022-11-07 20:28:27.959 [main] HomePage - Buyer clicked on Anything else checkbox  button
[INFO ] 2022-11-07 20:28:31.203 [main] HomePage - Clicked on Continue button
[INFO ] 2022-11-07 20:28:36.631 [main] TestContext - =================To verify Buyer has provided with different recommendations "<recommendation>" and after answering different set of question as looking for "Service", Budget radio as "Yes" and enters budget as "7654321", selects Service area as "Theatre pack and gowns" and Additional facilities as "Anything else" during the journey execution ends===================
[INFO ] 2022-11-07 20:28:36.820 [main] TestContext - =================To verify Buyer has provided with different recommendations "<recommendation>" and after answering different set of question as looking for "Service", Budget radio as "Yes" and enters budget as "7654321", selects Service area as "Cleanroom services" and Additional facilities as "Anything else" during the journey execution starts===================
[INFO ] 2022-11-07 20:28:36.822 [main] BrowserFactory - Opening CHROMEbrowser
[INFO ] 2022-11-07 20:28:46.263 [main] TestContext - Successfully lunched the chrome browser
[INFO ] 2022-11-07 20:28:46.263 [main] TestContext - base.url:https://webuat.crowncommercial.gov.uk/
[INFO ] 2022-11-07 20:28:53.653 [main] BrowserFactory - https://webuat.crowncommercial.gov.uk/ is launched
[INFO ] 2022-11-07 20:29:02.954 [main] HomePage - Clicked on Start now button
[INFO ] 2022-11-07 20:29:06.215 [main] HomePage - Clicked on Start now button
[INFO ] 2022-11-07 20:29:08.298 [main] HomePage - Buyer clicked on Linen radio button
[INFO ] 2022-11-07 20:29:11.339 [main] HomePage - Clicked on Continue button
[INFO ] 2022-11-07 20:29:13.382 [main] HomePage - Buyer clicked on Service radio button
[INFO ] 2022-11-07 20:29:16.070 [main] HomePage - Clicked on Continue button
[INFO ] 2022-11-07 20:29:18.361 [main] HomePage - Buyer clicked on Yes radio button
[INFO ] 2022-11-07 20:29:22.826 [main] HomePage - Clicked on Continue button
[INFO ] 2022-11-07 20:29:24.873 [main] HomePage - Buyer clicked on Cleanroom services radio button
[INFO ] 2022-11-07 20:29:27.642 [main] HomePage - Clicked on Continue button
[INFO ] 2022-11-07 20:29:30.677 [main] HomePage - Buyer clicked on Anything else checkbox  button
[INFO ] 2022-11-07 20:29:33.882 [main] HomePage - Clicked on Continue button
[INFO ] 2022-11-07 20:29:39.165 [main] TestContext - =================To verify Buyer has provided with different recommendations "<recommendation>" and after answering different set of question as looking for "Service", Budget radio as "Yes" and enters budget as "7654321", selects Service area as "Cleanroom services" and Additional facilities as "Anything else" during the journey execution ends===================
[INFO ] 2022-11-07 20:29:39.380 [main] TestContext - =================To verify Buyer has provided with different recommendations "<recommendation>" and after answering different set of question as looking for "Service", Budget radio as "Yes" and enters budget as "7654321", selects Service area as "Linen hire with standard wash" and Additional facilities as "Anything else" during the journey execution starts===================
[INFO ] 2022-11-07 20:29:39.382 [main] BrowserFactory - Opening CHROMEbrowser
[INFO ] 2022-11-07 20:29:48.012 [main] TestContext - Successfully lunched the chrome browser
[INFO ] 2022-11-07 20:29:48.013 [main] TestContext - base.url:https://webuat.crowncommercial.gov.uk/
[INFO ] 2022-11-07 20:29:55.110 [main] BrowserFactory - https://webuat.crowncommercial.gov.uk/ is launched
[INFO ] 2022-11-07 20:30:04.222 [main] HomePage - Clicked on Start now button
[INFO ] 2022-11-07 20:30:07.620 [main] HomePage - Clicked on Start now button
[INFO ] 2022-11-07 20:30:09.698 [main] HomePage - Buyer clicked on Linen radio button
[INFO ] 2022-11-07 20:30:13.191 [main] HomePage - Clicked on Continue button
[INFO ] 2022-11-07 20:30:15.231 [main] HomePage - Buyer clicked on Service radio button
[INFO ] 2022-11-07 20:30:17.897 [main] HomePage - Clicked on Continue button
[INFO ] 2022-11-07 20:30:20.227 [main] HomePage - Buyer clicked on Yes radio button
[INFO ] 2022-11-07 20:30:23.944 [main] HomePage - Clicked on Continue button
[INFO ] 2022-11-07 20:30:26.063 [main] HomePage - Buyer clicked on Linen hire with standard wash radio button
[INFO ] 2022-11-07 20:30:28.627 [main] HomePage - Clicked on Continue button
[INFO ] 2022-11-07 20:30:31.671 [main] HomePage - Buyer clicked on Anything else checkbox  button
[INFO ] 2022-11-07 20:30:34.862 [main] HomePage - Clicked on Continue button
[INFO ] 2022-11-07 20:30:40.124 [main] TestContext - =================To verify Buyer has provided with different recommendations "<recommendation>" and after answering different set of question as looking for "Service", Budget radio as "Yes" and enters budget as "7654321", selects Service area as "Linen hire with standard wash" and Additional facilities as "Anything else" during the journey execution ends===================
[INFO ] 2022-11-07 20:30:40.265 [main] TestContext - =================To verify Buyer has provided with different recommendations "<recommendation>" and after answering different set of question as looking for "Service", Budget radio as "Yes" and enters budget as "7654321", selects Service area as "Standard wash" and Additional facilities as "Anything else" during the journey execution starts===================
[INFO ] 2022-11-07 20:30:40.267 [main] BrowserFactory - Opening CHROMEbrowser
[INFO ] 2022-11-07 20:30:49.578 [main] TestContext - Successfully lunched the chrome browser
[INFO ] 2022-11-07 20:30:49.579 [main] TestContext - base.url:https://webuat.crowncommercial.gov.uk/
[INFO ] 2022-11-07 20:30:57.479 [main] BrowserFactory - https://webuat.crowncommercial.gov.uk/ is launched
[INFO ] 2022-11-07 20:31:06.588 [main] HomePage - Clicked on Start now button
[INFO ] 2022-11-07 20:31:09.843 [main] HomePage - Clicked on Start now button
[INFO ] 2022-11-07 20:31:11.952 [main] HomePage - Buyer clicked on Linen radio button
[INFO ] 2022-11-07 20:31:14.906 [main] HomePage - Clicked on Continue button
[INFO ] 2022-11-07 20:31:16.943 [main] HomePage - Buyer clicked on Service radio button
[INFO ] 2022-11-07 20:31:19.677 [main] HomePage - Clicked on Continue button
[INFO ] 2022-11-07 20:31:21.965 [main] HomePage - Buyer clicked on Yes radio button
[INFO ] 2022-11-07 20:31:25.708 [main] HomePage - Clicked on Continue button
[INFO ] 2022-11-07 20:31:27.768 [main] HomePage - Buyer clicked on Standard wash radio button
[INFO ] 2022-11-07 20:31:30.326 [main] HomePage - Clicked on Continue button
[INFO ] 2022-11-07 20:31:33.370 [main] HomePage - Buyer clicked on Anything else checkbox  button
[INFO ] 2022-11-07 20:31:36.616 [main] HomePage - Clicked on Continue button
[INFO ] 2022-11-07 20:31:41.836 [main] TestContext - =================To verify Buyer has provided with different recommendations "<recommendation>" and after answering different set of question as looking for "Service", Budget radio as "Yes" and enters budget as "7654321", selects Service area as "Standard wash" and Additional facilities as "Anything else" during the journey execution ends===================
[INFO ] 2022-11-07 20:31:58.933 [main] TestContext - =================To verify Buyer has provided with different recommendations "lot2" and after answering different set of question as looking for "Service", Budget radio as "Yes" and enters budget as "12345", Contract radio as "Yes" and enters contract length "13" , selects Service area as "Theatre pack and gowns" and Additional facilities as "No, I have everything I need" during the journey execution starts===================
[INFO ] 2022-11-07 20:31:58.942 [main] BrowserFactory - Opening CHROMEbrowser
[INFO ] 2022-11-07 20:32:05.872 [main] TestContext - Successfully lunched the chrome browser
[INFO ] 2022-11-07 20:32:05.877 [main] TestContext - base.url:https://webuat.crowncommercial.gov.uk/
[INFO ] 2022-11-07 20:32:15.563 [main] BrowserFactory - https://webuat.crowncommercial.gov.uk/ is launched
[INFO ] 2022-11-07 20:32:24.659 [main] HomePage - Clicked on Start now button
[INFO ] 2022-11-07 20:32:27.857 [main] HomePage - Clicked on Start now button
[INFO ] 2022-11-07 20:32:29.936 [main] HomePage - Buyer clicked on Linen radio button
[INFO ] 2022-11-07 20:32:32.920 [main] HomePage - Clicked on Continue button
[INFO ] 2022-11-07 20:32:34.964 [main] HomePage - Buyer clicked on Service radio button
[INFO ] 2022-11-07 20:32:37.698 [main] HomePage - Clicked on Continue button
[INFO ] 2022-11-07 20:32:39.985 [main] HomePage - Buyer clicked on Yes radio button
[INFO ] 2022-11-07 20:32:43.758 [main] HomePage - Clicked on Continue button
[INFO ] 2022-11-07 20:32:45.818 [main] HomePage - Buyer clicked on Yes radio button
[INFO ] 2022-11-07 20:32:49.498 [main] HomePage - Clicked on Continue button
[INFO ] 2022-11-07 20:32:51.543 [main] HomePage - Buyer clicked on Theatre pack and gowns radio button
[INFO ] 2022-11-07 20:32:54.059 [main] HomePage - Clicked on Continue button
[INFO ] 2022-11-07 20:32:57.108 [main] HomePage - Buyer clicked on No, I have everything I need checkbox  button
[INFO ] 2022-11-07 20:33:00.394 [main] HomePage - Clicked on Continue button
[INFO ] 2022-11-07 20:33:04.428 [main] TestContext - =================To verify Buyer has provided with different recommendations "lot2" and after answering different set of question as looking for "Service", Budget radio as "Yes" and enters budget as "12345", Contract radio as "Yes" and enters contract length "13" , selects Service area as "Theatre pack and gowns" and Additional facilities as "No, I have everything I need" during the journey execution ends===================
[INFO ] 2022-11-07 20:33:04.643 [main] TestContext - =================To verify Buyer has provided with different recommendations "lot3" and after answering different set of question as looking for "Service", Budget radio as "Yes" and enters budget as "12345", Contract radio as "Yes" and enters contract length "14" , selects Service area as "Cleanroom services" and Additional facilities as "No, I have everything I need" during the journey execution starts===================
[INFO ] 2022-11-07 20:33:04.644 [main] BrowserFactory - Opening CHROMEbrowser
[INFO ] 2022-11-07 20:33:14.467 [main] TestContext - Successfully lunched the chrome browser
[INFO ] 2022-11-07 20:33:14.467 [main] TestContext - base.url:https://webuat.crowncommercial.gov.uk/
[INFO ] 2022-11-07 20:33:21.442 [main] BrowserFactory - https://webuat.crowncommercial.gov.uk/ is launched
[INFO ] 2022-11-07 20:33:30.661 [main] HomePage - Clicked on Start now button
[INFO ] 2022-11-07 20:33:33.981 [main] HomePage - Clicked on Start now button
[INFO ] 2022-11-07 20:33:36.058 [main] HomePage - Buyer clicked on Linen radio button
[INFO ] 2022-11-07 20:33:39.058 [main] HomePage - Clicked on Continue button
[INFO ] 2022-11-07 20:33:41.096 [main] HomePage - Buyer clicked on Service radio button
[INFO ] 2022-11-07 20:33:43.760 [main] HomePage - Clicked on Continue button
[INFO ] 2022-11-07 20:33:46.046 [main] HomePage - Buyer clicked on Yes radio button
[INFO ] 2022-11-07 20:33:49.882 [main] HomePage - Clicked on Continue button
[INFO ] 2022-11-07 20:33:51.932 [main] HomePage - Buyer clicked on Yes radio button
[INFO ] 2022-11-07 20:33:55.629 [main] HomePage - Clicked on Continue button
[INFO ] 2022-11-07 20:33:57.672 [main] HomePage - Buyer clicked on Cleanroom services radio button
[INFO ] 2022-11-07 20:34:00.238 [main] HomePage - Clicked on Continue button
[INFO ] 2022-11-07 20:34:03.281 [main] HomePage - Buyer clicked on No, I have everything I need checkbox  button
[INFO ] 2022-11-07 20:34:06.655 [main] HomePage - Clicked on Continue button
[INFO ] 2022-11-07 20:34:10.501 [main] TestContext - =================To verify Buyer has provided with different recommendations "lot3" and after answering different set of question as looking for "Service", Budget radio as "Yes" and enters budget as "12345", Contract radio as "Yes" and enters contract length "14" , selects Service area as "Cleanroom services" and Additional facilities as "No, I have everything I need" during the journey execution ends===================
[INFO ] 2022-11-07 20:34:10.723 [main] TestContext - =================To verify Buyer has provided with different recommendations "lot1a" and after answering different set of question as looking for "Service", Budget radio as "Yes" and enters budget as "12345", Contract radio as "Yes" and enters contract length "21" , selects Service area as "Linen hire with standard wash" and Additional facilities as "No, I have everything I need" during the journey execution starts===================
[INFO ] 2022-11-07 20:34:10.725 [main] BrowserFactory - Opening CHROMEbrowser
[INFO ] 2022-11-07 20:34:19.426 [main] TestContext - Successfully lunched the chrome browser
[INFO ] 2022-11-07 20:34:19.426 [main] TestContext - base.url:https://webuat.crowncommercial.gov.uk/
[INFO ] 2022-11-07 20:34:21.513 [main] BrowserFactory - https://webuat.crowncommercial.gov.uk/ is launched
[INFO ] 2022-11-07 20:34:31.141 [main] HomePage - Clicked on Start now button
[INFO ] 2022-11-07 20:34:34.333 [main] HomePage - Clicked on Start now button
[INFO ] 2022-11-07 20:34:36.410 [main] HomePage - Buyer clicked on Linen radio button
[INFO ] 2022-11-07 20:34:39.386 [main] HomePage - Clicked on Continue button
[INFO ] 2022-11-07 20:34:41.429 [main] HomePage - Buyer clicked on Service radio button
[INFO ] 2022-11-07 20:34:44.057 [main] HomePage - Clicked on Continue button
[INFO ] 2022-11-07 20:34:46.343 [main] HomePage - Buyer clicked on Yes radio button
[INFO ] 2022-11-07 20:34:50.960 [main] HomePage - Clicked on Continue button
[INFO ] 2022-11-07 20:34:52.999 [main] HomePage - Buyer clicked on Yes radio button
[INFO ] 2022-11-07 20:34:56.610 [main] HomePage - Clicked on Continue button
[INFO ] 2022-11-07 20:34:58.645 [main] HomePage - Buyer clicked on Linen hire with standard wash radio button
[INFO ] 2022-11-07 20:35:01.355 [main] HomePage - Clicked on Continue button
[INFO ] 2022-11-07 20:35:04.403 [main] HomePage - Buyer clicked on No, I have everything I need checkbox  button
[INFO ] 2022-11-07 20:35:07.582 [main] HomePage - Clicked on Continue button
[INFO ] 2022-11-07 20:35:11.405 [main] TestContext - =================To verify Buyer has provided with different recommendations "lot1a" and after answering different set of question as looking for "Service", Budget radio as "Yes" and enters budget as "12345", Contract radio as "Yes" and enters contract length "21" , selects Service area as "Linen hire with standard wash" and Additional facilities as "No, I have everything I need" during the journey execution ends===================
[INFO ] 2022-11-07 20:35:11.636 [main] TestContext - =================To verify Buyer has provided with different recommendations "lot1b" and after answering different set of question as looking for "Service", Budget radio as "Yes" and enters budget as "12345", Contract radio as "Yes" and enters contract length "30" , selects Service area as "Standard wash" and Additional facilities as "No, I have everything I need" during the journey execution starts===================
[INFO ] 2022-11-07 20:35:11.638 [main] BrowserFactory - Opening CHROMEbrowser
[INFO ] 2022-11-07 20:35:20.719 [main] TestContext - Successfully lunched the chrome browser
[INFO ] 2022-11-07 20:35:20.720 [main] TestContext - base.url:https://webuat.crowncommercial.gov.uk/
[INFO ] 2022-11-07 20:35:28.097 [main] BrowserFactory - https://webuat.crowncommercial.gov.uk/ is launched
[INFO ] 2022-11-07 20:35:37.233 [main] HomePage - Clicked on Start now button
[INFO ] 2022-11-07 20:35:40.550 [main] HomePage - Clicked on Start now button
[INFO ] 2022-11-07 20:35:42.645 [main] HomePage - Buyer clicked on Linen radio button
[INFO ] 2022-11-07 20:35:45.736 [main] HomePage - Clicked on Continue button
[INFO ] 2022-11-07 20:35:47.783 [main] HomePage - Buyer clicked on Service radio button
[INFO ] 2022-11-07 20:35:50.511 [main] HomePage - Clicked on Continue button
[INFO ] 2022-11-07 20:35:52.803 [main] HomePage - Buyer clicked on Yes radio button
[INFO ] 2022-11-07 20:35:57.107 [main] HomePage - Clicked on Continue button
[INFO ] 2022-11-07 20:35:59.156 [main] HomePage - Buyer clicked on Yes radio button
[INFO ] 2022-11-07 20:36:02.961 [main] HomePage - Clicked on Continue button
[INFO ] 2022-11-07 20:36:04.999 [main] HomePage - Buyer clicked on Standard wash radio button
[INFO ] 2022-11-07 20:36:07.522 [main] HomePage - Clicked on Continue button
[INFO ] 2022-11-07 20:36:10.574 [main] HomePage - Buyer clicked on No, I have everything I need checkbox  button
[INFO ] 2022-11-07 20:36:13.742 [main] HomePage - Clicked on Continue button
[INFO ] 2022-11-07 20:36:17.606 [main] TestContext - =================To verify Buyer has provided with different recommendations "lot1b" and after answering different set of question as looking for "Service", Budget radio as "Yes" and enters budget as "12345", Contract radio as "Yes" and enters contract length "30" , selects Service area as "Standard wash" and Additional facilities as "No, I have everything I need" during the journey execution ends===================
