[INFO ] 2023-03-27 11:16:25.843 [main] TestContext - =================RM6219:Learning And Development execution starts===================
[INFO ] 2023-03-27 11:16:25.860 [main] BrowserFactory - Opening CHROMEbrowser
[INFO ] 2023-03-27 11:16:58.623 [main] TestContext - =================RM6188 Audit & Assurance Services-Lot4 execution starts===================
[INFO ] 2023-03-27 11:16:58.627 [main] BrowserFactory - Opening CHROMEbrowser
[INFO ] 2023-03-27 11:18:08.271 [main] TestContext - =================RM6157: Building Materials - LOT9 execution starts===================
[INFO ] 2023-03-27 11:18:08.273 [main] BrowserFactory - Opening CHROMEbrowser
[INFO ] 2023-03-27 11:18:18.184 [main] TestContext - Successfully lunched the chrome browser
[INFO ] 2023-03-27 11:18:18.185 [main] TestContext - base.url:https://webuat.crowncommercial.gov.uk/
[INFO ] 2023-03-27 11:18:24.872 [main] BrowserFactory - https://webuat.crowncommercial.gov.uk/ is launched
[INFO ] 2023-03-27 11:18:38.626 [main] HomePage - Clicked on Start now button
[INFO ] 2023-03-27 11:18:42.019 [main] HomePage - Clicked on Start now button
[INFO ] 2023-03-27 11:18:44.375 [main] HomePage - Buyer clicked on Building Materials and Equipment radio button
[INFO ] 2023-03-27 11:18:47.005 [main] HomePage - Clicked on Continue button
[INFO ] 2023-03-27 11:18:49.075 [main] HomePage - Buyer clicked on Building and Construction tools & Equipment radio button
[INFO ] 2023-03-27 11:18:51.577 [main] HomePage - Clicked on Continue button
[INFO ] 2023-03-27 11:18:53.638 [main] HomePage - Buyer clicked on Hire radio button
[INFO ] 2023-03-27 11:18:57.981 [main] HomePage - Clicked on Continue button
[INFO ] 2023-03-27 11:19:01.375 [main] TestContext - =================RM6157: Building Materials - LOT9 execution ends===================
[INFO ] 2023-03-27 11:19:01.566 [main] TestContext - =================RM6133: Employee Benefits execution starts===================
[INFO ] 2023-03-27 11:19:01.568 [main] BrowserFactory - Opening CHROMEbrowser
[INFO ] 2023-03-27 11:19:07.298 [main] TestContext - Successfully lunched the chrome browser
[INFO ] 2023-03-27 11:19:07.298 [main] TestContext - base.url:https://webuat.crowncommercial.gov.uk/
[INFO ] 2023-03-27 11:19:14.710 [main] BrowserFactory - https://webuat.crowncommercial.gov.uk/ is launched
[INFO ] 2023-03-27 11:19:28.815 [main] HomePage - Clicked on Start now button
[INFO ] 2023-03-27 11:19:31.460 [main] HomePage - Clicked on Start now button
[INFO ] 2023-03-27 11:19:33.542 [main] HomePage - Buyer clicked on Employee Benefits radio button
[INFO ] 2023-03-27 11:19:36.104 [main] HomePage - Clicked on Continue button
[INFO ] 2023-03-27 11:19:38.178 [main] HomePage - Buyer clicked on Child care voucher scheme radio button
[INFO ] 2023-03-27 11:19:41.702 [main] HomePage - Clicked on Continue button
[INFO ] 2023-03-27 11:19:44.715 [main] TestContext - =================RM6133: Employee Benefits execution ends===================
[INFO ] 2023-03-27 11:19:44.901 [main] TestContext - =================RM6133: Employee Benefits execution starts===================
[INFO ] 2023-03-27 11:19:44.902 [main] BrowserFactory - Opening CHROMEbrowser
[INFO ] 2023-03-27 11:19:50.361 [main] TestContext - Successfully lunched the chrome browser
[INFO ] 2023-03-27 11:19:50.362 [main] TestContext - base.url:https://webuat.crowncommercial.gov.uk/
[INFO ] 2023-03-27 11:19:58.521 [main] BrowserFactory - https://webuat.crowncommercial.gov.uk/ is launched
[INFO ] 2023-03-27 11:20:12.819 [main] HomePage - Clicked on Start now button
[INFO ] 2023-03-27 11:20:17.884 [main] HomePage - Clicked on Start now button
[INFO ] 2023-03-27 11:20:20.002 [main] HomePage - Buyer clicked on Employee Benefits radio button
[INFO ] 2023-03-27 11:20:22.670 [main] HomePage - Clicked on Continue button
[INFO ] 2023-03-27 11:20:24.727 [main] HomePage - Buyer clicked on Employee financial wellbeing scheme radio button
[INFO ] 2023-03-27 11:20:50.132 [main] TestContext - =================RM6219:Learning And Development execution starts===================
[INFO ] 2023-03-27 11:20:50.136 [main] BrowserFactory - Opening CHROMEbrowser
[INFO ] 2023-03-27 11:20:56.521 [main] TestContext - Successfully lunched the chrome browser
[INFO ] 2023-03-27 11:20:56.527 [main] TestContext - base.url:https://webuat.crowncommercial.gov.uk/
[INFO ] 2023-03-27 11:21:05.814 [main] BrowserFactory - https://webuat.crowncommercial.gov.uk/ is launched
[INFO ] 2023-03-27 11:21:19.818 [main] HomePage - Clicked on Start now button
[INFO ] 2023-03-27 11:21:23.927 [main] HomePage - Clicked on Start now button
[INFO ] 2023-03-27 11:21:26.166 [main] HomePage - Buyer clicked on Learning & Development radio button
[INFO ] 2023-03-27 11:21:28.772 [main] HomePage - Clicked on Continue button
[INFO ] 2023-03-27 11:21:30.836 [main] HomePage - Buyer clicked on Learning and Development radio button
[INFO ] 2023-03-27 11:21:33.298 [main] HomePage - Clicked on Continue button
[INFO ] 2023-03-27 11:21:36.208 [main] HomePage - Buyer clicked on No radio button
[INFO ] 2023-03-27 11:21:39.259 [main] HomePage - Clicked on Continue button
[INFO ] 2023-03-27 11:21:42.638 [main] TestContext - =================RM6219:Learning And Development execution ends===================
[INFO ] 2023-03-27 11:21:42.801 [main] TestContext - =================RM6188 Audit & Assurance Services-Lot4 execution starts===================
[INFO ] 2023-03-27 11:21:42.802 [main] BrowserFactory - Opening CHROMEbrowser
[INFO ] 2023-03-27 11:21:48.219 [main] TestContext - Successfully lunched the chrome browser
[INFO ] 2023-03-27 11:21:48.219 [main] TestContext - base.url:https://webuat.crowncommercial.gov.uk/
[INFO ] 2023-03-27 11:21:54.608 [main] BrowserFactory - https://webuat.crowncommercial.gov.uk/ is launched
[INFO ] 2023-03-27 11:22:08.960 [main] HomePage - Clicked on Start now button
[INFO ] 2023-03-27 11:22:11.516 [main] HomePage - Clicked on Start now button
[INFO ] 2023-03-27 11:22:13.594 [main] HomePage - Buyer clicked on Audit and Assurance radio button
[INFO ] 2023-03-27 11:22:16.147 [main] HomePage - Clicked on Continue button
[INFO ] 2023-03-27 11:22:18.216 [main] HomePage - Buyer clicked on Other independent assurance services radio button
[INFO ] 2023-03-27 11:22:21.785 [main] HomePage - Clicked on Continue button
[INFO ] 2023-03-27 11:22:24.806 [main] TestContext - =================RM6188 Audit & Assurance Services-Lot4 execution ends===================
[INFO ] 2023-03-27 11:22:24.973 [main] TestContext - =================RM6157: Building Materials - LOT9 execution starts===================
[INFO ] 2023-03-27 11:22:24.974 [main] BrowserFactory - Opening CHROMEbrowser
[INFO ] 2023-03-27 11:22:30.559 [main] TestContext - Successfully lunched the chrome browser
[INFO ] 2023-03-27 11:22:30.560 [main] TestContext - base.url:https://webuat.crowncommercial.gov.uk/
[INFO ] 2023-03-27 11:22:37.151 [main] BrowserFactory - https://webuat.crowncommercial.gov.uk/ is launched
[INFO ] 2023-03-27 11:22:51.093 [main] HomePage - Clicked on Start now button
[INFO ] 2023-03-27 11:22:55.295 [main] HomePage - Clicked on Start now button
[INFO ] 2023-03-27 11:22:57.399 [main] HomePage - Buyer clicked on Building Materials and Equipment radio button
[INFO ] 2023-03-27 11:22:59.998 [main] HomePage - Clicked on Continue button
[INFO ] 2023-03-27 11:23:02.068 [main] HomePage - Buyer clicked on Building and Construction tools & Equipment radio button
[INFO ] 2023-03-27 11:23:04.744 [main] HomePage - Clicked on Continue button
[INFO ] 2023-03-27 11:23:06.819 [main] HomePage - Buyer clicked on Hire radio button
[INFO ] 2023-03-27 11:23:10.250 [main] HomePage - Clicked on Continue button
[INFO ] 2023-03-27 11:23:13.611 [main] TestContext - =================RM6157: Building Materials - LOT9 execution ends===================
[INFO ] 2023-03-27 11:23:13.769 [main] TestContext - =================RM6133: Employee Benefits execution starts===================
[INFO ] 2023-03-27 11:23:13.770 [main] BrowserFactory - Opening CHROMEbrowser
[INFO ] 2023-03-27 11:23:19.410 [main] TestContext - Successfully lunched the chrome browser
[INFO ] 2023-03-27 11:23:19.410 [main] TestContext - base.url:https://webuat.crowncommercial.gov.uk/
[INFO ] 2023-03-27 11:23:26.556 [main] BrowserFactory - https://webuat.crowncommercial.gov.uk/ is launched
[INFO ] 2023-03-27 11:23:40.612 [main] HomePage - Clicked on Start now button
[INFO ] 2023-03-27 11:23:44.667 [main] HomePage - Clicked on Start now button
[INFO ] 2023-03-27 11:23:46.939 [main] HomePage - Buyer clicked on Employee Benefits radio button
[INFO ] 2023-03-27 11:23:49.534 [main] HomePage - Clicked on Continue button
[INFO ] 2023-03-27 11:23:51.592 [main] HomePage - Buyer clicked on Child care voucher scheme radio button
[INFO ] 2023-03-27 11:23:55.890 [main] HomePage - Clicked on Continue button
[INFO ] 2023-03-27 11:23:58.887 [main] TestContext - =================RM6133: Employee Benefits execution ends===================
[INFO ] 2023-03-27 11:23:59.053 [main] TestContext - =================RM6133: Employee Benefits execution starts===================
[INFO ] 2023-03-27 11:23:59.055 [main] BrowserFactory - Opening CHROMEbrowser
[INFO ] 2023-03-27 11:24:04.601 [main] TestContext - Successfully lunched the chrome browser
[INFO ] 2023-03-27 11:24:04.601 [main] TestContext - base.url:https://webuat.crowncommercial.gov.uk/
[INFO ] 2023-03-27 11:24:13.207 [main] BrowserFactory - https://webuat.crowncommercial.gov.uk/ is launched
[INFO ] 2023-03-27 11:24:27.257 [main] HomePage - Clicked on Start now button
[INFO ] 2023-03-27 11:24:29.888 [main] HomePage - Clicked on Start now button
[INFO ] 2023-03-27 11:24:31.972 [main] HomePage - Buyer clicked on Employee Benefits radio button
[INFO ] 2023-03-27 11:24:34.524 [main] HomePage - Clicked on Continue button
[INFO ] 2023-03-27 11:24:36.600 [main] HomePage - Buyer clicked on Employee financial wellbeing scheme radio button
[INFO ] 2023-03-27 11:24:39.672 [main] HomePage - Clicked on Continue button
[INFO ] 2023-03-27 11:24:42.627 [main] TestContext - =================RM6133: Employee Benefits execution ends===================
[INFO ] 2023-03-27 11:24:42.800 [main] TestContext - =================RM6141:  Language Services-Lot5 execution starts===================
[INFO ] 2023-03-27 11:24:42.802 [main] BrowserFactory - Opening CHROMEbrowser
[INFO ] 2023-03-27 11:24:48.412 [main] TestContext - Successfully lunched the chrome browser
[INFO ] 2023-03-27 11:24:48.413 [main] TestContext - base.url:https://webuat.crowncommercial.gov.uk/
[INFO ] 2023-03-27 11:24:56.724 [main] BrowserFactory - https://webuat.crowncommercial.gov.uk/ is launched
[INFO ] 2023-03-27 11:25:10.661 [main] HomePage - Clicked on Start now button
[INFO ] 2023-03-27 11:25:14.098 [main] HomePage - Clicked on Start now button
[INFO ] 2023-03-27 11:25:16.357 [main] HomePage - Buyer clicked on Language Services radio button
[INFO ] 2023-03-27 11:25:18.881 [main] HomePage - Clicked on Continue button
[INFO ] 2023-03-27 11:25:20.947 [main] HomePage - Buyer clicked on Internationally radio button
[INFO ] 2023-03-27 11:25:24.431 [main] HomePage - Clicked on Continue button
[INFO ] 2023-03-27 11:25:27.427 [main] TestContext - =================RM6141:  Language Services-Lot5 execution ends===================
[INFO ] 2023-03-27 11:25:27.586 [main] TestContext - =================RM6174: MFD - LOT1 execution starts===================
[INFO ] 2023-03-27 11:25:27.588 [main] BrowserFactory - Opening CHROMEbrowser
[INFO ] 2023-03-27 11:25:33.134 [main] TestContext - Successfully lunched the chrome browser
[INFO ] 2023-03-27 11:25:33.135 [main] TestContext - base.url:https://webuat.crowncommercial.gov.uk/
[INFO ] 2023-03-27 11:25:41.749 [main] BrowserFactory - https://webuat.crowncommercial.gov.uk/ is launched
[INFO ] 2023-03-27 11:25:55.765 [main] HomePage - Clicked on Start now button
[INFO ] 2023-03-27 11:25:58.312 [main] HomePage - Clicked on Start now button
[INFO ] 2023-03-27 11:26:00.421 [main] HomePage - Buyer clicked on Print and Digital radio button
[INFO ] 2023-03-27 11:26:02.938 [main] HomePage - Clicked on Continue button
[INFO ] 2023-03-27 11:26:05.022 [main] HomePage - Buyer clicked on Multifunctional devices (MFDs) and basic print management software radio button
[INFO ] 2023-03-27 11:26:09.420 [main] HomePage - Clicked on Continue button
[INFO ] 2023-03-27 11:26:13.134 [main] TestContext - =================RM6174: MFD - LOT1 execution ends===================
[INFO ] 2023-03-27 11:26:13.274 [main] TestContext - =================RM6174: MFD - LOT4 execution starts===================
[INFO ] 2023-03-27 11:26:13.275 [main] BrowserFactory - Opening CHROMEbrowser
[INFO ] 2023-03-27 11:26:18.400 [main] TestContext - Successfully lunched the chrome browser
[INFO ] 2023-03-27 11:26:18.401 [main] TestContext - base.url:https://webuat.crowncommercial.gov.uk/
[INFO ] 2023-03-27 11:26:27.824 [main] BrowserFactory - https://webuat.crowncommercial.gov.uk/ is launched
[INFO ] 2023-03-27 11:26:41.811 [main] HomePage - Clicked on Start now button
[INFO ] 2023-03-27 11:26:46.837 [main] HomePage - Clicked on Start now button
[INFO ] 2023-03-27 11:26:48.916 [main] HomePage - Buyer clicked on Print and Digital radio button
[INFO ] 2023-03-27 11:26:51.458 [main] HomePage - Clicked on Continue button
[INFO ] 2023-03-27 11:26:53.526 [main] HomePage - Buyer clicked on Print consultancy radio button
[INFO ] 2023-03-27 11:26:57.181 [main] HomePage - Clicked on Continue button
[INFO ] 2023-03-27 11:27:00.337 [main] TestContext - =================RM6174: MFD - LOT4 execution ends===================
[INFO ] 2023-03-27 11:27:00.470 [main] TestContext - =================RM6182: EOccupational Health, Employee Assistance Programme Eye Care-Lot4.1 execution starts===================
[INFO ] 2023-03-27 11:27:00.471 [main] BrowserFactory - Opening CHROMEbrowser
[INFO ] 2023-03-27 11:27:05.547 [main] TestContext - Successfully lunched the chrome browser
[INFO ] 2023-03-27 11:27:05.547 [main] TestContext - base.url:https://webuat.crowncommercial.gov.uk/
[INFO ] 2023-03-27 11:27:12.101 [main] BrowserFactory - https://webuat.crowncommercial.gov.uk/ is launched
[INFO ] 2023-03-27 11:27:26.338 [main] HomePage - Clicked on Start now button
[INFO ] 2023-03-27 11:27:28.882 [main] HomePage - Clicked on Start now button
[INFO ] 2023-03-27 11:27:31.545 [main] HomePage - Buyer clicked on Occupational Health, Employee Assistance, Eye Care radio button
[INFO ] 2023-03-27 11:27:34.195 [main] HomePage - Clicked on Continue button
[INFO ] 2023-03-27 11:27:36.260 [main] HomePage - Buyer clicked on Occupational Health (OH) radio button
[INFO ] 2023-03-27 11:27:38.846 [main] HomePage - Clicked on Continue button
[INFO ] 2023-03-27 11:27:40.891 [main] HomePage - Buyer clicked on Regional radio button
[INFO ] 2023-03-27 11:27:43.622 [main] HomePage - Clicked on Continue button
[INFO ] 2023-03-27 11:27:45.662 [main] HomePage - Buyer clicked on London radio button
[INFO ] 2023-03-27 11:27:49.211 [main] HomePage - Clicked on Continue button
[INFO ] 2023-03-27 11:27:52.691 [main] TestContext - =================RM6182: EOccupational Health, Employee Assistance Programme Eye Care-Lot4.1 execution ends===================
