[INFO ] 2022-10-24 14:51:15.314 [main] TestContext - =================RM6157: Building Materials - LOT1 execution starts===================
[INFO ] 2022-10-24 14:51:15.326 [main] BrowserFactory - Opening CHROMEbrowser
[INFO ] 2022-10-24 14:51:47.401 [main] TestContext - =================RM6157: Building Materials - LOT9 execution starts===================
[INFO ] 2022-10-24 14:51:47.406 [main] BrowserFactory - Opening CHROMEbrowser
[INFO ] 2022-10-24 14:51:52.041 [main] TestContext - Successfully lunched the chrome browser
[INFO ] 2022-10-24 14:51:52.043 [main] TestContext - base.url:https://webuat.crowncommercial.gov.uk/
[INFO ] 2022-10-24 14:51:58.162 [main] BrowserFactory - https://webuat.crowncommercial.gov.uk/ is launched
[INFO ] 2022-10-24 14:52:09.444 [main] HomePage - Clicked on Start now button
[INFO ] 2022-10-24 14:52:13.978 [main] HomePage - Clicked on Start now button
[INFO ] 2022-10-24 14:52:17.182 [main] HomePage - Buyer clicked on Building Materials and Equipment radio button
[INFO ] 2022-10-24 14:52:20.966 [main] HomePage - Clicked on Continue button
[INFO ] 2022-10-24 14:52:24.040 [main] HomePage - Buyer clicked on Building and Construction tools & Equipment radio button
[INFO ] 2022-10-24 14:52:27.923 [main] HomePage - Clicked on Continue button
[INFO ] 2022-10-24 14:52:30.970 [main] HomePage - Buyer clicked on Hire radio button
[INFO ] 2022-10-24 14:52:35.174 [main] HomePage - Clicked on Continue button
[INFO ] 2022-10-24 14:52:38.454 [main] TestContext - =================RM6157: Building Materials - LOT9 execution ends===================
[INFO ] 2022-10-24 14:53:30.739 [main] TestContext - =================RM6157: Building Materials - LOT1 execution starts===================
[INFO ] 2022-10-24 14:53:30.743 [main] BrowserFactory - Opening CHROMEbrowser
[INFO ] 2022-10-24 14:53:36.564 [main] TestContext - Successfully lunched the chrome browser
[INFO ] 2022-10-24 14:53:36.568 [main] TestContext - base.url:https://webuat.crowncommercial.gov.uk/
[INFO ] 2022-10-24 14:53:44.956 [main] BrowserFactory - https://webuat.crowncommercial.gov.uk/ is launched
[INFO ] 2022-10-24 14:53:55.089 [main] HomePage - Clicked on Start now button
[INFO ] 2022-10-24 14:53:59.493 [main] HomePage - Clicked on Start now button
[INFO ] 2022-10-24 14:54:02.706 [main] HomePage - Buyer clicked on Building Materials and Equipment radio button
[INFO ] 2022-10-24 14:54:06.884 [main] HomePage - Clicked on Continue button
[INFO ] 2022-10-24 14:54:09.957 [main] HomePage - Buyer clicked on Heavy building materials and one stop shop radio button
[INFO ] 2022-10-24 14:54:14.640 [main] HomePage - Clicked on Continue button
[INFO ] 2022-10-24 14:54:17.749 [main] TestContext - =================RM6157: Building Materials - LOT1 execution ends===================
[INFO ] 2022-10-24 14:54:17.923 [main] TestContext - =================RM6157: Building Materials - LOT9 execution starts===================
[INFO ] 2022-10-24 14:54:17.924 [main] BrowserFactory - Opening CHROMEbrowser
[INFO ] 2022-10-24 14:54:22.237 [main] TestContext - Successfully lunched the chrome browser
[INFO ] 2022-10-24 14:54:22.237 [main] TestContext - base.url:https://webuat.crowncommercial.gov.uk/
[INFO ] 2022-10-24 14:54:26.994 [main] BrowserFactory - https://webuat.crowncommercial.gov.uk/ is launched
[INFO ] 2022-10-24 14:54:38.271 [main] HomePage - Clicked on Start now button
[INFO ] 2022-10-24 14:54:42.842 [main] HomePage - Clicked on Start now button
[INFO ] 2022-10-24 14:54:46.041 [main] HomePage - Buyer clicked on Building Materials and Equipment radio button
[INFO ] 2022-10-24 14:54:49.851 [main] HomePage - Clicked on Continue button
[INFO ] 2022-10-24 14:54:52.928 [main] HomePage - Buyer clicked on Building and Construction tools & Equipment radio button
[INFO ] 2022-10-24 14:54:56.624 [main] HomePage - Clicked on Continue button
[INFO ] 2022-10-24 14:54:59.649 [main] HomePage - Buyer clicked on Hire radio button
[INFO ] 2022-10-24 14:55:03.918 [main] HomePage - Clicked on Continue button
[INFO ] 2022-10-24 14:55:07.151 [main] TestContext - =================RM6157: Building Materials - LOT9 execution ends===================
[INFO ] 2022-10-24 15:09:18.147 [main] TestContext - =================RM6157: Building Materials - LOT1 execution starts===================
[INFO ] 2022-10-24 15:09:18.151 [main] BrowserFactory - Opening CHROMEbrowser
[INFO ] 2022-10-24 15:09:24.047 [main] TestContext - Successfully lunched the chrome browser
[INFO ] 2022-10-24 15:09:24.049 [main] TestContext - base.url:https://webuat.crowncommercial.gov.uk/
[INFO ] 2022-10-24 15:09:30.896 [main] BrowserFactory - https://webuat.crowncommercial.gov.uk/ is launched
[INFO ] 2022-10-24 15:09:41.164 [main] HomePage - Clicked on Start now button
[INFO ] 2022-10-24 15:09:45.568 [main] HomePage - Clicked on Start now button
[INFO ] 2022-10-24 15:09:48.761 [main] HomePage - Buyer clicked on Furniture and Associated Services radio button
[INFO ] 2022-10-24 15:09:52.705 [main] HomePage - Clicked on Continue button
[INFO ] 2022-10-24 15:09:56.007 [main] TestContext - =================RM6157: Building Materials - LOT1 execution ends===================
[INFO ] 2022-10-24 15:09:56.177 [main] TestContext - =================RM6157: Building Materials - LOT9 execution starts===================
[INFO ] 2022-10-24 15:09:56.178 [main] BrowserFactory - Opening CHROMEbrowser
[INFO ] 2022-10-24 15:09:59.144 [main] TestContext - Successfully lunched the chrome browser
[INFO ] 2022-10-24 15:09:59.145 [main] TestContext - base.url:https://webuat.crowncommercial.gov.uk/
[INFO ] 2022-10-24 15:10:01.764 [main] BrowserFactory - https://webuat.crowncommercial.gov.uk/ is launched
[INFO ] 2022-10-24 15:15:55.099 [main] TestContext - =================RM6119: Furniture & Associated Services - LOT2 execution starts===================
[INFO ] 2022-10-24 15:15:55.105 [main] BrowserFactory - Opening CHROMEbrowser
[INFO ] 2022-10-24 15:15:59.406 [main] TestContext - Successfully lunched the chrome browser
[INFO ] 2022-10-24 15:15:59.408 [main] TestContext - base.url:https://webuat.crowncommercial.gov.uk/
[INFO ] 2022-10-24 15:16:05.845 [main] BrowserFactory - https://webuat.crowncommercial.gov.uk/ is launched
[INFO ] 2022-10-24 15:16:16.536 [main] HomePage - Clicked on Start now button
[INFO ] 2022-10-24 15:16:20.879 [main] HomePage - Clicked on Start now button
[INFO ] 2022-10-24 15:16:24.070 [main] HomePage - Buyer clicked on Furniture and Associated Services radio button
[INFO ] 2022-10-24 15:16:27.864 [main] HomePage - Clicked on Continue button
[INFO ] 2022-10-24 15:16:30.927 [main] HomePage - Buyer clicked on Product radio button
[INFO ] 2022-10-24 15:16:34.598 [main] HomePage - Clicked on Continue button
[INFO ] 2022-10-24 15:16:37.656 [main] HomePage - Buyer clicked on Residential Furniture radio button
[INFO ] 2022-10-24 15:16:42.005 [main] HomePage - Clicked on Continue button
[INFO ] 2022-10-24 15:16:44.704 [main] GMResultPage - The <What product are you looking for?> was not found in the question list
[INFO ] 2022-10-24 15:16:50.376 [main] TestContext - =================RM6119: Furniture & Associated Services - LOT2 execution ends===================
[INFO ] 2022-10-24 15:20:02.087 [main] TestContext - =================RM6119: Furniture & Associated Services - LOT2 execution starts===================
[INFO ] 2022-10-24 15:20:02.092 [main] BrowserFactory - Opening CHROMEbrowser
[INFO ] 2022-10-24 15:20:07.540 [main] TestContext - Successfully lunched the chrome browser
[INFO ] 2022-10-24 15:20:07.542 [main] TestContext - base.url:https://webuat.crowncommercial.gov.uk/
[INFO ] 2022-10-24 15:20:15.212 [main] BrowserFactory - https://webuat.crowncommercial.gov.uk/ is launched
[INFO ] 2022-10-24 15:20:25.764 [main] HomePage - Clicked on Start now button
[INFO ] 2022-10-24 15:20:30.604 [main] HomePage - Clicked on Start now button
[INFO ] 2022-10-24 15:20:33.752 [main] HomePage - Buyer clicked on Furniture and Associated Services radio button
[INFO ] 2022-10-24 15:20:37.479 [main] HomePage - Clicked on Continue button
[INFO ] 2022-10-24 15:20:40.545 [main] HomePage - Buyer clicked on Product radio button
[INFO ] 2022-10-24 15:20:44.234 [main] HomePage - Clicked on Continue button
[INFO ] 2022-10-24 15:20:47.279 [main] HomePage - Buyer clicked on Residential Furniture radio button
[INFO ] 2022-10-24 15:20:52.101 [main] HomePage - Clicked on Continue button
[INFO ] 2022-10-24 15:20:54.835 [main] GMResultPage - The <What product are you looking for?> was not found in the question list
[INFO ] 2022-10-24 15:21:00.490 [main] TestContext - =================RM6119: Furniture & Associated Services - LOT2 execution ends===================
[INFO ] 2022-10-24 15:22:52.551 [main] TestContext - =================RM6119: Furniture & Associated Services - LOT2 execution starts===================
[INFO ] 2022-10-24 15:22:52.555 [main] BrowserFactory - Opening CHROMEbrowser
[INFO ] 2022-10-24 15:22:56.796 [main] TestContext - Successfully lunched the chrome browser
[INFO ] 2022-10-24 15:22:56.798 [main] TestContext - base.url:https://webuat.crowncommercial.gov.uk/
[INFO ] 2022-10-24 15:23:02.615 [main] BrowserFactory - https://webuat.crowncommercial.gov.uk/ is launched
[INFO ] 2022-10-24 15:23:13.131 [main] HomePage - Clicked on Start now button
[INFO ] 2022-10-24 15:23:17.746 [main] HomePage - Clicked on Start now button
[INFO ] 2022-10-24 15:23:20.946 [main] HomePage - Buyer clicked on Furniture and Associated Services radio button
[INFO ] 2022-10-24 15:23:24.697 [main] HomePage - Clicked on Continue button
[INFO ] 2022-10-24 15:23:27.763 [main] HomePage - Buyer clicked on Product radio button
[INFO ] 2022-10-24 15:23:31.426 [main] HomePage - Clicked on Continue button
[INFO ] 2022-10-24 15:23:34.477 [main] HomePage - Buyer clicked on Residential Furniture radio button
[INFO ] 2022-10-24 15:23:38.776 [main] HomePage - Clicked on Continue button
[INFO ] 2022-10-24 15:23:42.042 [main] TestContext - =================RM6119: Furniture & Associated Services - LOT2 execution ends===================
[INFO ] 2022-10-24 15:28:18.245 [main] TestContext - =================RM6119: Furniture & Associated Services - LOT2 execution starts===================
[INFO ] 2022-10-24 15:28:18.249 [main] BrowserFactory - Opening CHROMEbrowser
[INFO ] 2022-10-24 15:28:22.622 [main] TestContext - Successfully lunched the chrome browser
[INFO ] 2022-10-24 15:28:22.625 [main] TestContext - base.url:https://webuat.crowncommercial.gov.uk/
[INFO ] 2022-10-24 15:28:30.484 [main] BrowserFactory - https://webuat.crowncommercial.gov.uk/ is launched
[INFO ] 2022-10-24 15:28:40.913 [main] HomePage - Clicked on Start now button
[INFO ] 2022-10-24 15:28:45.342 [main] HomePage - Clicked on Start now button
[INFO ] 2022-10-24 15:28:48.533 [main] HomePage - Buyer clicked on Furniture and Associated Services radio button
[INFO ] 2022-10-24 15:28:52.446 [main] HomePage - Clicked on Continue button
[INFO ] 2022-10-24 15:28:55.525 [main] HomePage - Buyer clicked on Product radio button
[INFO ] 2022-10-24 15:28:59.353 [main] HomePage - Clicked on Continue button
[INFO ] 2022-10-24 15:29:02.404 [main] HomePage - Buyer clicked on Residential Furniture radio button
[INFO ] 2022-10-24 15:29:06.925 [main] HomePage - Clicked on Continue button
[INFO ] 2022-10-24 15:29:10.230 [main] TestContext - =================RM6119: Furniture & Associated Services - LOT2 execution ends===================
[INFO ] 2022-10-24 15:29:10.451 [main] TestContext - =================RM6119: Furniture & Associated Services - LOT4 execution starts===================
[INFO ] 2022-10-24 15:29:10.452 [main] BrowserFactory - Opening CHROMEbrowser
[INFO ] 2022-10-24 15:29:14.153 [main] TestContext - Successfully lunched the chrome browser
[INFO ] 2022-10-24 15:29:14.154 [main] TestContext - base.url:https://webuat.crowncommercial.gov.uk/
[INFO ] 2022-10-24 15:29:22.729 [main] BrowserFactory - https://webuat.crowncommercial.gov.uk/ is launched
[INFO ] 2022-10-24 15:29:33.422 [main] HomePage - Clicked on Start now button
[INFO ] 2022-10-24 15:29:37.871 [main] HomePage - Clicked on Start now button
[INFO ] 2022-10-24 15:29:41.052 [main] HomePage - Buyer clicked on Furniture and Associated Services radio button
[INFO ] 2022-10-24 15:29:44.945 [main] HomePage - Clicked on Continue button
[INFO ] 2022-10-24 15:29:48.012 [main] HomePage - Buyer clicked on Product radio button
[INFO ] 2022-10-24 15:29:51.677 [main] HomePage - Clicked on Continue button
[INFO ] 2022-10-24 15:29:54.731 [main] HomePage - Buyer clicked on Educational Furniture radio button
[INFO ] 2022-10-24 15:29:58.451 [main] HomePage - Clicked on Continue button
[INFO ] 2022-10-24 15:30:01.493 [main] HomePage - Buyer clicked on Higher and Further Education needs and associated services radio button
[INFO ] 2022-10-24 15:30:05.154 [main] HomePage - Clicked on Continue button
[INFO ] 2022-10-24 15:30:08.201 [main] HomePage - Buyer clicked on I need fixed lecture hall seating radio button
[INFO ] 2022-10-24 15:30:12.829 [main] HomePage - Clicked on Continue button
[INFO ] 2022-10-24 15:30:22.103 [main] TestContext - =================RM6119: Furniture & Associated Services - LOT4 execution ends===================
[INFO ] 2022-10-24 15:34:51.869 [main] TestContext - =================RM6119: Furniture & Associated Services - LOT2 execution starts===================
[INFO ] 2022-10-24 15:34:51.874 [main] BrowserFactory - Opening CHROMEbrowser
[INFO ] 2022-10-24 15:34:55.864 [main] TestContext - Successfully lunched the chrome browser
[INFO ] 2022-10-24 15:34:55.866 [main] TestContext - base.url:https://webuat.crowncommercial.gov.uk/
[INFO ] 2022-10-24 15:35:04.151 [main] BrowserFactory - https://webuat.crowncommercial.gov.uk/ is launched
[INFO ] 2022-10-24 15:35:14.478 [main] HomePage - Clicked on Start now button
[INFO ] 2022-10-24 15:35:18.925 [main] HomePage - Clicked on Start now button
[INFO ] 2022-10-24 15:35:22.117 [main] HomePage - Buyer clicked on Furniture and Associated Services radio button
[INFO ] 2022-10-24 15:35:25.925 [main] HomePage - Clicked on Continue button
[INFO ] 2022-10-24 15:35:28.992 [main] HomePage - Buyer clicked on Product radio button
[INFO ] 2022-10-24 15:35:32.772 [main] HomePage - Clicked on Continue button
[INFO ] 2022-10-24 15:35:36.711 [main] HomePage - Buyer clicked on Residential Furniture radio button
[INFO ] 2022-10-24 15:35:41.448 [main] HomePage - Clicked on Continue button
[INFO ] 2022-10-24 15:35:44.747 [main] TestContext - =================RM6119: Furniture & Associated Services - LOT2 execution ends===================
[INFO ] 2022-10-24 15:35:44.921 [main] TestContext - =================RM6119: Furniture & Associated Services - LOT4 execution starts===================
[INFO ] 2022-10-24 15:35:44.922 [main] BrowserFactory - Opening CHROMEbrowser
[INFO ] 2022-10-24 15:35:48.734 [main] TestContext - Successfully lunched the chrome browser
[INFO ] 2022-10-24 15:35:48.734 [main] TestContext - base.url:https://webuat.crowncommercial.gov.uk/
[INFO ] 2022-10-24 15:35:54.214 [main] BrowserFactory - https://webuat.crowncommercial.gov.uk/ is launched
[INFO ] 2022-10-24 15:36:04.644 [main] HomePage - Clicked on Start now button
[INFO ] 2022-10-24 15:36:09.206 [main] HomePage - Clicked on Start now button
[INFO ] 2022-10-24 15:36:12.389 [main] HomePage - Buyer clicked on Furniture and Associated Services radio button
[INFO ] 2022-10-24 15:36:16.481 [main] HomePage - Clicked on Continue button
[INFO ] 2022-10-24 15:36:19.545 [main] HomePage - Buyer clicked on Product radio button
[INFO ] 2022-10-24 15:36:23.213 [main] HomePage - Clicked on Continue button
[INFO ] 2022-10-24 15:36:26.260 [main] HomePage - Buyer clicked on Educational Furniture radio button
[INFO ] 2022-10-24 15:36:29.838 [main] HomePage - Clicked on Continue button
[INFO ] 2022-10-24 15:36:32.883 [main] HomePage - Buyer clicked on Higher and Further Education needs and associated services radio button
[INFO ] 2022-10-24 15:36:36.430 [main] HomePage - Clicked on Continue button
[INFO ] 2022-10-24 15:36:39.478 [main] HomePage - Buyer clicked on I need fixed lecture hall seating radio button
[INFO ] 2022-10-24 15:36:44.106 [main] HomePage - Clicked on Continue button
[INFO ] 2022-10-24 15:36:47.732 [main] TestContext - =================RM6119: Furniture & Associated Services - LOT4 execution ends===================
[INFO ] 2022-10-24 15:36:47.880 [main] TestContext - =================RM6119: Furniture & Associated Services - LOT4 execution starts===================
[INFO ] 2022-10-24 15:36:47.881 [main] BrowserFactory - Opening CHROMEbrowser
[INFO ] 2022-10-24 15:36:53.780 [main] TestContext - Successfully lunched the chrome browser
[INFO ] 2022-10-24 15:36:53.780 [main] TestContext - base.url:https://webuat.crowncommercial.gov.uk/
[INFO ] 2022-10-24 15:36:58.450 [main] BrowserFactory - https://webuat.crowncommercial.gov.uk/ is launched
[INFO ] 2022-10-24 15:37:08.844 [main] HomePage - Clicked on Start now button
[INFO ] 2022-10-24 15:37:13.218 [main] HomePage - Clicked on Start now button
[INFO ] 2022-10-24 15:37:16.394 [main] HomePage - Buyer clicked on Furniture and Associated Services radio button
[INFO ] 2022-10-24 15:37:20.147 [main] HomePage - Clicked on Continue button
[INFO ] 2022-10-24 15:37:23.204 [main] HomePage - Buyer clicked on Product radio button
[INFO ] 2022-10-24 15:37:27.278 [main] HomePage - Clicked on Continue button
[INFO ] 2022-10-24 15:37:30.328 [main] HomePage - Buyer clicked on Educational Furniture radio button
[INFO ] 2022-10-24 15:37:33.941 [main] HomePage - Clicked on Continue button
[INFO ] 2022-10-24 15:37:36.972 [main] HomePage - Buyer clicked on Higher and Further Education needs and associated services radio button
[INFO ] 2022-10-24 15:37:40.576 [main] HomePage - Clicked on Continue button
[INFO ] 2022-10-24 15:37:43.622 [main] HomePage - Buyer clicked on I need fixed lecture hall seating radio button
[INFO ] 2022-10-24 15:37:48.003 [main] HomePage - Clicked on Continue button
[INFO ] 2022-10-24 15:37:51.586 [main] TestContext - =================RM6119: Furniture & Associated Services - LOT4 execution ends===================
[INFO ] 2022-10-24 15:37:51.739 [main] TestContext - =================RM6119: Furniture & Associated Services - LOT7 execution starts===================
[INFO ] 2022-10-24 15:37:51.741 [main] BrowserFactory - Opening CHROMEbrowser
[INFO ] 2022-10-24 15:37:58.165 [main] TestContext - Successfully lunched the chrome browser
[INFO ] 2022-10-24 15:37:58.165 [main] TestContext - base.url:https://webuat.crowncommercial.gov.uk/
[INFO ] 2022-10-24 15:38:02.790 [main] BrowserFactory - https://webuat.crowncommercial.gov.uk/ is launched
[INFO ] 2022-10-24 15:38:13.048 [main] HomePage - Clicked on Start now button
[INFO ] 2022-10-24 15:38:17.332 [main] HomePage - Clicked on Start now button
[INFO ] 2022-10-24 15:38:20.512 [main] HomePage - Buyer clicked on Furniture and Associated Services radio button
[INFO ] 2022-10-24 15:38:24.319 [main] HomePage - Clicked on Continue button
[INFO ] 2022-10-24 15:38:27.384 [main] HomePage - Buyer clicked on Repair and renovation service radio button
[INFO ] 2022-10-24 15:38:32.299 [main] HomePage - Clicked on Continue button
[INFO ] 2022-10-24 15:38:34.843 [main] GMResultPage - The <What product do you need?> was not found in the question list
[INFO ] 2022-10-24 15:38:40.285 [main] TestContext - =================RM6119: Furniture & Associated Services - LOT7 execution ends===================
[INFO ] 2022-10-24 15:41:10.579 [main] TestContext - =================RM6119: Furniture & Associated Services - LOT2 execution starts===================
[INFO ] 2022-10-24 15:41:10.583 [main] BrowserFactory - Opening CHROMEbrowser
[INFO ] 2022-10-24 15:41:17.644 [main] TestContext - Successfully lunched the chrome browser
[INFO ] 2022-10-24 15:41:17.651 [main] TestContext - base.url:https://webuat.crowncommercial.gov.uk/
[INFO ] 2022-10-24 15:41:22.161 [main] BrowserFactory - https://webuat.crowncommercial.gov.uk/ is launched
[INFO ] 2022-10-24 15:41:32.618 [main] HomePage - Clicked on Start now button
[INFO ] 2022-10-24 15:41:37.058 [main] HomePage - Clicked on Start now button
[INFO ] 2022-10-24 15:41:41.256 [main] HomePage - Buyer clicked on Furniture and Associated Services radio button
[INFO ] 2022-10-24 15:41:45.140 [main] HomePage - Clicked on Continue button
[INFO ] 2022-10-24 15:41:48.202 [main] HomePage - Buyer clicked on Product radio button
[INFO ] 2022-10-24 15:41:51.885 [main] HomePage - Clicked on Continue button
[INFO ] 2022-10-24 15:41:54.936 [main] HomePage - Buyer clicked on Residential Furniture radio button
[INFO ] 2022-10-24 15:41:59.545 [main] HomePage - Clicked on Continue button
[INFO ] 2022-10-24 15:42:02.891 [main] TestContext - =================RM6119: Furniture & Associated Services - LOT2 execution ends===================
[INFO ] 2022-10-24 15:42:03.026 [main] TestContext - =================RM6119: Furniture & Associated Services - LOT4 execution starts===================
[INFO ] 2022-10-24 15:42:03.027 [main] BrowserFactory - Opening CHROMEbrowser
[INFO ] 2022-10-24 15:42:06.324 [main] TestContext - Successfully lunched the chrome browser
[INFO ] 2022-10-24 15:42:06.324 [main] TestContext - base.url:https://webuat.crowncommercial.gov.uk/
[INFO ] 2022-10-24 15:42:15.235 [main] BrowserFactory - https://webuat.crowncommercial.gov.uk/ is launched
[INFO ] 2022-10-24 15:42:25.375 [main] HomePage - Clicked on Start now button
[INFO ] 2022-10-24 15:42:29.750 [main] HomePage - Clicked on Start now button
[INFO ] 2022-10-24 15:42:32.941 [main] HomePage - Buyer clicked on Furniture and Associated Services radio button
[INFO ] 2022-10-24 15:42:36.737 [main] HomePage - Clicked on Continue button
[INFO ] 2022-10-24 15:42:39.830 [main] HomePage - Buyer clicked on Product radio button
[INFO ] 2022-10-24 15:42:43.637 [main] HomePage - Clicked on Continue button
[INFO ] 2022-10-24 15:42:46.684 [main] HomePage - Buyer clicked on Educational Furniture radio button
[INFO ] 2022-10-24 15:42:50.295 [main] HomePage - Clicked on Continue button
[INFO ] 2022-10-24 15:42:53.343 [main] HomePage - Buyer clicked on Higher and Further Education needs and associated services radio button
[INFO ] 2022-10-24 15:42:56.909 [main] HomePage - Clicked on Continue button
[INFO ] 2022-10-24 15:42:59.951 [main] HomePage - Buyer clicked on I need fixed lecture hall seating radio button
[INFO ] 2022-10-24 15:43:04.921 [main] HomePage - Clicked on Continue button
[INFO ] 2022-10-24 15:43:08.481 [main] TestContext - =================RM6119: Furniture & Associated Services - LOT4 execution ends===================
[INFO ] 2022-10-24 15:43:08.628 [main] TestContext - =================RM6119: Furniture & Associated Services - LOT7 execution starts===================
[INFO ] 2022-10-24 15:43:08.629 [main] BrowserFactory - Opening CHROMEbrowser
[INFO ] 2022-10-24 15:43:14.851 [main] TestContext - Successfully lunched the chrome browser
[INFO ] 2022-10-24 15:43:14.852 [main] TestContext - base.url:https://webuat.crowncommercial.gov.uk/
[INFO ] 2022-10-24 15:43:19.953 [main] BrowserFactory - https://webuat.crowncommercial.gov.uk/ is launched
[INFO ] 2022-10-24 15:43:30.950 [main] HomePage - Clicked on Start now button
[INFO ] 2022-10-24 15:43:35.537 [main] HomePage - Clicked on Start now button
[INFO ] 2022-10-24 15:43:38.727 [main] HomePage - Buyer clicked on Furniture and Associated Services radio button
[INFO ] 2022-10-24 15:43:42.531 [main] HomePage - Clicked on Continue button
[INFO ] 2022-10-24 15:43:45.603 [main] HomePage - Buyer clicked on Repair and renovation service radio button
[INFO ] 2022-10-24 15:43:49.934 [main] HomePage - Clicked on Continue button
[INFO ] 2022-10-24 15:43:53.717 [main] TestContext - =================RM6119: Furniture & Associated Services - LOT7 execution ends===================
[INFO ] 2022-10-24 16:32:29.228 [main] TestContext - =================RM6119: Furniture & Associated Services - LOT2 execution starts===================
[INFO ] 2022-10-24 16:32:29.232 [main] BrowserFactory - Opening CHROMEbrowser
[INFO ] 2022-10-24 16:33:19.351 [main] TestContext - Successfully lunched the chrome browser
[INFO ] 2022-10-24 16:33:19.354 [main] TestContext - base.url:https://webuat.crowncommercial.gov.uk/
[INFO ] 2022-10-24 16:33:24.619 [main] BrowserFactory - https://webuat.crowncommercial.gov.uk/ is launched
[INFO ] 2022-10-24 16:33:36.052 [main] HomePage - Clicked on Start now button
[INFO ] 2022-10-24 16:33:40.345 [main] HomePage - Clicked on Start now button
[INFO ] 2022-10-24 16:33:43.556 [main] HomePage - Buyer clicked on Furniture and Associated Services radio button
[INFO ] 2022-10-24 16:33:47.855 [main] HomePage - Clicked on Continue button
[INFO ] 2022-10-24 16:33:50.942 [main] HomePage - Buyer clicked on Product radio button
[INFO ] 2022-10-24 16:33:54.969 [main] HomePage - Clicked on Continue button
[INFO ] 2022-10-24 16:33:58.000 [main] HomePage - Buyer clicked on Residential Furniture radio button
[INFO ] 2022-10-24 16:34:02.765 [main] HomePage - Clicked on Continue button
[INFO ] 2022-10-24 16:34:05.966 [main] TestContext - =================RM6119: Furniture & Associated Services - LOT2 execution ends===================
[INFO ] 2022-10-24 16:34:06.279 [main] TestContext - =================RM6119: Furniture & Associated Services - LOT4 execution starts===================
[INFO ] 2022-10-24 16:34:06.281 [main] BrowserFactory - Opening CHROMEbrowser
[INFO ] 2022-10-24 16:34:11.664 [main] TestContext - Successfully lunched the chrome browser
[INFO ] 2022-10-24 16:34:11.665 [main] TestContext - base.url:https://webuat.crowncommercial.gov.uk/
[INFO ] 2022-10-24 16:34:21.146 [main] BrowserFactory - https://webuat.crowncommercial.gov.uk/ is launched
[INFO ] 2022-10-24 16:34:31.236 [main] HomePage - Clicked on Start now button
[INFO ] 2022-10-24 16:34:35.722 [main] HomePage - Clicked on Start now button
[INFO ] 2022-10-24 16:34:38.929 [main] HomePage - Buyer clicked on Furniture and Associated Services radio button
[INFO ] 2022-10-24 16:34:42.722 [main] HomePage - Clicked on Continue button
[INFO ] 2022-10-24 16:34:45.784 [main] HomePage - Buyer clicked on Product radio button
[INFO ] 2022-10-24 16:34:49.475 [main] HomePage - Clicked on Continue button
[INFO ] 2022-10-24 16:34:52.614 [main] HomePage - Buyer clicked on Educational Furniture radio button
[INFO ] 2022-10-24 16:34:56.398 [main] HomePage - Clicked on Continue button
[INFO ] 2022-10-24 16:34:59.461 [main] HomePage - Buyer clicked on Higher and Further Education needs and associated services radio button
[INFO ] 2022-10-24 16:35:03.169 [main] HomePage - Clicked on Continue button
[INFO ] 2022-10-24 16:35:06.211 [main] HomePage - Buyer clicked on I need fixed lecture hall seating radio button
[INFO ] 2022-10-24 16:35:10.721 [main] HomePage - Clicked on Continue button
[INFO ] 2022-10-24 16:35:14.215 [main] TestContext - =================RM6119: Furniture & Associated Services - LOT4 execution ends===================
[INFO ] 2022-10-24 16:35:14.375 [main] TestContext - =================RM6119: Furniture & Associated Services - LOT7 execution starts===================
[INFO ] 2022-10-24 16:35:14.376 [main] BrowserFactory - Opening CHROMEbrowser
[INFO ] 2022-10-24 16:35:19.258 [main] TestContext - Successfully lunched the chrome browser
[INFO ] 2022-10-24 16:35:19.259 [main] TestContext - base.url:https://webuat.crowncommercial.gov.uk/
[INFO ] 2022-10-24 16:35:24.540 [main] BrowserFactory - https://webuat.crowncommercial.gov.uk/ is launched
[INFO ] 2022-10-24 16:35:35.143 [main] HomePage - Clicked on Start now button
[INFO ] 2022-10-24 16:35:39.506 [main] HomePage - Clicked on Start now button
[INFO ] 2022-10-24 16:35:42.676 [main] HomePage - Buyer clicked on Furniture and Associated Services radio button
[INFO ] 2022-10-24 16:35:46.466 [main] HomePage - Clicked on Continue button
[INFO ] 2022-10-24 16:35:49.528 [main] HomePage - Buyer clicked on Repair and renovation service radio button
[INFO ] 2022-10-24 16:35:54.163 [main] HomePage - Clicked on Continue button
[INFO ] 2022-10-24 16:35:57.195 [main] TestContext - =================RM6119: Furniture & Associated Services - LOT7 execution ends===================
