[INFO ] 2023-03-22 14:04:29.053 [main] TestContext - =================RM6102:Apprenticeship Training execution starts===================
[INFO ] 2023-03-22 14:04:29.067 [main] BrowserFactory - Opening CHROMEbrowser
[INFO ] 2023-03-22 14:05:56.565 [main] TestContext - =================RM6102:Apprenticeship Training execution starts===================
[INFO ] 2023-03-22 14:05:56.570 [main] BrowserFactory - Opening CHROMEbrowser
[INFO ] 2023-03-22 14:14:54.555 [main] TestContext - =================RM6102:Apprenticeship Training execution starts===================
[INFO ] 2023-03-22 14:14:54.559 [main] BrowserFactory - Opening CHROMEbrowser
[INFO ] 2023-03-22 14:15:26.165 [main] TestContext - =================RM6145:Learning And Development-Lot6 execution starts===================
[INFO ] 2023-03-22 14:15:26.212 [main] BrowserFactory - Opening CHROMEbrowser
[INFO ] 2023-03-22 14:15:36.689 [main] TestContext - =================RM6219:Learning And Development execution starts===================
[INFO ] 2023-03-22 14:15:36.692 [main] BrowserFactory - Opening CHROMEbrowser
[INFO ] 2023-03-22 14:15:44.224 [main] TestContext - Successfully lunched the chrome browser
[INFO ] 2023-03-22 14:15:44.226 [main] TestContext - base.url:https://webuat.crowncommercial.gov.uk/
[INFO ] 2023-03-22 14:15:53.750 [main] BrowserFactory - https://webuat.crowncommercial.gov.uk/ is launched
[INFO ] 2023-03-22 14:16:07.939 [main] HomePage - Clicked on Start now button
[INFO ] 2023-03-22 14:16:11.913 [main] HomePage - Clicked on Start now button
[INFO ] 2023-03-22 14:16:14.333 [main] HomePage - Buyer clicked on Learning & Development radio button
[INFO ] 2023-03-22 14:16:17.437 [main] HomePage - Clicked on Continue button
[INFO ] 2023-03-22 14:16:19.547 [main] HomePage - Buyer clicked on Learning and Development radio button
[INFO ] 2023-03-22 14:16:22.098 [main] HomePage - Clicked on Continue button
[INFO ] 2023-03-22 14:16:25.296 [main] HomePage - Buyer clicked on No radio button
[INFO ] 2023-03-22 14:16:28.336 [main] HomePage - Clicked on Continue button
[INFO ] 2023-03-22 14:16:31.893 [main] TestContext - =================RM6219:Learning And Development execution ends===================
[INFO ] 2023-03-22 14:16:32.121 [main] TestContext - =================RM6133: Employee Benefits execution starts===================
[INFO ] 2023-03-22 14:16:32.123 [main] BrowserFactory - Opening CHROMEbrowser
[INFO ] 2023-03-22 14:16:38.803 [main] TestContext - Successfully lunched the chrome browser
[INFO ] 2023-03-22 14:16:38.803 [main] TestContext - base.url:https://webuat.crowncommercial.gov.uk/
[INFO ] 2023-03-22 14:16:49.206 [main] BrowserFactory - https://webuat.crowncommercial.gov.uk/ is launched
[INFO ] 2023-03-22 14:17:03.422 [main] HomePage - Clicked on Start now button
[INFO ] 2023-03-22 14:17:08.107 [main] HomePage - Clicked on Start now button
[INFO ] 2023-03-22 14:17:10.183 [main] HomePage - Buyer clicked on Employee Benefits radio button
[INFO ] 2023-03-22 14:17:12.748 [main] HomePage - Clicked on Continue button
[INFO ] 2023-03-22 14:17:14.810 [main] HomePage - Buyer clicked on Child care voucher scheme radio button
[INFO ] 2023-03-22 14:17:18.039 [main] HomePage - Clicked on Continue button
[INFO ] 2023-03-22 14:17:21.455 [main] TestContext - =================RM6133: Employee Benefits execution ends===================
[INFO ] 2023-03-22 14:17:21.708 [main] TestContext - =================RM6133: Employee Benefits execution starts===================
[INFO ] 2023-03-22 14:17:21.710 [main] BrowserFactory - Opening CHROMEbrowser
[INFO ] 2023-03-22 14:17:27.642 [main] TestContext - Successfully lunched the chrome browser
[INFO ] 2023-03-22 14:17:27.643 [main] TestContext - base.url:https://webuat.crowncommercial.gov.uk/
[INFO ] 2023-03-22 14:17:34.824 [main] BrowserFactory - https://webuat.crowncommercial.gov.uk/ is launched
[INFO ] 2023-03-22 14:17:48.953 [main] HomePage - Clicked on Start now button
[INFO ] 2023-03-22 14:17:51.899 [main] HomePage - Clicked on Start now button
[INFO ] 2023-03-22 14:17:54.020 [main] HomePage - Buyer clicked on Employee Benefits radio button
[INFO ] 2023-03-22 14:17:57.648 [main] HomePage - Clicked on Continue button
[INFO ] 2023-03-22 14:17:59.716 [main] HomePage - Buyer clicked on Employee financial wellbeing scheme radio button
[INFO ] 2023-03-22 14:18:02.825 [main] HomePage - Clicked on Continue button
[INFO ] 2023-03-22 14:18:06.278 [main] TestContext - =================RM6133: Employee Benefits execution ends===================
[INFO ] 2023-03-22 14:18:06.431 [main] TestContext - =================RM6174: MFD - LOT1 execution starts===================
[INFO ] 2023-03-22 14:18:06.448 [main] BrowserFactory - Opening CHROMEbrowser
[INFO ] 2023-03-22 14:18:12.551 [main] TestContext - Successfully lunched the chrome browser
[INFO ] 2023-03-22 14:18:12.553 [main] TestContext - base.url:https://webuat.crowncommercial.gov.uk/
[INFO ] 2023-03-22 14:18:22.088 [main] BrowserFactory - https://webuat.crowncommercial.gov.uk/ is launched
[INFO ] 2023-03-22 14:18:36.017 [main] HomePage - Clicked on Start now button
[INFO ] 2023-03-22 14:18:40.107 [main] HomePage - Clicked on Start now button
[INFO ] 2023-03-22 14:18:42.254 [main] HomePage - Buyer clicked on Print and Digital radio button
[INFO ] 2023-03-22 14:18:44.758 [main] HomePage - Clicked on Continue button
[INFO ] 2023-03-22 14:18:46.810 [main] HomePage - Buyer clicked on Multifunctional devices (MFDs) and basic print management software radio button
[INFO ] 2023-03-22 14:18:50.460 [main] HomePage - Clicked on Continue button
[INFO ] 2023-03-22 14:18:53.738 [main] TestContext - =================RM6174: MFD - LOT1 execution ends===================
[INFO ] 2023-03-22 14:18:53.893 [main] TestContext - =================RM6174: MFD - LOT4 execution starts===================
[INFO ] 2023-03-22 14:18:53.894 [main] BrowserFactory - Opening CHROMEbrowser
[INFO ] 2023-03-22 14:18:59.346 [main] TestContext - Successfully lunched the chrome browser
[INFO ] 2023-03-22 14:18:59.346 [main] TestContext - base.url:https://webuat.crowncommercial.gov.uk/
[INFO ] 2023-03-22 14:19:08.361 [main] BrowserFactory - https://webuat.crowncommercial.gov.uk/ is launched
[INFO ] 2023-03-22 14:19:22.157 [main] HomePage - Clicked on Start now button
[INFO ] 2023-03-22 14:19:26.234 [main] HomePage - Clicked on Start now button
[INFO ] 2023-03-22 14:19:28.399 [main] HomePage - Buyer clicked on Print and Digital radio button
[INFO ] 2023-03-22 14:19:31.125 [main] HomePage - Clicked on Continue button
[INFO ] 2023-03-22 14:19:33.181 [main] HomePage - Buyer clicked on Print consultancy radio button
[INFO ] 2023-03-22 14:19:37.223 [main] HomePage - Clicked on Continue button
[INFO ] 2023-03-22 14:19:40.368 [main] TestContext - =================RM6174: MFD - LOT4 execution ends===================
[INFO ] 2023-03-22 14:21:47.744 [main] TestContext - =================RM6102:Apprenticeship Training execution starts===================
[INFO ] 2023-03-22 14:21:47.757 [main] BrowserFactory - Opening CHROMEbrowser
[INFO ] 2023-03-22 14:21:54.865 [main] TestContext - Successfully lunched the chrome browser
[INFO ] 2023-03-22 14:21:54.869 [main] TestContext - base.url:https://webuat.crowncommercial.gov.uk/
[INFO ] 2023-03-22 14:22:05.235 [main] BrowserFactory - https://webuat.crowncommercial.gov.uk/ is launched
[INFO ] 2023-03-22 14:22:19.141 [main] HomePage - Clicked on Start now button
[INFO ] 2023-03-22 14:22:23.129 [main] HomePage - Clicked on Start now button
[INFO ] 2023-03-22 14:22:25.308 [main] HomePage - Buyer clicked on Apprenticeship Training radio button
[INFO ] 2023-03-22 14:22:27.899 [main] HomePage - Clicked on Continue button
[INFO ] 2023-03-22 14:22:29.961 [main] HomePage - Buyer clicked on Learning and training services radio button
[INFO ] 2023-03-22 14:22:33.212 [main] HomePage - Clicked on Continue button
[INFO ] 2023-03-22 14:22:34.219 [main] TestContext - =================RM6102:Apprenticeship Training execution ends===================
[INFO ] 2023-03-22 14:22:34.354 [main] TestContext - =================RM6145:Learning And Development-Lot6 execution starts===================
[INFO ] 2023-03-22 14:22:34.356 [main] BrowserFactory - Opening CHROMEbrowser
[INFO ] 2023-03-22 14:22:40.251 [main] TestContext - Successfully lunched the chrome browser
[INFO ] 2023-03-22 14:22:40.252 [main] TestContext - base.url:https://webuat.crowncommercial.gov.uk/
[INFO ] 2023-03-22 14:22:47.514 [main] BrowserFactory - https://webuat.crowncommercial.gov.uk/ is launched
[INFO ] 2023-03-22 14:23:01.634 [main] HomePage - Clicked on Start now button
[INFO ] 2023-03-22 14:23:05.269 [main] HomePage - Clicked on Start now button
[INFO ] 2023-03-22 14:23:07.536 [main] HomePage - Buyer clicked on Learning & Development radio button
[INFO ] 2023-03-22 14:23:10.136 [main] HomePage - Clicked on Continue button
[INFO ] 2023-03-22 14:23:12.195 [main] HomePage - Buyer clicked on Learning and Development radio button
[INFO ] 2023-03-22 14:23:14.693 [main] HomePage - Clicked on Continue button
[INFO ] 2023-03-22 14:23:16.732 [main] HomePage - Buyer clicked on Yes radio button
[INFO ] 2023-03-22 14:23:20.146 [main] HomePage - Clicked on Continue button
[INFO ] 2023-03-22 14:23:22.208 [main] HomePage - Buyer clicked on Learning Design and Delivery and Subject Matter Expertise and Coaching radio button
[INFO ] 2023-03-22 14:23:25.558 [main] HomePage - Clicked on Continue button
[INFO ] 2023-03-22 14:23:29.806 [main] TestContext - =================RM6145:Learning And Development-Lot6 execution ends===================
[INFO ] 2023-03-22 14:23:30.043 [main] TestContext - =================RM6219:Learning And Development execution starts===================
[INFO ] 2023-03-22 14:23:30.045 [main] BrowserFactory - Opening CHROMEbrowser
[INFO ] 2023-03-22 14:23:35.152 [main] TestContext - Successfully lunched the chrome browser
[INFO ] 2023-03-22 14:23:35.165 [main] TestContext - base.url:https://webuat.crowncommercial.gov.uk/
[INFO ] 2023-03-22 14:23:45.021 [main] BrowserFactory - https://webuat.crowncommercial.gov.uk/ is launched
[INFO ] 2023-03-22 14:23:59.023 [main] HomePage - Clicked on Start now button
[INFO ] 2023-03-22 14:24:03.062 [main] HomePage - Clicked on Start now button
[INFO ] 2023-03-22 14:24:05.273 [main] HomePage - Buyer clicked on Learning & Development radio button
[INFO ] 2023-03-22 14:24:08.063 [main] HomePage - Clicked on Continue button
[INFO ] 2023-03-22 14:24:10.120 [main] HomePage - Buyer clicked on Learning and Development radio button
[INFO ] 2023-03-22 14:24:12.867 [main] HomePage - Clicked on Continue button
[INFO ] 2023-03-22 14:24:14.907 [main] HomePage - Buyer clicked on No radio button
[INFO ] 2023-03-22 14:24:17.968 [main] HomePage - Clicked on Continue button
[INFO ] 2023-03-22 14:24:21.510 [main] TestContext - =================RM6219:Learning And Development execution ends===================
[INFO ] 2023-03-22 14:24:21.691 [main] TestContext - =================RM6157: Building Materials - LOT9 execution starts===================
[INFO ] 2023-03-22 14:24:21.692 [main] BrowserFactory - Opening CHROMEbrowser
[INFO ] 2023-03-22 14:24:28.073 [main] TestContext - Successfully lunched the chrome browser
[INFO ] 2023-03-22 14:24:28.074 [main] TestContext - base.url:https://webuat.crowncommercial.gov.uk/
[INFO ] 2023-03-22 14:24:37.963 [main] BrowserFactory - https://webuat.crowncommercial.gov.uk/ is launched
[INFO ] 2023-03-22 14:24:51.775 [main] HomePage - Clicked on Start now button
[INFO ] 2023-03-22 14:24:55.748 [main] HomePage - Clicked on Start now button
[INFO ] 2023-03-22 14:24:57.897 [main] HomePage - Buyer clicked on Building Materials and Equipment radio button
[INFO ] 2023-03-22 14:25:00.744 [main] HomePage - Clicked on Continue button
[INFO ] 2023-03-22 14:25:02.797 [main] HomePage - Buyer clicked on Building and Construction tools & Equipment radio button
[INFO ] 2023-03-22 14:25:05.360 [main] HomePage - Clicked on Continue button
[INFO ] 2023-03-22 14:25:07.401 [main] HomePage - Buyer clicked on Hire radio button
[INFO ] 2023-03-22 14:25:12.010 [main] HomePage - Clicked on Continue button
[INFO ] 2023-03-22 14:25:16.053 [main] TestContext - =================RM6157: Building Materials - LOT9 execution ends===================
[INFO ] 2023-03-22 14:25:16.268 [main] TestContext - =================RM6133: Employee Benefits execution starts===================
[INFO ] 2023-03-22 14:25:16.270 [main] BrowserFactory - Opening CHROMEbrowser
[INFO ] 2023-03-22 14:25:21.869 [main] TestContext - Successfully lunched the chrome browser
[INFO ] 2023-03-22 14:25:21.870 [main] TestContext - base.url:https://webuat.crowncommercial.gov.uk/
[INFO ] 2023-03-22 14:25:33.371 [main] BrowserFactory - https://webuat.crowncommercial.gov.uk/ is launched
[INFO ] 2023-03-22 14:25:47.751 [main] HomePage - Clicked on Start now button
[INFO ] 2023-03-22 14:25:50.896 [main] HomePage - Clicked on Start now button
[INFO ] 2023-03-22 14:25:53.076 [main] HomePage - Buyer clicked on Employee Benefits radio button
[INFO ] 2023-03-22 14:25:55.713 [main] HomePage - Clicked on Continue button
[INFO ] 2023-03-22 14:25:57.791 [main] HomePage - Buyer clicked on Child care voucher scheme radio button
[INFO ] 2023-03-22 14:26:01.001 [main] HomePage - Clicked on Continue button
[INFO ] 2023-03-22 14:26:04.004 [main] TestContext - =================RM6133: Employee Benefits execution ends===================
[INFO ] 2023-03-22 14:26:04.348 [main] TestContext - =================RM6133: Employee Benefits execution starts===================
[INFO ] 2023-03-22 14:26:04.350 [main] BrowserFactory - Opening CHROMEbrowser
[INFO ] 2023-03-22 14:26:10.162 [main] TestContext - Successfully lunched the chrome browser
[INFO ] 2023-03-22 14:26:10.163 [main] TestContext - base.url:https://webuat.crowncommercial.gov.uk/
[INFO ] 2023-03-22 14:26:20.438 [main] BrowserFactory - https://webuat.crowncommercial.gov.uk/ is launched
[INFO ] 2023-03-22 14:26:34.253 [main] HomePage - Clicked on Start now button
[INFO ] 2023-03-22 14:26:38.053 [main] HomePage - Clicked on Start now button
[INFO ] 2023-03-22 14:26:40.542 [main] HomePage - Buyer clicked on Employee Benefits radio button
[INFO ] 2023-03-22 14:26:44.395 [main] HomePage - Clicked on Continue button
[INFO ] 2023-03-22 14:26:46.464 [main] HomePage - Buyer clicked on Employee financial wellbeing scheme radio button
[INFO ] 2023-03-22 14:26:49.624 [main] HomePage - Clicked on Continue button
[INFO ] 2023-03-22 14:26:52.742 [main] TestContext - =================RM6133: Employee Benefits execution ends===================
[INFO ] 2023-03-22 14:26:52.886 [main] TestContext - =================RM6141:  Language Services-Lot5 execution starts===================
[INFO ] 2023-03-22 14:26:52.888 [main] BrowserFactory - Opening CHROMEbrowser
[INFO ] 2023-03-22 14:26:57.988 [main] TestContext - Successfully lunched the chrome browser
[INFO ] 2023-03-22 14:26:57.989 [main] TestContext - base.url:https://webuat.crowncommercial.gov.uk/
[INFO ] 2023-03-22 14:27:07.391 [main] BrowserFactory - https://webuat.crowncommercial.gov.uk/ is launched
[INFO ] 2023-03-22 14:27:21.485 [main] HomePage - Clicked on Start now button
[INFO ] 2023-03-22 14:27:25.642 [main] HomePage - Clicked on Start now button
[INFO ] 2023-03-22 14:27:27.815 [main] HomePage - Buyer clicked on Language Services radio button
[INFO ] 2023-03-22 14:27:30.291 [main] HomePage - Clicked on Continue button
[INFO ] 2023-03-22 14:27:32.362 [main] HomePage - Buyer clicked on Internationally radio button
[INFO ] 2023-03-22 14:27:35.800 [main] HomePage - Clicked on Continue button
[INFO ] 2023-03-22 14:27:38.927 [main] TestContext - =================RM6141:  Language Services-Lot5 execution ends===================
[INFO ] 2023-03-22 14:27:39.119 [main] TestContext - =================RM6174: MFD - LOT1 execution starts===================
[INFO ] 2023-03-22 14:27:39.120 [main] BrowserFactory - Opening CHROMEbrowser
[INFO ] 2023-03-22 14:27:44.915 [main] TestContext - Successfully lunched the chrome browser
[INFO ] 2023-03-22 14:27:44.916 [main] TestContext - base.url:https://webuat.crowncommercial.gov.uk/
[INFO ] 2023-03-22 14:27:55.329 [main] BrowserFactory - https://webuat.crowncommercial.gov.uk/ is launched
[INFO ] 2023-03-22 14:28:08.974 [main] HomePage - Clicked on Start now button
[INFO ] 2023-03-22 14:28:11.815 [main] HomePage - Clicked on Start now button
[INFO ] 2023-03-22 14:28:13.982 [main] HomePage - Buyer clicked on Print and Digital radio button
[INFO ] 2023-03-22 14:28:17.377 [main] HomePage - Clicked on Continue button
[INFO ] 2023-03-22 14:28:19.442 [main] HomePage - Buyer clicked on Multifunctional devices (MFDs) and basic print management software radio button
[INFO ] 2023-03-22 14:28:23.033 [main] HomePage - Clicked on Continue button
[INFO ] 2023-03-22 14:28:26.723 [main] TestContext - =================RM6174: MFD - LOT1 execution ends===================
[INFO ] 2023-03-22 14:28:26.933 [main] TestContext - =================RM6174: MFD - LOT4 execution starts===================
[INFO ] 2023-03-22 14:28:26.934 [main] BrowserFactory - Opening CHROMEbrowser
[INFO ] 2023-03-22 14:28:32.141 [main] TestContext - Successfully lunched the chrome browser
[INFO ] 2023-03-22 14:28:32.141 [main] TestContext - base.url:https://webuat.crowncommercial.gov.uk/
[INFO ] 2023-03-22 14:28:42.362 [main] BrowserFactory - https://webuat.crowncommercial.gov.uk/ is launched
[INFO ] 2023-03-22 14:28:56.144 [main] HomePage - Clicked on Start now button
[INFO ] 2023-03-22 14:28:59.431 [main] HomePage - Clicked on Start now button
[INFO ] 2023-03-22 14:29:01.738 [main] HomePage - Buyer clicked on Print and Digital radio button
[INFO ] 2023-03-22 14:29:04.458 [main] HomePage - Clicked on Continue button
[INFO ] 2023-03-22 14:29:06.525 [main] HomePage - Buyer clicked on Print consultancy radio button
[INFO ] 2023-03-22 14:29:10.105 [main] HomePage - Clicked on Continue button
[INFO ] 2023-03-22 14:29:13.493 [main] TestContext - =================RM6174: MFD - LOT4 execution ends===================
