[INFO ] 2022-11-01 14:44:15.047 [main] TestContext - =================To verify Buyer has provided with different recommendations "<recommServices>", service details "<details>" on GM results page after initiating GM journey for framework "housing" and after answering different set of question as sector looking for "<sector>", selects Service area as "<serviceArea>" during the journey execution starts===================
[INFO ] 2022-11-01 14:44:15.064 [main] BrowserFactory - Opening CHROMEbrowser
[INFO ] 2022-11-01 15:38:08.572 [main] TestContext - =================To verify Buyer has provided with different recommendations "<recommServices>", service details "<details>" on GM results page after initiating GM journey for framework "asbestos" and after answering different set of question as sector looking for "<sector>", selects Service area as "<serviceArea>" during the journey execution starts===================
[INFO ] 2022-11-01 15:38:08.577 [main] BrowserFactory - Opening CHROMEbrowser
[INFO ] 2022-11-01 15:39:27.244 [main] TestContext - Successfully lunched the chrome browser
[INFO ] 2022-11-01 15:39:27.247 [main] TestContext - base.url:https://webuat.crowncommercial.gov.uk/
[INFO ] 2022-11-01 15:39:38.455 [main] BrowserFactory - https://webuat.crowncommercial.gov.uk/ is launched
[INFO ] 2022-11-01 15:39:48.120 [main] HomePage - Clicked on Start now button
[INFO ] 2022-11-01 15:39:51.563 [main] HomePage - Clicked on Start now button
[INFO ] 2022-11-01 15:39:56.855 [main] TestContext - =================To verify Buyer has provided with different recommendations "<recommServices>", service details "<details>" on GM results page after initiating GM journey for framework "asbestos" and after answering different set of question as sector looking for "<sector>", selects Service area as "<serviceArea>" during the journey execution ends===================
[INFO ] 2022-11-01 15:46:32.351 [main] TestContext - =================To verify Buyer has provided with different recommendations "<recommServices>", service details "<details>" on GM results page after initiating GM journey for framework "housing" and after answering different set of question as sector looking for "<sector>", selects Service area as "<serviceArea>" during the journey execution starts===================
[INFO ] 2022-11-01 15:46:32.356 [main] BrowserFactory - Opening CHROMEbrowser
[INFO ] 2022-11-01 15:46:41.637 [main] TestContext - Successfully lunched the chrome browser
[INFO ] 2022-11-01 15:46:41.638 [main] TestContext - base.url:https://webuat.crowncommercial.gov.uk/
[INFO ] 2022-11-01 15:46:51.080 [main] BrowserFactory - https://webuat.crowncommercial.gov.uk/ is launched
[INFO ] 2022-11-01 15:47:01.478 [main] HomePage - Clicked on Start now button
[INFO ] 2022-11-01 15:47:05.083 [main] HomePage - Clicked on Start now button
[INFO ] 2022-11-01 15:47:07.150 [main] HomePage - Buyer clicked on Housing radio button
[INFO ] 2022-11-01 15:47:10.118 [main] HomePage - Clicked on Continue button
[INFO ] 2022-11-01 15:47:12.165 [main] HomePage - Buyer clicked on Estate services radio button
[INFO ] 2022-11-01 15:47:15.124 [main] HomePage - Clicked on Continue button
[INFO ] 2022-11-01 15:47:17.254 [main] GMResultPage - User is on guided match search results with request for more information
[INFO ] 2022-11-01 15:47:20.606 [main] TestContext - =================To verify Buyer has provided with different recommendations "<recommServices>", service details "<details>" on GM results page after initiating GM journey for framework "housing" and after answering different set of question as sector looking for "<sector>", selects Service area as "<serviceArea>" during the journey execution ends===================
[INFO ] 2022-11-01 15:49:17.606 [main] TestContext - =================To verify Buyer has provided with different recommendations "<recommServices>", service details "<details>" on GM results page after initiating GM journey for framework "housing" and after answering different set of question as sector looking for "<sector>", selects Service area as "<serviceArea>" during the journey execution starts===================
[INFO ] 2022-11-01 15:49:17.611 [main] BrowserFactory - Opening CHROMEbrowser
[INFO ] 2022-11-01 15:49:26.758 [main] TestContext - Successfully lunched the chrome browser
[INFO ] 2022-11-01 15:49:26.759 [main] TestContext - base.url:https://webuat.crowncommercial.gov.uk/
[INFO ] 2022-11-01 15:49:32.345 [main] BrowserFactory - https://webuat.crowncommercial.gov.uk/ is launched
[INFO ] 2022-11-01 15:49:41.856 [main] HomePage - Clicked on Start now button
[INFO ] 2022-11-01 15:49:45.235 [main] HomePage - Clicked on Start now button
[INFO ] 2022-11-01 15:49:47.324 [main] HomePage - Buyer clicked on Housing radio button
[INFO ] 2022-11-01 15:49:50.561 [main] HomePage - Clicked on Continue button
[INFO ] 2022-11-01 15:49:52.591 [main] HomePage - Buyer clicked on Estate services radio button
[INFO ] 2022-11-01 15:49:55.429 [main] HomePage - Clicked on Continue button
[INFO ] 2022-11-01 15:49:57.587 [main] GMResultPage - User is on guided match search results with request for more information
[INFO ] 2022-11-01 15:49:59.212 [main] TestContext - =================To verify Buyer has provided with different recommendations "<recommServices>", service details "<details>" on GM results page after initiating GM journey for framework "housing" and after answering different set of question as sector looking for "<sector>", selects Service area as "<serviceArea>" during the journey execution ends===================
[INFO ] 2022-11-01 15:51:11.248 [main] TestContext - =================To verify Buyer has provided with different recommendations "<recommServices>", service details "<details>" on GM results page after initiating GM journey for framework "housing" and after answering different set of question as sector looking for "<sector>", selects Service area as "<serviceArea>" during the journey execution starts===================
[INFO ] 2022-11-01 15:51:11.253 [main] BrowserFactory - Opening CHROMEbrowser
[INFO ] 2022-11-01 15:51:19.300 [main] TestContext - Successfully lunched the chrome browser
[INFO ] 2022-11-01 15:51:19.301 [main] TestContext - base.url:https://webuat.crowncommercial.gov.uk/
[INFO ] 2022-11-01 15:51:23.844 [main] BrowserFactory - https://webuat.crowncommercial.gov.uk/ is launched
[INFO ] 2022-11-01 15:51:33.634 [main] HomePage - Clicked on Start now button
[INFO ] 2022-11-01 15:51:37.301 [main] HomePage - Clicked on Start now button
[INFO ] 2022-11-01 15:51:39.377 [main] HomePage - Buyer clicked on Housing radio button
[INFO ] 2022-11-01 15:51:42.472 [main] HomePage - Clicked on Continue button
[INFO ] 2022-11-01 15:51:44.515 [main] HomePage - Buyer clicked on Estate services radio button
[INFO ] 2022-11-01 15:51:47.442 [main] HomePage - Clicked on Continue button
[INFO ] 2022-11-01 15:51:49.582 [main] GMResultPage - User is on guided match search results with request for more information
[INFO ] 2022-11-01 15:51:51.242 [main] TestContext - =================To verify Buyer has provided with different recommendations "<recommServices>", service details "<details>" on GM results page after initiating GM journey for framework "housing" and after answering different set of question as sector looking for "<sector>", selects Service area as "<serviceArea>" during the journey execution ends===================
[INFO ] 2022-11-01 15:52:29.787 [main] TestContext - =================To verify Buyer has provided with different recommendations "<recommServices>", service details "fmMarketPlacePhase2" on GM results page after initiating GM journey for framework "housing" and after answering different set of question as sector looking for "Ministry of Defence or defence infrastructure organisation", selects Service area as "<serviceArea>" during the journey execution starts===================
[INFO ] 2022-11-01 15:52:29.792 [main] BrowserFactory - Opening CHROMEbrowser
[INFO ] 2022-11-01 15:52:38.223 [main] TestContext - Successfully lunched the chrome browser
[INFO ] 2022-11-01 15:52:38.224 [main] TestContext - base.url:https://webuat.crowncommercial.gov.uk/
[INFO ] 2022-11-01 15:52:42.840 [main] BrowserFactory - https://webuat.crowncommercial.gov.uk/ is launched
[INFO ] 2022-11-01 15:52:52.464 [main] HomePage - Clicked on Start now button
[INFO ] 2022-11-01 15:52:55.812 [main] HomePage - Clicked on Start now button
[INFO ] 2022-11-01 15:52:57.902 [main] HomePage - Buyer clicked on Housing radio button
[INFO ] 2022-11-01 15:53:01.128 [main] HomePage - Clicked on Continue button
[INFO ] 2022-11-01 15:53:03.170 [main] HomePage - Buyer clicked on Housing maintenance and management radio button
[INFO ] 2022-11-01 15:53:08.121 [main] HomePage - Clicked on Continue button
[INFO ] 2022-11-01 15:53:10.163 [main] HomePage - Buyer clicked on Ministry of Defence or defence infrastructure organisation radio button
[INFO ] 2022-11-01 15:53:14.257 [main] HomePage - Clicked on Continue button
[INFO ] 2022-11-01 15:53:21.590 [main] TestContext - =================To verify Buyer has provided with different recommendations "<recommServices>", service details "fmMarketPlacePhase2" on GM results page after initiating GM journey for framework "housing" and after answering different set of question as sector looking for "Ministry of Defence or defence infrastructure organisation", selects Service area as "<serviceArea>" during the journey execution ends===================
[INFO ] 2022-11-01 15:54:39.997 [main] TestContext - =================To verify Buyer has provided with different recommendations "<recommServices>", service details "fmMarketPlacePhase2" on GM results page after initiating GM journey for framework "housing" and after answering different set of question as sector looking for "Ministry of Defence or defence infrastructure organisation", selects Service area as "<serviceArea>" during the journey execution starts===================
[INFO ] 2022-11-01 15:54:40.001 [main] BrowserFactory - Opening CHROMEbrowser
[INFO ] 2022-11-01 15:54:48.569 [main] TestContext - Successfully lunched the chrome browser
[INFO ] 2022-11-01 15:54:48.571 [main] TestContext - base.url:https://webuat.crowncommercial.gov.uk/
[INFO ] 2022-11-01 15:54:54.173 [main] BrowserFactory - https://webuat.crowncommercial.gov.uk/ is launched
[INFO ] 2022-11-01 15:55:03.842 [main] HomePage - Clicked on Start now button
[INFO ] 2022-11-01 15:55:07.276 [main] HomePage - Clicked on Start now button
[INFO ] 2022-11-01 15:55:09.365 [main] HomePage - Buyer clicked on Housing radio button
[INFO ] 2022-11-01 15:55:12.642 [main] HomePage - Clicked on Continue button
[INFO ] 2022-11-01 15:55:14.684 [main] HomePage - Buyer clicked on Housing maintenance and management radio button
[INFO ] 2022-11-01 15:55:17.380 [main] HomePage - Clicked on Continue button
[INFO ] 2022-11-01 15:55:19.433 [main] HomePage - Buyer clicked on Ministry of Defence or defence infrastructure organisation radio button
[INFO ] 2022-11-01 15:55:23.130 [main] HomePage - Clicked on Continue button
[INFO ] 2022-11-01 15:55:30.455 [main] TestContext - =================To verify Buyer has provided with different recommendations "<recommServices>", service details "fmMarketPlacePhase2" on GM results page after initiating GM journey for framework "housing" and after answering different set of question as sector looking for "Ministry of Defence or defence infrastructure organisation", selects Service area as "<serviceArea>" during the journey execution ends===================
