[INFO ] 2023-03-16 09:17:45.155 [main] TestContext - =================RM6102:Apprenticeship Training execution starts===================
[INFO ] 2023-03-16 09:17:45.163 [main] BrowserFactory - Opening CHROMEbrowser
[INFO ] 2023-03-16 09:17:54.010 [main] TestContext - Successfully lunched the chrome browser
[INFO ] 2023-03-16 09:17:54.012 [main] TestContext - base.url:https://webuat.crowncommercial.gov.uk/
[INFO ] 2023-03-16 09:18:01.474 [main] BrowserFactory - https://webuat.crowncommercial.gov.uk/ is launched
[INFO ] 2023-03-16 09:18:15.850 [main] HomePage - Clicked on Start now button
[INFO ] 2023-03-16 09:18:19.019 [main] HomePage - Clicked on Start now button
[INFO ] 2023-03-16 09:18:21.199 [main] HomePage - Buyer clicked on Apprenticeship Training radio button
[INFO ] 2023-03-16 09:18:23.875 [main] HomePage - Clicked on Continue button
[INFO ] 2023-03-16 09:18:25.935 [main] HomePage - Buyer clicked on Learning and training services radio button
[INFO ] 2023-03-16 09:18:29.221 [main] HomePage - Clicked on Continue button
[INFO ] 2023-03-16 09:18:30.952 [main] TestContext - =================RM6102:Apprenticeship Training execution ends===================
[INFO ] 2023-03-16 09:18:31.142 [main] TestContext - =================RM6145:Learning And Development-Lot6 execution starts===================
[INFO ] 2023-03-16 09:18:31.143 [main] BrowserFactory - Opening CHROMEbrowser
[INFO ] 2023-03-16 09:18:38.246 [main] TestContext - Successfully lunched the chrome browser
[INFO ] 2023-03-16 09:18:38.249 [main] TestContext - base.url:https://webuat.crowncommercial.gov.uk/
[INFO ] 2023-03-16 09:18:47.210 [main] BrowserFactory - https://webuat.crowncommercial.gov.uk/ is launched
[INFO ] 2023-03-16 09:19:01.258 [main] HomePage - Clicked on Start now button
[INFO ] 2023-03-16 09:19:04.417 [main] HomePage - Clicked on Start now button
[INFO ] 2023-03-16 09:19:06.614 [main] HomePage - Buyer clicked on Learning & Development radio button
[INFO ] 2023-03-16 09:19:09.241 [main] HomePage - Clicked on Continue button
[INFO ] 2023-03-16 09:19:11.382 [main] HomePage - Buyer clicked on Learning and Development radio button
[INFO ] 2023-03-16 09:19:14.052 [main] HomePage - Clicked on Continue button
[INFO ] 2023-03-16 09:19:16.095 [main] HomePage - Buyer clicked on Yes radio button
[INFO ] 2023-03-16 09:19:18.536 [main] HomePage - Clicked on Continue button
[INFO ] 2023-03-16 09:19:20.578 [main] HomePage - Buyer clicked on Learning Design and Delivery and Subject Matter Expertise and Coaching radio button
[INFO ] 2023-03-16 09:19:23.907 [main] HomePage - Clicked on Continue button
[INFO ] 2023-03-16 09:19:27.580 [main] TestContext - =================RM6145:Learning And Development-Lot6 execution ends===================
[INFO ] 2023-03-16 09:19:27.827 [main] TestContext - =================RM6219:Learning And Development execution starts===================
[INFO ] 2023-03-16 09:19:27.831 [main] BrowserFactory - Opening CHROMEbrowser
[INFO ] 2023-03-16 09:19:34.500 [main] TestContext - Successfully lunched the chrome browser
[INFO ] 2023-03-16 09:19:34.500 [main] TestContext - base.url:https://webuat.crowncommercial.gov.uk/
[INFO ] 2023-03-16 09:19:41.619 [main] BrowserFactory - https://webuat.crowncommercial.gov.uk/ is launched
[INFO ] 2023-03-16 09:19:55.738 [main] HomePage - Clicked on Start now button
[INFO ] 2023-03-16 09:19:58.855 [main] HomePage - Clicked on Start now button
[INFO ] 2023-03-16 09:20:01.027 [main] HomePage - Buyer clicked on Learning & Development radio button
[INFO ] 2023-03-16 09:20:03.664 [main] HomePage - Clicked on Continue button
[INFO ] 2023-03-16 09:20:05.718 [main] HomePage - Buyer clicked on Learning and Development radio button
[INFO ] 2023-03-16 09:20:08.182 [main] HomePage - Clicked on Continue button
[INFO ] 2023-03-16 09:20:10.223 [main] HomePage - Buyer clicked on No radio button
[INFO ] 2023-03-16 09:20:14.316 [main] HomePage - Clicked on Continue button
[INFO ] 2023-03-16 09:20:17.631 [main] TestContext - =================RM6219:Learning And Development execution ends===================
[INFO ] 2023-03-16 09:20:17.920 [main] TestContext - =================RM6133: Employee Benefits execution starts===================
[INFO ] 2023-03-16 09:20:17.922 [main] BrowserFactory - Opening CHROMEbrowser
[INFO ] 2023-03-16 09:20:24.872 [main] TestContext - Successfully lunched the chrome browser
[INFO ] 2023-03-16 09:20:24.873 [main] TestContext - base.url:https://webuat.crowncommercial.gov.uk/
[INFO ] 2023-03-16 09:20:31.699 [main] BrowserFactory - https://webuat.crowncommercial.gov.uk/ is launched
[INFO ] 2023-03-16 09:20:45.894 [main] HomePage - Clicked on Start now button
[INFO ] 2023-03-16 09:20:48.973 [main] HomePage - Clicked on Start now button
[INFO ] 2023-03-16 09:20:51.156 [main] HomePage - Buyer clicked on Employee Benefits radio button
[INFO ] 2023-03-16 09:20:53.737 [main] HomePage - Clicked on Continue button
[INFO ] 2023-03-16 09:20:55.840 [main] HomePage - Buyer clicked on Child care voucher scheme radio button
[INFO ] 2023-03-16 09:20:58.985 [main] HomePage - Clicked on Continue button
[INFO ] 2023-03-16 09:21:01.979 [main] TestContext - =================RM6133: Employee Benefits execution ends===================
[INFO ] 2023-03-16 09:21:02.145 [main] TestContext - =================RM6133: Employee Benefits execution starts===================
[INFO ] 2023-03-16 09:21:02.147 [main] BrowserFactory - Opening CHROMEbrowser
[INFO ] 2023-03-16 09:21:08.561 [main] TestContext - Successfully lunched the chrome browser
[INFO ] 2023-03-16 09:21:08.561 [main] TestContext - base.url:https://webuat.crowncommercial.gov.uk/
[INFO ] 2023-03-16 09:21:15.104 [main] BrowserFactory - https://webuat.crowncommercial.gov.uk/ is launched
[INFO ] 2023-03-16 09:21:29.182 [main] HomePage - Clicked on Start now button
[INFO ] 2023-03-16 09:21:32.246 [main] HomePage - Clicked on Start now button
[INFO ] 2023-03-16 09:21:34.424 [main] HomePage - Buyer clicked on Employee Benefits radio button
[INFO ] 2023-03-16 09:21:37.043 [main] HomePage - Clicked on Continue button
[INFO ] 2023-03-16 09:21:39.143 [main] HomePage - Buyer clicked on Employee financial wellbeing scheme radio button
[INFO ] 2023-03-16 09:21:42.225 [main] HomePage - Clicked on Continue button
[INFO ] 2023-03-16 09:21:45.216 [main] TestContext - =================RM6133: Employee Benefits execution ends===================
[INFO ] 2023-03-16 09:21:45.404 [main] TestContext - =================RM6174: MFD - LOT1 execution starts===================
[INFO ] 2023-03-16 09:21:45.406 [main] BrowserFactory - Opening CHROMEbrowser
[INFO ] 2023-03-16 09:21:51.978 [main] TestContext - Successfully lunched the chrome browser
[INFO ] 2023-03-16 09:21:51.979 [main] TestContext - base.url:https://webuat.crowncommercial.gov.uk/
[INFO ] 2023-03-16 09:21:58.517 [main] BrowserFactory - https://webuat.crowncommercial.gov.uk/ is launched
[INFO ] 2023-03-16 09:22:12.907 [main] HomePage - Clicked on Start now button
[INFO ] 2023-03-16 09:22:16.060 [main] HomePage - Clicked on Start now button
[INFO ] 2023-03-16 09:22:18.240 [main] HomePage - Buyer clicked on Print and Digital radio button
[INFO ] 2023-03-16 09:22:20.889 [main] HomePage - Clicked on Continue button
[INFO ] 2023-03-16 09:22:22.941 [main] HomePage - Buyer clicked on Multifunctional devices (MFDs) and basic print management software radio button
[INFO ] 2023-03-16 09:22:26.491 [main] HomePage - Clicked on Continue button
[INFO ] 2023-03-16 09:22:29.497 [main] TestContext - =================RM6174: MFD - LOT1 execution ends===================
[INFO ] 2023-03-16 09:22:29.662 [main] TestContext - =================RM6174: MFD - LOT4 execution starts===================
[INFO ] 2023-03-16 09:22:29.664 [main] BrowserFactory - Opening CHROMEbrowser
[INFO ] 2023-03-16 09:22:36.408 [main] TestContext - Successfully lunched the chrome browser
[INFO ] 2023-03-16 09:22:36.411 [main] TestContext - base.url:https://webuat.crowncommercial.gov.uk/
[INFO ] 2023-03-16 09:22:46.428 [main] BrowserFactory - https://webuat.crowncommercial.gov.uk/ is launched
[INFO ] 2023-03-16 09:23:00.560 [main] HomePage - Clicked on Start now button
[INFO ] 2023-03-16 09:23:03.793 [main] HomePage - Clicked on Start now button
[INFO ] 2023-03-16 09:23:06.001 [main] HomePage - Buyer clicked on Print and Digital radio button
[INFO ] 2023-03-16 09:23:08.601 [main] HomePage - Clicked on Continue button
[INFO ] 2023-03-16 09:23:10.664 [main] HomePage - Buyer clicked on Print consultancy radio button
[INFO ] 2023-03-16 09:23:15.288 [main] HomePage - Clicked on Continue button
[INFO ] 2023-03-16 09:23:18.301 [main] TestContext - =================RM6174: MFD - LOT4 execution ends===================
