[INFO ] 2022-10-31 09:09:34.372 [main] TestContext - =================To verify Buyer has provided with different recommendations "tech-both-lot1", lots "1", service details "techBothTechDetailsInfo" on GM results page after initiating GM journey for framework "laptop" and after answering different set of question as looking for "Both, product and service", selects multiple service areas "Hardware and software ICT solutions", Sector buying as "Charities" and user clicks on Change answers during the journey execution starts===================
[INFO ] 2022-10-31 09:09:34.389 [main] BrowserFactory - Opening CHROMEbrowser
[INFO ] 2022-10-31 09:09:41.352 [main] TestContext - Successfully lunched the chrome browser
[INFO ] 2022-10-31 09:09:41.355 [main] TestContext - base.url:https://webuat.crowncommercial.gov.uk/
[INFO ] 2022-10-31 09:09:50.120 [main] BrowserFactory - https://webuat.crowncommercial.gov.uk/ is launched
[INFO ] 2022-10-31 09:10:01.719 [main] HomePage - Clicked on Start now button
[INFO ] 2022-10-31 09:10:05.583 [main] HomePage - Clicked on Start now button
[INFO ] 2022-10-31 09:10:07.647 [main] HomePage - Buyer clicked on Technology radio button
[INFO ] 2022-10-31 09:10:10.676 [main] HomePage - Clicked on Continue button
[INFO ] 2022-10-31 09:10:12.723 [main] HomePage - Buyer clicked on Both, product and service radio button
[INFO ] 2022-10-31 09:10:15.514 [main] HomePage - Clicked on Continue button
[INFO ] 2022-10-31 09:10:18.558 [main] HomePage - Buyer clicked on Hardware and software ICT solutions checkbox  button
[INFO ] 2022-10-31 09:10:21.759 [main] HomePage - Clicked on Continue button
[INFO ] 2022-10-31 09:10:23.811 [main] HomePage - Buyer clicked on Charities radio button
[INFO ] 2022-10-31 09:10:27.986 [main] HomePage - Clicked on Continue button
[INFO ] 2022-10-31 09:10:35.944 [main] TestContext - =================To verify Buyer has provided with different recommendations "tech-both-lot1", lots "1", service details "techBothTechDetailsInfo" on GM results page after initiating GM journey for framework "laptop" and after answering different set of question as looking for "Both, product and service", selects multiple service areas "Hardware and software ICT solutions", Sector buying as "Charities" and user clicks on Change answers during the journey execution ends===================
[INFO ] 2022-10-31 09:29:07.907 [main] TestContext - =================To verify Buyer has provided with different recommendations "tech-both-lot1", lots "1", service details "techBothTechDetailsInfo" on GM results page after initiating GM journey for framework "laptop" and after answering different set of question as looking for "Both, product and service", selects multiple service areas "Hardware and software ICT solutions", Sector buying as "Charities" and user clicks on Change answers during the journey execution starts===================
[INFO ] 2022-10-31 09:29:07.911 [main] BrowserFactory - Opening CHROMEbrowser
[INFO ] 2022-10-31 09:29:13.613 [main] TestContext - Successfully lunched the chrome browser
[INFO ] 2022-10-31 09:29:13.617 [main] TestContext - base.url:https://webuat.crowncommercial.gov.uk/
[INFO ] 2022-10-31 09:29:20.633 [main] BrowserFactory - https://webuat.crowncommercial.gov.uk/ is launched
[INFO ] 2022-10-31 09:29:30.815 [main] HomePage - Clicked on Start now button
[INFO ] 2022-10-31 09:29:34.557 [main] HomePage - Clicked on Start now button
[INFO ] 2022-10-31 09:29:36.664 [main] HomePage - Buyer clicked on Technology radio button
[INFO ] 2022-10-31 09:29:39.716 [main] HomePage - Clicked on Continue button
[INFO ] 2022-10-31 09:29:41.762 [main] HomePage - Buyer clicked on Both, product and service radio button
[INFO ] 2022-10-31 09:29:44.378 [main] HomePage - Clicked on Continue button
[INFO ] 2022-10-31 09:29:47.422 [main] HomePage - Buyer clicked on Hardware and software ICT solutions checkbox  button
[INFO ] 2022-10-31 09:29:50.138 [main] HomePage - Clicked on Continue button
[INFO ] 2022-10-31 09:29:52.195 [main] HomePage - Buyer clicked on Charities radio button
[INFO ] 2022-10-31 09:29:55.986 [main] HomePage - Clicked on Continue button
[INFO ] 2022-10-31 09:30:03.538 [main] TestContext - =================To verify Buyer has provided with different recommendations "tech-both-lot1", lots "1", service details "techBothTechDetailsInfo" on GM results page after initiating GM journey for framework "laptop" and after answering different set of question as looking for "Both, product and service", selects multiple service areas "Hardware and software ICT solutions", Sector buying as "Charities" and user clicks on Change answers during the journey execution ends===================
[INFO ] 2022-10-31 09:33:42.323 [main] TestContext - =================To verify Buyer has provided with different recommendations "tech-both-lot1", lots "1", service details "techBothTechDetailsInfo" on GM results page after initiating GM journey for framework "laptop" and after answering different set of question as looking for "Both, product and service", selects multiple service areas "Hardware and software ICT solutions", Sector buying as "Charities" and user clicks on Change answers during the journey execution starts===================
[INFO ] 2022-10-31 09:33:42.331 [main] BrowserFactory - Opening CHROMEbrowser
[INFO ] 2022-10-31 09:33:47.740 [main] TestContext - Successfully lunched the chrome browser
[INFO ] 2022-10-31 09:33:47.742 [main] TestContext - base.url:https://webuat.crowncommercial.gov.uk/
[INFO ] 2022-10-31 09:33:59.494 [main] BrowserFactory - https://webuat.crowncommercial.gov.uk/ is launched
[INFO ] 2022-10-31 09:34:09.116 [main] HomePage - Clicked on Start now button
[INFO ] 2022-10-31 09:34:12.448 [main] HomePage - Clicked on Start now button
[INFO ] 2022-10-31 09:34:14.511 [main] HomePage - Buyer clicked on Technology radio button
[INFO ] 2022-10-31 09:34:18.046 [main] HomePage - Clicked on Continue button
[INFO ] 2022-10-31 09:34:20.102 [main] HomePage - Buyer clicked on Both, product and service radio button
[INFO ] 2022-10-31 09:34:22.886 [main] HomePage - Clicked on Continue button
[INFO ] 2022-10-31 09:34:25.929 [main] HomePage - Buyer clicked on Hardware and software ICT solutions checkbox  button
[INFO ] 2022-10-31 09:34:28.449 [main] HomePage - Clicked on Continue button
[INFO ] 2022-10-31 09:34:30.490 [main] HomePage - Buyer clicked on Charities radio button
[INFO ] 2022-10-31 09:34:34.012 [main] HomePage - Clicked on Continue button
[INFO ] 2022-10-31 09:34:42.006 [main] TestContext - =================To verify Buyer has provided with different recommendations "tech-both-lot1", lots "1", service details "techBothTechDetailsInfo" on GM results page after initiating GM journey for framework "laptop" and after answering different set of question as looking for "Both, product and service", selects multiple service areas "Hardware and software ICT solutions", Sector buying as "Charities" and user clicks on Change answers during the journey execution ends===================
[INFO ] 2022-10-31 09:45:17.659 [main] TestContext - =================To verify Buyer has provided with different recommendations "tech-both-lot1", lots "1", service details "techBothTechDetailsInfo" on GM results page after initiating GM journey for framework "laptop" and after answering different set of question as looking for "Both, product and service", selects multiple service areas "Hardware and software ICT solutions", Sector buying as "Charities" and user clicks on Change answers during the journey execution starts===================
[INFO ] 2022-10-31 09:45:17.665 [main] BrowserFactory - Opening CHROMEbrowser
[INFO ] 2022-10-31 09:45:23.001 [main] TestContext - Successfully lunched the chrome browser
[INFO ] 2022-10-31 09:45:23.003 [main] TestContext - base.url:https://webuat.crowncommercial.gov.uk/
[INFO ] 2022-10-31 09:45:27.531 [main] BrowserFactory - https://webuat.crowncommercial.gov.uk/ is launched
[INFO ] 2022-10-31 09:45:37.566 [main] HomePage - Clicked on Start now button
[INFO ] 2022-10-31 09:45:41.149 [main] HomePage - Clicked on Start now button
[INFO ] 2022-10-31 09:45:43.231 [main] HomePage - Buyer clicked on Technology radio button
[INFO ] 2022-10-31 09:45:46.551 [main] HomePage - Clicked on Continue button
[INFO ] 2022-10-31 09:45:48.598 [main] HomePage - Buyer clicked on Both, product and service radio button
[INFO ] 2022-10-31 09:45:51.354 [main] HomePage - Clicked on Continue button
[INFO ] 2022-10-31 09:45:54.402 [main] HomePage - Buyer clicked on Hardware and software ICT solutions checkbox  button
[INFO ] 2022-10-31 09:45:57.075 [main] HomePage - Clicked on Continue button
[INFO ] 2022-10-31 09:45:59.131 [main] HomePage - Buyer clicked on Charities radio button
[INFO ] 2022-10-31 09:46:03.053 [main] HomePage - Clicked on Continue button
[INFO ] 2022-10-31 09:46:10.761 [main] TestContext - =================To verify Buyer has provided with different recommendations "tech-both-lot1", lots "1", service details "techBothTechDetailsInfo" on GM results page after initiating GM journey for framework "laptop" and after answering different set of question as looking for "Both, product and service", selects multiple service areas "Hardware and software ICT solutions", Sector buying as "Charities" and user clicks on Change answers during the journey execution ends===================
[INFO ] 2022-10-31 09:47:21.860 [main] TestContext - =================To verify Buyer has provided with different recommendations "lot5_lot4", lots "2", service details "techProdEduDetails" on GM results page after initiating GM journey for framework "laptop" and after answering different set of question as looking for "Product", Sector buying as "Education" during the journey execution starts===================
[INFO ] 2022-10-31 09:47:21.865 [main] BrowserFactory - Opening CHROMEbrowser
[INFO ] 2022-10-31 09:47:29.245 [main] TestContext - Successfully lunched the chrome browser
[INFO ] 2022-10-31 09:47:29.253 [main] TestContext - base.url:https://webuat.crowncommercial.gov.uk/
[INFO ] 2022-10-31 09:47:38.732 [main] BrowserFactory - https://webuat.crowncommercial.gov.uk/ is launched
[INFO ] 2022-10-31 09:47:48.310 [main] HomePage - Clicked on Start now button
[INFO ] 2022-10-31 09:47:51.937 [main] HomePage - Clicked on Start now button
[INFO ] 2022-10-31 09:47:54.020 [main] HomePage - Buyer clicked on Technology radio button
[INFO ] 2022-10-31 09:47:57.052 [main] HomePage - Clicked on Continue button
[INFO ] 2022-10-31 09:47:59.100 [main] HomePage - Buyer clicked on Product radio button
[INFO ] 2022-10-31 09:48:02.242 [main] HomePage - Clicked on Continue button
[INFO ] 2022-10-31 09:48:04.293 [main] HomePage - Buyer clicked on Education radio button
[INFO ] 2022-10-31 09:48:08.570 [main] HomePage - Clicked on Continue button
[INFO ] 2022-10-31 09:48:16.848 [main] TestContext - =================To verify Buyer has provided with different recommendations "lot5_lot4", lots "2", service details "techProdEduDetails" on GM results page after initiating GM journey for framework "laptop" and after answering different set of question as looking for "Product", Sector buying as "Education" during the journey execution ends===================
[INFO ] 2022-10-31 09:48:17.020 [main] TestContext - =================To verify Buyer has provided with different recommendations "lot1", lots "1", service details "techProdNonEduDetails" on GM results page after initiating GM journey for framework "laptop" and after answering different set of question as looking for "Product", Sector buying as "Central Government" during the journey execution starts===================
[INFO ] 2022-10-31 09:48:17.021 [main] BrowserFactory - Opening CHROMEbrowser
[INFO ] 2022-10-31 09:48:21.325 [main] TestContext - Successfully lunched the chrome browser
[INFO ] 2022-10-31 09:48:21.330 [main] TestContext - base.url:https://webuat.crowncommercial.gov.uk/
[INFO ] 2022-10-31 09:48:31.632 [main] BrowserFactory - https://webuat.crowncommercial.gov.uk/ is launched
[INFO ] 2022-10-31 09:48:40.859 [main] HomePage - Clicked on Start now button
[INFO ] 2022-10-31 09:48:44.502 [main] HomePage - Clicked on Start now button
[INFO ] 2022-10-31 09:48:46.585 [main] HomePage - Buyer clicked on Technology radio button
[INFO ] 2022-10-31 09:48:49.636 [main] HomePage - Clicked on Continue button
[INFO ] 2022-10-31 09:48:51.666 [main] HomePage - Buyer clicked on Product radio button
[INFO ] 2022-10-31 09:48:55.948 [main] HomePage - Clicked on Continue button
[INFO ] 2022-10-31 09:48:57.993 [main] HomePage - Buyer clicked on Central Government radio button
[INFO ] 2022-10-31 09:49:01.391 [main] HomePage - Clicked on Continue button
[INFO ] 2022-10-31 09:49:09.505 [main] TestContext - =================To verify Buyer has provided with different recommendations "lot1", lots "1", service details "techProdNonEduDetails" on GM results page after initiating GM journey for framework "laptop" and after answering different set of question as looking for "Product", Sector buying as "Central Government" during the journey execution ends===================
[INFO ] 2022-10-31 09:49:09.724 [main] TestContext - =================To verify Buyer has provided with different recommendations "lot2-tech", lots "1", service details "techSerEduDetails" on GM results page after initiating GM journey for framework "laptop" and after answering different set of question as looking for "Service", selects multiple service areas "<serviceAreaOpt>", Sector buying as "Education" during the journey execution starts===================
[INFO ] 2022-10-31 09:49:09.725 [main] BrowserFactory - Opening CHROMEbrowser
[INFO ] 2022-10-31 09:49:13.899 [main] TestContext - Successfully lunched the chrome browser
[INFO ] 2022-10-31 09:49:13.924 [main] TestContext - base.url:https://webuat.crowncommercial.gov.uk/
[INFO ] 2022-10-31 09:49:20.710 [main] BrowserFactory - https://webuat.crowncommercial.gov.uk/ is launched
[INFO ] 2022-10-31 09:49:30.198 [main] HomePage - Clicked on Start now button
[INFO ] 2022-10-31 09:49:33.658 [main] HomePage - Clicked on Start now button
[INFO ] 2022-10-31 09:49:35.738 [main] HomePage - Buyer clicked on Technology radio button
[INFO ] 2022-10-31 09:49:38.981 [main] HomePage - Clicked on Continue button
[INFO ] 2022-10-31 09:49:41.035 [main] HomePage - Buyer clicked on Service radio button
[INFO ] 2022-10-31 09:49:43.685 [main] HomePage - Clicked on Continue button
[INFO ] 2022-10-31 09:49:45.728 [main] HomePage - Buyer clicked on Broadband fibre infrastructure radio button
[INFO ] 2022-10-31 09:49:48.294 [main] HomePage - Clicked on Continue button
[INFO ] 2022-10-31 09:49:50.358 [main] HomePage - Buyer clicked on Education radio button
[INFO ] 2022-10-31 09:49:54.334 [main] HomePage - Clicked on Continue button
[INFO ] 2022-10-31 09:49:59.016 [main] TestContext - =================To verify Buyer has provided with different recommendations "lot2-tech", lots "1", service details "techSerEduDetails" on GM results page after initiating GM journey for framework "laptop" and after answering different set of question as looking for "Service", selects multiple service areas "<serviceAreaOpt>", Sector buying as "Education" during the journey execution ends===================
[INFO ] 2022-10-31 09:49:59.247 [main] TestContext - =================To verify Buyer has provided with different recommendations "lot3-tech", lots "1", service details "techSerEduDetails" on GM results page after initiating GM journey for framework "laptop" and after answering different set of question as looking for "Service", selects multiple service areas "<serviceAreaOpt>", Sector buying as "Education" during the journey execution starts===================
[INFO ] 2022-10-31 09:49:59.248 [main] BrowserFactory - Opening CHROMEbrowser
[INFO ] 2022-10-31 09:50:02.215 [main] TestContext - Successfully lunched the chrome browser
[INFO ] 2022-10-31 09:50:02.217 [main] TestContext - base.url:https://webuat.crowncommercial.gov.uk/
[INFO ] 2022-10-31 09:50:11.773 [main] BrowserFactory - https://webuat.crowncommercial.gov.uk/ is launched
[INFO ] 2022-10-31 09:50:21.201 [main] HomePage - Clicked on Start now button
[INFO ] 2022-10-31 09:50:24.979 [main] HomePage - Clicked on Start now button
[INFO ] 2022-10-31 09:50:27.042 [main] HomePage - Buyer clicked on Technology radio button
[INFO ] 2022-10-31 09:50:29.964 [main] HomePage - Clicked on Continue button
[INFO ] 2022-10-31 09:50:32.010 [main] HomePage - Buyer clicked on Service radio button
[INFO ] 2022-10-31 09:50:34.646 [main] HomePage - Clicked on Continue button
[INFO ] 2022-10-31 09:50:36.687 [main] HomePage - Buyer clicked on Broadband service radio button
[INFO ] 2022-10-31 09:50:39.286 [main] HomePage - Clicked on Continue button
[INFO ] 2022-10-31 09:50:41.347 [main] HomePage - Buyer clicked on Education radio button
[INFO ] 2022-10-31 09:50:44.876 [main] HomePage - Clicked on Continue button
[INFO ] 2022-10-31 09:50:49.758 [main] TestContext - =================To verify Buyer has provided with different recommendations "lot3-tech", lots "1", service details "techSerEduDetails" on GM results page after initiating GM journey for framework "laptop" and after answering different set of question as looking for "Service", selects multiple service areas "<serviceAreaOpt>", Sector buying as "Education" during the journey execution ends===================
[INFO ] 2022-10-31 09:50:49.956 [main] TestContext - =================To verify Buyer has provided with different recommendations "<recommendation>", lots "<lots>", service details "techSerNonEduDetails" on GM results page after initiating GM journey for framework "laptop" and after answering different set of question as looking for "Service", selects multiple service areas "<serviceAreaOpt>", Sector buying as "Local Government" during the journey execution starts===================
[INFO ] 2022-10-31 09:50:49.957 [main] BrowserFactory - Opening CHROMEbrowser
[INFO ] 2022-10-31 09:50:55.365 [main] TestContext - Successfully lunched the chrome browser
[INFO ] 2022-10-31 09:50:55.367 [main] TestContext - base.url:https://webuat.crowncommercial.gov.uk/
[INFO ] 2022-10-31 09:51:00.372 [main] BrowserFactory - https://webuat.crowncommercial.gov.uk/ is launched
[INFO ] 2022-10-31 09:51:10.364 [main] HomePage - Clicked on Start now button
[INFO ] 2022-10-31 09:51:14.061 [main] HomePage - Clicked on Start now button
[INFO ] 2022-10-31 09:51:16.147 [main] HomePage - Buyer clicked on Technology radio button
[INFO ] 2022-10-31 09:51:19.526 [main] HomePage - Clicked on Continue button
[INFO ] 2022-10-31 09:51:21.574 [main] HomePage - Buyer clicked on Service radio button
[INFO ] 2022-10-31 09:51:24.361 [main] HomePage - Clicked on Continue button
[INFO ] 2022-10-31 09:51:26.404 [main] HomePage - Buyer clicked on Broadband fibre infrastructure radio button
[INFO ] 2022-10-31 09:51:29.086 [main] HomePage - Clicked on Continue button
[INFO ] 2022-10-31 09:51:31.121 [main] HomePage - Buyer clicked on Local Government radio button
[INFO ] 2022-10-31 09:51:34.349 [main] HomePage - Clicked on Continue button
[INFO ] 2022-10-31 09:51:42.177 [main] TestContext - =================To verify Buyer has provided with different recommendations "<recommendation>", lots "<lots>", service details "techSerNonEduDetails" on GM results page after initiating GM journey for framework "laptop" and after answering different set of question as looking for "Service", selects multiple service areas "<serviceAreaOpt>", Sector buying as "Local Government" during the journey execution ends===================
[INFO ] 2022-10-31 09:51:42.487 [main] TestContext - =================To verify Buyer has provided with different recommendations "<recommendation>", lots "<lots>", service details "techSerNonEduDetails" on GM results page after initiating GM journey for framework "laptop" and after answering different set of question as looking for "Service", selects multiple service areas "<serviceAreaOpt>", Sector buying as "Ministry of Defence or defence infrastructure organisation" during the journey execution starts===================
[INFO ] 2022-10-31 09:51:42.488 [main] BrowserFactory - Opening CHROMEbrowser
[INFO ] 2022-10-31 09:51:47.506 [main] TestContext - Successfully lunched the chrome browser
[INFO ] 2022-10-31 09:51:47.511 [main] TestContext - base.url:https://webuat.crowncommercial.gov.uk/
[INFO ] 2022-10-31 09:51:56.794 [main] BrowserFactory - https://webuat.crowncommercial.gov.uk/ is launched
[INFO ] 2022-10-31 09:52:06.175 [main] HomePage - Clicked on Start now button
[INFO ] 2022-10-31 09:52:09.821 [main] HomePage - Clicked on Start now button
[INFO ] 2022-10-31 09:52:11.896 [main] HomePage - Buyer clicked on Technology radio button
[INFO ] 2022-10-31 09:52:15.071 [main] HomePage - Clicked on Continue button
[INFO ] 2022-10-31 09:52:17.126 [main] HomePage - Buyer clicked on Service radio button
[INFO ] 2022-10-31 09:52:19.760 [main] HomePage - Clicked on Continue button
[INFO ] 2022-10-31 09:52:21.804 [main] HomePage - Buyer clicked on Broadband service radio button
[INFO ] 2022-10-31 09:52:24.442 [main] HomePage - Clicked on Continue button
[INFO ] 2022-10-31 09:52:26.483 [main] HomePage - Buyer clicked on Ministry of Defence or defence infrastructure organisation radio button
[INFO ] 2022-10-31 09:52:29.710 [main] HomePage - Clicked on Continue button
[INFO ] 2022-10-31 09:52:36.844 [main] TestContext - =================To verify Buyer has provided with different recommendations "<recommendation>", lots "<lots>", service details "techSerNonEduDetails" on GM results page after initiating GM journey for framework "laptop" and after answering different set of question as looking for "Service", selects multiple service areas "<serviceAreaOpt>", Sector buying as "Ministry of Defence or defence infrastructure organisation" during the journey execution ends===================
[INFO ] 2022-10-31 09:52:37.072 [main] TestContext - =================To verify Buyer has provided with different recommendations "<recommendation>", lots "<lots>", service details "techSerTechDetails" on GM results page after initiating GM journey for framework "laptop" and after answering different set of question as looking for "Service", selects multiple service areas "<serviceAreaOpt>" during the journey execution starts===================
[INFO ] 2022-10-31 09:52:37.073 [main] BrowserFactory - Opening CHROMEbrowser
[INFO ] 2022-10-31 09:52:42.321 [main] TestContext - Successfully lunched the chrome browser
[INFO ] 2022-10-31 09:52:42.324 [main] TestContext - base.url:https://webuat.crowncommercial.gov.uk/
[INFO ] 2022-10-31 09:52:47.244 [main] BrowserFactory - https://webuat.crowncommercial.gov.uk/ is launched
[INFO ] 2022-10-31 09:52:56.899 [main] HomePage - Clicked on Start now button
[INFO ] 2022-10-31 09:53:00.815 [main] HomePage - Clicked on Start now button
[INFO ] 2022-10-31 09:53:02.884 [main] HomePage - Buyer clicked on Technology radio button
[INFO ] 2022-10-31 09:53:05.860 [main] HomePage - Clicked on Continue button
[INFO ] 2022-10-31 09:53:07.919 [main] HomePage - Buyer clicked on Service radio button
[INFO ] 2022-10-31 09:53:10.561 [main] HomePage - Clicked on Continue button
[INFO ] 2022-10-31 09:53:12.604 [main] HomePage - Buyer clicked on Technology strategy and service design radio button
[INFO ] 2022-10-31 09:53:15.767 [main] HomePage - Clicked on Continue button
[INFO ] 2022-10-31 09:53:19.438 [main] TestContext - =================To verify Buyer has provided with different recommendations "<recommendation>", lots "<lots>", service details "techSerTechDetails" on GM results page after initiating GM journey for framework "laptop" and after answering different set of question as looking for "Service", selects multiple service areas "<serviceAreaOpt>" during the journey execution ends===================
[INFO ] 2022-10-31 09:53:19.620 [main] TestContext - =================To verify Buyer has provided with different recommendations "<recommendation>", lots "<lots>", service details "techSerTechDetails" on GM results page after initiating GM journey for framework "laptop" and after answering different set of question as looking for "Service", selects multiple service areas "<serviceAreaOpt>" during the journey execution starts===================
[INFO ] 2022-10-31 09:53:19.621 [main] BrowserFactory - Opening CHROMEbrowser
[INFO ] 2022-10-31 09:53:22.293 [main] TestContext - Successfully lunched the chrome browser
[INFO ] 2022-10-31 09:53:22.299 [main] TestContext - base.url:https://webuat.crowncommercial.gov.uk/
[INFO ] 2022-10-31 09:53:31.996 [main] BrowserFactory - https://webuat.crowncommercial.gov.uk/ is launched
[INFO ] 2022-10-31 09:53:40.893 [main] HomePage - Clicked on Start now button
[INFO ] 2022-10-31 09:53:44.259 [main] HomePage - Clicked on Start now button
[INFO ] 2022-10-31 09:53:46.343 [main] HomePage - Buyer clicked on Technology radio button
[INFO ] 2022-10-31 09:53:49.486 [main] HomePage - Clicked on Continue button
[INFO ] 2022-10-31 09:53:51.533 [main] HomePage - Buyer clicked on Service radio button
[INFO ] 2022-10-31 09:53:54.292 [main] HomePage - Clicked on Continue button
[INFO ] 2022-10-31 09:53:56.333 [main] HomePage - Buyer clicked on Transition and transformation radio button
[INFO ] 2022-10-31 09:53:59.480 [main] HomePage - Clicked on Continue button
[INFO ] 2022-10-31 09:54:03.078 [main] TestContext - =================To verify Buyer has provided with different recommendations "<recommendation>", lots "<lots>", service details "techSerTechDetails" on GM results page after initiating GM journey for framework "laptop" and after answering different set of question as looking for "Service", selects multiple service areas "<serviceAreaOpt>" during the journey execution ends===================
[INFO ] 2022-10-31 09:54:03.250 [main] TestContext - =================To verify Buyer has provided with different recommendations "tech-both-lot4", lots "1", service details "techBothTechDetailsInfo" on GM results page after initiating GM journey for framework "laptop" and after answering different set of question as looking for "Both, product and service", selects multiple service areas "Information assured services", Sector buying as "<sectorRadio>" during the journey execution starts===================
[INFO ] 2022-10-31 09:54:03.251 [main] BrowserFactory - Opening CHROMEbrowser
[INFO ] 2022-10-31 09:54:07.491 [main] TestContext - Successfully lunched the chrome browser
[INFO ] 2022-10-31 09:54:07.493 [main] TestContext - base.url:https://webuat.crowncommercial.gov.uk/
[INFO ] 2022-10-31 09:54:16.703 [main] BrowserFactory - https://webuat.crowncommercial.gov.uk/ is launched
[INFO ] 2022-10-31 09:54:26.842 [main] HomePage - Clicked on Start now button
[INFO ] 2022-10-31 09:54:30.541 [main] HomePage - Clicked on Start now button
[INFO ] 2022-10-31 09:54:32.612 [main] HomePage - Buyer clicked on Technology radio button
[INFO ] 2022-10-31 09:54:35.750 [main] HomePage - Clicked on Continue button
[INFO ] 2022-10-31 09:54:37.796 [main] HomePage - Buyer clicked on Both, product and service radio button
[INFO ] 2022-10-31 09:54:40.888 [main] HomePage - Clicked on Continue button
[INFO ] 2022-10-31 09:54:43.942 [main] HomePage - Buyer clicked on Information assured services checkbox  button
[INFO ] 2022-10-31 09:54:47.606 [main] HomePage - Clicked on Continue button
[INFO ] 2022-10-31 09:54:54.879 [main] TestContext - =================To verify Buyer has provided with different recommendations "tech-both-lot4", lots "1", service details "techBothTechDetailsInfo" on GM results page after initiating GM journey for framework "laptop" and after answering different set of question as looking for "Both, product and service", selects multiple service areas "Information assured services", Sector buying as "<sectorRadio>" during the journey execution ends===================
[INFO ] 2022-10-31 09:54:55.099 [main] TestContext - =================To verify Buyer has provided with different recommendations "tech-both-lot3", lots "1", service details "techBothTechDetailsInfo" on GM results page after initiating GM journey for framework "laptop" and after answering different set of question as looking for "Both, product and service", selects multiple service areas "Software", Sector buying as "<sectorRadio>" during the journey execution starts===================
[INFO ] 2022-10-31 09:54:55.101 [main] BrowserFactory - Opening CHROMEbrowser
[INFO ] 2022-10-31 09:54:57.678 [main] TestContext - Successfully lunched the chrome browser
[INFO ] 2022-10-31 09:54:57.681 [main] TestContext - base.url:https://webuat.crowncommercial.gov.uk/
[INFO ] 2022-10-31 09:55:06.290 [main] BrowserFactory - https://webuat.crowncommercial.gov.uk/ is launched
[INFO ] 2022-10-31 09:55:15.527 [main] HomePage - Clicked on Start now button
[INFO ] 2022-10-31 09:55:19.154 [main] HomePage - Clicked on Start now button
[INFO ] 2022-10-31 09:55:21.234 [main] HomePage - Buyer clicked on Technology radio button
[INFO ] 2022-10-31 09:55:24.185 [main] HomePage - Clicked on Continue button
[INFO ] 2022-10-31 09:55:26.235 [main] HomePage - Buyer clicked on Both, product and service radio button
[INFO ] 2022-10-31 09:55:29.053 [main] HomePage - Clicked on Continue button
[INFO ] 2022-10-31 09:55:32.093 [main] HomePage - Buyer clicked on Software checkbox  button
[INFO ] 2022-10-31 09:55:35.269 [main] HomePage - Clicked on Continue button
[INFO ] 2022-10-31 09:55:42.560 [main] TestContext - =================To verify Buyer has provided with different recommendations "tech-both-lot3", lots "1", service details "techBothTechDetailsInfo" on GM results page after initiating GM journey for framework "laptop" and after answering different set of question as looking for "Both, product and service", selects multiple service areas "Software", Sector buying as "<sectorRadio>" during the journey execution ends===================
[INFO ] 2022-10-31 09:55:42.787 [main] TestContext - =================To verify Buyer has provided with different recommendations "tech-both-lot1", lots "1", service details "techBothTechDetailsInfo" on GM results page after initiating GM journey for framework "laptop" and after answering different set of question as looking for "Both, product and service", selects multiple service areas "Hardware and software ICT solutions", Sector buying as "Devolved" during the journey execution starts===================
[INFO ] 2022-10-31 09:55:42.788 [main] BrowserFactory - Opening CHROMEbrowser
[INFO ] 2022-10-31 09:55:48.889 [main] TestContext - Successfully lunched the chrome browser
[INFO ] 2022-10-31 09:55:48.892 [main] TestContext - base.url:https://webuat.crowncommercial.gov.uk/
[INFO ] 2022-10-31 09:55:58.385 [main] BrowserFactory - https://webuat.crowncommercial.gov.uk/ is launched
[INFO ] 2022-10-31 09:56:07.831 [main] HomePage - Clicked on Start now button
[INFO ] 2022-10-31 09:56:10.483 [main] HomePage - Clicked on Start now button
[INFO ] 2022-10-31 09:56:12.610 [main] HomePage - Buyer clicked on Technology radio button
[INFO ] 2022-10-31 09:56:15.916 [main] HomePage - Clicked on Continue button
[INFO ] 2022-10-31 09:56:17.989 [main] HomePage - Buyer clicked on Both, product and service radio button
[INFO ] 2022-10-31 09:56:21.260 [main] HomePage - Clicked on Continue button
[INFO ] 2022-10-31 09:56:24.303 [main] HomePage - Buyer clicked on Hardware and software ICT solutions checkbox  button
[INFO ] 2022-10-31 09:56:26.893 [main] HomePage - Clicked on Continue button
[INFO ] 2022-10-31 09:56:28.937 [main] HomePage - Buyer clicked on Devolved radio button
[INFO ] 2022-10-31 09:56:32.376 [main] HomePage - Clicked on Continue button
[INFO ] 2022-10-31 09:56:40.940 [main] TestContext - =================To verify Buyer has provided with different recommendations "tech-both-lot1", lots "1", service details "techBothTechDetailsInfo" on GM results page after initiating GM journey for framework "laptop" and after answering different set of question as looking for "Both, product and service", selects multiple service areas "Hardware and software ICT solutions", Sector buying as "Devolved" during the journey execution ends===================
[INFO ] 2022-10-31 09:56:41.198 [main] TestContext - =================To verify Buyer has provided with different recommendations "tech-both-edu-lot1", lots "1", service details "techProdEduDetails" on GM results page after initiating GM journey for framework "laptop" and after answering different set of question as looking for "Both, product and service", selects multiple service areas "Hardware and software ICT solutions", Sector buying as "Education" during the journey execution starts===================
[INFO ] 2022-10-31 09:56:41.200 [main] BrowserFactory - Opening CHROMEbrowser
[INFO ] 2022-10-31 09:56:45.141 [main] TestContext - Successfully lunched the chrome browser
[INFO ] 2022-10-31 09:56:45.146 [main] TestContext - base.url:https://webuat.crowncommercial.gov.uk/
[INFO ] 2022-10-31 09:56:54.623 [main] BrowserFactory - https://webuat.crowncommercial.gov.uk/ is launched
[INFO ] 2022-10-31 09:57:04.463 [main] HomePage - Clicked on Start now button
[INFO ] 2022-10-31 09:57:08.204 [main] HomePage - Clicked on Start now button
[INFO ] 2022-10-31 09:57:10.285 [main] HomePage - Buyer clicked on Technology radio button
[INFO ] 2022-10-31 09:57:13.304 [main] HomePage - Clicked on Continue button
[INFO ] 2022-10-31 09:57:15.360 [main] HomePage - Buyer clicked on Both, product and service radio button
[INFO ] 2022-10-31 09:57:17.992 [main] HomePage - Clicked on Continue button
[INFO ] 2022-10-31 09:57:21.065 [main] HomePage - Buyer clicked on Hardware and software ICT solutions checkbox  button
[INFO ] 2022-10-31 09:57:23.626 [main] HomePage - Clicked on Continue button
[INFO ] 2022-10-31 09:57:25.670 [main] HomePage - Buyer clicked on Education radio button
[INFO ] 2022-10-31 09:57:28.934 [main] HomePage - Clicked on Continue button
[INFO ] 2022-10-31 09:57:33.503 [main] TestContext - =================To verify Buyer has provided with different recommendations "tech-both-edu-lot1", lots "1", service details "techProdEduDetails" on GM results page after initiating GM journey for framework "laptop" and after answering different set of question as looking for "Both, product and service", selects multiple service areas "Hardware and software ICT solutions", Sector buying as "Education" during the journey execution ends===================
[INFO ] 2022-10-31 09:57:33.684 [main] TestContext - =================To verify Buyer has provided with different recommendations "tech-both-lot2", lots "1", service details "techBothTechDetailsInfo" on GM results page after initiating GM journey for framework "laptop" and after answering different set of question as looking for "Both, product and service", selects multiple service areas "Audio-visual (AV)", Sector buying as "Health" during the journey execution starts===================
[INFO ] 2022-10-31 09:57:33.685 [main] BrowserFactory - Opening CHROMEbrowser
[INFO ] 2022-10-31 09:57:38.388 [main] TestContext - Successfully lunched the chrome browser
[INFO ] 2022-10-31 09:57:38.390 [main] TestContext - base.url:https://webuat.crowncommercial.gov.uk/
[INFO ] 2022-10-31 09:57:47.179 [main] BrowserFactory - https://webuat.crowncommercial.gov.uk/ is launched
[INFO ] 2022-10-31 09:57:56.584 [main] HomePage - Clicked on Start now button
[INFO ] 2022-10-31 09:58:00.627 [main] HomePage - Clicked on Start now button
[INFO ] 2022-10-31 09:58:02.685 [main] HomePage - Buyer clicked on Technology radio button
[INFO ] 2022-10-31 09:58:06.214 [main] HomePage - Clicked on Continue button
[INFO ] 2022-10-31 09:58:08.277 [main] HomePage - Buyer clicked on Both, product and service radio button
[INFO ] 2022-10-31 09:58:10.928 [main] HomePage - Clicked on Continue button
[INFO ] 2022-10-31 09:58:13.975 [main] HomePage - Buyer clicked on Audio-visual (AV) checkbox  button
[INFO ] 2022-10-31 09:58:16.503 [main] HomePage - Clicked on Continue button
[INFO ] 2022-10-31 09:58:18.559 [main] HomePage - Buyer clicked on Health radio button
[INFO ] 2022-10-31 09:58:22.429 [main] HomePage - Clicked on Continue button
[INFO ] 2022-10-31 09:58:29.847 [main] TestContext - =================To verify Buyer has provided with different recommendations "tech-both-lot2", lots "1", service details "techBothTechDetailsInfo" on GM results page after initiating GM journey for framework "laptop" and after answering different set of question as looking for "Both, product and service", selects multiple service areas "Audio-visual (AV)", Sector buying as "Health" during the journey execution ends===================
[INFO ] 2022-10-31 09:58:30.081 [main] TestContext - =================To verify Buyer has provided with different recommendations "tech-both-edu-lot5", lots "1", service details "techProdEduDetails" on GM results page after initiating GM journey for framework "laptop" and after answering different set of question as looking for "Both, product and service", selects multiple service areas "Audio-visual (AV)", Sector buying as "Education" during the journey execution starts===================
[INFO ] 2022-10-31 09:58:30.087 [main] BrowserFactory - Opening CHROMEbrowser
[INFO ] 2022-10-31 09:58:32.640 [main] TestContext - Successfully lunched the chrome browser
[INFO ] 2022-10-31 09:58:32.643 [main] TestContext - base.url:https://webuat.crowncommercial.gov.uk/
[INFO ] 2022-10-31 09:58:42.432 [main] BrowserFactory - https://webuat.crowncommercial.gov.uk/ is launched
[INFO ] 2022-10-31 09:58:52.159 [main] HomePage - Clicked on Start now button
[INFO ] 2022-10-31 09:58:55.552 [main] HomePage - Clicked on Start now button
[INFO ] 2022-10-31 09:58:57.639 [main] HomePage - Buyer clicked on Technology radio button
[INFO ] 2022-10-31 09:59:00.623 [main] HomePage - Clicked on Continue button
[INFO ] 2022-10-31 09:59:02.668 [main] HomePage - Buyer clicked on Both, product and service radio button
[INFO ] 2022-10-31 09:59:05.298 [main] HomePage - Clicked on Continue button
[INFO ] 2022-10-31 09:59:08.345 [main] HomePage - Buyer clicked on Audio-visual (AV) checkbox  button
[INFO ] 2022-10-31 09:59:10.897 [main] HomePage - Clicked on Continue button
[INFO ] 2022-10-31 09:59:12.944 [main] HomePage - Buyer clicked on Education radio button
[INFO ] 2022-10-31 09:59:16.238 [main] HomePage - Clicked on Continue button
[INFO ] 2022-10-31 09:59:24.293 [main] TestContext - =================To verify Buyer has provided with different recommendations "tech-both-edu-lot5", lots "1", service details "techProdEduDetails" on GM results page after initiating GM journey for framework "laptop" and after answering different set of question as looking for "Both, product and service", selects multiple service areas "Audio-visual (AV)", Sector buying as "Education" during the journey execution ends===================
[INFO ] 2022-10-31 09:59:24.498 [main] TestContext - =================To verify Buyer has provided with different recommendations "tech-both-lot2", lots "1", service details "techBothTechDetailsInfo" on GM results page after initiating GM journey for framework "laptop" and after answering different set of question as looking for "Both, product and service", selects multiple service areas "Hardware", Sector buying as "Blue light" during the journey execution starts===================
[INFO ] 2022-10-31 09:59:24.500 [main] BrowserFactory - Opening CHROMEbrowser
[INFO ] 2022-10-31 09:59:28.052 [main] TestContext - Successfully lunched the chrome browser
[INFO ] 2022-10-31 09:59:28.070 [main] TestContext - base.url:https://webuat.crowncommercial.gov.uk/
[INFO ] 2022-10-31 09:59:36.754 [main] BrowserFactory - https://webuat.crowncommercial.gov.uk/ is launched
[INFO ] 2022-10-31 09:59:46.563 [main] HomePage - Clicked on Start now button
[INFO ] 2022-10-31 09:59:50.080 [main] HomePage - Clicked on Start now button
[INFO ] 2022-10-31 09:59:52.160 [main] HomePage - Buyer clicked on Technology radio button
[INFO ] 2022-10-31 09:59:55.149 [main] HomePage - Clicked on Continue button
[INFO ] 2022-10-31 09:59:57.210 [main] HomePage - Buyer clicked on Both, product and service radio button
[INFO ] 2022-10-31 09:59:59.958 [main] HomePage - Clicked on Continue button
[INFO ] 2022-10-31 10:00:03.002 [main] HomePage - Buyer clicked on Hardware checkbox  button
[INFO ] 2022-10-31 10:00:06.356 [main] HomePage - Clicked on Continue button
[INFO ] 2022-10-31 10:00:08.398 [main] HomePage - Buyer clicked on Blue light radio button
[INFO ] 2022-10-31 10:00:11.990 [main] HomePage - Clicked on Continue button
[INFO ] 2022-10-31 10:00:19.094 [main] TestContext - =================To verify Buyer has provided with different recommendations "tech-both-lot2", lots "1", service details "techBothTechDetailsInfo" on GM results page after initiating GM journey for framework "laptop" and after answering different set of question as looking for "Both, product and service", selects multiple service areas "Hardware", Sector buying as "Blue light" during the journey execution ends===================
[INFO ] 2022-10-31 10:00:19.268 [main] TestContext - =================To verify Buyer has provided with different recommendations "tech-both-edu-lot4", lots "1", service details "techProdEduDetails" on GM results page after initiating GM journey for framework "laptop" and after answering different set of question as looking for "Both, product and service", selects multiple service areas "Hardware", Sector buying as "Education" during the journey execution starts===================
[INFO ] 2022-10-31 10:00:19.269 [main] BrowserFactory - Opening CHROMEbrowser
[INFO ] 2022-10-31 10:00:21.792 [main] TestContext - Successfully lunched the chrome browser
[INFO ] 2022-10-31 10:00:21.793 [main] TestContext - base.url:https://webuat.crowncommercial.gov.uk/
[INFO ] 2022-10-31 10:00:30.450 [main] BrowserFactory - https://webuat.crowncommercial.gov.uk/ is launched
[INFO ] 2022-10-31 10:00:39.616 [main] HomePage - Clicked on Start now button
[INFO ] 2022-10-31 10:00:43.387 [main] HomePage - Clicked on Start now button
[INFO ] 2022-10-31 10:00:45.471 [main] HomePage - Buyer clicked on Technology radio button
[INFO ] 2022-10-31 10:00:48.451 [main] HomePage - Clicked on Continue button
[INFO ] 2022-10-31 10:00:50.502 [main] HomePage - Buyer clicked on Both, product and service radio button
[INFO ] 2022-10-31 10:00:53.212 [main] HomePage - Clicked on Continue button
[INFO ] 2022-10-31 10:00:56.256 [main] HomePage - Buyer clicked on Hardware checkbox  button
[INFO ] 2022-10-31 10:00:59.258 [main] HomePage - Clicked on Continue button
[INFO ] 2022-10-31 10:01:01.315 [main] HomePage - Buyer clicked on Education radio button
[INFO ] 2022-10-31 10:01:05.101 [main] HomePage - Clicked on Continue button
[INFO ] 2022-10-31 10:01:12.151 [main] TestContext - =================To verify Buyer has provided with different recommendations "tech-both-edu-lot4", lots "1", service details "techProdEduDetails" on GM results page after initiating GM journey for framework "laptop" and after answering different set of question as looking for "Both, product and service", selects multiple service areas "Hardware", Sector buying as "Education" during the journey execution ends===================
[INFO ] 2022-10-31 10:01:12.340 [main] TestContext - =================To verify Buyer has provided with different recommendations "<recommendation>", lots "<lots>", service details "techBothTechDetailsInfo" on GM results page after initiating GM journey for framework "laptop" and after answering different set of question as looking for "Both, product and service", selects multiple service areas "Anything else", Sector buying as "Charities" during the journey execution starts===================
[INFO ] 2022-10-31 10:01:12.341 [main] BrowserFactory - Opening CHROMEbrowser
[INFO ] 2022-10-31 10:01:16.315 [main] TestContext - Successfully lunched the chrome browser
[INFO ] 2022-10-31 10:01:16.316 [main] TestContext - base.url:https://webuat.crowncommercial.gov.uk/
[INFO ] 2022-10-31 10:01:21.826 [main] BrowserFactory - https://webuat.crowncommercial.gov.uk/ is launched
[INFO ] 2022-10-31 10:01:31.482 [main] HomePage - Clicked on Start now button
[INFO ] 2022-10-31 10:01:35.404 [main] HomePage - Clicked on Start now button
[INFO ] 2022-10-31 10:01:37.471 [main] HomePage - Buyer clicked on Technology radio button
[INFO ] 2022-10-31 10:01:40.387 [main] HomePage - Clicked on Continue button
[INFO ] 2022-10-31 10:01:42.431 [main] HomePage - Buyer clicked on Both, product and service radio button
[INFO ] 2022-10-31 10:01:45.070 [main] HomePage - Clicked on Continue button
[INFO ] 2022-10-31 10:01:48.112 [main] HomePage - Buyer clicked on Anything else checkbox  button
[INFO ] 2022-10-31 10:01:50.651 [main] HomePage - Clicked on Continue button
[INFO ] 2022-10-31 10:01:52.707 [main] HomePage - Buyer clicked on Charities radio button
[INFO ] 2022-10-31 10:01:55.777 [main] HomePage - Clicked on Continue button
[INFO ] 2022-10-31 10:02:00.127 [main] TestContext - =================To verify Buyer has provided with different recommendations "<recommendation>", lots "<lots>", service details "techBothTechDetailsInfo" on GM results page after initiating GM journey for framework "laptop" and after answering different set of question as looking for "Both, product and service", selects multiple service areas "Anything else", Sector buying as "Charities" during the journey execution ends===================
[INFO ] 2022-10-31 10:02:00.297 [main] TestContext - =================To verify Buyer has provided with different recommendations "<recommendation>", lots "<lots>", service details "techProdEduDetails" on GM results page after initiating GM journey for framework "laptop" and after answering different set of question as looking for "Both, product and service", selects multiple service areas "Anything else", Sector buying as "Education" during the journey execution starts===================
[INFO ] 2022-10-31 10:02:00.298 [main] BrowserFactory - Opening CHROMEbrowser
[INFO ] 2022-10-31 10:02:02.746 [main] TestContext - Successfully lunched the chrome browser
[INFO ] 2022-10-31 10:02:02.747 [main] TestContext - base.url:https://webuat.crowncommercial.gov.uk/
[INFO ] 2022-10-31 10:02:07.777 [main] BrowserFactory - https://webuat.crowncommercial.gov.uk/ is launched
[INFO ] 2022-10-31 10:02:17.326 [main] HomePage - Clicked on Start now button
[INFO ] 2022-10-31 10:02:21.173 [main] HomePage - Clicked on Start now button
[INFO ] 2022-10-31 10:02:23.270 [main] HomePage - Buyer clicked on Technology radio button
[INFO ] 2022-10-31 10:02:26.145 [main] HomePage - Clicked on Continue button
[INFO ] 2022-10-31 10:02:28.203 [main] HomePage - Buyer clicked on Both, product and service radio button
[INFO ] 2022-10-31 10:02:30.824 [main] HomePage - Clicked on Continue button
[INFO ] 2022-10-31 10:02:33.870 [main] HomePage - Buyer clicked on Anything else checkbox  button
[INFO ] 2022-10-31 10:02:36.445 [main] HomePage - Clicked on Continue button
[INFO ] 2022-10-31 10:02:38.493 [main] HomePage - Buyer clicked on Education radio button
[INFO ] 2022-10-31 10:02:41.801 [main] HomePage - Clicked on Continue button
[INFO ] 2022-10-31 10:02:46.504 [main] TestContext - =================To verify Buyer has provided with different recommendations "<recommendation>", lots "<lots>", service details "techProdEduDetails" on GM results page after initiating GM journey for framework "laptop" and after answering different set of question as looking for "Both, product and service", selects multiple service areas "Anything else", Sector buying as "Education" during the journey execution ends===================
[INFO ] 2022-10-31 10:02:46.746 [main] TestContext - =================To verify Buyer has provided with different recommendations "tech-both-lot1", lots "1", service details "techBothTechDetailsInfo" on GM results page after initiating GM journey for framework "laptop" and after answering different set of question as looking for "Both, product and service", selects multiple service areas "Hardware and software ICT solutions", Sector buying as "Charities" and user clicks on Change answers during the journey execution starts===================
[INFO ] 2022-10-31 10:02:46.748 [main] BrowserFactory - Opening CHROMEbrowser
[INFO ] 2022-10-31 10:02:50.291 [main] TestContext - Successfully lunched the chrome browser
[INFO ] 2022-10-31 10:02:50.298 [main] TestContext - base.url:https://webuat.crowncommercial.gov.uk/
[INFO ] 2022-10-31 10:02:55.453 [main] BrowserFactory - https://webuat.crowncommercial.gov.uk/ is launched
[INFO ] 2022-10-31 10:03:06.334 [main] HomePage - Clicked on Start now button
[INFO ] 2022-10-31 10:03:09.937 [main] HomePage - Clicked on Start now button
[INFO ] 2022-10-31 10:03:12.011 [main] HomePage - Buyer clicked on Technology radio button
[INFO ] 2022-10-31 10:03:14.978 [main] HomePage - Clicked on Continue button
[INFO ] 2022-10-31 10:03:17.039 [main] HomePage - Buyer clicked on Both, product and service radio button
[INFO ] 2022-10-31 10:03:19.739 [main] HomePage - Clicked on Continue button
[INFO ] 2022-10-31 10:03:22.779 [main] HomePage - Buyer clicked on Hardware and software ICT solutions checkbox  button
[INFO ] 2022-10-31 10:03:25.454 [main] HomePage - Clicked on Continue button
[INFO ] 2022-10-31 10:03:27.510 [main] HomePage - Buyer clicked on Charities radio button
[INFO ] 2022-10-31 10:03:30.949 [main] HomePage - Clicked on Continue button
[INFO ] 2022-10-31 10:03:38.653 [main] TestContext - =================To verify Buyer has provided with different recommendations "tech-both-lot1", lots "1", service details "techBothTechDetailsInfo" on GM results page after initiating GM journey for framework "laptop" and after answering different set of question as looking for "Both, product and service", selects multiple service areas "Hardware and software ICT solutions", Sector buying as "Charities" and user clicks on Change answers during the journey execution ends===================
[INFO ] 2022-10-31 10:03:38.842 [main] TestContext - =================To verify Buyer has provided with different recommendations "<recommServices>", lots "1", service details "techProdEduDetails" on GM results page after initiating GM journey for framework "laptop" and after answering different set of question as looking for "Both, product and service", selects multiple service areas "Hardware and software ICT solutions", Sector buying as "Education" and and Buyer clicks on "Start over to change your answers" link during the journey execution starts===================
[INFO ] 2022-10-31 10:03:38.844 [main] BrowserFactory - Opening CHROMEbrowser
[INFO ] 2022-10-31 10:03:41.437 [main] TestContext - Successfully lunched the chrome browser
[INFO ] 2022-10-31 10:03:41.473 [main] TestContext - base.url:https://webuat.crowncommercial.gov.uk/
[INFO ] 2022-10-31 10:03:51.450 [main] BrowserFactory - https://webuat.crowncommercial.gov.uk/ is launched
[INFO ] 2022-10-31 10:04:00.927 [main] HomePage - Clicked on Start now button
[INFO ] 2022-10-31 10:04:04.630 [main] HomePage - Clicked on Start now button
[INFO ] 2022-10-31 10:04:06.727 [main] HomePage - Buyer clicked on Technology radio button
[INFO ] 2022-10-31 10:04:10.037 [main] HomePage - Clicked on Continue button
[INFO ] 2022-10-31 10:04:12.081 [main] HomePage - Buyer clicked on Both, product and service radio button
[INFO ] 2022-10-31 10:04:14.845 [main] HomePage - Clicked on Continue button
[INFO ] 2022-10-31 10:04:17.889 [main] HomePage - Buyer clicked on Hardware and software ICT solutions checkbox  button
[INFO ] 2022-10-31 10:04:20.472 [main] HomePage - Clicked on Continue button
[INFO ] 2022-10-31 10:04:22.527 [main] HomePage - Buyer clicked on Education radio button
[INFO ] 2022-10-31 10:04:25.833 [main] HomePage - Clicked on Continue button
[INFO ] 2022-10-31 10:04:33.132 [main] HomePage - Clicked on Start again to change your answers button
[INFO ] 2022-10-31 10:04:35.171 [main] HomePage - Buyer clicked on Technology radio button
[INFO ] 2022-10-31 10:04:37.846 [main] HomePage - Clicked on Continue button
[INFO ] 2022-10-31 10:04:39.881 [main] HomePage - Buyer clicked on Both, product and service radio button
[INFO ] 2022-10-31 10:04:42.420 [main] HomePage - Clicked on Continue button
[INFO ] 2022-10-31 10:04:45.457 [main] HomePage - Buyer clicked on Hardware and software ICT solutions checkbox  button
[INFO ] 2022-10-31 10:04:48.020 [main] HomePage - Clicked on Continue button
[INFO ] 2022-10-31 10:04:50.062 [main] HomePage - Buyer clicked on Education radio button
[INFO ] 2022-10-31 10:04:53.678 [main] HomePage - Clicked on Continue button
[INFO ] 2022-10-31 10:04:53.708 [main] GMResultPage - The details related to CTA is already expanded
[INFO ] 2022-10-31 10:04:55.955 [main] TestContext - =================To verify Buyer has provided with different recommendations "<recommServices>", lots "1", service details "techProdEduDetails" on GM results page after initiating GM journey for framework "laptop" and after answering different set of question as looking for "Both, product and service", selects multiple service areas "Hardware and software ICT solutions", Sector buying as "Education" and and Buyer clicks on "Start over to change your answers" link during the journey execution ends===================
[INFO ] 2022-10-31 10:11:24.616 [main] TestContext - =================Verify that user can view the agreement details execution starts===================
[INFO ] 2022-10-31 10:11:24.621 [main] BrowserFactory - Opening CHROMEbrowser
[INFO ] 2022-10-31 10:11:31.044 [main] TestContext - Successfully lunched the chrome browser
[INFO ] 2022-10-31 10:11:31.047 [main] TestContext - base.url:https://webuat.crowncommercial.gov.uk/
[INFO ] 2022-10-31 10:11:36.753 [main] BrowserFactory - https://webuat.crowncommercial.gov.uk/ is launched
[INFO ] 2022-10-31 10:11:47.280 [main] HomePage - Clicked on Start now button
[INFO ] 2022-10-31 10:11:51.047 [main] HomePage - Clicked on Start now button
[INFO ] 2022-10-31 10:11:56.329 [main] TestContext - =================Verify that user can view the agreement details execution ends===================
[INFO ] 2022-10-31 10:11:56.481 [main] TestContext - =================Verify that user can start again to change answers execution starts===================
[INFO ] 2022-10-31 10:11:56.482 [main] BrowserFactory - Opening CHROMEbrowser
[INFO ] 2022-10-31 10:12:00.969 [main] TestContext - Successfully lunched the chrome browser
[INFO ] 2022-10-31 10:12:00.971 [main] TestContext - base.url:https://webuat.crowncommercial.gov.uk/
[INFO ] 2022-10-31 10:12:09.800 [main] BrowserFactory - https://webuat.crowncommercial.gov.uk/ is launched
[INFO ] 2022-10-31 10:12:19.393 [main] HomePage - Clicked on Start now button
[INFO ] 2022-10-31 10:12:23.077 [main] HomePage - Clicked on Start now button
[INFO ] 2022-10-31 10:12:27.865 [main] TestContext - =================Verify that user can start again to change answers execution ends===================
[INFO ] 2022-10-31 10:12:28.036 [main] TestContext - =================Verify that user can navigate to Contact CCS page execution starts===================
[INFO ] 2022-10-31 10:12:28.037 [main] BrowserFactory - Opening CHROMEbrowser
[INFO ] 2022-10-31 10:12:31.683 [main] TestContext - Successfully lunched the chrome browser
[INFO ] 2022-10-31 10:12:31.684 [main] TestContext - base.url:https://webuat.crowncommercial.gov.uk/
[INFO ] 2022-10-31 10:12:40.701 [main] BrowserFactory - https://webuat.crowncommercial.gov.uk/ is launched
[INFO ] 2022-10-31 10:12:49.910 [main] HomePage - Clicked on Start now button
[INFO ] 2022-10-31 10:12:53.436 [main] HomePage - Clicked on Start now button
[INFO ] 2022-10-31 10:12:58.209 [main] TestContext - =================Verify that user can navigate to Contact CCS page execution ends===================
[INFO ] 2022-10-31 10:22:49.468 [main] TestContext - =================Verify that user can navigate to the search results page for the Building and Construction Journey execution starts===================
[INFO ] 2022-10-31 10:22:49.472 [main] BrowserFactory - Opening CHROMEbrowser
[INFO ] 2022-10-31 10:22:55.658 [main] TestContext - Successfully lunched the chrome browser
[INFO ] 2022-10-31 10:22:55.660 [main] TestContext - base.url:https://webuat.crowncommercial.gov.uk/
[INFO ] 2022-10-31 10:23:03.408 [main] BrowserFactory - https://webuat.crowncommercial.gov.uk/ is launched
[INFO ] 2022-10-31 10:23:12.605 [main] HomePage - Clicked on Start now button
[INFO ] 2022-10-31 10:23:16.328 [main] HomePage - Clicked on Start now button
[INFO ] 2022-10-31 10:23:19.551 [main] TestContext - =================Verify that user can navigate to the search results page for the Building and Construction Journey execution ends===================
[INFO ] 2022-10-31 10:23:19.741 [main] TestContext - =================Verify that user can navigate to the search results page for the Energy, fuel or water journey execution starts===================
[INFO ] 2022-10-31 10:23:19.743 [main] BrowserFactory - Opening CHROMEbrowser
[INFO ] 2022-10-31 10:23:22.315 [main] TestContext - Successfully lunched the chrome browser
[INFO ] 2022-10-31 10:23:22.315 [main] TestContext - base.url:https://webuat.crowncommercial.gov.uk/
[INFO ] 2022-10-31 10:23:28.317 [main] BrowserFactory - https://webuat.crowncommercial.gov.uk/ is launched
[INFO ] 2022-10-31 10:23:38.200 [main] HomePage - Clicked on Start now button
[INFO ] 2022-10-31 10:23:42.080 [main] HomePage - Clicked on Start now button
[INFO ] 2022-10-31 10:23:45.123 [main] TestContext - =================Verify that user can navigate to the search results page for the Energy, fuel or water journey execution ends===================
[INFO ] 2022-10-31 10:23:45.314 [main] TestContext - =================Verify that user can navigate to the search results page for the Energy, fuel or water journey execution starts===================
[INFO ] 2022-10-31 10:23:45.316 [main] BrowserFactory - Opening CHROMEbrowser
[INFO ] 2022-10-31 10:23:47.616 [main] TestContext - Successfully lunched the chrome browser
[INFO ] 2022-10-31 10:23:47.616 [main] TestContext - base.url:https://webuat.crowncommercial.gov.uk/
[INFO ] 2022-10-31 10:23:52.224 [main] BrowserFactory - https://webuat.crowncommercial.gov.uk/ is launched
[INFO ] 2022-10-31 10:24:02.167 [main] HomePage - Clicked on Start now button
[INFO ] 2022-10-31 10:24:05.844 [main] HomePage - Clicked on Start now button
[INFO ] 2022-10-31 10:24:08.598 [main] TestContext - =================Verify that user can navigate to the search results page for the Energy, fuel or water journey execution ends===================
[INFO ] 2022-10-31 10:24:08.928 [main] TestContext - =================Verify that user can navigate to the search results page for the Energy, fuel or water journey execution starts===================
[INFO ] 2022-10-31 10:24:08.938 [main] BrowserFactory - Opening CHROMEbrowser
[INFO ] 2022-10-31 10:24:13.198 [main] TestContext - Successfully lunched the chrome browser
[INFO ] 2022-10-31 10:24:13.198 [main] TestContext - base.url:https://webuat.crowncommercial.gov.uk/
[INFO ] 2022-10-31 10:24:18.783 [main] BrowserFactory - https://webuat.crowncommercial.gov.uk/ is launched
[INFO ] 2022-10-31 10:24:27.767 [main] HomePage - Clicked on Start now button
[INFO ] 2022-10-31 10:24:31.772 [main] HomePage - Clicked on Start now button
[INFO ] 2022-10-31 10:24:34.445 [main] TestContext - =================Verify that user can navigate to the search results page for the Energy, fuel or water journey execution ends===================
[INFO ] 2022-10-31 10:24:34.615 [main] TestContext - =================Verify that user can navigate to the search results page for the Energy, fuel or water journey execution starts===================
[INFO ] 2022-10-31 10:24:34.617 [main] BrowserFactory - Opening CHROMEbrowser
[INFO ] 2022-10-31 10:24:37.300 [main] TestContext - Successfully lunched the chrome browser
[INFO ] 2022-10-31 10:24:37.300 [main] TestContext - base.url:https://webuat.crowncommercial.gov.uk/
[INFO ] 2022-10-31 10:24:41.585 [main] BrowserFactory - https://webuat.crowncommercial.gov.uk/ is launched
[INFO ] 2022-10-31 10:24:50.814 [main] HomePage - Clicked on Start now button
[INFO ] 2022-10-31 10:24:54.796 [main] HomePage - Clicked on Start now button
[INFO ] 2022-10-31 10:24:57.569 [main] TestContext - =================Verify that user can navigate to the search results page for the Energy, fuel or water journey execution ends===================
[INFO ] 2022-10-31 10:24:57.727 [main] TestContext - =================Verify that user can navigate to the search results page for the Facilities, estate or workplace management journey execution starts===================
[INFO ] 2022-10-31 10:24:57.729 [main] BrowserFactory - Opening CHROMEbrowser
[INFO ] 2022-10-31 10:25:00.592 [main] TestContext - Successfully lunched the chrome browser
[INFO ] 2022-10-31 10:25:00.592 [main] TestContext - base.url:https://webuat.crowncommercial.gov.uk/
[INFO ] 2022-10-31 10:25:08.023 [main] BrowserFactory - https://webuat.crowncommercial.gov.uk/ is launched
[INFO ] 2022-10-31 10:25:16.873 [main] HomePage - Clicked on Start now button
[INFO ] 2022-10-31 10:25:20.521 [main] HomePage - Clicked on Start now button
[INFO ] 2022-10-31 10:25:23.225 [main] TestContext - =================Verify that user can navigate to the search results page for the Facilities, estate or workplace management journey execution ends===================
[INFO ] 2022-10-31 10:25:23.388 [main] TestContext - =================Verify that user can navigate to the search results page for the Facilities, estate or workplace management journey execution starts===================
[INFO ] 2022-10-31 10:25:23.389 [main] BrowserFactory - Opening CHROMEbrowser
[INFO ] 2022-10-31 10:25:27.080 [main] TestContext - Successfully lunched the chrome browser
[INFO ] 2022-10-31 10:25:27.080 [main] TestContext - base.url:https://webuat.crowncommercial.gov.uk/
[INFO ] 2022-10-31 10:25:32.527 [main] BrowserFactory - https://webuat.crowncommercial.gov.uk/ is launched
[INFO ] 2022-10-31 10:25:41.839 [main] HomePage - Clicked on Start now button
[INFO ] 2022-10-31 10:25:45.878 [main] HomePage - Clicked on Start now button
[INFO ] 2022-10-31 10:25:48.504 [main] TestContext - =================Verify that user can navigate to the search results page for the Facilities, estate or workplace management journey execution ends===================
[INFO ] 2022-10-31 10:25:48.669 [main] TestContext - =================Verify that user can navigate to the agreement result page when no result is returned execution starts===================
[INFO ] 2022-10-31 10:25:48.670 [main] BrowserFactory - Opening CHROMEbrowser
[INFO ] 2022-10-31 10:25:51.289 [main] TestContext - Successfully lunched the chrome browser
[INFO ] 2022-10-31 10:25:51.290 [main] TestContext - base.url:https://webuat.crowncommercial.gov.uk/
[INFO ] 2022-10-31 10:25:56.591 [main] BrowserFactory - https://webuat.crowncommercial.gov.uk/ is launched
[INFO ] 2022-10-31 10:26:06.587 [main] HomePage - Clicked on Start now button
[INFO ] 2022-10-31 10:26:10.094 [main] HomePage - Clicked on Start now button
[INFO ] 2022-10-31 10:26:12.864 [main] TestContext - =================Verify that user can navigate to the agreement result page when no result is returned execution ends===================
[INFO ] 2022-10-31 10:26:13.023 [main] TestContext - =================Verify that validation error message is displayed when an option is not selected(Building and Construction Journey) execution starts===================
[INFO ] 2022-10-31 10:26:13.025 [main] BrowserFactory - Opening CHROMEbrowser
[INFO ] 2022-10-31 10:26:15.763 [main] TestContext - Successfully lunched the chrome browser
[INFO ] 2022-10-31 10:26:15.764 [main] TestContext - base.url:https://webuat.crowncommercial.gov.uk/
[INFO ] 2022-10-31 10:26:21.312 [main] BrowserFactory - https://webuat.crowncommercial.gov.uk/ is launched
[INFO ] 2022-10-31 10:26:30.239 [main] HomePage - Clicked on Start now button
[INFO ] 2022-10-31 10:26:33.791 [main] HomePage - Clicked on Start now button
[INFO ] 2022-10-31 10:26:36.571 [main] TestContext - =================Verify that validation error message is displayed when an option is not selected(Building and Construction Journey) execution ends===================
[INFO ] 2022-10-31 11:48:58.919 [main] TestContext - =================Verify that user can navigate through the Corporate Solutions Journey execution starts===================
[INFO ] 2022-10-31 11:48:58.924 [main] BrowserFactory - Opening CHROMEbrowser
[INFO ] 2022-10-31 11:49:03.810 [main] TestContext - Successfully lunched the chrome browser
[INFO ] 2022-10-31 11:49:03.811 [main] TestContext - base.url:https://webuat.crowncommercial.gov.uk/
[INFO ] 2022-10-31 11:49:10.741 [main] BrowserFactory - https://webuat.crowncommercial.gov.uk/ is launched
[INFO ] 2022-10-31 11:49:21.505 [main] HomePage - Clicked on Start now button
[INFO ] 2022-10-31 11:49:24.908 [main] HomePage - Clicked on Start now button
[INFO ] 2022-10-31 11:49:28.380 [main] TestContext - =================Verify that user can navigate through the Corporate Solutions Journey execution ends===================
[INFO ] 2022-10-31 11:49:28.610 [main] TestContext - =================Verify that validation error message is displayed when an option is not selected(Corporate Solution Journey) execution starts===================
[INFO ] 2022-10-31 11:49:28.611 [main] BrowserFactory - Opening CHROMEbrowser
[INFO ] 2022-10-31 11:49:31.261 [main] TestContext - Successfully lunched the chrome browser
[INFO ] 2022-10-31 11:49:31.262 [main] TestContext - base.url:https://webuat.crowncommercial.gov.uk/
[INFO ] 2022-10-31 11:49:35.809 [main] BrowserFactory - https://webuat.crowncommercial.gov.uk/ is launched
[INFO ] 2022-10-31 11:49:45.623 [main] HomePage - Clicked on Start now button
[INFO ] 2022-10-31 11:49:49.274 [main] HomePage - Clicked on Start now button
[INFO ] 2022-10-31 11:49:51.979 [main] TestContext - =================Verify that validation error message is displayed when an option is not selected(Corporate Solution Journey) execution ends===================
[INFO ] 2022-10-31 13:13:18.060 [main] TestContext - =================Verify that user can navigate through the Corporate Solutions Journey execution starts===================
[INFO ] 2022-10-31 13:13:18.072 [main] BrowserFactory - Opening CHROMEbrowser
[INFO ] 2022-10-31 13:13:23.629 [main] TestContext - Successfully lunched the chrome browser
[INFO ] 2022-10-31 13:13:23.634 [main] TestContext - base.url:https://webuat.crowncommercial.gov.uk/
[INFO ] 2022-10-31 13:13:29.836 [main] BrowserFactory - https://webuat.crowncommercial.gov.uk/ is launched
[INFO ] 2022-10-31 13:13:40.016 [main] HomePage - Clicked on Start now button
[INFO ] 2022-10-31 13:13:43.894 [main] HomePage - Clicked on Start now button
[INFO ] 2022-10-31 13:13:49.312 [main] TestContext - =================Verify that user can navigate through the Corporate Solutions Journey execution ends===================
[INFO ] 2022-10-31 13:13:49.508 [main] TestContext - =================Verify that validation error message is displayed when an option is not selected(Corporate Solution Journey) execution starts===================
[INFO ] 2022-10-31 13:13:49.509 [main] BrowserFactory - Opening CHROMEbrowser
[INFO ] 2022-10-31 13:13:52.884 [main] TestContext - Successfully lunched the chrome browser
[INFO ] 2022-10-31 13:13:52.884 [main] TestContext - base.url:https://webuat.crowncommercial.gov.uk/
[INFO ] 2022-10-31 13:13:58.713 [main] BrowserFactory - https://webuat.crowncommercial.gov.uk/ is launched
[INFO ] 2022-10-31 13:14:08.330 [main] HomePage - Clicked on Start now button
[INFO ] 2022-10-31 13:14:12.309 [main] HomePage - Clicked on Start now button
[INFO ] 2022-10-31 13:14:17.040 [main] TestContext - =================Verify that validation error message is displayed when an option is not selected(Corporate Solution Journey) execution ends===================
