[INFO ] 2023-03-15 09:48:21.941 [main] TestContext - =================RM6102:Apprenticeship Training execution starts===================
[INFO ] 2023-03-15 09:48:21.971 [main] BrowserFactory - Opening CHROMEbrowser
[INFO ] 2023-03-15 09:48:55.202 [main] TestContext - =================RM6145:Learning And Development-Lot6 execution starts===================
[INFO ] 2023-03-15 09:48:55.211 [main] BrowserFactory - Opening CHROMEbrowser
[INFO ] 2023-03-15 09:49:04.547 [main] TestContext - Successfully lunched the chrome browser
[INFO ] 2023-03-15 09:49:04.548 [main] TestContext - base.url:https://webuat.crowncommercial.gov.uk/
[INFO ] 2023-03-15 09:49:14.092 [main] BrowserFactory - https://webuat.crowncommercial.gov.uk/ is launched
[INFO ] 2023-03-15 09:49:28.737 [main] HomePage - Clicked on Start now button
[INFO ] 2023-03-15 09:49:31.969 [main] HomePage - Clicked on Start now button
[INFO ] 2023-03-15 09:49:34.163 [main] HomePage - Buyer clicked on Learning & Development radio button
[INFO ] 2023-03-15 09:49:36.843 [main] HomePage - Clicked on Continue button
[INFO ] 2023-03-15 09:49:38.901 [main] HomePage - Buyer clicked on Learning and Development radio button
[INFO ] 2023-03-15 09:49:41.403 [main] HomePage - Clicked on Continue button
[INFO ] 2023-03-15 09:49:43.445 [main] HomePage - Buyer clicked on Yes radio button
[INFO ] 2023-03-15 09:49:45.943 [main] HomePage - Clicked on Continue button
[INFO ] 2023-03-15 09:49:48.022 [main] HomePage - Buyer clicked on Learning Design and Delivery and Subject Matter Expertise and Coaching radio button
[INFO ] 2023-03-15 09:49:51.468 [main] HomePage - Clicked on Continue button
[INFO ] 2023-03-15 09:50:01.058 [main] TestContext - =================RM6145:Learning And Development-Lot6 execution ends===================
[INFO ] 2023-03-15 09:50:01.344 [main] TestContext - =================RM6219:Learning And Development execution starts===================
[INFO ] 2023-03-15 09:50:01.345 [main] BrowserFactory - Opening CHROMEbrowser
[INFO ] 2023-03-15 09:50:07.551 [main] TestContext - Successfully lunched the chrome browser
[INFO ] 2023-03-15 09:50:07.552 [main] TestContext - base.url:https://webuat.crowncommercial.gov.uk/
[INFO ] 2023-03-15 09:50:16.409 [main] BrowserFactory - https://webuat.crowncommercial.gov.uk/ is launched
[INFO ] 2023-03-15 09:50:30.384 [main] HomePage - Clicked on Start now button
[INFO ] 2023-03-15 09:50:33.533 [main] HomePage - Clicked on Start now button
[INFO ] 2023-03-15 09:50:35.723 [main] HomePage - Buyer clicked on Learning & Development radio button
[INFO ] 2023-03-15 09:50:38.366 [main] HomePage - Clicked on Continue button
[INFO ] 2023-03-15 09:50:40.430 [main] HomePage - Buyer clicked on Learning and Development radio button
[INFO ] 2023-03-15 09:50:42.909 [main] HomePage - Clicked on Continue button
[INFO ] 2023-03-15 09:50:45.739 [main] HomePage - Buyer clicked on No radio button
[INFO ] 2023-03-15 09:50:48.781 [main] HomePage - Clicked on Continue button
[INFO ] 2023-03-15 09:50:52.080 [main] TestContext - =================RM6219:Learning And Development execution ends===================
[INFO ] 2023-03-15 09:50:52.350 [main] TestContext - =================RM6188 Audit & Assurance Services-Lot1 execution starts===================
[INFO ] 2023-03-15 09:50:52.352 [main] BrowserFactory - Opening CHROMEbrowser
[INFO ] 2023-03-15 09:50:58.290 [main] TestContext - Successfully lunched the chrome browser
[INFO ] 2023-03-15 09:50:58.292 [main] TestContext - base.url:https://webuat.crowncommercial.gov.uk/
[INFO ] 2023-03-15 09:51:04.752 [main] BrowserFactory - https://webuat.crowncommercial.gov.uk/ is launched
[INFO ] 2023-03-15 09:51:19.221 [main] HomePage - Clicked on Start now button
[INFO ] 2023-03-15 09:51:22.380 [main] HomePage - Clicked on Start now button
[INFO ] 2023-03-15 09:51:24.557 [main] HomePage - Buyer clicked on Audit and Assurance radio button
[INFO ] 2023-03-15 09:51:27.230 [main] HomePage - Clicked on Continue button
[INFO ] 2023-03-15 09:51:29.298 [main] HomePage - Buyer clicked on Core internal audit services radio button
[INFO ] 2023-03-15 09:51:32.911 [main] HomePage - Clicked on Continue button
[INFO ] 2023-03-15 09:51:39.576 [main] TestContext - =================RM6188 Audit & Assurance Services-Lot1 execution ends===================
[INFO ] 2023-03-15 09:51:39.757 [main] TestContext - =================RM6188 Audit & Assurance Services-Lot4 execution starts===================
[INFO ] 2023-03-15 09:51:39.758 [main] BrowserFactory - Opening CHROMEbrowser
[INFO ] 2023-03-15 09:51:45.814 [main] TestContext - Successfully lunched the chrome browser
[INFO ] 2023-03-15 09:51:45.816 [main] TestContext - base.url:https://webuat.crowncommercial.gov.uk/
[INFO ] 2023-03-15 09:51:55.988 [main] BrowserFactory - https://webuat.crowncommercial.gov.uk/ is launched
[INFO ] 2023-03-15 09:52:10.263 [main] HomePage - Clicked on Start now button
[INFO ] 2023-03-15 09:52:14.693 [main] HomePage - Clicked on Start now button
[INFO ] 2023-03-15 09:52:16.833 [main] HomePage - Buyer clicked on Audit and Assurance radio button
[INFO ] 2023-03-15 09:52:19.441 [main] HomePage - Clicked on Continue button
[INFO ] 2023-03-15 09:52:21.511 [main] HomePage - Buyer clicked on Other independent assurance services radio button
[INFO ] 2023-03-15 09:52:25.328 [main] HomePage - Clicked on Continue button
[INFO ] 2023-03-15 09:52:32.110 [main] TestContext - =================RM6188 Audit & Assurance Services-Lot4 execution ends===================
[INFO ] 2023-03-15 09:52:32.465 [main] TestContext - =================RM6157: Building Materials - LOT1 execution starts===================
[INFO ] 2023-03-15 09:52:32.467 [main] BrowserFactory - Opening CHROMEbrowser
[INFO ] 2023-03-15 09:52:40.457 [main] TestContext - Successfully lunched the chrome browser
[INFO ] 2023-03-15 09:52:40.460 [main] TestContext - base.url:https://webuat.crowncommercial.gov.uk/
[INFO ] 2023-03-15 09:52:47.071 [main] BrowserFactory - https://webuat.crowncommercial.gov.uk/ is launched
[INFO ] 2023-03-15 09:53:01.299 [main] HomePage - Clicked on Start now button
[INFO ] 2023-03-15 09:53:04.430 [main] HomePage - Clicked on Start now button
[INFO ] 2023-03-15 09:53:06.617 [main] HomePage - Buyer clicked on Building Materials and Equipment radio button
[INFO ] 2023-03-15 09:53:09.271 [main] HomePage - Clicked on Continue button
[INFO ] 2023-03-15 09:53:11.344 [main] HomePage - Buyer clicked on Heavy building materials and one stop shop radio button
[INFO ] 2023-03-15 09:53:14.795 [main] HomePage - Clicked on Continue button
[INFO ] 2023-03-15 09:53:21.439 [main] TestContext - =================RM6157: Building Materials - LOT1 execution ends===================
[INFO ] 2023-03-15 09:53:21.667 [main] TestContext - =================RM6157: Building Materials - LOT9 execution starts===================
[INFO ] 2023-03-15 09:53:21.668 [main] BrowserFactory - Opening CHROMEbrowser
[INFO ] 2023-03-15 09:53:27.111 [main] TestContext - Successfully lunched the chrome browser
[INFO ] 2023-03-15 09:53:27.112 [main] TestContext - base.url:https://webuat.crowncommercial.gov.uk/
[INFO ] 2023-03-15 09:53:33.408 [main] BrowserFactory - https://webuat.crowncommercial.gov.uk/ is launched
[INFO ] 2023-03-15 09:53:47.453 [main] HomePage - Clicked on Start now button
[INFO ] 2023-03-15 09:53:49.519 [main] TestContext - =================RM6262  Crown Hosting II execution starts===================
[INFO ] 2023-03-15 09:53:49.524 [main] BrowserFactory - Opening CHROMEbrowser
[INFO ] 2023-03-15 09:55:40.575 [main] TestContext - Successfully lunched the chrome browser
[INFO ] 2023-03-15 09:55:40.576 [main] TestContext - base.url:https://webuat.crowncommercial.gov.uk/
[INFO ] 2023-03-15 09:55:47.915 [main] BrowserFactory - https://webuat.crowncommercial.gov.uk/ is launched
[INFO ] 2023-03-15 09:56:07.042 [main] HomePage - Clicked on Start now button
[INFO ] 2023-03-15 09:59:15.316 [main] TestContext - =================RM6102:Apprenticeship Training execution starts===================
[INFO ] 2023-03-15 09:59:15.319 [main] BrowserFactory - Opening CHROMEbrowser
[INFO ] 2023-03-15 09:59:24.584 [main] TestContext - Successfully lunched the chrome browser
[INFO ] 2023-03-15 09:59:24.589 [main] TestContext - base.url:https://webuat.crowncommercial.gov.uk/
[INFO ] 2023-03-15 09:59:34.559 [main] BrowserFactory - https://webuat.crowncommercial.gov.uk/ is launched
[INFO ] 2023-03-15 09:59:48.713 [main] HomePage - Clicked on Start now button
[INFO ] 2023-03-15 09:59:52.022 [main] HomePage - Clicked on Start now button
[INFO ] 2023-03-15 09:59:54.200 [main] HomePage - Buyer clicked on Apprenticeship Training radio button
[INFO ] 2023-03-15 09:59:56.780 [main] HomePage - Clicked on Continue button
[INFO ] 2023-03-15 09:59:58.852 [main] HomePage - Buyer clicked on Learning and training services radio button
[INFO ] 2023-03-15 10:00:03.819 [main] HomePage - Clicked on Continue button
[INFO ] 2023-03-15 10:00:05.548 [main] TestContext - =================RM6102:Apprenticeship Training execution ends===================
[INFO ] 2023-03-15 10:00:05.769 [main] TestContext - =================RM6145:Learning And Development-Lot6 execution starts===================
[INFO ] 2023-03-15 10:00:05.770 [main] BrowserFactory - Opening CHROMEbrowser
[INFO ] 2023-03-15 10:00:12.382 [main] TestContext - Successfully lunched the chrome browser
[INFO ] 2023-03-15 10:00:12.383 [main] TestContext - base.url:https://webuat.crowncommercial.gov.uk/
[INFO ] 2023-03-15 10:00:21.984 [main] BrowserFactory - https://webuat.crowncommercial.gov.uk/ is launched
[INFO ] 2023-03-15 10:00:35.911 [main] HomePage - Clicked on Start now button
[INFO ] 2023-03-15 10:00:39.694 [main] HomePage - Clicked on Start now button
[INFO ] 2023-03-15 10:00:41.889 [main] HomePage - Buyer clicked on Learning & Development radio button
[INFO ] 2023-03-15 10:00:45.275 [main] HomePage - Clicked on Continue button
[INFO ] 2023-03-15 10:00:47.332 [main] HomePage - Buyer clicked on Learning and Development radio button
[INFO ] 2023-03-15 10:00:49.987 [main] HomePage - Clicked on Continue button
[INFO ] 2023-03-15 10:00:52.039 [main] HomePage - Buyer clicked on Yes radio button
[INFO ] 2023-03-15 10:00:54.417 [main] HomePage - Clicked on Continue button
[INFO ] 2023-03-15 10:00:56.459 [main] HomePage - Buyer clicked on Learning Design and Delivery and Subject Matter Expertise and Coaching radio button
[INFO ] 2023-03-15 10:00:59.802 [main] HomePage - Clicked on Continue button
[INFO ] 2023-03-15 13:47:25.172 [main] TestContext - =================RM6102:Apprenticeship Training execution starts===================
[INFO ] 2023-03-15 13:47:25.176 [main] BrowserFactory - Opening CHROMEbrowser
[INFO ] 2023-03-15 13:47:33.725 [main] TestContext - Successfully lunched the chrome browser
[INFO ] 2023-03-15 13:47:33.730 [main] TestContext - base.url:https://webuat.crowncommercial.gov.uk/
[INFO ] 2023-03-15 13:47:43.642 [main] BrowserFactory - https://webuat.crowncommercial.gov.uk/ is launched
[INFO ] 2023-03-15 13:47:57.844 [main] HomePage - Clicked on Start now button
[INFO ] 2023-03-15 13:48:00.962 [main] HomePage - Clicked on Start now button
[INFO ] 2023-03-15 13:48:03.145 [main] HomePage - Buyer clicked on Apprenticeship Training radio button
[INFO ] 2023-03-15 13:48:05.816 [main] HomePage - Clicked on Continue button
[INFO ] 2023-03-15 13:48:07.873 [main] HomePage - Buyer clicked on Learning and training services radio button
[INFO ] 2023-03-15 13:48:11.102 [main] HomePage - Clicked on Continue button
[INFO ] 2023-03-15 13:48:12.856 [main] TestContext - =================RM6102:Apprenticeship Training execution ends===================
[INFO ] 2023-03-15 13:48:13.028 [main] TestContext - =================RM6145:Learning And Development-Lot6 execution starts===================
[INFO ] 2023-03-15 13:48:13.029 [main] BrowserFactory - Opening CHROMEbrowser
[INFO ] 2023-03-15 13:48:20.026 [main] TestContext - Successfully lunched the chrome browser
[INFO ] 2023-03-15 13:48:20.027 [main] TestContext - base.url:https://webuat.crowncommercial.gov.uk/
[INFO ] 2023-03-15 13:48:30.257 [main] BrowserFactory - https://webuat.crowncommercial.gov.uk/ is launched
[INFO ] 2023-03-15 13:48:44.306 [main] HomePage - Clicked on Start now button
[INFO ] 2023-03-15 13:48:47.557 [main] HomePage - Clicked on Start now button
[INFO ] 2023-03-15 13:48:49.771 [main] HomePage - Buyer clicked on Learning & Development radio button
[INFO ] 2023-03-15 13:48:52.380 [main] HomePage - Clicked on Continue button
[INFO ] 2023-03-15 13:48:54.434 [main] HomePage - Buyer clicked on Learning and Development radio button
[INFO ] 2023-03-15 13:48:56.927 [main] HomePage - Clicked on Continue button
[INFO ] 2023-03-15 13:48:58.979 [main] HomePage - Buyer clicked on Yes radio button
[INFO ] 2023-03-15 13:49:01.486 [main] HomePage - Clicked on Continue button
[INFO ] 2023-03-15 13:49:03.527 [main] HomePage - Buyer clicked on Learning Design and Delivery and Subject Matter Expertise and Coaching radio button
[INFO ] 2023-03-15 13:49:06.966 [main] HomePage - Clicked on Continue button
[INFO ] 2023-03-15 13:50:49.825 [main] TestContext - =================RM6262  Crown Hosting II execution starts===================
[INFO ] 2023-03-15 13:50:49.829 [main] BrowserFactory - Opening CHROMEbrowser
[INFO ] 2023-03-15 13:50:58.825 [main] TestContext - Successfully lunched the chrome browser
[INFO ] 2023-03-15 13:50:58.830 [main] TestContext - base.url:https://webuat.crowncommercial.gov.uk/
[INFO ] 2023-03-15 13:51:08.875 [main] BrowserFactory - https://webuat.crowncommercial.gov.uk/ is launched
[INFO ] 2023-03-15 13:51:22.913 [main] HomePage - Clicked on Start now button
[INFO ] 2023-03-15 13:51:26.070 [main] HomePage - Clicked on Start now button
[INFO ] 2023-03-15 13:51:28.279 [main] HomePage - Buyer clicked on Hosting service radio button
[INFO ] 2023-03-15 13:51:30.878 [main] HomePage - Clicked on Continue button
[INFO ] 2023-03-15 13:51:32.957 [main] HomePage - Buyer clicked on Data halls and data centres radio button
[INFO ] 2023-03-15 13:51:35.425 [main] HomePage - Clicked on Continue button
[INFO ] 2023-03-15 13:51:37.470 [main] HomePage - Buyer clicked on Private data halls and data centres radio button
[INFO ] 2023-03-15 13:51:40.700 [main] HomePage - Clicked on Continue button
[INFO ] 2023-03-15 13:51:43.472 [main] GMResultPage - The <What service do you need?> was not found in the question list
[INFO ] 2023-03-15 13:51:47.887 [main] TestContext - =================RM6262  Crown Hosting II execution ends===================
[INFO ] 2023-03-15 13:53:11.509 [main] TestContext - =================RM6181:Contact Centre Services-Lot1 execution starts===================
[INFO ] 2023-03-15 13:53:11.512 [main] BrowserFactory - Opening CHROMEbrowser
[INFO ] 2023-03-15 13:53:20.904 [main] TestContext - Successfully lunched the chrome browser
[INFO ] 2023-03-15 13:53:20.908 [main] TestContext - base.url:https://webuat.crowncommercial.gov.uk/
[INFO ] 2023-03-15 13:53:30.413 [main] BrowserFactory - https://webuat.crowncommercial.gov.uk/ is launched
[INFO ] 2023-03-15 13:53:44.521 [main] HomePage - Clicked on Start now button
[INFO ] 2023-03-15 13:53:49.277 [main] HomePage - Clicked on Start now button
[INFO ] 2023-03-15 13:53:51.411 [main] HomePage - Buyer clicked on Contact Centre radio button
[INFO ] 2023-03-15 13:53:55.104 [main] HomePage - Clicked on Continue button
[INFO ] 2023-03-15 13:53:57.413 [main] HomePage - Buyer clicked on Contact centre services radio button
[INFO ] 2023-03-15 13:54:01.332 [main] HomePage - Clicked on Continue button
[INFO ] 2023-03-15 13:54:10.453 [main] TestContext - =================RM6181:Contact Centre Services-Lot1 execution ends===================
[INFO ] 2023-03-15 13:54:10.696 [main] TestContext - =================RM6181:Business Services-Lot2 execution starts===================
[INFO ] 2023-03-15 13:54:10.698 [main] BrowserFactory - Opening CHROMEbrowser
[INFO ] 2023-03-15 13:54:19.064 [main] TestContext - Successfully lunched the chrome browser
[INFO ] 2023-03-15 13:54:19.066 [main] TestContext - base.url:https://webuat.crowncommercial.gov.uk/
[INFO ] 2023-03-15 13:54:26.068 [main] BrowserFactory - https://webuat.crowncommercial.gov.uk/ is launched
[INFO ] 2023-03-15 13:54:40.353 [main] HomePage - Clicked on Start now button
[INFO ] 2023-03-15 13:54:43.788 [main] HomePage - Clicked on Start now button
[INFO ] 2023-03-15 13:54:45.995 [main] HomePage - Buyer clicked on Business Services radio button
[INFO ] 2023-03-15 13:54:48.701 [main] HomePage - Clicked on Continue button
[INFO ] 2023-03-15 13:54:50.813 [main] HomePage - Buyer clicked on Financial accounting radio button
[INFO ] 2023-03-15 13:54:54.514 [main] HomePage - Clicked on Continue button
[INFO ] 2023-03-15 13:55:02.302 [main] TestContext - =================RM6181:Business Services-Lot2 execution ends===================
[INFO ] 2023-03-15 15:31:18.584 [main] TestContext - =================RM6181:Contact Centre Services-Lot1 execution starts===================
[INFO ] 2023-03-15 15:31:18.589 [main] BrowserFactory - Opening CHROMEbrowser
[INFO ] 2023-03-15 15:31:26.009 [main] TestContext - Successfully lunched the chrome browser
[INFO ] 2023-03-15 15:31:26.018 [main] TestContext - base.url:https://webuat.crowncommercial.gov.uk/
[INFO ] 2023-03-15 15:31:36.474 [main] BrowserFactory - https://webuat.crowncommercial.gov.uk/ is launched
[INFO ] 2023-03-15 15:31:51.109 [main] HomePage - Clicked on Start now button
[INFO ] 2023-03-15 15:31:54.034 [main] HomePage - Clicked on Start now button
[INFO ] 2023-03-15 15:31:56.262 [main] HomePage - Buyer clicked on Contact Centre radio button
[INFO ] 2023-03-15 15:32:00.482 [main] HomePage - Clicked on Continue button
[INFO ] 2023-03-15 15:32:02.578 [main] HomePage - Buyer clicked on Contact centre services radio button
[INFO ] 2023-03-15 15:32:06.309 [main] HomePage - Clicked on Continue button
[INFO ] 2023-03-15 15:32:09.662 [main] TestContext - =================RM6181:Contact Centre Services-Lot1 execution ends===================
[INFO ] 2023-03-15 15:32:09.876 [main] TestContext - =================RM6181:Business Services-Lot2 execution starts===================
[INFO ] 2023-03-15 15:32:09.878 [main] BrowserFactory - Opening CHROMEbrowser
[INFO ] 2023-03-15 15:32:15.710 [main] TestContext - Successfully lunched the chrome browser
[INFO ] 2023-03-15 15:32:15.711 [main] TestContext - base.url:https://webuat.crowncommercial.gov.uk/
[INFO ] 2023-03-15 15:32:22.247 [main] BrowserFactory - https://webuat.crowncommercial.gov.uk/ is launched
[INFO ] 2023-03-15 15:32:36.631 [main] HomePage - Clicked on Start now button
[INFO ] 2023-03-15 15:32:39.780 [main] HomePage - Clicked on Start now button
[INFO ] 2023-03-15 15:32:42.005 [main] HomePage - Buyer clicked on Business Services radio button
[INFO ] 2023-03-15 15:32:45.155 [main] HomePage - Clicked on Continue button
[INFO ] 2023-03-15 15:32:47.205 [main] HomePage - Buyer clicked on Financial accounting radio button
[INFO ] 2023-03-15 15:32:51.069 [main] HomePage - Clicked on Continue button
[INFO ] 2023-03-15 15:32:54.202 [main] TestContext - =================RM6181:Business Services-Lot2 execution ends===================
[INFO ] 2023-03-15 15:41:02.339 [main] TestContext - =================RM6102:Apprenticeship Training execution starts===================
[INFO ] 2023-03-15 15:41:02.343 [main] BrowserFactory - Opening CHROMEbrowser
[INFO ] 2023-03-15 15:41:10.647 [main] TestContext - Successfully lunched the chrome browser
[INFO ] 2023-03-15 15:41:10.655 [main] TestContext - base.url:https://webuat.crowncommercial.gov.uk/
[INFO ] 2023-03-15 15:41:19.039 [main] BrowserFactory - https://webuat.crowncommercial.gov.uk/ is launched
[INFO ] 2023-03-15 15:41:33.292 [main] HomePage - Clicked on Start now button
[INFO ] 2023-03-15 15:41:36.621 [main] HomePage - Clicked on Start now button
[INFO ] 2023-03-15 15:41:38.779 [main] HomePage - Buyer clicked on Apprenticeship Training radio button
[INFO ] 2023-03-15 15:41:42.678 [main] HomePage - Clicked on Continue button
[INFO ] 2023-03-15 15:41:44.764 [main] HomePage - Buyer clicked on Learning and training services radio button
[INFO ] 2023-03-15 15:41:48.087 [main] HomePage - Clicked on Continue button
[INFO ] 2023-03-15 15:41:49.581 [main] TestContext - =================RM6102:Apprenticeship Training execution ends===================
[INFO ] 2023-03-15 15:41:49.752 [main] TestContext - =================RM6145:Learning And Development-Lot6 execution starts===================
[INFO ] 2023-03-15 15:41:49.753 [main] BrowserFactory - Opening CHROMEbrowser
[INFO ] 2023-03-15 15:41:55.679 [main] TestContext - Successfully lunched the chrome browser
[INFO ] 2023-03-15 15:41:55.680 [main] TestContext - base.url:https://webuat.crowncommercial.gov.uk/
[INFO ] 2023-03-15 15:42:04.620 [main] BrowserFactory - https://webuat.crowncommercial.gov.uk/ is launched
[INFO ] 2023-03-15 15:42:18.772 [main] HomePage - Clicked on Start now button
[INFO ] 2023-03-15 15:42:21.941 [main] HomePage - Clicked on Start now button
[INFO ] 2023-03-15 15:42:24.125 [main] HomePage - Buyer clicked on Learning & Development radio button
[INFO ] 2023-03-15 15:42:26.913 [main] HomePage - Clicked on Continue button
[INFO ] 2023-03-15 15:42:28.973 [main] HomePage - Buyer clicked on Learning and Development radio button
[INFO ] 2023-03-15 15:42:32.005 [main] HomePage - Clicked on Continue button
[INFO ] 2023-03-15 15:42:34.069 [main] HomePage - Buyer clicked on Yes radio button
[INFO ] 2023-03-15 15:42:36.652 [main] HomePage - Clicked on Continue button
[INFO ] 2023-03-15 15:42:38.702 [main] HomePage - Buyer clicked on Learning Design and Delivery and Subject Matter Expertise and Coaching radio button
[INFO ] 2023-03-15 15:42:42.170 [main] HomePage - Clicked on Continue button
[INFO ] 2023-03-15 15:42:45.639 [main] TestContext - =================RM6145:Learning And Development-Lot6 execution ends===================
[INFO ] 2023-03-15 15:42:45.858 [main] TestContext - =================RM6219:Learning And Development execution starts===================
[INFO ] 2023-03-15 15:42:45.860 [main] BrowserFactory - Opening CHROMEbrowser
[INFO ] 2023-03-15 15:42:52.661 [main] TestContext - Successfully lunched the chrome browser
[INFO ] 2023-03-15 15:42:52.663 [main] TestContext - base.url:https://webuat.crowncommercial.gov.uk/
[INFO ] 2023-03-15 15:42:59.117 [main] BrowserFactory - https://webuat.crowncommercial.gov.uk/ is launched
[INFO ] 2023-03-15 15:43:13.065 [main] HomePage - Clicked on Start now button
[INFO ] 2023-03-15 15:43:17.379 [main] HomePage - Clicked on Start now button
[INFO ] 2023-03-15 15:43:19.474 [main] HomePage - Buyer clicked on Learning & Development radio button
[INFO ] 2023-03-15 15:43:22.261 [main] HomePage - Clicked on Continue button
[INFO ] 2023-03-15 15:43:24.321 [main] HomePage - Buyer clicked on Learning and Development radio button
[INFO ] 2023-03-15 15:43:27.015 [main] HomePage - Clicked on Continue button
[INFO ] 2023-03-15 15:43:29.054 [main] HomePage - Buyer clicked on No radio button
[INFO ] 2023-03-15 15:43:32.315 [main] HomePage - Clicked on Continue button
[INFO ] 2023-03-15 15:43:35.510 [main] TestContext - =================RM6219:Learning And Development execution ends===================
[INFO ] 2023-03-15 15:46:18.596 [main] TestContext - =================RM6102:Apprenticeship Training execution starts===================
[INFO ] 2023-03-15 15:46:18.599 [main] BrowserFactory - Opening CHROMEbrowser
[INFO ] 2023-03-15 15:46:27.773 [main] TestContext - Successfully lunched the chrome browser
[INFO ] 2023-03-15 15:46:27.780 [main] TestContext - base.url:https://webuat.crowncommercial.gov.uk/
[INFO ] 2023-03-15 15:46:37.855 [main] BrowserFactory - https://webuat.crowncommercial.gov.uk/ is launched
[INFO ] 2023-03-15 15:46:51.703 [main] HomePage - Clicked on Start now button
[INFO ] 2023-03-15 15:46:54.779 [main] HomePage - Clicked on Start now button
[INFO ] 2023-03-15 15:46:56.923 [main] HomePage - Buyer clicked on Apprenticeship Training radio button
[INFO ] 2023-03-15 15:47:00.964 [main] HomePage - Clicked on Continue button
[INFO ] 2023-03-15 15:47:03.054 [main] HomePage - Buyer clicked on Learning and training services radio button
[INFO ] 2023-03-15 15:47:06.379 [main] HomePage - Clicked on Continue button
[INFO ] 2023-03-15 15:47:07.361 [main] TestContext - =================RM6102:Apprenticeship Training execution ends===================
[INFO ] 2023-03-15 15:47:07.512 [main] TestContext - =================RM6145:Learning And Development-Lot6 execution starts===================
[INFO ] 2023-03-15 15:47:07.513 [main] BrowserFactory - Opening CHROMEbrowser
[INFO ] 2023-03-15 15:47:13.641 [main] TestContext - Successfully lunched the chrome browser
[INFO ] 2023-03-15 15:47:13.642 [main] TestContext - base.url:https://webuat.crowncommercial.gov.uk/
[INFO ] 2023-03-15 15:47:19.639 [main] BrowserFactory - https://webuat.crowncommercial.gov.uk/ is launched
[INFO ] 2023-03-15 15:47:33.702 [main] HomePage - Clicked on Start now button
[INFO ] 2023-03-15 15:47:36.844 [main] HomePage - Clicked on Start now button
[INFO ] 2023-03-15 15:47:39.042 [main] HomePage - Buyer clicked on Learning & Development radio button
[INFO ] 2023-03-15 15:47:42.293 [main] HomePage - Clicked on Continue button
[INFO ] 2023-03-15 15:47:44.356 [main] HomePage - Buyer clicked on Learning and Development radio button
[INFO ] 2023-03-15 15:47:47.064 [main] HomePage - Clicked on Continue button
[INFO ] 2023-03-15 15:47:49.126 [main] HomePage - Buyer clicked on Yes radio button
[INFO ] 2023-03-15 15:47:51.679 [main] HomePage - Clicked on Continue button
[INFO ] 2023-03-15 15:47:53.730 [main] HomePage - Buyer clicked on Learning Design and Delivery and Subject Matter Expertise and Coaching radio button
[INFO ] 2023-03-15 15:47:57.174 [main] HomePage - Clicked on Continue button
[INFO ] 2023-03-15 15:48:00.668 [main] TestContext - =================RM6145:Learning And Development-Lot6 execution ends===================
[INFO ] 2023-03-15 15:48:00.828 [main] TestContext - =================RM6219:Learning And Development execution starts===================
[INFO ] 2023-03-15 15:48:00.829 [main] BrowserFactory - Opening CHROMEbrowser
[INFO ] 2023-03-15 15:48:06.568 [main] TestContext - Successfully lunched the chrome browser
[INFO ] 2023-03-15 15:48:06.573 [main] TestContext - base.url:https://webuat.crowncommercial.gov.uk/
[INFO ] 2023-03-15 15:48:13.831 [main] BrowserFactory - https://webuat.crowncommercial.gov.uk/ is launched
[INFO ] 2023-03-15 15:48:28.357 [main] HomePage - Clicked on Start now button
[INFO ] 2023-03-15 15:48:31.666 [main] HomePage - Clicked on Start now button
[INFO ] 2023-03-15 15:48:33.876 [main] HomePage - Buyer clicked on Learning & Development radio button
[INFO ] 2023-03-15 15:48:36.738 [main] HomePage - Clicked on Continue button
[INFO ] 2023-03-15 15:48:38.798 [main] HomePage - Buyer clicked on Learning and Development radio button
[INFO ] 2023-03-15 15:48:41.587 [main] HomePage - Clicked on Continue button
[INFO ] 2023-03-15 15:48:43.627 [main] HomePage - Buyer clicked on No radio button
[INFO ] 2023-03-15 15:48:46.931 [main] HomePage - Clicked on Continue button
[INFO ] 2023-03-15 15:48:50.215 [main] TestContext - =================RM6219:Learning And Development execution ends===================
[INFO ] 2023-03-15 15:48:50.401 [main] TestContext - =================RM6188 Audit & Assurance Services-Lot1 execution starts===================
[INFO ] 2023-03-15 15:48:50.403 [main] BrowserFactory - Opening CHROMEbrowser
[INFO ] 2023-03-15 15:48:56.814 [main] TestContext - Successfully lunched the chrome browser
[INFO ] 2023-03-15 15:48:56.815 [main] TestContext - base.url:https://webuat.crowncommercial.gov.uk/
[INFO ] 2023-03-15 15:49:04.362 [main] BrowserFactory - https://webuat.crowncommercial.gov.uk/ is launched
[INFO ] 2023-03-15 15:49:18.577 [main] HomePage - Clicked on Start now button
[INFO ] 2023-03-15 15:49:21.802 [main] HomePage - Clicked on Start now button
[INFO ] 2023-03-15 15:49:24.001 [main] HomePage - Buyer clicked on Audit and Assurance radio button
[INFO ] 2023-03-15 15:49:26.827 [main] HomePage - Clicked on Continue button
[INFO ] 2023-03-15 15:49:29.440 [main] HomePage - Buyer clicked on Core internal audit services radio button
[INFO ] 2023-03-15 15:49:33.279 [main] HomePage - Clicked on Continue button
[INFO ] 2023-03-15 15:49:36.390 [main] TestContext - =================RM6188 Audit & Assurance Services-Lot1 execution ends===================
[INFO ] 2023-03-15 15:49:36.549 [main] TestContext - =================RM6188 Audit & Assurance Services-Lot4 execution starts===================
[INFO ] 2023-03-15 15:49:36.551 [main] BrowserFactory - Opening CHROMEbrowser
[INFO ] 2023-03-15 15:49:42.587 [main] TestContext - Successfully lunched the chrome browser
[INFO ] 2023-03-15 15:49:42.589 [main] TestContext - base.url:https://webuat.crowncommercial.gov.uk/
[INFO ] 2023-03-15 15:49:48.975 [main] BrowserFactory - https://webuat.crowncommercial.gov.uk/ is launched
[INFO ] 2023-03-15 15:50:03.520 [main] HomePage - Clicked on Start now button
[INFO ] 2023-03-15 15:50:06.765 [main] HomePage - Clicked on Start now button
[INFO ] 2023-03-15 15:50:08.934 [main] HomePage - Buyer clicked on Audit and Assurance radio button
[INFO ] 2023-03-15 15:50:11.659 [main] HomePage - Clicked on Continue button
[INFO ] 2023-03-15 15:50:13.736 [main] HomePage - Buyer clicked on Other independent assurance services radio button
[INFO ] 2023-03-15 15:50:17.645 [main] HomePage - Clicked on Continue button
[INFO ] 2023-03-15 15:50:20.695 [main] TestContext - =================RM6188 Audit & Assurance Services-Lot4 execution ends===================
[INFO ] 2023-03-15 15:50:20.879 [main] TestContext - =================RM6157: Building Materials - LOT1 execution starts===================
[INFO ] 2023-03-15 15:50:20.880 [main] BrowserFactory - Opening CHROMEbrowser
[INFO ] 2023-03-15 15:50:27.327 [main] TestContext - Successfully lunched the chrome browser
[INFO ] 2023-03-15 15:50:27.328 [main] TestContext - base.url:https://webuat.crowncommercial.gov.uk/
[INFO ] 2023-03-15 15:50:33.804 [main] BrowserFactory - https://webuat.crowncommercial.gov.uk/ is launched
[INFO ] 2023-03-15 15:50:47.748 [main] HomePage - Clicked on Start now button
[INFO ] 2023-03-15 15:50:51.282 [main] HomePage - Clicked on Start now button
[INFO ] 2023-03-15 15:50:53.469 [main] HomePage - Buyer clicked on Building Materials and Equipment radio button
[INFO ] 2023-03-15 15:50:56.372 [main] HomePage - Clicked on Continue button
[INFO ] 2023-03-15 15:50:58.428 [main] HomePage - Buyer clicked on Heavy building materials and one stop shop radio button
[INFO ] 2023-03-15 15:51:02.374 [main] HomePage - Clicked on Continue button
[INFO ] 2023-03-15 15:51:05.372 [main] TestContext - =================RM6157: Building Materials - LOT1 execution ends===================
[INFO ] 2023-03-15 15:51:05.541 [main] TestContext - =================RM6157: Building Materials - LOT9 execution starts===================
[INFO ] 2023-03-15 15:51:05.543 [main] BrowserFactory - Opening CHROMEbrowser
[INFO ] 2023-03-15 15:51:11.490 [main] TestContext - Successfully lunched the chrome browser
[INFO ] 2023-03-15 15:51:11.492 [main] TestContext - base.url:https://webuat.crowncommercial.gov.uk/
[INFO ] 2023-03-15 15:51:20.322 [main] BrowserFactory - https://webuat.crowncommercial.gov.uk/ is launched
[INFO ] 2023-03-15 15:51:34.225 [main] HomePage - Clicked on Start now button
[INFO ] 2023-03-15 15:51:37.441 [main] HomePage - Clicked on Start now button
[INFO ] 2023-03-15 15:51:39.632 [main] HomePage - Buyer clicked on Building Materials and Equipment radio button
[INFO ] 2023-03-15 15:51:42.457 [main] HomePage - Clicked on Continue button
[INFO ] 2023-03-15 15:51:44.521 [main] HomePage - Buyer clicked on Building and Construction tools & Equipment radio button
[INFO ] 2023-03-15 15:51:47.275 [main] HomePage - Clicked on Continue button
[INFO ] 2023-03-15 15:51:50.135 [main] HomePage - Buyer clicked on Hire radio button
[INFO ] 2023-03-15 15:51:54.170 [main] HomePage - Clicked on Continue button
[INFO ] 2023-03-15 15:51:57.583 [main] TestContext - =================RM6157: Building Materials - LOT9 execution ends===================
[INFO ] 2023-03-15 15:51:57.798 [main] TestContext - =================RM6262  Crown Hosting II execution starts===================
[INFO ] 2023-03-15 15:51:57.800 [main] BrowserFactory - Opening CHROMEbrowser
[INFO ] 2023-03-15 15:52:05.379 [main] TestContext - Successfully lunched the chrome browser
[INFO ] 2023-03-15 15:52:05.381 [main] TestContext - base.url:https://webuat.crowncommercial.gov.uk/
[INFO ] 2023-03-15 15:52:13.082 [main] BrowserFactory - https://webuat.crowncommercial.gov.uk/ is launched
[INFO ] 2023-03-15 15:52:27.469 [main] HomePage - Clicked on Start now button
[INFO ] 2023-03-15 15:52:30.670 [main] HomePage - Clicked on Start now button
[INFO ] 2023-03-15 15:52:32.850 [main] HomePage - Buyer clicked on Hosting service radio button
[INFO ] 2023-03-15 15:52:35.660 [main] HomePage - Clicked on Continue button
[INFO ] 2023-03-15 15:52:37.725 [main] HomePage - Buyer clicked on Data halls and data centres radio button
[INFO ] 2023-03-15 15:52:40.440 [main] HomePage - Clicked on Continue button
[INFO ] 2023-03-15 15:52:42.725 [main] HomePage - Buyer clicked on Private data halls and data centres radio button
[INFO ] 2023-03-15 15:52:46.671 [main] HomePage - Clicked on Continue button
[INFO ] 2023-03-15 15:52:49.389 [main] GMResultPage - The <What service do you need?> was not found in the question list
[INFO ] 2023-03-15 15:52:54.020 [main] TestContext - =================RM6262  Crown Hosting II execution ends===================
[INFO ] 2023-03-15 15:52:54.255 [main] TestContext - =================RM6133: Employee Benefits execution starts===================
[INFO ] 2023-03-15 15:52:54.257 [main] BrowserFactory - Opening CHROMEbrowser
[INFO ] 2023-03-15 15:53:02.078 [main] TestContext - Successfully lunched the chrome browser
[INFO ] 2023-03-15 15:53:02.080 [main] TestContext - base.url:https://webuat.crowncommercial.gov.uk/
[INFO ] 2023-03-15 15:53:11.399 [main] BrowserFactory - https://webuat.crowncommercial.gov.uk/ is launched
[INFO ] 2023-03-15 15:53:25.235 [main] HomePage - Clicked on Start now button
[INFO ] 2023-03-15 15:53:28.414 [main] HomePage - Clicked on Start now button
[INFO ] 2023-03-15 15:53:30.590 [main] HomePage - Buyer clicked on Employee Benefits radio button
[INFO ] 2023-03-15 15:53:33.439 [main] HomePage - Clicked on Continue button
[INFO ] 2023-03-15 15:53:35.496 [main] HomePage - Buyer clicked on Child care voucher scheme radio button
[INFO ] 2023-03-15 15:53:38.735 [main] HomePage - Clicked on Continue button
[INFO ] 2023-03-15 15:53:41.723 [main] TestContext - =================RM6133: Employee Benefits execution ends===================
[INFO ] 2023-03-15 15:53:41.893 [main] TestContext - =================RM6133: Employee Benefits execution starts===================
[INFO ] 2023-03-15 15:53:41.894 [main] BrowserFactory - Opening CHROMEbrowser
[INFO ] 2023-03-15 15:53:47.575 [main] TestContext - Successfully lunched the chrome browser
[INFO ] 2023-03-15 15:53:47.576 [main] TestContext - base.url:https://webuat.crowncommercial.gov.uk/
[INFO ] 2023-03-15 15:53:53.820 [main] BrowserFactory - https://webuat.crowncommercial.gov.uk/ is launched
[INFO ] 2023-03-15 15:54:07.887 [main] HomePage - Clicked on Start now button
[INFO ] 2023-03-15 15:54:11.378 [main] HomePage - Clicked on Start now button
[INFO ] 2023-03-15 15:54:13.551 [main] HomePage - Buyer clicked on Employee Benefits radio button
[INFO ] 2023-03-15 15:54:16.368 [main] HomePage - Clicked on Continue button
[INFO ] 2023-03-15 15:54:18.438 [main] HomePage - Buyer clicked on Employee financial wellbeing scheme radio button
[INFO ] 2023-03-15 15:54:21.591 [main] HomePage - Clicked on Continue button
[INFO ] 2023-03-15 15:54:24.566 [main] TestContext - =================RM6133: Employee Benefits execution ends===================
[INFO ] 2023-03-15 15:54:24.735 [main] TestContext - =================RM6119: Furniture & Associated Services - LOT2 execution starts===================
[INFO ] 2023-03-15 15:54:24.737 [main] BrowserFactory - Opening CHROMEbrowser
[INFO ] 2023-03-15 15:54:30.552 [main] TestContext - Successfully lunched the chrome browser
[INFO ] 2023-03-15 15:54:30.553 [main] TestContext - base.url:https://webuat.crowncommercial.gov.uk/
[INFO ] 2023-03-15 15:54:39.458 [main] BrowserFactory - https://webuat.crowncommercial.gov.uk/ is launched
[INFO ] 2023-03-15 15:54:53.387 [main] HomePage - Clicked on Start now button
[INFO ] 2023-03-15 15:54:56.574 [main] HomePage - Clicked on Start now button
[INFO ] 2023-03-15 15:54:58.745 [main] HomePage - Buyer clicked on Furniture and Associated Services radio button
[INFO ] 2023-03-15 15:55:02.825 [main] HomePage - Clicked on Continue button
[INFO ] 2023-03-15 15:55:04.912 [main] HomePage - Buyer clicked on Product radio button
[INFO ] 2023-03-15 15:55:07.798 [main] HomePage - Clicked on Continue button
[INFO ] 2023-03-15 15:55:09.854 [main] HomePage - Buyer clicked on Residential Furniture radio button
[INFO ] 2023-03-15 15:55:11.962 [main] TestContext - =================RM6119: Furniture & Associated Services - LOT4 execution starts===================
[INFO ] 2023-03-15 15:55:11.965 [main] BrowserFactory - Opening CHROMEbrowser
[INFO ] 2023-03-15 15:57:34.978 [main] TestContext - Successfully lunched the chrome browser
[INFO ] 2023-03-15 15:57:34.979 [main] TestContext - base.url:https://webuat.crowncommercial.gov.uk/
[INFO ] 2023-03-15 15:57:46.296 [main] BrowserFactory - https://webuat.crowncommercial.gov.uk/ is launched
[INFO ] 2023-03-15 15:58:02.347 [main] HomePage - Clicked on Start now button
[INFO ] 2023-03-15 15:58:05.539 [main] HomePage - Clicked on Start now button
[INFO ] 2023-03-15 15:58:07.684 [main] HomePage - Buyer clicked on Furniture and Associated Services radio button
[INFO ] 2023-03-15 15:58:10.430 [main] HomePage - Clicked on Continue button
[INFO ] 2023-03-15 15:58:12.496 [main] HomePage - Buyer clicked on Product radio button
[INFO ] 2023-03-15 15:58:15.410 [main] HomePage - Clicked on Continue button
[INFO ] 2023-03-15 15:58:17.465 [main] HomePage - Buyer clicked on Educational Furniture radio button
[INFO ] 2023-03-15 15:58:20.253 [main] HomePage - Clicked on Continue button
[INFO ] 2023-03-15 15:58:22.314 [main] HomePage - Buyer clicked on Higher and Further Education needs and associated services radio button
[INFO ] 2023-03-15 15:58:25.315 [main] HomePage - Clicked on Continue button
[INFO ] 2023-03-15 15:58:27.355 [main] HomePage - Buyer clicked on I need fixed lecture hall seating radio button
[INFO ] 2023-03-15 15:58:31.067 [main] HomePage - Clicked on Continue button
[INFO ] 2023-03-15 15:58:34.879 [main] TestContext - =================RM6119: Furniture & Associated Services - LOT4 execution ends===================
[INFO ] 2023-03-15 15:58:35.162 [main] TestContext - =================RM6119: Furniture & Associated Services - LOT7 execution starts===================
[INFO ] 2023-03-15 15:58:35.164 [main] BrowserFactory - Opening CHROMEbrowser
[INFO ] 2023-03-15 15:58:41.316 [main] TestContext - Successfully lunched the chrome browser
[INFO ] 2023-03-15 15:58:41.317 [main] TestContext - base.url:https://webuat.crowncommercial.gov.uk/
[INFO ] 2023-03-15 15:58:50.010 [main] BrowserFactory - https://webuat.crowncommercial.gov.uk/ is launched
[INFO ] 2023-03-15 15:59:04.423 [main] HomePage - Clicked on Start now button
[INFO ] 2023-03-15 15:59:07.568 [main] HomePage - Clicked on Start now button
[INFO ] 2023-03-15 15:59:09.771 [main] HomePage - Buyer clicked on Furniture and Associated Services radio button
[INFO ] 2023-03-15 15:59:12.689 [main] HomePage - Clicked on Continue button
[INFO ] 2023-03-15 15:59:14.767 [main] HomePage - Buyer clicked on Repair and renovation service radio button
[INFO ] 2023-03-15 15:59:18.792 [main] HomePage - Clicked on Continue button
[INFO ] 2023-03-15 15:59:23.308 [main] TestContext - =================RM6119: Furniture & Associated Services - LOT7 execution ends===================
[INFO ] 2023-03-15 15:59:23.514 [main] TestContext - =================RM6141:  Language Services-Escape Page execution starts===================
[INFO ] 2023-03-15 15:59:23.516 [main] BrowserFactory - Opening CHROMEbrowser
[INFO ] 2023-03-15 15:59:30.879 [main] TestContext - Successfully lunched the chrome browser
[INFO ] 2023-03-15 15:59:30.884 [main] TestContext - base.url:https://webuat.crowncommercial.gov.uk/
[INFO ] 2023-03-15 15:59:40.299 [main] BrowserFactory - https://webuat.crowncommercial.gov.uk/ is launched
[INFO ] 2023-03-15 15:59:54.144 [main] HomePage - Clicked on Start now button
[INFO ] 2023-03-15 15:59:57.231 [main] HomePage - Clicked on Start now button
[INFO ] 2023-03-15 15:59:59.429 [main] HomePage - Buyer clicked on Language Services radio button
[INFO ] 2023-03-15 16:00:03.005 [main] HomePage - Clicked on Continue button
[INFO ] 2023-03-15 16:00:05.087 [main] HomePage - Buyer clicked on Regionally radio button
[INFO ] 2023-03-15 16:00:07.871 [main] HomePage - Clicked on Continue button
[INFO ] 2023-03-15 16:00:09.916 [main] HomePage - Buyer clicked on Non Spoken Language Services radio button
[INFO ] 2023-03-15 16:00:12.558 [main] HomePage - Clicked on Continue button
[INFO ] 2023-03-15 16:00:14.597 [main] HomePage - Buyer clicked on National radio button
[INFO ] 2023-03-15 16:00:17.602 [main] HomePage - Clicked on Continue button
[INFO ] 2023-03-15 16:00:18.638 [main] TestContext - =================RM6141:  Language Services-Escape Page execution ends===================
[INFO ] 2023-03-15 16:00:18.795 [main] TestContext - =================RM6141:  Language Services-Lot1 execution starts===================
[INFO ] 2023-03-15 16:00:18.797 [main] BrowserFactory - Opening CHROMEbrowser
[INFO ] 2023-03-15 16:00:24.508 [main] TestContext - Successfully lunched the chrome browser
[INFO ] 2023-03-15 16:00:24.508 [main] TestContext - base.url:https://webuat.crowncommercial.gov.uk/
[INFO ] 2023-03-15 16:00:32.493 [main] BrowserFactory - https://webuat.crowncommercial.gov.uk/ is launched
[INFO ] 2023-03-15 16:00:46.487 [main] HomePage - Clicked on Start now button
[INFO ] 2023-03-15 16:00:49.608 [main] HomePage - Clicked on Start now button
[INFO ] 2023-03-15 16:00:51.746 [main] HomePage - Buyer clicked on Language Services radio button
[INFO ] 2023-03-15 16:00:55.683 [main] HomePage - Clicked on Continue button
[INFO ] 2023-03-15 16:00:57.770 [main] HomePage - Buyer clicked on Nationally radio button
[INFO ] 2023-03-15 16:01:00.792 [main] HomePage - Clicked on Continue button
[INFO ] 2023-03-15 16:01:02.847 [main] HomePage - Buyer clicked on Nationally managed service radio button
[INFO ] 2023-03-15 16:01:06.546 [main] HomePage - Clicked on Continue button
[INFO ] 2023-03-15 16:01:10.448 [main] TestContext - =================RM6141:  Language Services-Lot1 execution ends===================
[INFO ] 2023-03-15 16:01:10.709 [main] TestContext - =================RM6141:  Language Services-Lot5 execution starts===================
[INFO ] 2023-03-15 16:01:10.711 [main] BrowserFactory - Opening CHROMEbrowser
[INFO ] 2023-03-15 16:01:16.625 [main] TestContext - Successfully lunched the chrome browser
[INFO ] 2023-03-15 16:01:16.630 [main] TestContext - base.url:https://webuat.crowncommercial.gov.uk/
[INFO ] 2023-03-15 16:01:28.375 [main] BrowserFactory - https://webuat.crowncommercial.gov.uk/ is launched
[INFO ] 2023-03-15 16:01:42.648 [main] HomePage - Clicked on Start now button
[INFO ] 2023-03-15 16:01:46.363 [main] HomePage - Clicked on Start now button
[INFO ] 2023-03-15 16:01:48.562 [main] HomePage - Buyer clicked on Language Services radio button
[INFO ] 2023-03-15 16:01:51.453 [main] HomePage - Clicked on Continue button
[INFO ] 2023-03-15 16:01:53.510 [main] HomePage - Buyer clicked on Internationally radio button
[INFO ] 2023-03-15 16:01:57.137 [main] HomePage - Clicked on Continue button
[INFO ] 2023-03-15 16:02:00.600 [main] TestContext - =================RM6141:  Language Services-Lot5 execution ends===================
[INFO ] 2023-03-15 16:02:00.816 [main] TestContext - =================RM6174: MFD - LOT1 execution starts===================
[INFO ] 2023-03-15 16:02:00.818 [main] BrowserFactory - Opening CHROMEbrowser
[INFO ] 2023-03-15 16:02:07.535 [main] TestContext - Successfully lunched the chrome browser
[INFO ] 2023-03-15 16:02:07.537 [main] TestContext - base.url:https://webuat.crowncommercial.gov.uk/
[INFO ] 2023-03-15 16:02:14.234 [main] BrowserFactory - https://webuat.crowncommercial.gov.uk/ is launched
[INFO ] 2023-03-15 16:02:28.599 [main] HomePage - Clicked on Start now button
[INFO ] 2023-03-15 16:02:31.787 [main] HomePage - Clicked on Start now button
[INFO ] 2023-03-15 16:02:33.968 [main] HomePage - Buyer clicked on Print and Digital radio button
[INFO ] 2023-03-15 16:02:36.773 [main] HomePage - Clicked on Continue button
[INFO ] 2023-03-15 16:02:38.830 [main] HomePage - Buyer clicked on Multifunctional devices (MFDs) and basic print management software radio button
[INFO ] 2023-03-15 16:02:42.434 [main] HomePage - Clicked on Continue button
[INFO ] 2023-03-15 16:02:45.428 [main] TestContext - =================RM6174: MFD - LOT1 execution ends===================
[INFO ] 2023-03-15 16:02:45.603 [main] TestContext - =================RM6174: MFD - LOT4 execution starts===================
[INFO ] 2023-03-15 16:02:45.605 [main] BrowserFactory - Opening CHROMEbrowser
[INFO ] 2023-03-15 16:02:51.897 [main] TestContext - Successfully lunched the chrome browser
[INFO ] 2023-03-15 16:02:51.898 [main] TestContext - base.url:https://webuat.crowncommercial.gov.uk/
[INFO ] 2023-03-15 16:02:58.523 [main] BrowserFactory - https://webuat.crowncommercial.gov.uk/ is launched
[INFO ] 2023-03-15 16:03:13.177 [main] HomePage - Clicked on Start now button
[INFO ] 2023-03-15 16:03:16.349 [main] HomePage - Clicked on Start now button
[INFO ] 2023-03-15 16:03:18.520 [main] HomePage - Buyer clicked on Print and Digital radio button
[INFO ] 2023-03-15 16:03:22.163 [main] HomePage - Clicked on Continue button
[INFO ] 2023-03-15 16:03:24.242 [main] HomePage - Buyer clicked on Print consultancy radio button
[INFO ] 2023-03-15 16:03:27.933 [main] HomePage - Clicked on Continue button
[INFO ] 2023-03-15 16:03:30.943 [main] TestContext - =================RM6174: MFD - LOT4 execution ends===================
[INFO ] 2023-03-15 16:03:31.132 [main] TestContext - =================RM6182: EOccupational Health, Employee Assistance Programme Eye Care-Lot4.1 execution starts===================
[INFO ] 2023-03-15 16:03:31.133 [main] BrowserFactory - Opening CHROMEbrowser
[INFO ] 2023-03-15 16:03:38.490 [main] TestContext - Successfully lunched the chrome browser
[INFO ] 2023-03-15 16:03:38.491 [main] TestContext - base.url:https://webuat.crowncommercial.gov.uk/
[INFO ] 2023-03-15 16:03:45.803 [main] BrowserFactory - https://webuat.crowncommercial.gov.uk/ is launched
[INFO ] 2023-03-15 16:04:00.331 [main] HomePage - Clicked on Start now button
[INFO ] 2023-03-15 16:04:03.709 [main] HomePage - Clicked on Start now button
[INFO ] 2023-03-15 16:04:05.915 [main] HomePage - Buyer clicked on Occupational Health, Employee Assistance, Eye Care radio button
[INFO ] 2023-03-15 16:04:08.654 [main] HomePage - Clicked on Continue button
[INFO ] 2023-03-15 16:04:10.730 [main] HomePage - Buyer clicked on Occupational Health (OH) radio button
[INFO ] 2023-03-15 16:04:14.530 [main] HomePage - Clicked on Continue button
[INFO ] 2023-03-15 16:04:16.581 [main] HomePage - Buyer clicked on Regional radio button
[INFO ] 2023-03-15 16:04:19.307 [main] HomePage - Clicked on Continue button
[INFO ] 2023-03-15 16:04:21.850 [main] HomePage - Buyer clicked on London radio button
[INFO ] 2023-03-15 16:04:25.692 [main] HomePage - Clicked on Continue button
[INFO ] 2023-03-15 16:04:29.877 [main] TestContext - =================RM6182: EOccupational Health, Employee Assistance Programme Eye Care-Lot4.1 execution ends===================
[INFO ] 2023-03-15 16:04:30.119 [main] TestContext - =================RM6182: EOccupational Health, Employee Assistance Programme Eye Care-Lot5 execution starts===================
[INFO ] 2023-03-15 16:04:30.121 [main] BrowserFactory - Opening CHROMEbrowser
[INFO ] 2023-03-15 16:04:38.458 [main] TestContext - Successfully lunched the chrome browser
[INFO ] 2023-03-15 16:04:38.459 [main] TestContext - base.url:https://webuat.crowncommercial.gov.uk/
[INFO ] 2023-03-15 16:04:48.607 [main] BrowserFactory - https://webuat.crowncommercial.gov.uk/ is launched
[INFO ] 2023-03-15 16:05:03.407 [main] HomePage - Clicked on Start now button
[INFO ] 2023-03-15 16:05:06.635 [main] HomePage - Clicked on Start now button
[INFO ] 2023-03-15 16:05:08.817 [main] HomePage - Buyer clicked on Occupational Health, Employee Assistance, Eye Care radio button
[INFO ] 2023-03-15 16:05:11.531 [main] HomePage - Clicked on Continue button
[INFO ] 2023-03-15 16:05:13.587 [main] HomePage - Buyer clicked on Eye care radio button
[INFO ] 2023-03-15 16:05:18.208 [main] HomePage - Clicked on Continue button
[INFO ] 2023-03-15 16:05:19.939 [main] TestContext - =================RM6182: EOccupational Health, Employee Assistance Programme Eye Care-Lot5 execution ends===================
[INFO ] 2023-03-15 16:05:20.105 [main] TestContext - =================RM6181:Contact Centre Services-Lot1 execution starts===================
[INFO ] 2023-03-15 16:05:20.106 [main] BrowserFactory - Opening CHROMEbrowser
[INFO ] 2023-03-15 16:05:26.891 [main] TestContext - Successfully lunched the chrome browser
[INFO ] 2023-03-15 16:05:26.894 [main] TestContext - base.url:https://webuat.crowncommercial.gov.uk/
[INFO ] 2023-03-15 16:05:33.607 [main] BrowserFactory - https://webuat.crowncommercial.gov.uk/ is launched
[INFO ] 2023-03-15 16:05:47.729 [main] HomePage - Clicked on Start now button
[INFO ] 2023-03-15 16:05:51.021 [main] HomePage - Clicked on Start now button
[INFO ] 2023-03-15 16:05:53.221 [main] HomePage - Buyer clicked on Contact Centre radio button
[INFO ] 2023-03-15 16:05:55.981 [main] HomePage - Clicked on Continue button
[INFO ] 2023-03-15 16:05:58.043 [main] HomePage - Buyer clicked on Contact centre services radio button
[INFO ] 2023-03-15 16:06:02.164 [main] HomePage - Clicked on Continue button
[INFO ] 2023-03-15 16:06:05.161 [main] TestContext - =================RM6181:Contact Centre Services-Lot1 execution ends===================
[INFO ] 2023-03-15 16:06:05.318 [main] TestContext - =================RM6181:Business Services-Lot2 execution starts===================
[INFO ] 2023-03-15 16:06:05.319 [main] BrowserFactory - Opening CHROMEbrowser
[INFO ] 2023-03-15 16:06:11.319 [main] TestContext - Successfully lunched the chrome browser
[INFO ] 2023-03-15 16:06:11.320 [main] TestContext - base.url:https://webuat.crowncommercial.gov.uk/
[INFO ] 2023-03-15 16:06:17.872 [main] BrowserFactory - https://webuat.crowncommercial.gov.uk/ is launched
[INFO ] 2023-03-15 16:06:31.826 [main] HomePage - Clicked on Start now button
[INFO ] 2023-03-15 16:06:35.031 [main] HomePage - Clicked on Start now button
[INFO ] 2023-03-15 16:06:37.201 [main] HomePage - Buyer clicked on Business Services radio button
[INFO ] 2023-03-15 16:06:40.030 [main] HomePage - Clicked on Continue button
[INFO ] 2023-03-15 16:06:42.106 [main] HomePage - Buyer clicked on Financial accounting radio button
[INFO ] 2023-03-15 16:06:46.342 [main] HomePage - Clicked on Continue button
[INFO ] 2023-03-15 16:06:49.349 [main] TestContext - =================RM6181:Business Services-Lot2 execution ends===================
[INFO ] 2023-03-15 16:06:49.516 [main] TestContext - =================RM6141: Supply of Energy & Ancillary Services - LOT1 execution starts===================
[INFO ] 2023-03-15 16:06:49.518 [main] BrowserFactory - Opening CHROMEbrowser
[INFO ] 2023-03-15 16:06:55.303 [main] TestContext - Successfully lunched the chrome browser
[INFO ] 2023-03-15 16:06:55.307 [main] TestContext - base.url:https://webuat.crowncommercial.gov.uk/
[INFO ] 2023-03-15 16:07:01.671 [main] BrowserFactory - https://webuat.crowncommercial.gov.uk/ is launched
[INFO ] 2023-03-15 16:07:15.847 [main] HomePage - Clicked on Start now button
[INFO ] 2023-03-15 16:07:19.055 [main] HomePage - Clicked on Start now button
[INFO ] 2023-03-15 16:07:21.236 [main] HomePage - Buyer clicked on Energy radio button
[INFO ] 2023-03-15 16:07:24.102 [main] HomePage - Clicked on Continue button
[INFO ] 2023-03-15 16:07:26.164 [main] HomePage - Buyer clicked on Electricity and power radio button
[INFO ] 2023-03-15 16:07:29.618 [main] HomePage - Clicked on Continue button
[INFO ] 2023-03-15 16:07:32.618 [main] TestContext - =================RM6141: Supply of Energy & Ancillary Services - LOT1 execution ends===================
[INFO ] 2023-03-15 16:07:32.790 [main] TestContext - =================RM6141: Supply of Energy & Ancillary Services - LOT3 execution starts===================
[INFO ] 2023-03-15 16:07:32.791 [main] BrowserFactory - Opening CHROMEbrowser
[INFO ] 2023-03-15 16:07:38.480 [main] TestContext - Successfully lunched the chrome browser
[INFO ] 2023-03-15 16:07:38.482 [main] TestContext - base.url:https://webuat.crowncommercial.gov.uk/
[INFO ] 2023-03-15 16:07:45.190 [main] BrowserFactory - https://webuat.crowncommercial.gov.uk/ is launched
[INFO ] 2023-03-15 16:07:59.199 [main] HomePage - Clicked on Start now button
[INFO ] 2023-03-15 16:08:02.367 [main] HomePage - Clicked on Start now button
[INFO ] 2023-03-15 16:08:04.537 [main] HomePage - Buyer clicked on Energy radio button
[INFO ] 2023-03-15 16:08:07.328 [main] HomePage - Clicked on Continue button
[INFO ] 2023-03-15 16:08:09.390 [main] HomePage - Buyer clicked on Gas radio button
[INFO ] 2023-03-15 16:08:12.953 [main] HomePage - Clicked on Continue button
[INFO ] 2023-03-15 16:08:15.936 [main] TestContext - =================RM6141: Supply of Energy & Ancillary Services - LOT3 execution ends===================
