[INFO ] 2022-10-19 11:07:07.571 [main] TestContext - =================Navigate to the Standard framework type - RM3774 execution starts===================
[INFO ] 2022-10-19 11:07:07.592 [main] BrowserFactory - Opening CHROMEbrowser
[INFO ] 2022-10-19 11:11:29.608 [main] TestContext - =================Navigate to the Standard framework type - RM3774 execution starts===================
[INFO ] 2022-10-19 11:11:29.617 [main] BrowserFactory - Opening CHROMEbrowser
[INFO ] 2022-10-19 13:33:25.700 [pool-1-thread-2] TestContext - =================Navigate to the Standard framework type - RM3774 execution starts===================
[INFO ] 2022-10-19 13:33:25.709 [pool-1-thread-2] BrowserFactory - Opening CHROMEbrowser
[INFO ] 2022-10-19 13:46:13.589 [pool-1-thread-2] TestContext - =================Navigate to the Standard framework type - RM3774 execution starts===================
[INFO ] 2022-10-19 13:46:13.592 [pool-1-thread-2] BrowserFactory - Opening CHROMEbrowser
[INFO ] 2022-10-19 13:47:00.315 [pool-1-thread-2] TestContext - =================Navigate to the Standard framework type - RM3774 execution starts===================
[INFO ] 2022-10-19 13:47:00.318 [pool-1-thread-2] BrowserFactory - Opening CHROMEbrowser
[INFO ] 2022-10-19 13:48:39.237 [pool-1-thread-2] TestContext - =================Navigate to the Standard framework type - RM3774 execution starts===================
[INFO ] 2022-10-19 13:48:39.240 [pool-1-thread-2] BrowserFactory - Opening CHROMEbrowser
[INFO ] 2022-10-19 13:48:44.074 [pool-1-thread-2] TestContext - Successfully lunched the chrome browser
[INFO ] 2022-10-19 13:48:44.076 [pool-1-thread-2] TestContext - base.url:https://webuat.crowncommercial.gov.uk/
[INFO ] 2022-10-19 13:48:53.200 [pool-1-thread-2] BrowserFactory - https://webuat.crowncommercial.gov.uk/ is launched
[INFO ] 2022-10-19 13:48:57.347 [pool-1-thread-2] HomePage - Clicked on Search agreements button
[INFO ] 2022-10-19 13:49:44.140 [pool-1-thread-2] TestContext - =================Navigate to the Standard framework type - RM3774 execution ends===================
[INFO ] 2022-10-19 13:50:51.536 [pool-1-thread-2] TestContext - =================Navigate to the Standard framework type - RM3774 execution starts===================
[INFO ] 2022-10-19 13:50:51.539 [pool-1-thread-2] BrowserFactory - Opening CHROMEbrowser
[INFO ] 2022-10-19 13:50:56.439 [pool-1-thread-2] TestContext - Successfully lunched the chrome browser
[INFO ] 2022-10-19 13:50:56.440 [pool-1-thread-2] TestContext - base.url:https://webuat.crowncommercial.gov.uk/
[INFO ] 2022-10-19 13:51:01.229 [pool-1-thread-2] BrowserFactory - https://webuat.crowncommercial.gov.uk/ is launched
[INFO ] 2022-10-19 13:51:05.710 [pool-1-thread-2] HomePage - Clicked on Search agreements button
[INFO ] 2022-10-19 13:51:51.562 [pool-1-thread-2] TestContext - =================Navigate to the Standard framework type - RM3774 execution ends===================
[INFO ] 2022-10-19 13:52:28.630 [pool-1-thread-2] TestContext - =================Navigate to the Standard framework type - RM3774 execution starts===================
[INFO ] 2022-10-19 13:52:28.633 [pool-1-thread-2] BrowserFactory - Opening CHROMEbrowser
[INFO ] 2022-10-19 13:52:34.333 [pool-1-thread-2] TestContext - Successfully lunched the chrome browser
[INFO ] 2022-10-19 13:52:34.334 [pool-1-thread-2] TestContext - base.url:https://webuat.crowncommercial.gov.uk/
[INFO ] 2022-10-19 13:52:38.639 [pool-1-thread-2] BrowserFactory - https://webuat.crowncommercial.gov.uk/ is launched
[INFO ] 2022-10-19 13:52:43.093 [pool-1-thread-2] HomePage - Clicked on Search agreements button
[INFO ] 2022-10-19 13:53:28.874 [pool-1-thread-2] TestContext - =================Navigate to the Standard framework type - RM3774 execution ends===================
[INFO ] 2022-10-19 13:55:40.136 [main] TestContext - =================Navigate to the Standard framework type - RM3774 execution starts===================
[INFO ] 2022-10-19 13:55:40.141 [main] BrowserFactory - Opening CHROMEbrowser
[INFO ] 2022-10-19 13:55:46.651 [main] TestContext - Successfully lunched the chrome browser
[INFO ] 2022-10-19 13:55:46.652 [main] TestContext - base.url:https://webuat.crowncommercial.gov.uk/
[INFO ] 2022-10-19 13:55:51.276 [main] BrowserFactory - https://webuat.crowncommercial.gov.uk/ is launched
[INFO ] 2022-10-19 13:55:56.071 [main] HomePage - Clicked on Search agreements button
[INFO ] 2022-10-19 13:56:42.047 [main] TestContext - =================Navigate to the Standard framework type - RM3774 execution ends===================
[INFO ] 2022-10-19 14:00:03.896 [main] TestContext - =================Verify that user can view the agreement details execution starts===================
[INFO ] 2022-10-19 14:00:03.901 [main] BrowserFactory - Opening CHROMEbrowser
[INFO ] 2022-10-19 14:00:10.430 [main] TestContext - Successfully lunched the chrome browser
[INFO ] 2022-10-19 14:00:10.431 [main] TestContext - base.url:https://webuat.crowncommercial.gov.uk/
[INFO ] 2022-10-19 14:00:14.967 [main] BrowserFactory - https://webuat.crowncommercial.gov.uk/ is launched
[INFO ] 2022-10-19 14:00:26.327 [main] HomePage - Clicked on Start now button
[INFO ] 2022-10-19 14:00:31.319 [main] HomePage - Clicked on Start now button
[INFO ] 2022-10-19 14:00:34.386 [main] TestContext - =================Verify that user can view the agreement details execution ends===================
[INFO ] 2022-10-19 14:00:34.569 [main] TestContext - =================Verify that user can start again to change answers execution starts===================
[INFO ] 2022-10-19 14:00:34.570 [main] BrowserFactory - Opening CHROMEbrowser
[INFO ] 2022-10-19 14:00:37.423 [main] TestContext - Successfully lunched the chrome browser
[INFO ] 2022-10-19 14:00:37.423 [main] TestContext - base.url:https://webuat.crowncommercial.gov.uk/
[INFO ] 2022-10-19 14:00:42.065 [main] BrowserFactory - https://webuat.crowncommercial.gov.uk/ is launched
[INFO ] 2022-10-19 14:00:52.754 [main] HomePage - Clicked on Start now button
[INFO ] 2022-10-19 14:00:57.834 [main] HomePage - Clicked on Start now button
[INFO ] 2022-10-19 14:01:00.750 [main] TestContext - =================Verify that user can start again to change answers execution ends===================
[INFO ] 2022-10-19 14:01:00.924 [main] TestContext - =================Verify that user can navigate to Contact CCS page execution starts===================
[INFO ] 2022-10-19 14:01:00.926 [main] BrowserFactory - Opening CHROMEbrowser
[INFO ] 2022-10-19 14:01:03.045 [main] TestContext - Successfully lunched the chrome browser
[INFO ] 2022-10-19 14:01:03.045 [main] TestContext - base.url:https://webuat.crowncommercial.gov.uk/
[INFO ] 2022-10-19 14:01:07.823 [main] BrowserFactory - https://webuat.crowncommercial.gov.uk/ is launched
[INFO ] 2022-10-19 14:01:18.232 [main] HomePage - Clicked on Start now button
[INFO ] 2022-10-19 14:01:22.638 [main] HomePage - Clicked on Start now button
[INFO ] 2022-10-19 14:01:25.332 [main] TestContext - =================Verify that user can navigate to Contact CCS page execution ends===================
[INFO ] 2022-10-19 14:56:56.903 [main] TestContext - =================Verify that user can view the agreement details execution starts===================
[INFO ] 2022-10-19 14:56:56.910 [main] BrowserFactory - Opening CHROMEbrowser
[INFO ] 2022-10-19 14:57:00.612 [main] TestContext - Successfully lunched the chrome browser
[INFO ] 2022-10-19 14:57:00.614 [main] TestContext - base.url:https://webuat.crowncommercial.gov.uk/
[INFO ] 2022-10-19 14:57:07.076 [main] BrowserFactory - https://webuat.crowncommercial.gov.uk/ is launched
[INFO ] 2022-10-19 14:57:17.548 [main] HomePage - Clicked on Start now button
[INFO ] 2022-10-19 14:57:22.318 [main] HomePage - Clicked on Start now button
[INFO ] 2022-10-19 14:57:28.967 [main] TestContext - =================Verify that user can view the agreement details execution ends===================
[INFO ] 2022-10-19 14:57:29.186 [main] TestContext - =================Verify that user can start again to change answers execution starts===================
[INFO ] 2022-10-19 14:57:29.187 [main] BrowserFactory - Opening CHROMEbrowser
[INFO ] 2022-10-19 14:57:31.839 [main] TestContext - Successfully lunched the chrome browser
[INFO ] 2022-10-19 14:57:31.840 [main] TestContext - base.url:https://webuat.crowncommercial.gov.uk/
[INFO ] 2022-10-19 14:57:36.302 [main] BrowserFactory - https://webuat.crowncommercial.gov.uk/ is launched
[INFO ] 2022-10-19 14:57:46.737 [main] HomePage - Clicked on Start now button
[INFO ] 2022-10-19 14:57:51.291 [main] HomePage - Clicked on Start now button
[INFO ] 2022-10-19 14:57:57.065 [main] TestContext - =================Verify that user can start again to change answers execution ends===================
[INFO ] 2022-10-19 14:57:57.232 [main] TestContext - =================Verify that user can navigate to Contact CCS page execution starts===================
[INFO ] 2022-10-19 14:57:57.234 [main] BrowserFactory - Opening CHROMEbrowser
[INFO ] 2022-10-19 14:58:00.055 [main] TestContext - Successfully lunched the chrome browser
[INFO ] 2022-10-19 14:58:00.056 [main] TestContext - base.url:https://webuat.crowncommercial.gov.uk/
[INFO ] 2022-10-19 14:58:05.558 [main] BrowserFactory - https://webuat.crowncommercial.gov.uk/ is launched
[INFO ] 2022-10-19 14:58:15.773 [main] HomePage - Clicked on Start now button
[INFO ] 2022-10-19 14:58:20.189 [main] HomePage - Clicked on Start now button
[INFO ] 2022-10-19 14:58:25.956 [main] TestContext - =================Verify that user can navigate to Contact CCS page execution ends===================
