[INFO ] 2022-10-20 09:41:35.168 [main] TestContext - =================Verify that user can navigate to the search results page for the Building and Construction Journey execution starts===================
[INFO ] 2022-10-20 09:41:35.183 [main] BrowserFactory - Opening CHROMEbrowser
[INFO ] 2022-10-20 09:42:25.869 [main] TestContext - Successfully lunched the chrome browser
[INFO ] 2022-10-20 09:42:25.872 [main] TestContext - base.url:https://webuat.crowncommercial.gov.uk/
[INFO ] 2022-10-20 09:42:32.610 [main] BrowserFactory - https://webuat.crowncommercial.gov.uk/ is launched
[INFO ] 2022-10-20 09:42:43.891 [main] HomePage - Clicked on Start now button
[INFO ] 2022-10-20 09:42:48.386 [main] HomePage - Clicked on Start now button
[INFO ] 2022-10-20 09:42:51.676 [main] TestContext - =================Verify that user can navigate to the search results page for the Building and Construction Journey execution ends===================
[INFO ] 2022-10-20 10:58:09.617 [main] TestContext - =================Verify that user can view the agreement details execution starts===================
[INFO ] 2022-10-20 10:58:09.622 [main] BrowserFactory - Opening CHROMEbrowser
[INFO ] 2022-10-20 10:58:16.159 [main] TestContext - Successfully lunched the chrome browser
[INFO ] 2022-10-20 10:58:16.167 [main] TestContext - base.url:https://webuat.crowncommercial.gov.uk/
[INFO ] 2022-10-20 10:58:21.297 [main] BrowserFactory - https://webuat.crowncommercial.gov.uk/ is launched
[INFO ] 2022-10-20 10:58:32.198 [main] HomePage - Clicked on Start now button
[INFO ] 2022-10-20 10:58:36.623 [main] HomePage - Clicked on Start now button
[INFO ] 2022-10-20 10:58:43.643 [main] TestContext - =================Verify that user can view the agreement details execution ends===================
[INFO ] 2022-10-20 11:11:24.015 [main] TestContext - =================Verify that user can view the agreement details execution starts===================
[INFO ] 2022-10-20 11:11:24.020 [main] BrowserFactory - Opening CHROMEbrowser
[INFO ] 2022-10-20 11:11:29.276 [main] TestContext - Successfully lunched the chrome browser
[INFO ] 2022-10-20 11:11:29.279 [main] TestContext - base.url:https://webuat.crowncommercial.gov.uk/
[INFO ] 2022-10-20 11:11:37.480 [main] BrowserFactory - https://webuat.crowncommercial.gov.uk/ is launched
[INFO ] 2022-10-20 11:11:48.066 [main] HomePage - Clicked on Start now button
[INFO ] 2022-10-20 11:11:52.506 [main] HomePage - Clicked on Start now button
[INFO ] 2022-10-20 11:11:55.691 [main] HomePage - Buyer clicked on Building Materials and Equipment radio button
[INFO ] 2022-10-20 11:11:59.476 [main] HomePage - Clicked on Continue button
[INFO ] 2022-10-20 11:12:05.714 [main] TestContext - =================Verify that user can view the agreement details execution ends===================
[INFO ] 2022-10-20 11:21:53.794 [main] TestContext - =================RM6157: Building Materials - LOT1 execution starts===================
[INFO ] 2022-10-20 11:21:53.799 [main] BrowserFactory - Opening CHROMEbrowser
[INFO ] 2022-10-20 11:21:59.282 [main] TestContext - Successfully lunched the chrome browser
[INFO ] 2022-10-20 11:21:59.285 [main] TestContext - base.url:https://webuat.crowncommercial.gov.uk/
[INFO ] 2022-10-20 11:22:07.683 [main] BrowserFactory - https://webuat.crowncommercial.gov.uk/ is launched
[INFO ] 2022-10-20 11:22:19.216 [main] HomePage - Clicked on Start now button
[INFO ] 2022-10-20 11:22:23.746 [main] HomePage - Clicked on Start now button
[INFO ] 2022-10-20 11:22:26.937 [main] HomePage - Buyer clicked on Building Materials and Equipment radio button
[INFO ] 2022-10-20 11:22:30.806 [main] HomePage - Clicked on Continue button
[INFO ] 2022-10-20 11:22:33.897 [main] HomePage - Buyer clicked on Heavy building materials and one stop shop radio button
[INFO ] 2022-10-20 11:22:38.494 [main] HomePage - Clicked on Continue button
[INFO ] 2022-10-20 11:22:41.113 [main] GMResultPage - The <Which area best matches your needs?> was not found in the question list
[INFO ] 2022-10-20 11:22:46.740 [main] TestContext - =================RM6157: Building Materials - LOT1 execution ends===================
[INFO ] 2022-10-20 11:36:13.555 [main] TestContext - =================RM6157: Building Materials - LOT1 execution starts===================
[INFO ] 2022-10-20 11:36:13.559 [main] BrowserFactory - Opening CHROMEbrowser
[INFO ] 2022-10-20 11:36:18.336 [main] TestContext - Successfully lunched the chrome browser
[INFO ] 2022-10-20 11:36:18.338 [main] TestContext - base.url:https://webuat.crowncommercial.gov.uk/
[INFO ] 2022-10-20 11:36:26.675 [main] BrowserFactory - https://webuat.crowncommercial.gov.uk/ is launched
[INFO ] 2022-10-20 11:36:37.603 [main] HomePage - Clicked on Start now button
[INFO ] 2022-10-20 11:36:42.005 [main] HomePage - Clicked on Start now button
[INFO ] 2022-10-20 11:36:45.184 [main] HomePage - Buyer clicked on Building Materials and Equipment radio button
[INFO ] 2022-10-20 11:36:49.093 [main] HomePage - Clicked on Continue button
[INFO ] 2022-10-20 11:36:52.162 [main] HomePage - Buyer clicked on Heavy building materials and one stop shop radio button
[INFO ] 2022-10-20 11:36:56.741 [main] HomePage - Clicked on Continue button
[INFO ] 2022-10-20 11:36:59.298 [main] GMResultPage - The <Which area best matches your needs?> was not found in the question list
[INFO ] 2022-10-20 11:37:04.936 [main] TestContext - =================RM6157: Building Materials - LOT1 execution ends===================
[INFO ] 2022-10-20 11:38:33.112 [main] TestContext - =================RM6157: Building Materials - LOT1 execution starts===================
[INFO ] 2022-10-20 11:38:33.117 [main] BrowserFactory - Opening CHROMEbrowser
[INFO ] 2022-10-20 11:38:37.464 [main] TestContext - Successfully lunched the chrome browser
[INFO ] 2022-10-20 11:38:37.472 [main] TestContext - base.url:https://webuat.crowncommercial.gov.uk/
[INFO ] 2022-10-20 11:38:43.831 [main] BrowserFactory - https://webuat.crowncommercial.gov.uk/ is launched
[INFO ] 2022-10-20 11:38:54.580 [main] HomePage - Clicked on Start now button
[INFO ] 2022-10-20 11:38:59.031 [main] HomePage - Clicked on Start now button
[INFO ] 2022-10-20 11:39:02.209 [main] HomePage - Buyer clicked on Building Materials and Equipment radio button
[INFO ] 2022-10-20 11:39:06.043 [main] HomePage - Clicked on Continue button
[INFO ] 2022-10-20 11:39:09.110 [main] HomePage - Buyer clicked on Heavy building materials and one stop shop radio button
[INFO ] 2022-10-20 11:39:13.731 [main] HomePage - Clicked on Continue button
[INFO ] 2022-10-20 11:39:16.384 [main] GMResultPage - The <Which area best matches your needs?> was not found in the question list
[INFO ] 2022-10-20 11:39:21.969 [main] TestContext - =================RM6157: Building Materials - LOT1 execution ends===================
[INFO ] 2022-10-20 11:40:51.976 [main] TestContext - =================RM6157: Building Materials - LOT1 execution starts===================
[INFO ] 2022-10-20 11:40:51.981 [main] BrowserFactory - Opening CHROMEbrowser
[INFO ] 2022-10-20 11:40:56.565 [main] TestContext - Successfully lunched the chrome browser
[INFO ] 2022-10-20 11:40:56.567 [main] TestContext - base.url:https://webuat.crowncommercial.gov.uk/
[INFO ] 2022-10-20 11:41:03.459 [main] BrowserFactory - https://webuat.crowncommercial.gov.uk/ is launched
[INFO ] 2022-10-20 11:41:14.091 [main] HomePage - Clicked on Start now button
[INFO ] 2022-10-20 11:41:18.482 [main] HomePage - Clicked on Start now button
[INFO ] 2022-10-20 11:41:21.663 [main] HomePage - Buyer clicked on Building Materials and Equipment radio button
[INFO ] 2022-10-20 11:41:25.453 [main] HomePage - Clicked on Continue button
[INFO ] 2022-10-20 11:41:29.128 [main] HomePage - Buyer clicked on Heavy building materials and one stop shop radio button
[INFO ] 2022-10-20 11:41:33.464 [main] HomePage - Clicked on Continue button
[INFO ] 2022-10-20 11:41:36.562 [main] TestContext - =================RM6157: Building Materials - LOT1 execution ends===================
[INFO ] 2022-10-20 12:05:19.881 [main] TestContext - =================RM6157: Building Materials - LOT1 execution starts===================
[INFO ] 2022-10-20 12:05:19.886 [main] BrowserFactory - Opening CHROMEbrowser
[INFO ] 2022-10-20 12:05:26.198 [main] TestContext - Successfully lunched the chrome browser
[INFO ] 2022-10-20 12:05:26.200 [main] TestContext - base.url:https://webuat.crowncommercial.gov.uk/
[INFO ] 2022-10-20 12:05:33.204 [main] BrowserFactory - https://webuat.crowncommercial.gov.uk/ is launched
[INFO ] 2022-10-20 12:05:43.823 [main] HomePage - Clicked on Start now button
[INFO ] 2022-10-20 12:05:48.197 [main] HomePage - Clicked on Start now button
[INFO ] 2022-10-20 12:05:51.383 [main] HomePage - Buyer clicked on Building Materials and Equipment radio button
[INFO ] 2022-10-20 12:05:55.171 [main] HomePage - Clicked on Continue button
[INFO ] 2022-10-20 12:05:58.244 [main] HomePage - Buyer clicked on Heavy building materials and one stop shop radio button
[INFO ] 2022-10-20 12:06:03.431 [main] HomePage - Clicked on Continue button
[INFO ] 2022-10-20 12:06:06.499 [main] TestContext - =================RM6157: Building Materials - LOT1 execution ends===================
[INFO ] 2022-10-20 12:06:06.803 [main] TestContext - =================RM6157: Building Materials - LOT9 execution starts===================
[INFO ] 2022-10-20 12:06:06.806 [main] BrowserFactory - Opening CHROMEbrowser
[INFO ] 2022-10-20 12:06:11.484 [main] TestContext - Successfully lunched the chrome browser
[INFO ] 2022-10-20 12:06:11.486 [main] TestContext - base.url:https://webuat.crowncommercial.gov.uk/
[INFO ] 2022-10-20 12:06:15.953 [main] BrowserFactory - https://webuat.crowncommercial.gov.uk/ is launched
[INFO ] 2022-10-20 12:06:26.453 [main] HomePage - Clicked on Start now button
[INFO ] 2022-10-20 12:06:31.041 [main] HomePage - Clicked on Start now button
[INFO ] 2022-10-20 12:06:34.232 [main] HomePage - Buyer clicked on Building Materials and Equipment radio button
[INFO ] 2022-10-20 12:06:37.989 [main] HomePage - Clicked on Continue button
[INFO ] 2022-10-20 12:06:41.057 [main] HomePage - Buyer clicked on Building and Construction tools & Equipment radio button
[INFO ] 2022-10-20 12:06:44.940 [main] HomePage - Clicked on Continue button
[INFO ] 2022-10-20 12:06:47.985 [main] HomePage - Buyer clicked on Hire radio button
[INFO ] 2022-10-20 12:06:52.280 [main] HomePage - Clicked on Continue button
[INFO ] 2022-10-20 12:07:00.862 [main] TestContext - =================RM6157: Building Materials - LOT9 execution ends===================
[INFO ] 2022-10-20 13:12:07.356 [main] TestContext - =================RM6157: Building Materials - LOT1 execution starts===================
[INFO ] 2022-10-20 13:12:07.362 [main] BrowserFactory - Opening CHROMEbrowser
[INFO ] 2022-10-20 13:12:12.156 [main] TestContext - Successfully lunched the chrome browser
[INFO ] 2022-10-20 13:12:12.158 [main] TestContext - base.url:https://webuat.crowncommercial.gov.uk/
[INFO ] 2022-10-20 13:12:18.542 [main] BrowserFactory - https://webuat.crowncommercial.gov.uk/ is launched
[INFO ] 2022-10-20 13:12:29.358 [main] HomePage - Clicked on Start now button
[INFO ] 2022-10-20 13:12:33.885 [main] HomePage - Clicked on Start now button
[INFO ] 2022-10-20 13:12:37.096 [main] HomePage - Buyer clicked on Building Materials and Equipment radio button
[INFO ] 2022-10-20 13:12:41.053 [main] HomePage - Clicked on Continue button
[INFO ] 2022-10-20 13:12:44.121 [main] HomePage - Buyer clicked on Heavy building materials and one stop shop radio button
[INFO ] 2022-10-20 13:12:48.894 [main] HomePage - Clicked on Continue button
[INFO ] 2022-10-20 13:12:51.958 [main] TestContext - =================RM6157: Building Materials - LOT1 execution ends===================
[INFO ] 2022-10-20 13:12:52.189 [main] TestContext - =================RM6157: Building Materials - LOT9 execution starts===================
[INFO ] 2022-10-20 13:12:52.190 [main] BrowserFactory - Opening CHROMEbrowser
[INFO ] 2022-10-20 13:12:55.695 [main] TestContext - Successfully lunched the chrome browser
[INFO ] 2022-10-20 13:12:55.696 [main] TestContext - base.url:https://webuat.crowncommercial.gov.uk/
[INFO ] 2022-10-20 13:13:00.437 [main] BrowserFactory - https://webuat.crowncommercial.gov.uk/ is launched
[INFO ] 2022-10-20 13:13:11.118 [main] HomePage - Clicked on Start now button
[INFO ] 2022-10-20 13:13:15.415 [main] HomePage - Clicked on Start now button
[INFO ] 2022-10-20 13:13:18.613 [main] HomePage - Buyer clicked on Building Materials and Equipment radio button
[INFO ] 2022-10-20 13:13:22.598 [main] HomePage - Clicked on Continue button
[INFO ] 2022-10-20 13:13:25.668 [main] HomePage - Buyer clicked on Building and Construction tools & Equipment radio button
[INFO ] 2022-10-20 13:13:29.872 [main] HomePage - Clicked on Continue button
[INFO ] 2022-10-20 13:13:32.929 [main] HomePage - Buyer clicked on Hire radio button
[INFO ] 2022-10-20 13:13:37.194 [main] HomePage - Clicked on Continue button
[INFO ] 2022-10-20 13:13:46.057 [main] TestContext - =================RM6157: Building Materials - LOT9 execution ends===================
[INFO ] 2022-10-20 13:14:57.283 [main] TestContext - =================RM6157: Building Materials - LOT1 execution starts===================
[INFO ] 2022-10-20 13:14:57.288 [main] BrowserFactory - Opening CHROMEbrowser
[INFO ] 2022-10-20 13:15:01.799 [main] TestContext - Successfully lunched the chrome browser
[INFO ] 2022-10-20 13:15:01.801 [main] TestContext - base.url:https://webuat.crowncommercial.gov.uk/
[INFO ] 2022-10-20 13:15:08.108 [main] BrowserFactory - https://webuat.crowncommercial.gov.uk/ is launched
[INFO ] 2022-10-20 13:15:18.517 [main] HomePage - Clicked on Start now button
[INFO ] 2022-10-20 13:15:22.978 [main] HomePage - Clicked on Start now button
[INFO ] 2022-10-20 13:15:26.166 [main] HomePage - Buyer clicked on Building Materials and Equipment radio button
[INFO ] 2022-10-20 13:15:29.928 [main] HomePage - Clicked on Continue button
[INFO ] 2022-10-20 13:15:32.993 [main] HomePage - Buyer clicked on Heavy building materials and one stop shop radio button
[INFO ] 2022-10-20 13:15:37.592 [main] HomePage - Clicked on Continue button
[INFO ] 2022-10-20 13:15:40.669 [main] TestContext - =================RM6157: Building Materials - LOT1 execution ends===================
[INFO ] 2022-10-20 13:15:40.853 [main] TestContext - =================RM6157: Building Materials - LOT9 execution starts===================
[INFO ] 2022-10-20 13:15:40.854 [main] BrowserFactory - Opening CHROMEbrowser
[INFO ] 2022-10-20 13:15:44.125 [main] TestContext - Successfully lunched the chrome browser
[INFO ] 2022-10-20 13:15:44.126 [main] TestContext - base.url:https://webuat.crowncommercial.gov.uk/
[INFO ] 2022-10-20 13:15:49.135 [main] BrowserFactory - https://webuat.crowncommercial.gov.uk/ is launched
[INFO ] 2022-10-20 13:15:59.380 [main] HomePage - Clicked on Start now button
[INFO ] 2022-10-20 13:16:03.810 [main] HomePage - Clicked on Start now button
[INFO ] 2022-10-20 13:16:06.992 [main] HomePage - Buyer clicked on Building Materials and Equipment radio button
[INFO ] 2022-10-20 13:16:10.778 [main] HomePage - Clicked on Continue button
[INFO ] 2022-10-20 13:16:13.840 [main] HomePage - Buyer clicked on Building and Construction tools & Equipment radio button
[INFO ] 2022-10-20 13:16:17.637 [main] HomePage - Clicked on Continue button
[INFO ] 2022-10-20 13:16:20.692 [main] HomePage - Buyer clicked on Hire radio button
[INFO ] 2022-10-20 13:16:24.960 [main] HomePage - Clicked on Continue button
[INFO ] 2022-10-20 13:16:28.183 [main] TestContext - =================RM6157: Building Materials - LOT9 execution ends===================
[INFO ] 2022-10-20 16:29:37.749 [main] TestContext - =================RM6157: Building Materials - LOT1 execution starts===================
[INFO ] 2022-10-20 16:29:37.762 [main] BrowserFactory - Opening CHROMEbrowser
[INFO ] 2022-10-20 16:29:43.779 [main] TestContext - Successfully lunched the chrome browser
[INFO ] 2022-10-20 16:29:43.781 [main] TestContext - base.url:https://webuat.crowncommercial.gov.uk/
[INFO ] 2022-10-20 16:29:51.379 [main] BrowserFactory - https://webuat.crowncommercial.gov.uk/ is launched
[INFO ] 2022-10-20 16:30:03.653 [main] HomePage - Clicked on Start now button
[INFO ] 2022-10-20 16:30:08.481 [main] HomePage - Clicked on Start now button
[INFO ] 2022-10-20 16:30:11.567 [main] HomePage - Buyer clicked on Building Materials and Equipment radio button
[INFO ] 2022-10-20 16:30:15.430 [main] HomePage - Clicked on Continue button
[INFO ] 2022-10-20 16:30:18.520 [main] HomePage - Buyer clicked on Heavy building materials and one stop shop radio button
[INFO ] 2022-10-20 16:30:23.105 [main] HomePage - Clicked on Continue button
[INFO ] 2022-10-20 16:30:26.243 [main] TestContext - =================RM6157: Building Materials - LOT1 execution ends===================
[INFO ] 2022-10-20 16:30:26.714 [main] TestContext - =================RM6157: Building Materials - LOT9 execution starts===================
[INFO ] 2022-10-20 16:30:26.718 [main] BrowserFactory - Opening CHROMEbrowser
[INFO ] 2022-10-20 16:30:29.658 [main] TestContext - Successfully lunched the chrome browser
[INFO ] 2022-10-20 16:30:29.660 [main] TestContext - base.url:https://webuat.crowncommercial.gov.uk/
[INFO ] 2022-10-20 16:30:36.168 [main] BrowserFactory - https://webuat.crowncommercial.gov.uk/ is launched
[INFO ] 2022-10-20 16:30:46.461 [main] HomePage - Clicked on Start now button
[INFO ] 2022-10-20 16:30:51.014 [main] HomePage - Clicked on Start now button
[INFO ] 2022-10-20 16:30:54.204 [main] HomePage - Buyer clicked on Building Materials and Equipment radio button
[INFO ] 2022-10-20 16:30:58.100 [main] HomePage - Clicked on Continue button
[INFO ] 2022-10-20 16:31:01.173 [main] HomePage - Buyer clicked on Building and Construction tools & Equipment radio button
[INFO ] 2022-10-20 16:31:04.920 [main] HomePage - Clicked on Continue button
[INFO ] 2022-10-20 16:31:07.968 [main] HomePage - Buyer clicked on Hire radio button
[INFO ] 2022-10-20 16:31:12.724 [main] HomePage - Clicked on Continue button
[INFO ] 2022-10-20 16:31:16.006 [main] TestContext - =================RM6157: Building Materials - LOT9 execution ends===================
