[INFO ] 2022-11-28 10:23:12.343 [main] TestContext - =================To verify question content and error handling content for framework "linen" for each question of the journey execution starts===================
[INFO ] 2022-11-28 10:23:12.356 [main] BrowserFactory - Opening CHROMEbrowser
[INFO ] 2022-11-28 10:23:23.862 [main] TestContext - Successfully lunched the chrome browser
[INFO ] 2022-11-28 10:23:23.874 [main] TestContext - base.url:https://webuat.crowncommercial.gov.uk/
[INFO ] 2022-11-28 10:23:31.816 [main] BrowserFactory - https://webuat.crowncommercial.gov.uk/ is launched
[INFO ] 2022-11-28 10:23:46.947 [main] HomePage - Clicked on Start now button
[INFO ] 2022-11-28 10:23:50.572 [main] HomePage - Clicked on Start now button
[INFO ] 2022-11-28 10:23:52.884 [main] HomePage - Clicked on Continue button
[INFO ] 2022-11-28 10:23:55.588 [main] HomePage - Buyer clicked on Linen radio button
[INFO ] 2022-11-28 10:23:59.327 [main] HomePage - Clicked on Continue button
[INFO ] 2022-11-28 10:24:02.031 [main] HomePage - Clicked on Continue button
[INFO ] 2022-11-28 10:24:04.263 [main] HomePage - Buyer clicked on Service radio button
[INFO ] 2022-11-28 10:24:06.752 [main] HomePage - Clicked on Continue button
[INFO ] 2022-11-28 10:24:09.158 [main] HomePage - Clicked on Continue button
[INFO ] 2022-11-28 10:24:11.624 [main] HomePage - Buyer clicked on Yes radio button
[INFO ] 2022-11-28 10:24:14.052 [main] HomePage - Clicked on Continue button
[INFO ] 2022-11-28 10:24:16.364 [main] HomePage - Buyer clicked on No radio button
[INFO ] 2022-11-28 10:24:18.876 [main] HomePage - Clicked on Continue button
[INFO ] 2022-11-28 10:24:21.267 [main] HomePage - Clicked on Continue button
[INFO ] 2022-11-28 10:24:23.529 [main] HomePage - Buyer clicked on Yes radio button
[INFO ] 2022-11-28 10:24:25.936 [main] HomePage - Clicked on Continue button
[INFO ] 2022-11-28 10:24:28.209 [main] HomePage - Buyer clicked on No radio button
[INFO ] 2022-11-28 10:24:30.644 [main] HomePage - Clicked on Continue button
[INFO ] 2022-11-28 10:24:33.039 [main] HomePage - Clicked on Continue button
[INFO ] 2022-11-28 10:24:35.238 [main] HomePage - Buyer clicked on Theatre pack and gowns radio button
[INFO ] 2022-11-28 10:24:37.649 [main] HomePage - Clicked on Continue button
[INFO ] 2022-11-28 10:24:40.053 [main] HomePage - Clicked on Continue button
[INFO ] 2022-11-28 10:24:43.284 [main] HomePage - Buyer clicked on Anything else checkbox  button
[INFO ] 2022-11-28 10:24:46.416 [main] HomePage - Clicked on Continue button
[INFO ] 2022-11-28 10:24:46.520 [main] TestContext - =================To verify question content and error handling content for framework "linen" for each question of the journey execution ends===================
[INFO ] 2022-11-28 10:24:46.778 [main] TestContext - =================To verify question content and error handling content for framework "legal" for each question of the journey execution starts===================
[INFO ] 2022-11-28 10:24:46.780 [main] BrowserFactory - Opening CHROMEbrowser
[INFO ] 2022-11-28 10:24:54.518 [main] TestContext - Successfully lunched the chrome browser
[INFO ] 2022-11-28 10:24:54.519 [main] TestContext - base.url:https://webuat.crowncommercial.gov.uk/
[INFO ] 2022-11-28 10:25:02.257 [main] BrowserFactory - https://webuat.crowncommercial.gov.uk/ is launched
[INFO ] 2022-11-28 10:25:15.973 [main] HomePage - Clicked on Start now button
[INFO ] 2022-11-28 10:25:19.330 [main] HomePage - Clicked on Start now button
[INFO ] 2022-11-28 10:25:21.851 [main] HomePage - Clicked on Continue button
[INFO ] 2022-11-28 10:25:24.540 [main] HomePage - Buyer clicked on Legal radio button
[INFO ] 2022-11-28 10:25:27.105 [main] HomePage - Clicked on Continue button
[INFO ] 2022-11-28 10:25:29.768 [main] HomePage - Clicked on Continue button
[INFO ] 2022-11-28 10:25:32.031 [main] HomePage - Buyer clicked on Central Government radio button
[INFO ] 2022-11-28 10:25:34.435 [main] HomePage - Clicked on Continue button
[INFO ] 2022-11-28 10:25:36.830 [main] HomePage - Clicked on Continue button
[INFO ] 2022-11-28 10:25:39.195 [main] HomePage - Buyer clicked on Property radio button
[INFO ] 2022-11-28 10:25:41.656 [main] HomePage - Clicked on Continue button
[INFO ] 2022-11-28 10:25:44.054 [main] HomePage - Clicked on Continue button
[INFO ] 2022-11-28 10:25:54.330 [main] HomePage - Buyer clicked on Devolved radio button
[INFO ] 2022-11-28 10:25:56.826 [main] HomePage - Clicked on Continue button
[INFO ] 2022-11-28 10:25:59.202 [main] HomePage - Clicked on Continue button
[INFO ] 2022-11-28 10:26:01.435 [main] HomePage - Buyer clicked on Anything else radio button
[INFO ] 2022-11-28 10:26:03.803 [main] HomePage - Clicked on Continue button
[INFO ] 2022-11-28 10:26:06.162 [main] HomePage - Clicked on Continue button
[INFO ] 2022-11-28 10:26:09.364 [main] HomePage - Buyer clicked on England or Wales checkbox  button
[INFO ] 2022-11-28 10:26:12.941 [main] HomePage - Clicked on Continue button
[INFO ] 2022-11-28 10:26:12.989 [main] TestContext - =================To verify question content and error handling content for framework "legal" for each question of the journey execution ends===================
[INFO ] 2022-11-28 10:26:13.255 [main] TestContext - =================To verify question content and error handling content for framework "cctv" for each question of technical security journey execution starts===================
[INFO ] 2022-11-28 10:26:13.257 [main] BrowserFactory - Opening CHROMEbrowser
[INFO ] 2022-11-28 10:26:20.483 [main] TestContext - Successfully lunched the chrome browser
[INFO ] 2022-11-28 10:26:20.487 [main] TestContext - base.url:https://webuat.crowncommercial.gov.uk/
[INFO ] 2022-11-28 10:26:28.066 [main] BrowserFactory - https://webuat.crowncommercial.gov.uk/ is launched
[INFO ] 2022-11-28 10:26:41.729 [main] HomePage - Clicked on Start now button
[INFO ] 2022-11-28 10:26:44.937 [main] HomePage - Clicked on Start now button
[INFO ] 2022-11-28 10:26:47.410 [main] HomePage - Clicked on Continue button
[INFO ] 2022-11-28 10:26:50.087 [main] HomePage - Buyer clicked on Security Services radio button
[INFO ] 2022-11-28 10:26:52.621 [main] HomePage - Clicked on Continue button
[INFO ] 2022-11-28 10:26:55.218 [main] HomePage - Clicked on Continue button
[INFO ] 2022-11-28 10:26:57.446 [main] HomePage - Buyer clicked on Technical security radio button
[INFO ] 2022-11-28 10:26:59.867 [main] HomePage - Clicked on Continue button
[INFO ] 2022-11-28 10:27:02.278 [main] HomePage - Clicked on Continue button
[INFO ] 2022-11-28 10:27:04.530 [main] HomePage - Buyer clicked on Risk assessments radio button
[INFO ] 2022-11-28 10:27:07.808 [main] HomePage - Clicked on Continue button
[INFO ] 2022-11-28 10:27:07.877 [main] TestContext - =================To verify question content and error handling content for framework "cctv" for each question of technical security journey execution ends===================
[INFO ] 2022-11-28 10:27:08.085 [main] TestContext - =================To verify question content and error handling content for framework "cctv" for each question of security services journey execution starts===================
[INFO ] 2022-11-28 10:27:08.086 [main] BrowserFactory - Opening CHROMEbrowser
[INFO ] 2022-11-28 10:27:14.888 [main] TestContext - Successfully lunched the chrome browser
[INFO ] 2022-11-28 10:27:14.890 [main] TestContext - base.url:https://webuat.crowncommercial.gov.uk/
[INFO ] 2022-11-28 10:27:22.500 [main] BrowserFactory - https://webuat.crowncommercial.gov.uk/ is launched
[INFO ] 2022-11-28 10:27:36.269 [main] HomePage - Clicked on Start now button
[INFO ] 2022-11-28 10:27:39.527 [main] HomePage - Clicked on Start now button
[INFO ] 2022-11-28 10:27:42.012 [main] HomePage - Clicked on Continue button
[INFO ] 2022-11-28 10:27:44.704 [main] HomePage - Buyer clicked on Security Services radio button
[INFO ] 2022-11-28 10:27:47.197 [main] HomePage - Clicked on Continue button
[INFO ] 2022-11-28 10:27:49.779 [main] HomePage - Clicked on Continue button
[INFO ] 2022-11-28 10:27:52.038 [main] HomePage - Buyer clicked on Security services radio button
[INFO ] 2022-11-28 13:09:13.063 [main] TestContext - =================To verify question content and error handling content for framework "linen" for each question of the journey execution starts===================
[INFO ] 2022-11-28 13:09:13.074 [main] BrowserFactory - Opening CHROMEbrowser
[INFO ] 2022-11-28 13:10:06.502 [main] TestContext - Successfully lunched the chrome browser
[INFO ] 2022-11-28 13:10:06.508 [main] TestContext - base.url:https://webuat.crowncommercial.gov.uk/
[INFO ] 2022-11-28 13:10:14.355 [main] BrowserFactory - https://webuat.crowncommercial.gov.uk/ is launched
[INFO ] 2022-11-28 13:10:29.417 [main] HomePage - Clicked on Start now button
[INFO ] 2022-11-28 13:10:33.076 [main] HomePage - Clicked on Start now button
[INFO ] 2022-11-28 13:10:35.442 [main] HomePage - Clicked on Continue button
[INFO ] 2022-11-28 13:10:38.114 [main] HomePage - Buyer clicked on Linen radio button
[INFO ] 2022-11-28 13:10:40.823 [main] HomePage - Clicked on Continue button
[INFO ] 2022-11-28 13:10:43.392 [main] HomePage - Clicked on Continue button
[INFO ] 2022-11-28 13:10:45.661 [main] HomePage - Buyer clicked on Service radio button
[INFO ] 2022-11-28 13:10:48.179 [main] HomePage - Clicked on Continue button
[INFO ] 2022-11-28 13:10:50.540 [main] HomePage - Clicked on Continue button
[INFO ] 2022-11-28 13:10:53.032 [main] HomePage - Buyer clicked on Yes radio button
[INFO ] 2022-11-28 13:10:56.648 [main] HomePage - Clicked on Continue button
[INFO ] 2022-11-28 13:10:58.924 [main] HomePage - Buyer clicked on No radio button
[INFO ] 2022-11-28 13:11:01.357 [main] HomePage - Clicked on Continue button
[INFO ] 2022-11-28 13:11:03.740 [main] HomePage - Clicked on Continue button
[INFO ] 2022-11-28 13:11:05.960 [main] HomePage - Buyer clicked on Yes radio button
[INFO ] 2022-11-28 13:11:08.411 [main] HomePage - Clicked on Continue button
[INFO ] 2022-11-28 13:11:10.594 [main] HomePage - Buyer clicked on No radio button
[INFO ] 2022-11-28 13:11:13.005 [main] HomePage - Clicked on Continue button
[INFO ] 2022-11-28 13:11:15.345 [main] HomePage - Clicked on Continue button
[INFO ] 2022-11-28 13:11:17.559 [main] HomePage - Buyer clicked on Theatre pack and gowns radio button
[INFO ] 2022-11-28 13:11:19.996 [main] HomePage - Clicked on Continue button
[INFO ] 2022-11-28 13:11:22.572 [main] HomePage - Clicked on Continue button
[INFO ] 2022-11-28 13:11:26.114 [main] HomePage - Buyer clicked on Anything else checkbox  button
[INFO ] 2022-11-28 13:11:29.187 [main] HomePage - Clicked on Continue button
[INFO ] 2022-11-28 13:11:29.256 [main] TestContext - =================To verify question content and error handling content for framework "linen" for each question of the journey execution ends===================
[INFO ] 2022-11-28 13:11:29.510 [main] TestContext - =================To verify question content and error handling content for framework "legal" for each question of the journey execution starts===================
[INFO ] 2022-11-28 13:11:29.512 [main] BrowserFactory - Opening CHROMEbrowser
