[INFO ] 2023-03-07 18:44:22.806 [main] TestContext - =================RM6188 Audit & Assurance Services-Lot1 execution starts===================
[INFO ] 2023-03-07 18:44:22.821 [main] BrowserFactory - Opening CHROMEbrowser
[INFO ] 2023-03-07 18:49:29.818 [main] TestContext - =================RM6188 Audit & Assurance Services-Lot1 execution starts===================
[INFO ] 2023-03-07 18:49:29.822 [main] BrowserFactory - Opening CHROMEbrowser
[INFO ] 2023-03-07 18:52:04.551 [main] TestContext - =================RM6188 Audit & Assurance Services-Lot1 execution starts===================
[INFO ] 2023-03-07 18:52:04.555 [main] BrowserFactory - Opening CHROMEbrowser
[INFO ] 2023-03-07 18:52:57.845 [main] TestContext - Successfully lunched the chrome browser
[INFO ] 2023-03-07 18:52:57.851 [main] TestContext - base.url:https://webuat.crowncommercial.gov.uk/
[INFO ] 2023-03-07 18:53:05.372 [main] BrowserFactory - https://webuat.crowncommercial.gov.uk/ is launched
[INFO ] 2023-03-07 18:53:20.397 [main] HomePage - Clicked on Start now button
[INFO ] 2023-03-07 18:53:23.675 [main] HomePage - Clicked on Start now button
[INFO ] 2023-03-07 18:53:25.793 [main] HomePage - Buyer clicked on Audit and Assurance radio button
[INFO ] 2023-03-07 18:53:28.646 [main] HomePage - Clicked on Continue button
[INFO ] 2023-03-07 18:53:30.721 [main] HomePage - Buyer clicked on Core internal audit services radio button
[INFO ] 2023-03-07 18:53:34.589 [main] HomePage - Clicked on Continue button
[INFO ] 2023-03-07 18:53:37.839 [main] TestContext - =================RM6188 Audit & Assurance Services-Lot1 execution ends===================
[INFO ] 2023-03-07 19:03:03.038 [main] TestContext - =================RM6188 Audit & Assurance Services-Lot1 execution starts===================
[INFO ] 2023-03-07 19:03:03.042 [main] BrowserFactory - Opening CHROMEbrowser
[INFO ] 2023-03-07 19:03:12.838 [main] TestContext - Successfully lunched the chrome browser
[INFO ] 2023-03-07 19:03:12.840 [main] TestContext - base.url:https://webuat.crowncommercial.gov.uk/
[INFO ] 2023-03-07 19:03:19.896 [main] BrowserFactory - https://webuat.crowncommercial.gov.uk/ is launched
[INFO ] 2023-03-07 19:03:35.085 [main] HomePage - Clicked on Start now button
[INFO ] 2023-03-07 19:03:37.878 [main] HomePage - Clicked on Start now button
[INFO ] 2023-03-07 19:03:39.985 [main] HomePage - Buyer clicked on Audit and Assurance radio button
[INFO ] 2023-03-07 19:03:42.848 [main] HomePage - Clicked on Continue button
[INFO ] 2023-03-07 19:03:44.929 [main] HomePage - Buyer clicked on Core internal audit services radio button
[INFO ] 2023-03-07 19:03:48.565 [main] HomePage - Clicked on Continue button
[INFO ] 2023-03-07 19:03:51.718 [main] TestContext - =================RM6188 Audit & Assurance Services-Lot1 execution ends===================
[INFO ] 2023-03-07 19:03:51.933 [main] TestContext - =================RM6188 Audit & Assurance Services-Lot4 execution starts===================
[INFO ] 2023-03-07 19:03:51.935 [main] BrowserFactory - Opening CHROMEbrowser
[INFO ] 2023-03-07 19:03:58.468 [main] TestContext - Successfully lunched the chrome browser
[INFO ] 2023-03-07 19:03:58.469 [main] TestContext - base.url:https://webuat.crowncommercial.gov.uk/
[INFO ] 2023-03-07 19:04:05.488 [main] BrowserFactory - https://webuat.crowncommercial.gov.uk/ is launched
[INFO ] 2023-03-07 19:04:20.241 [main] HomePage - Clicked on Start now button
[INFO ] 2023-03-07 19:04:23.899 [main] HomePage - Clicked on Start now button
[INFO ] 2023-03-07 19:04:26.098 [main] HomePage - Buyer clicked on Audit and Assurance radio button
[INFO ] 2023-03-07 19:04:29.243 [main] HomePage - Clicked on Continue button
[INFO ] 2023-03-07 19:04:31.305 [main] HomePage - Buyer clicked on Other independent assurance services radio button
[INFO ] 2023-03-07 19:04:34.953 [main] HomePage - Clicked on Continue button
[INFO ] 2023-03-07 19:04:38.034 [main] TestContext - =================RM6188 Audit & Assurance Services-Lot4 execution ends===================
