[INFO ] 2023-01-20 10:33:57.091 [main] TestContext - =================RM6102:Apprenticeship Training execution starts===================
[INFO ] 2023-01-20 10:33:57.108 [main] BrowserFactory - Opening CHROMEbrowser
[INFO ] 2023-01-20 10:35:21.666 [main] TestContext - =================RM6102:Apprenticeship Training execution starts===================
[INFO ] 2023-01-20 10:35:21.671 [main] BrowserFactory - Opening CHROMEbrowser
[INFO ] 2023-01-20 10:36:43.778 [main] TestContext - =================RM6157: Building Materials - LOT1 execution starts===================
[INFO ] 2023-01-20 10:36:43.783 [main] BrowserFactory - Opening CHROMEbrowser
[INFO ] 2023-01-20 10:36:44.118 [main] TestContext - =================RM6157: Building Materials - LOT9 execution starts===================
[INFO ] 2023-01-20 10:36:44.120 [main] BrowserFactory - Opening CHROMEbrowser
[INFO ] 2023-01-20 10:37:22.131 [main] TestContext - =================RM6174: MFD - LOT1 execution starts===================
[INFO ] 2023-01-20 10:37:22.135 [main] BrowserFactory - Opening CHROMEbrowser
[INFO ] 2023-01-20 10:37:22.476 [main] TestContext - =================RM6174: MFD - LOT4 execution starts===================
[INFO ] 2023-01-20 10:37:22.478 [main] BrowserFactory - Opening CHROMEbrowser
[INFO ] 2023-01-20 10:48:58.869 [main] TestContext - =================RM6102:Apprenticeship Training execution starts===================
[INFO ] 2023-01-20 10:48:58.873 [main] BrowserFactory - Opening CHROMEbrowser
[INFO ] 2023-01-20 11:08:18.088 [main] TestContext - =================RM6102:Apprenticeship Training execution starts===================
[INFO ] 2023-01-20 11:08:18.093 [main] BrowserFactory - Opening CHROMEbrowser
[INFO ] 2023-01-20 11:12:40.739 [main] TestContext - =================RM6102:Apprenticeship Training execution starts===================
[INFO ] 2023-01-20 11:12:40.744 [main] BrowserFactory - Opening CHROMEbrowser
[INFO ] 2023-01-20 11:19:10.329 [main] TestContext - =================RM6157: Building Materials - LOT1 execution starts===================
[INFO ] 2023-01-20 11:19:10.338 [main] BrowserFactory - Opening CHROMEbrowser
[INFO ] 2023-01-20 11:19:10.724 [main] TestContext - =================RM6157: Building Materials - LOT9 execution starts===================
[INFO ] 2023-01-20 11:19:10.726 [main] BrowserFactory - Opening CHROMEbrowser
[INFO ] 2023-01-20 11:52:57.325 [main] TestContext - =================RM6102:Apprenticeship Training execution starts===================
[INFO ] 2023-01-20 11:52:57.330 [main] BrowserFactory - Opening CHROMEbrowser
[INFO ] 2023-01-20 11:55:38.416 [main] TestContext - =================RM6102:Apprenticeship Training execution starts===================
[INFO ] 2023-01-20 11:55:38.420 [main] BrowserFactory - Opening CHROMEbrowser
[INFO ] 2023-01-20 13:46:35.289 [main] TestContext - =================To verify question content and error handling content for framework "linen" for each question of the journey execution starts===================
[INFO ] 2023-01-20 13:46:35.296 [main] BrowserFactory - Opening CHROMEbrowser
[INFO ] 2023-01-20 13:46:35.904 [main] TestContext - =================To verify question content and error handling content for framework "legal" for each question of the journey execution starts===================
[INFO ] 2023-01-20 13:46:35.907 [main] BrowserFactory - Opening CHROMEbrowser
[INFO ] 2023-01-20 13:46:35.919 [main] TestContext - =================To verify question content and error handling content for framework "cctv" for each question of technical security journey execution starts===================
[INFO ] 2023-01-20 13:46:35.922 [main] BrowserFactory - Opening CHROMEbrowser
[INFO ] 2023-01-20 13:46:35.933 [main] TestContext - =================To verify question content and error handling content for framework "cctv" for each question of security services journey execution starts===================
[INFO ] 2023-01-20 13:46:35.936 [main] BrowserFactory - Opening CHROMEbrowser
[INFO ] 2023-01-20 13:46:35.948 [main] TestContext - =================To verify question content and error handling content for framework "cctv" for each question of security services journey execution starts===================
[INFO ] 2023-01-20 13:46:35.951 [main] BrowserFactory - Opening CHROMEbrowser
[INFO ] 2023-01-20 13:46:35.971 [main] TestContext - =================To verify Buyer has provided with different recommendations "lot2", lots "<lots>", service details "<details>" on GM results page after initiating GM journey for framework "detection" and after answering different set of question as looking for "Secure collection and delivery services", Sector buying as "<sectorRadio>" during the journey execution starts===================
[INFO ] 2023-01-20 13:46:35.975 [main] BrowserFactory - Opening CHROMEbrowser
[INFO ] 2023-01-20 13:46:35.992 [main] TestContext - =================To verify Buyer has provided with different recommendations "lot6", lots "<lots>", service details "<details>" on GM results page after initiating GM journey for framework "detection" and after answering different set of question as looking for "Asset recovery, disposal and destruction", Sector buying as "<sectorRadio>" during the journey execution starts===================
[INFO ] 2023-01-20 13:46:35.996 [main] BrowserFactory - Opening CHROMEbrowser
[INFO ] 2023-01-20 13:46:36.017 [main] TestContext - =================To verify Buyer has provided with different recommendations "<recommServices>", service details "<details>" on GM results page after initiating GM journey for framework "housing" and after answering different set of question as sector looking for "<sector>", selects Service area as "<serviceArea>" during the journey execution starts===================
[INFO ] 2023-01-20 13:46:36.026 [main] BrowserFactory - Opening CHROMEbrowser
[INFO ] 2023-01-20 13:46:36.055 [main] TestContext - =================To verify Buyer has provided with different recommendations "<recommServices>", service details "<details>" on GM results page after initiating GM journey for framework "housing" and after answering different set of question as sector looking for "Ministry of Defence or defence infrastructure organisation", selects Service area as "<serviceArea>" during the journey execution starts===================
[INFO ] 2023-01-20 13:46:36.060 [main] BrowserFactory - Opening CHROMEbrowser
[INFO ] 2023-01-20 13:46:36.073 [main] TestContext - =================To verify Buyer has provided with different recommendations "<recommServices>", service details "<details>" on GM results page after initiating GM journey for framework "housing" and after answering different set of question as sector looking for "Ministry of Defence or defence infrastructure organisation", selects Service area as "<serviceArea>" during the journey execution starts===================
[INFO ] 2023-01-20 13:46:36.077 [main] BrowserFactory - Opening CHROMEbrowser
[INFO ] 2023-01-20 13:46:36.096 [main] TestContext - =================To verify Buyer has provided with different recommendations "<recommServices>", service details "fmmDetails_buildingCleaningServices" on GM results page after initiating GM journey for framework "housing" and after answering different set of question as sector looking for "<sector>", selects Service area as "<serviceArea>" during the journey execution starts===================
[INFO ] 2023-01-20 13:46:36.098 [main] BrowserFactory - Opening CHROMEbrowser
[INFO ] 2023-01-20 13:46:36.115 [main] TestContext - =================To verify Buyer has provided with different recommendations "<recommServices>", service details "<details>" on GM results page after initiating GM journey for framework "housing" and after answering different set of question as sector looking for "<sector>", selects Service area as "<serviceArea>" during the journey execution starts===================
[INFO ] 2023-01-20 13:46:36.117 [main] BrowserFactory - Opening CHROMEbrowser
[INFO ] 2023-01-20 13:46:36.131 [main] TestContext - =================To verify Buyer has initiated GM journey for framework "linen" and is provided with GM Escape page on selection of Product during the journey execution starts===================
[INFO ] 2023-01-20 13:46:36.134 [main] BrowserFactory - Opening CHROMEbrowser
[INFO ] 2023-01-20 13:46:36.157 [main] TestContext - =================To verify Buyer has provided with different recommendations "lot2" and after answering different set of question as looking for "Service", Budget radio as "Yes" and enters budget as "12345", Contract radio as "Yes" and enters contract length "10" , selects Service area as "Theatre pack and gowns" and Additional facilities as "No, I have everything I need" during the journey execution starts===================
[INFO ] 2023-01-20 13:46:36.159 [main] BrowserFactory - Opening CHROMEbrowser
[INFO ] 2023-01-20 13:46:36.176 [main] TestContext - =================To verify Buyer has provided with different recommendations "lot3" and after answering different set of question as looking for "Service", Budget radio as "Yes" and enters budget as "12345", Contract radio as "Yes" and enters contract length "11" , selects Service area as "Cleanroom services" and Additional facilities as "No, I have everything I need" during the journey execution starts===================
[INFO ] 2023-01-20 13:46:36.178 [main] BrowserFactory - Opening CHROMEbrowser
[INFO ] 2023-01-20 13:46:36.189 [main] TestContext - =================To verify Buyer has provided with different recommendations "lot1a" and after answering different set of question as looking for "Service", Budget radio as "Yes" and enters budget as "12345", Contract radio as "Yes" and enters contract length "11" , selects Service area as "Linen hire with standard wash" and Additional facilities as "No, I have everything I need" during the journey execution starts===================
[INFO ] 2023-01-20 13:46:36.193 [main] BrowserFactory - Opening CHROMEbrowser
[INFO ] 2023-01-20 13:46:36.203 [main] TestContext - =================To verify Buyer has provided with different recommendations "lot1b" and after answering different set of question as looking for "Service", Budget radio as "Yes" and enters budget as "12345", Contract radio as "Yes" and enters contract length "7" , selects Service area as "Standard wash" and Additional facilities as "No, I have everything I need" during the journey execution starts===================
[INFO ] 2023-01-20 13:46:36.205 [main] BrowserFactory - Opening CHROMEbrowser
[INFO ] 2023-01-20 13:46:36.214 [main] TestContext - =================To verify Buyer has provided with different recommendations "<recommendation>" and after answering different set of question as looking for "Service", Budget radio as "Yes" and enters budget as "12345", Contract radio as "Yes" and enters contract length "8" , selects Service area as "Theatre pack and gowns" and Additional facilities as "Anything else" during the journey execution starts===================
[INFO ] 2023-01-20 13:46:36.216 [main] BrowserFactory - Opening CHROMEbrowser
[INFO ] 2023-01-20 13:46:36.224 [main] TestContext - =================To verify Buyer has provided with different recommendations "lot2" and after answering different set of question as looking for "Service", Budget radio as "Yes" and enters budget as "12345000", selects Service area as "Theatre pack and gowns" and Additional facilities as "No, I have everything I need" during the journey execution starts===================
[INFO ] 2023-01-20 13:46:36.227 [main] BrowserFactory - Opening CHROMEbrowser
[INFO ] 2023-01-20 13:46:36.238 [main] TestContext - =================To verify Buyer has provided with different recommendations "lot3" and after answering different set of question as looking for "Service", Budget radio as "Yes" and enters budget as "12345000", selects Service area as "Cleanroom services" and Additional facilities as "No, I have everything I need" during the journey execution starts===================
[INFO ] 2023-01-20 13:46:36.240 [main] BrowserFactory - Opening CHROMEbrowser
[INFO ] 2023-01-20 13:46:36.249 [main] TestContext - =================To verify Buyer has provided with different recommendations "lot1a" and after answering different set of question as looking for "Service", Budget radio as "Yes" and enters budget as "12345000", selects Service area as "Linen hire with standard wash" and Additional facilities as "No, I have everything I need" during the journey execution starts===================
[INFO ] 2023-01-20 13:46:36.251 [main] BrowserFactory - Opening CHROMEbrowser
[INFO ] 2023-01-20 13:46:36.265 [main] TestContext - =================To verify Buyer has provided with different recommendations "lot1b" and after answering different set of question as looking for "Service", Budget radio as "Yes" and enters budget as "12345000", selects Service area as "Standard wash" and Additional facilities as "No, I have everything I need" during the journey execution starts===================
[INFO ] 2023-01-20 13:46:36.267 [main] BrowserFactory - Opening CHROMEbrowser
[INFO ] 2023-01-20 13:46:36.275 [main] TestContext - =================To verify Buyer has provided with different recommendations "<recommendation>" and after answering different set of question as looking for "Service", Budget radio as "Yes" and enters budget as "7654321", selects Service area as "Theatre pack and gowns" and Additional facilities as "Anything else" during the journey execution starts===================
[INFO ] 2023-01-20 13:46:36.277 [main] BrowserFactory - Opening CHROMEbrowser
[INFO ] 2023-01-20 13:46:36.285 [main] TestContext - =================To verify Buyer has provided with different recommendations "<recommendation>" and after answering different set of question as looking for "Service", Budget radio as "Yes" and enters budget as "7654321", selects Service area as "Cleanroom services" and Additional facilities as "Anything else" during the journey execution starts===================
[INFO ] 2023-01-20 13:46:36.287 [main] BrowserFactory - Opening CHROMEbrowser
[INFO ] 2023-01-20 13:46:36.296 [main] TestContext - =================To verify Buyer has provided with different recommendations "<recommendation>" and after answering different set of question as looking for "Service", Budget radio as "Yes" and enters budget as "7654321", selects Service area as "Linen hire with standard wash" and Additional facilities as "Anything else" during the journey execution starts===================
[INFO ] 2023-01-20 13:46:36.297 [main] BrowserFactory - Opening CHROMEbrowser
[INFO ] 2023-01-20 13:46:36.306 [main] TestContext - =================To verify Buyer has provided with different recommendations "<recommendation>" and after answering different set of question as looking for "Service", Budget radio as "Yes" and enters budget as "7654321", selects Service area as "Standard wash" and Additional facilities as "Anything else" during the journey execution starts===================
[INFO ] 2023-01-20 13:46:36.308 [main] BrowserFactory - Opening CHROMEbrowser
[INFO ] 2023-01-20 13:46:36.316 [main] TestContext - =================To verify Buyer has provided with different recommendations "lot2" and after answering different set of question as looking for "Service", Budget radio as "Yes" and enters budget as "12345", Contract radio as "Yes" and enters contract length "13" , selects Service area as "Theatre pack and gowns" and Additional facilities as "No, I have everything I need" during the journey execution starts===================
[INFO ] 2023-01-20 13:46:36.318 [main] BrowserFactory - Opening CHROMEbrowser
[INFO ] 2023-01-20 13:46:36.326 [main] TestContext - =================To verify Buyer has provided with different recommendations "lot3" and after answering different set of question as looking for "Service", Budget radio as "Yes" and enters budget as "12345", Contract radio as "Yes" and enters contract length "14" , selects Service area as "Cleanroom services" and Additional facilities as "No, I have everything I need" during the journey execution starts===================
[INFO ] 2023-01-20 13:46:36.327 [main] BrowserFactory - Opening CHROMEbrowser
[INFO ] 2023-01-20 13:46:36.335 [main] TestContext - =================To verify Buyer has provided with different recommendations "lot1a" and after answering different set of question as looking for "Service", Budget radio as "Yes" and enters budget as "12345", Contract radio as "Yes" and enters contract length "21" , selects Service area as "Linen hire with standard wash" and Additional facilities as "No, I have everything I need" during the journey execution starts===================
[INFO ] 2023-01-20 13:46:36.337 [main] BrowserFactory - Opening CHROMEbrowser
[INFO ] 2023-01-20 13:46:36.345 [main] TestContext - =================To verify Buyer has provided with different recommendations "lot1b" and after answering different set of question as looking for "Service", Budget radio as "Yes" and enters budget as "12345", Contract radio as "Yes" and enters contract length "30" , selects Service area as "Standard wash" and Additional facilities as "No, I have everything I need" during the journey execution starts===================
[INFO ] 2023-01-20 13:46:36.346 [main] BrowserFactory - Opening CHROMEbrowser
[INFO ] 2023-01-20 13:46:36.354 [main] TestContext - =================To verify Buyer has provided with different recommendations "<recommendation>" and after answering different set of question as looking for "Service", Budget radio as "Yes" and enters budget as "12345", Contract radio as "Yes" and enters contract length "18" , selects Service area as "Theatre pack and gowns" and Additional facilities as "Anything else" during the journey execution starts===================
[INFO ] 2023-01-20 13:46:36.356 [main] BrowserFactory - Opening CHROMEbrowser
[INFO ] 2023-01-20 13:46:36.365 [main] TestContext - =================To verify Buyer has provided with different recommendations "<recommendation>" and after answering different set of question as looking for "Service", Budget radio as "Yes" and enters budget as "12345", Contract radio as "Yes" and enters contract length "20" , selects Service area as "Cleanroom services" and Additional facilities as "Anything else" during the journey execution starts===================
[INFO ] 2023-01-20 13:46:36.367 [main] BrowserFactory - Opening CHROMEbrowser
[INFO ] 2023-01-20 13:46:36.375 [main] TestContext - =================To verify Buyer has provided with different recommendations "<recommendation>" and after answering different set of question as looking for "Service", Budget radio as "Yes" and enters budget as "12345", Contract radio as "Yes" and enters contract length "25" , selects Service area as "Linen hire with standard wash" and Additional facilities as "Anything else" during the journey execution starts===================
[INFO ] 2023-01-20 13:46:36.377 [main] BrowserFactory - Opening CHROMEbrowser
[INFO ] 2023-01-20 13:46:36.384 [main] TestContext - =================To verify Buyer has provided with different recommendations "<recommendation>" and after answering different set of question as looking for "Service", Budget radio as "Yes" and enters budget as "12345", Contract radio as "Yes" and enters contract length "35" , selects Service area as "Standard wash" and Additional facilities as "Anything else" during the journey execution starts===================
[INFO ] 2023-01-20 13:46:36.386 [main] BrowserFactory - Opening CHROMEbrowser
[INFO ] 2023-01-20 13:46:36.395 [main] TestContext - =================To verify Buyer has provided with different recommendations "tech-both-lot1", lots "<lots>", service details "<details>" on GM results page after initiating GM journey for framework "cctv" and after answering different set of question by selecting what type of security "Security software", looking for "Both, product and service", selects multiple service areas "Hardware and software ICT solutions", Sector buying as "Devolved" during the journey execution starts===================
[INFO ] 2023-01-20 13:46:36.401 [main] BrowserFactory - Opening CHROMEbrowser
[INFO ] 2023-01-20 13:46:36.410 [main] TestContext - =================To verify Buyer has provided with different recommendations "lot4_lot5", lots "<lots>", service details "<details>" on GM results page after initiating GM journey for framework "cctv" and after answering different set of question as looking for "Product", Sector buying as "Education" during the journey execution starts===================
[INFO ] 2023-01-20 13:46:36.411 [main] BrowserFactory - Opening CHROMEbrowser
[INFO ] 2023-01-20 13:46:36.420 [main] TestContext - =================To verify Buyer has provided with different recommendations "lot2-tech", lots "<lots>", service details "<details>" on GM results page after initiating GM journey for framework "cctv" and after answering different set of question as looking for "Service", selects multiple service areas "<serviceAreaOpt>", Sector buying as "Education" during the journey execution starts===================
[INFO ] 2023-01-20 13:46:36.422 [main] BrowserFactory - Opening CHROMEbrowser
[INFO ] 2023-01-20 13:46:36.431 [main] TestContext - =================To verify Buyer has provided with different recommendations "techlot1b", lots "<lots>", service details "<details>" on GM results page after initiating GM journey for framework "cctv" and answering different set of question as selects type of security "Technical security" and which technical services "<techserviceAreaOpt>" during the journey execution starts===================
[INFO ] 2023-01-20 13:46:36.438 [main] BrowserFactory - Opening CHROMEbrowser
[INFO ] 2023-01-20 13:46:36.447 [main] TestContext - =================To verify Buyer has provided with different recommendations "seclot3", lots "<lots>", service details "<details>" on GM results page after initiating GM journey for framework "cctv" and answering different set of question as selects type of security "Security services" and which technical services "<techserviceAreaOpt>" during the journey execution starts===================
[INFO ] 2023-01-20 13:46:36.448 [main] BrowserFactory - Opening CHROMEbrowser
[INFO ] 2023-01-20 13:46:36.457 [main] TestContext - =================To verify Buyer has provided with different recommendations "<recommendation>", lots "<lots>", service details "fmmDetails" on GM results page after initiating GM journey for framework "cctv" and answering different set of question as selects type of security "Security services" and which technical services "<techserviceAreaOpt>" during the journey execution starts===================
[INFO ] 2023-01-20 13:46:36.458 [main] BrowserFactory - Opening CHROMEbrowser
[INFO ] 2023-01-20 13:46:36.466 [main] TestContext - =================To verify Buyer has provided with different recommendations "techlot1b_seclot1a", lots "2", service details "wpsfm2" on GM results page after initiating GM journey for framework "cctv" and answering different set of question as selects type of security "Security services" and which technical services "<techserviceAreaOpt>" during the journey execution starts===================
[INFO ] 2023-01-20 13:46:36.468 [main] BrowserFactory - Opening CHROMEbrowser
[INFO ] 2023-01-20 13:46:36.478 [main] TestContext - =================To verify Buyer has provided with different recommendations "seclot1a_techlot1b", lots "2", service details "wpsfm2" on GM results page after initiating GM journey for framework "cctv" and answering different set of question as selects type of security "Security services and technical security" and which technical services "<techserviceAreaOpt>" during the journey execution starts===================
[INFO ] 2023-01-20 13:46:36.481 [main] BrowserFactory - Opening CHROMEbrowser
[INFO ] 2023-01-20 13:46:36.498 [main] TestContext - =================To verify Buyer has provided with different recommendations "seclot1a", lots "<lots>", service details "<details>" on GM results page after initiating GM journey for framework "cctv" and answering different set of question as selects type of security "Security services" and which technical services "<techserviceAreaOpt>" during the journey execution starts===================
[INFO ] 2023-01-20 13:46:36.500 [main] BrowserFactory - Opening CHROMEbrowser
[INFO ] 2023-01-20 13:46:36.509 [main] TestContext - =================To verify Buyer has provided with different recommendations "seclot3_seclot1a", lots "<lots>", service details "<details>" on GM results page after initiating GM journey for framework "cctv" and answering different set of question as selects type of security "Security services and technical security" and which technical services "<techserviceAreaOpt>" during the journey execution starts===================
[INFO ] 2023-01-20 13:46:36.511 [main] BrowserFactory - Opening CHROMEbrowser
[INFO ] 2023-01-20 13:46:36.519 [main] TestContext - =================To verify Buyer has provided with different recommendations "seclot1a", lots "<lots>", service details "<details>" on GM results page after initiating GM journey for framework "cctv" and answering different set of question as selects type of security "Security services and technical security" and which technical services "<techserviceAreaOpt>" during the journey execution starts===================
[INFO ] 2023-01-20 13:46:36.521 [main] BrowserFactory - Opening CHROMEbrowser
[INFO ] 2023-01-20 13:46:36.528 [main] TestContext - =================To verify Buyer has provided with different recommendations "seclot1a", lots "<lots>", service details "<details>" on GM results page after initiating GM journey for framework "cctv" and answering different set of question as selects type of security "Security services and technical security" and which technical services "<techserviceAreaOpt>" during the journey execution starts===================
[INFO ] 2023-01-20 13:46:36.530 [main] BrowserFactory - Opening CHROMEbrowser
[INFO ] 2023-01-20 13:46:36.538 [main] TestContext - =================To verify Buyer has provided with different recommendations "seclot1a", lots "<lots>", service details "<details>" on GM results page after initiating GM journey for framework "cctv" and answering different set of question as selects type of security "Security services and technical security" and which technical services "<techserviceAreaOpt>" during the journey execution starts===================
[INFO ] 2023-01-20 13:46:36.539 [main] BrowserFactory - Opening CHROMEbrowser
[INFO ] 2023-01-20 13:46:36.547 [main] TestContext - =================To verify Buyer has provided with different recommendations "<recommServices>", service details "railLegalDetails" on GM results page after initiating GM journey for framework "legal" and after answering different set of question as sector looking for "Central Government", selects Service area as "Rail" during the journey execution starts===================
[INFO ] 2023-01-20 13:46:36.549 [main] BrowserFactory - Opening CHROMEbrowser
[INFO ] 2023-01-20 13:46:36.558 [main] TestContext - =================To verify Buyer has provided with different recommendations "RM6179RM3788lot1", lots "<lots>", service details "<details>" on GM results page after initiating GM journey for framework "legal" and after answering different set of question as sector looking for "Central Government", selects Service area as "Employment litigation" during the journey execution starts===================
[INFO ] 2023-01-20 13:46:36.560 [main] BrowserFactory - Opening CHROMEbrowser
[INFO ] 2023-01-20 13:46:36.567 [main] TestContext - =================To verify Buyer has provided with different service details "GLAS" on GM results page after initiating GM journey for framework "legal" and after answering different set of question as sector looking for "Central Government", selects Service area as "Employment litigation" during the journey execution starts===================
[INFO ] 2023-01-20 13:46:36.570 [main] BrowserFactory - Opening CHROMEbrowser
[INFO ] 2023-01-20 13:46:36.578 [main] TestContext - =================To verify Buyer has provided with different recommendations "RM6179RM3788lot1", lots "<lots>", service details "<details>" on GM results page after initiating GM journey for framework "legal" and after answering different set of question as sector looking for "Ministry of Defence or defence infrastructure organisation", selects Service area as "Employment litigation" during the journey execution starts===================
[INFO ] 2023-01-20 13:46:36.581 [main] BrowserFactory - Opening CHROMEbrowser
[INFO ] 2023-01-20 13:46:36.590 [main] TestContext - =================To verify Buyer has provided with different service details "eDisclosureandeDiscoveryServicesDetails" on GM results page after initiating GM journey for framework "legal" and after answering different set of question as sector looking for "Local Government", selects Service area as "eDisclosure and eDiscovery" during the journey execution starts===================
[INFO ] 2023-01-20 13:46:36.591 [main] BrowserFactory - Opening CHROMEbrowser
[INFO ] 2023-01-20 13:46:36.621 [main] TestContext - =================To verify Buyer has provided with different recommendations "wpslot1_wpslot2a", lots "<lots>", service details "<details>" on GM results page after initiating GM journey for framework "legal" and after answering different set of question as sector looking for "Local Government", selects Service area as "Anything else" during the journey execution starts===================
[INFO ] 2023-01-20 13:46:36.623 [main] BrowserFactory - Opening CHROMEbrowser
[INFO ] 2023-01-20 13:46:36.632 [main] TestContext - =================To verify Buyer has provided with different recommendations "wpslot1_wpslot2a", lots "<lots>", service details "<details>" on GM results page after initiating GM journey for framework "legal" and after answering different set of question as sector looking for "Devolved", selects Service area as "Multiple services" during the journey execution starts===================
[INFO ] 2023-01-20 13:46:36.633 [main] BrowserFactory - Opening CHROMEbrowser
[INFO ] 2023-01-20 13:46:36.652 [main] TestContext - =================To verify Buyer has provided with different recommendations "wpslot1_wpslot2b", lots "<lots>", service details "<details>" on GM results page after initiating GM journey for framework "legal" and after answering different set of question as sector looking for "Education", selects Service area as "Anything else" during the journey execution starts===================
[INFO ] 2023-01-20 13:46:36.655 [main] BrowserFactory - Opening CHROMEbrowser
[INFO ] 2023-01-20 13:46:36.663 [main] TestContext - =================To verify Buyer has provided with different recommendations "wpslot1_wpslot2b", lots "<lots>", service details "<details>" on GM results page after initiating GM journey for framework "legal" and after answering different set of question as sector looking for "Blue light", selects Service area as "Multiple services" during the journey execution starts===================
[INFO ] 2023-01-20 13:46:36.665 [main] BrowserFactory - Opening CHROMEbrowser
[INFO ] 2023-01-20 13:46:36.674 [main] TestContext - =================To verify Buyer has provided with different recommendations "wpslot1_wpslot2c", lots "<lots>", service details "<details>" on GM results page after initiating GM journey for framework "legal" and after answering different set of question as sector looking for "Health", selects Service area as "Anything else" during the journey execution starts===================
[INFO ] 2023-01-20 13:46:36.676 [main] BrowserFactory - Opening CHROMEbrowser
[INFO ] 2023-01-20 13:46:36.683 [main] TestContext - =================To verify Buyer has provided with different recommendations "wpslot1_wpslot2c", lots "<lots>", service details "<details>" on GM results page after initiating GM journey for framework "legal" and after answering different set of question as sector looking for "Charities", selects Service area as "Multiple services" during the journey execution starts===================
[INFO ] 2023-01-20 13:46:36.685 [main] BrowserFactory - Opening CHROMEbrowser
[INFO ] 2023-01-20 13:46:36.692 [main] TestContext - =================To verify Buyer has provided with different recommendations "wpslot1", lots "<lots>", service details "<details>" on GM results page after initiating GM journey for framework "legal" and after answering different set of question as sector looking for "Charities", selects Service area as "Multiple services" during the journey execution starts===================
[INFO ] 2023-01-20 13:46:36.694 [main] BrowserFactory - Opening CHROMEbrowser
[INFO ] 2023-01-20 13:46:36.701 [main] TestContext - =================To verify Buyer has provided with different recommendations "lot1", lots "<lots>", service details "<details>" on GM results page after initiating GM journey for framework "laptop" and after answering different set of question as looking for "Product", Sector buying as "Central Government" during the journey execution starts===================
[INFO ] 2023-01-20 13:46:36.713 [main] BrowserFactory - Opening CHROMEbrowser
[INFO ] 2023-01-20 13:46:36.726 [main] TestContext - =================To verify Buyer has provided with different recommendations "lot2-tech", lots "<lots>", service details "<details>" on GM results page after initiating GM journey for framework "laptop" and after answering different set of question as looking for "Service", selects multiple service areas "<serviceAreaOpt>", Sector buying as "Education" during the journey execution starts===================
[INFO ] 2023-01-20 13:46:36.731 [main] BrowserFactory - Opening CHROMEbrowser
[INFO ] 2023-01-20 13:46:36.757 [main] TestContext - =================To verify Buyer has provided with different recommendations "lot3-tech", lots "<lots>", service details "<details>" on GM results page after initiating GM journey for framework "laptop" and after answering different set of question as looking for "Service", selects multiple service areas "<serviceAreaOpt>", Sector buying as "Education" during the journey execution starts===================
[INFO ] 2023-01-20 13:46:36.760 [main] BrowserFactory - Opening CHROMEbrowser
[INFO ] 2023-01-20 13:46:36.776 [main] TestContext - =================To verify Buyer has provided with different recommendations "<recommendation>", lots "<lots>", service details "<details>" on GM results page after initiating GM journey for framework "laptop" and after answering different set of question as looking for "Service", selects multiple service areas "<serviceAreaOpt>", Sector buying as "Local Government" during the journey execution starts===================
[INFO ] 2023-01-20 13:46:36.779 [main] BrowserFactory - Opening CHROMEbrowser
[INFO ] 2023-01-20 13:46:36.790 [main] TestContext - =================To verify Buyer has provided with different recommendations "<recommendation>", lots "<lots>", service details "<details>" on GM results page after initiating GM journey for framework "laptop" and after answering different set of question as looking for "Service", selects multiple service areas "<serviceAreaOpt>", Sector buying as "Ministry of Defence or defence infrastructure organisation" during the journey execution starts===================
[INFO ] 2023-01-20 13:46:36.791 [main] BrowserFactory - Opening CHROMEbrowser
[INFO ] 2023-01-20 13:46:36.800 [main] TestContext - =================To verify Buyer has provided with different recommendations "<recommendation>", lots "<lots>", service details "techSerTechDetails" on GM results page after initiating GM journey for framework "laptop" and after answering different set of question as looking for "Service", selects multiple service areas "<serviceAreaOpt>" during the journey execution starts===================
[INFO ] 2023-01-20 13:46:36.802 [main] BrowserFactory - Opening CHROMEbrowser
[INFO ] 2023-01-20 13:46:36.812 [main] TestContext - =================To verify Buyer has provided with different recommendations "<recommendation>", lots "<lots>", service details "techSerTechDetails" on GM results page after initiating GM journey for framework "laptop" and after answering different set of question as looking for "Service", selects multiple service areas "<serviceAreaOpt>" during the journey execution starts===================
[INFO ] 2023-01-20 13:46:36.814 [main] BrowserFactory - Opening CHROMEbrowser
[INFO ] 2023-01-20 13:46:36.823 [main] TestContext - =================To verify Buyer has provided with different recommendations "tech-both-lot4", lots "<lots>", service details "<details>" on GM results page after initiating GM journey for framework "laptop" and after answering different set of question as looking for "Both, product and service", selects multiple service areas "Information assured services", Sector buying as "<sectorRadio>" during the journey execution starts===================
[INFO ] 2023-01-20 13:46:36.825 [main] BrowserFactory - Opening CHROMEbrowser
[INFO ] 2023-01-20 13:46:36.832 [main] TestContext - =================To verify Buyer has provided with different recommendations "tech-both-lot1", lots "1", service details "techBothTechDetailsInfo" on GM results page after initiating GM journey for framework "laptop" and after answering different set of question as looking for "Both, product and service", selects multiple service areas "Hardware and software ICT solutions", Sector buying as "Devolved" during the journey execution starts===================
[INFO ] 2023-01-20 13:46:36.834 [main] BrowserFactory - Opening CHROMEbrowser
[INFO ] 2023-01-20 13:46:36.841 [main] TestContext - =================To verify Buyer has provided with different recommendations "tech-both-edu-lot1", lots "1", service details "techProdEduDetails" on GM results page after initiating GM journey for framework "laptop" and after answering different set of question as looking for "Both, product and service", selects multiple service areas "Hardware and software ICT solutions", Sector buying as "Education" during the journey execution starts===================
[INFO ] 2023-01-20 13:46:36.843 [main] BrowserFactory - Opening CHROMEbrowser
[INFO ] 2023-01-20 13:46:36.851 [main] TestContext - =================To verify Buyer has provided with different recommendations "tech-both-lot2", lots "1", service details "techBothTechDetailsInfo" on GM results page after initiating GM journey for framework "laptop" and after answering different set of question as looking for "Both, product and service", selects multiple service areas "Audio-visual (AV)", Sector buying as "Health" during the journey execution starts===================
[INFO ] 2023-01-20 13:46:36.854 [main] BrowserFactory - Opening CHROMEbrowser
[INFO ] 2023-01-20 13:46:36.861 [main] TestContext - =================To verify Buyer has provided with different recommendations "tech-both-edu-lot5", lots "1", service details "techProdEduDetails" on GM results page after initiating GM journey for framework "laptop" and after answering different set of question as looking for "Both, product and service", selects multiple service areas "Audio-visual (AV)", Sector buying as "Education" during the journey execution starts===================
[INFO ] 2023-01-20 13:46:36.863 [main] BrowserFactory - Opening CHROMEbrowser
[INFO ] 2023-01-20 13:46:36.871 [main] TestContext - =================To verify Buyer has provided with different recommendations "tech-both-lot2", lots "1", service details "techBothTechDetailsInfo" on GM results page after initiating GM journey for framework "laptop" and after answering different set of question as looking for "Both, product and service", selects multiple service areas "Hardware", Sector buying as "Blue light" during the journey execution starts===================
[INFO ] 2023-01-20 13:46:36.872 [main] BrowserFactory - Opening CHROMEbrowser
[INFO ] 2023-01-20 13:46:36.880 [main] TestContext - =================To verify Buyer has provided with different recommendations "tech-both-edu-lot4", lots "1", service details "techProdEduDetails" on GM results page after initiating GM journey for framework "laptop" and after answering different set of question as looking for "Both, product and service", selects multiple service areas "Hardware", Sector buying as "Education" during the journey execution starts===================
[INFO ] 2023-01-20 13:46:36.882 [main] BrowserFactory - Opening CHROMEbrowser
[INFO ] 2023-01-20 13:46:36.891 [main] TestContext - =================To verify Buyer has provided with different recommendations "<recommendation>", lots "<lots>", service details "techBothTechDetailsInfo" on GM results page after initiating GM journey for framework "laptop" and after answering different set of question as looking for "Both, product and service", selects multiple service areas "Anything else", Sector buying as "Charities" during the journey execution starts===================
[INFO ] 2023-01-20 13:46:36.892 [main] BrowserFactory - Opening CHROMEbrowser
[INFO ] 2023-01-20 13:46:36.899 [main] TestContext - =================To verify Buyer has provided with different recommendations "<recommendation>", lots "<lots>", service details "techProdEduDetails" on GM results page after initiating GM journey for framework "laptop" and after answering different set of question as looking for "Both, product and service", selects multiple service areas "Anything else", Sector buying as "Education" during the journey execution starts===================
[INFO ] 2023-01-20 13:46:36.901 [main] BrowserFactory - Opening CHROMEbrowser
[INFO ] 2023-01-20 13:46:36.909 [main] TestContext - =================To verify Buyer has provided with different recommendations "tech-both-lot1", lots "<lots>", service details "<details>" on GM results page after initiating GM journey for framework "laptop" and after answering different set of question as looking for "Both, product and service", selects multiple service areas "Hardware and software ICT solutions", Sector buying as "Charities" and user clicks on Change answers during the journey execution starts===================
[INFO ] 2023-01-20 13:46:36.912 [main] BrowserFactory - Opening CHROMEbrowser
[INFO ] 2023-01-20 13:46:36.923 [main] TestContext - =================To verify Buyer has provided with different recommendations "<recommServices>", lots "<lots>", service details "<details>" on GM results page after initiating GM journey for framework "laptop" and after answering different set of question as looking for "Both, product and service", selects multiple service areas "Hardware and software ICT solutions", Sector buying as "Education" and and Buyer clicks on "Start over to change your answers" link during the journey execution starts===================
[INFO ] 2023-01-20 13:46:36.925 [main] BrowserFactory - Opening CHROMEbrowser
[INFO ] 2023-01-20 13:46:36.932 [main] TestContext - =================RM6102:Apprenticeship Training execution starts===================
[INFO ] 2023-01-20 13:46:36.933 [main] BrowserFactory - Opening CHROMEbrowser
[INFO ] 2023-01-20 13:46:36.945 [main] TestContext - =================RM6157: Building Materials - LOT1 execution starts===================
[INFO ] 2023-01-20 13:46:36.950 [main] BrowserFactory - Opening CHROMEbrowser
[INFO ] 2023-01-20 13:46:36.959 [main] TestContext - =================RM6157: Building Materials - LOT9 execution starts===================
[INFO ] 2023-01-20 13:46:36.960 [main] BrowserFactory - Opening CHROMEbrowser
[INFO ] 2023-01-20 13:46:36.967 [main] TestContext - =================RM6133: Employee Benefits execution starts===================
[INFO ] 2023-01-20 13:46:36.969 [main] BrowserFactory - Opening CHROMEbrowser
[INFO ] 2023-01-20 13:46:36.978 [main] TestContext - =================RM6133: Employee Benefits execution starts===================
[INFO ] 2023-01-20 13:46:36.979 [main] BrowserFactory - Opening CHROMEbrowser
[INFO ] 2023-01-20 13:46:36.987 [main] TestContext - =================RM6119: Furniture & Associated Services - LOT2 execution starts===================
[INFO ] 2023-01-20 13:46:36.990 [main] BrowserFactory - Opening CHROMEbrowser
[INFO ] 2023-01-20 13:46:36.997 [main] TestContext - =================RM6119: Furniture & Associated Services - LOT4 execution starts===================
[INFO ] 2023-01-20 13:46:36.998 [main] BrowserFactory - Opening CHROMEbrowser
[INFO ] 2023-01-20 13:46:37.009 [main] TestContext - =================RM6119: Furniture & Associated Services - LOT7 execution starts===================
[INFO ] 2023-01-20 13:46:37.010 [main] BrowserFactory - Opening CHROMEbrowser
[INFO ] 2023-01-20 13:46:37.019 [main] TestContext - =================RM6141:  Language Services-Escape Page execution starts===================
[INFO ] 2023-01-20 13:46:37.025 [main] BrowserFactory - Opening CHROMEbrowser
[INFO ] 2023-01-20 13:46:37.044 [main] TestContext - =================RM6141:  Language Services-Lot1 execution starts===================
[INFO ] 2023-01-20 13:46:37.050 [main] BrowserFactory - Opening CHROMEbrowser
[INFO ] 2023-01-20 13:46:37.067 [main] TestContext - =================RM6141:  Language Services-Lot5 execution starts===================
[INFO ] 2023-01-20 13:46:37.069 [main] BrowserFactory - Opening CHROMEbrowser
[INFO ] 2023-01-20 13:46:37.081 [main] TestContext - =================RM6174: MFD - LOT1 execution starts===================
[INFO ] 2023-01-20 13:46:37.083 [main] BrowserFactory - Opening CHROMEbrowser
[INFO ] 2023-01-20 13:46:37.094 [main] TestContext - =================RM6174: MFD - LOT4 execution starts===================
[INFO ] 2023-01-20 13:46:37.096 [main] BrowserFactory - Opening CHROMEbrowser
[INFO ] 2023-01-20 13:46:37.106 [main] TestContext - =================RM6182: EOccupational Health, Employee Assistance Programme Eye Care-Lot4.1 execution starts===================
[INFO ] 2023-01-20 13:46:37.108 [main] BrowserFactory - Opening CHROMEbrowser
[INFO ] 2023-01-20 13:46:37.116 [main] TestContext - =================RM6182: EOccupational Health, Employee Assistance Programme Eye Care-Lot5 execution starts===================
[INFO ] 2023-01-20 13:46:37.118 [main] BrowserFactory - Opening CHROMEbrowser
[INFO ] 2023-01-20 13:46:37.126 [main] TestContext - =================RM6141: Supply of Energy & Ancillary Services - LOT1 execution starts===================
[INFO ] 2023-01-20 13:46:37.128 [main] BrowserFactory - Opening CHROMEbrowser
[INFO ] 2023-01-20 13:46:37.136 [main] TestContext - =================RM6141: Supply of Energy & Ancillary Services - LOT3 execution starts===================
[INFO ] 2023-01-20 13:46:37.138 [main] BrowserFactory - Opening CHROMEbrowser
[INFO ] 2023-01-20 13:46:37.148 [main] TestContext - =================Verify the agreements results returned execution starts===================
[INFO ] 2023-01-20 13:46:37.150 [main] BrowserFactory - Opening CHROMEbrowser
[INFO ] 2023-01-20 13:46:37.158 [main] TestContext - =================Apply upcoming filter status execution starts===================
[INFO ] 2023-01-20 13:46:37.160 [main] BrowserFactory - Opening CHROMEbrowser
[INFO ] 2023-01-20 13:46:37.170 [main] TestContext - =================Apply expired filter status execution starts===================
[INFO ] 2023-01-20 13:46:37.172 [main] BrowserFactory - Opening CHROMEbrowser
[INFO ] 2023-01-20 13:46:37.183 [main] TestContext - =================Apply View all filter status execution starts===================
[INFO ] 2023-01-20 13:46:37.186 [main] BrowserFactory - Opening CHROMEbrowser
[INFO ] 2023-01-20 13:46:37.197 [main] TestContext - =================Filter by Agreement status execution starts===================
[INFO ] 2023-01-20 13:46:37.199 [main] BrowserFactory - Opening CHROMEbrowser
[INFO ] 2023-01-20 13:46:37.208 [main] TestContext - =================Navigate to DPS agreement page execution starts===================
[INFO ] 2023-01-20 13:46:37.209 [main] BrowserFactory - Opening CHROMEbrowser
[INFO ] 2023-01-20 13:46:37.216 [main] TestContext - =================Navigate to the Gcloud framework type execution starts===================
[INFO ] 2023-01-20 13:46:37.217 [main] BrowserFactory - Opening CHROMEbrowser
[INFO ] 2023-01-20 13:46:37.236 [main] TestContext - =================Navigate to the Upcoming framework type execution starts===================
[INFO ] 2023-01-20 13:46:37.238 [main] BrowserFactory - Opening CHROMEbrowser
[INFO ] 2023-01-20 13:46:37.247 [main] TestContext - =================Navigate to the Standard framework type - RM6157 execution starts===================
[INFO ] 2023-01-20 13:46:37.248 [main] BrowserFactory - Opening CHROMEbrowser
[INFO ] 2023-01-20 13:47:05.050 [main] TestContext - =================RM6102:Apprenticeship Training execution starts===================
[INFO ] 2023-01-20 13:47:05.055 [main] BrowserFactory - Opening CHROMEbrowser
[INFO ] 2023-01-20 13:49:37.182 [main] TestContext - =================RM6102:Apprenticeship Training execution starts===================
[INFO ] 2023-01-20 13:49:37.188 [main] BrowserFactory - Opening CHROMEbrowser
[INFO ] 2023-01-20 18:18:47.601 [main] TestContext - =================To verify question content and error handling content for framework "linen" for each question of the journey execution starts===================
[INFO ] 2023-01-20 18:18:47.612 [main] BrowserFactory - Opening CHROMEbrowser
[INFO ] 2023-01-20 18:18:48.510 [main] TestContext - =================To verify question content and error handling content for framework "legal" for each question of the journey execution starts===================
[INFO ] 2023-01-20 18:18:48.512 [main] BrowserFactory - Opening CHROMEbrowser
[INFO ] 2023-01-20 18:18:48.525 [main] TestContext - =================To verify question content and error handling content for framework "cctv" for each question of technical security journey execution starts===================
[INFO ] 2023-01-20 18:18:48.527 [main] BrowserFactory - Opening CHROMEbrowser
[INFO ] 2023-01-20 18:18:48.541 [main] TestContext - =================To verify question content and error handling content for framework "cctv" for each question of security services journey execution starts===================
[INFO ] 2023-01-20 18:18:48.545 [main] BrowserFactory - Opening CHROMEbrowser
[INFO ] 2023-01-20 18:18:48.557 [main] TestContext - =================To verify question content and error handling content for framework "cctv" for each question of security services journey execution starts===================
[INFO ] 2023-01-20 18:18:48.559 [main] BrowserFactory - Opening CHROMEbrowser
[INFO ] 2023-01-20 18:18:48.578 [main] TestContext - =================To verify Buyer has provided with different recommendations "lot2", lots "<lots>", service details "<details>" on GM results page after initiating GM journey for framework "detection" and after answering different set of question as looking for "Secure collection and delivery services", Sector buying as "<sectorRadio>" during the journey execution starts===================
[INFO ] 2023-01-20 18:18:48.581 [main] BrowserFactory - Opening CHROMEbrowser
[INFO ] 2023-01-20 18:18:48.592 [main] TestContext - =================To verify Buyer has provided with different recommendations "lot6", lots "<lots>", service details "<details>" on GM results page after initiating GM journey for framework "detection" and after answering different set of question as looking for "Asset recovery, disposal and destruction", Sector buying as "<sectorRadio>" during the journey execution starts===================
[INFO ] 2023-01-20 18:18:48.596 [main] BrowserFactory - Opening CHROMEbrowser
[INFO ] 2023-01-20 18:18:48.608 [main] TestContext - =================To verify Buyer has provided with different recommendations "<recommServices>", service details "<details>" on GM results page after initiating GM journey for framework "housing" and after answering different set of question as sector looking for "<sector>", selects Service area as "<serviceArea>" during the journey execution starts===================
[INFO ] 2023-01-20 18:18:48.613 [main] BrowserFactory - Opening CHROMEbrowser
[INFO ] 2023-01-20 18:18:48.626 [main] TestContext - =================To verify Buyer has provided with different recommendations "<recommServices>", service details "<details>" on GM results page after initiating GM journey for framework "housing" and after answering different set of question as sector looking for "Ministry of Defence or defence infrastructure organisation", selects Service area as "<serviceArea>" during the journey execution starts===================
[INFO ] 2023-01-20 18:18:48.629 [main] BrowserFactory - Opening CHROMEbrowser
[INFO ] 2023-01-20 18:18:48.648 [main] TestContext - =================To verify Buyer has provided with different recommendations "<recommServices>", service details "<details>" on GM results page after initiating GM journey for framework "housing" and after answering different set of question as sector looking for "Ministry of Defence or defence infrastructure organisation", selects Service area as "<serviceArea>" during the journey execution starts===================
[INFO ] 2023-01-20 18:18:48.652 [main] BrowserFactory - Opening CHROMEbrowser
[INFO ] 2023-01-20 18:18:48.663 [main] TestContext - =================To verify Buyer has provided with different recommendations "<recommServices>", service details "fmmDetails_buildingCleaningServices" on GM results page after initiating GM journey for framework "housing" and after answering different set of question as sector looking for "<sector>", selects Service area as "<serviceArea>" during the journey execution starts===================
[INFO ] 2023-01-20 18:18:48.665 [main] BrowserFactory - Opening CHROMEbrowser
[INFO ] 2023-01-20 18:18:48.686 [main] TestContext - =================To verify Buyer has provided with different recommendations "<recommServices>", service details "<details>" on GM results page after initiating GM journey for framework "housing" and after answering different set of question as sector looking for "<sector>", selects Service area as "<serviceArea>" during the journey execution starts===================
[INFO ] 2023-01-20 18:18:48.689 [main] BrowserFactory - Opening CHROMEbrowser
[INFO ] 2023-01-20 18:18:48.707 [main] TestContext - =================To verify Buyer has initiated GM journey for framework "linen" and is provided with GM Escape page on selection of Product during the journey execution starts===================
[INFO ] 2023-01-20 18:18:48.710 [main] BrowserFactory - Opening CHROMEbrowser
[INFO ] 2023-01-20 18:18:48.726 [main] TestContext - =================To verify Buyer has provided with different recommendations "lot2" and after answering different set of question as looking for "Service", Budget radio as "Yes" and enters budget as "12345", Contract radio as "Yes" and enters contract length "10" , selects Service area as "Theatre pack and gowns" and Additional facilities as "No, I have everything I need" during the journey execution starts===================
[INFO ] 2023-01-20 18:18:48.730 [main] BrowserFactory - Opening CHROMEbrowser
[INFO ] 2023-01-20 18:18:48.748 [main] TestContext - =================To verify Buyer has provided with different recommendations "lot3" and after answering different set of question as looking for "Service", Budget radio as "Yes" and enters budget as "12345", Contract radio as "Yes" and enters contract length "11" , selects Service area as "Cleanroom services" and Additional facilities as "No, I have everything I need" during the journey execution starts===================
[INFO ] 2023-01-20 18:18:48.750 [main] BrowserFactory - Opening CHROMEbrowser
[INFO ] 2023-01-20 18:18:48.761 [main] TestContext - =================To verify Buyer has provided with different recommendations "lot1a" and after answering different set of question as looking for "Service", Budget radio as "Yes" and enters budget as "12345", Contract radio as "Yes" and enters contract length "11" , selects Service area as "Linen hire with standard wash" and Additional facilities as "No, I have everything I need" during the journey execution starts===================
[INFO ] 2023-01-20 18:18:48.763 [main] BrowserFactory - Opening CHROMEbrowser
[INFO ] 2023-01-20 18:18:48.774 [main] TestContext - =================To verify Buyer has provided with different recommendations "lot1b" and after answering different set of question as looking for "Service", Budget radio as "Yes" and enters budget as "12345", Contract radio as "Yes" and enters contract length "7" , selects Service area as "Standard wash" and Additional facilities as "No, I have everything I need" during the journey execution starts===================
[INFO ] 2023-01-20 18:18:48.776 [main] BrowserFactory - Opening CHROMEbrowser
[INFO ] 2023-01-20 18:18:48.787 [main] TestContext - =================To verify Buyer has provided with different recommendations "<recommendation>" and after answering different set of question as looking for "Service", Budget radio as "Yes" and enters budget as "12345", Contract radio as "Yes" and enters contract length "8" , selects Service area as "Theatre pack and gowns" and Additional facilities as "Anything else" during the journey execution starts===================
[INFO ] 2023-01-20 18:18:48.788 [main] BrowserFactory - Opening CHROMEbrowser
[INFO ] 2023-01-20 18:18:48.797 [main] TestContext - =================To verify Buyer has provided with different recommendations "lot2" and after answering different set of question as looking for "Service", Budget radio as "Yes" and enters budget as "12345000", selects Service area as "Theatre pack and gowns" and Additional facilities as "No, I have everything I need" during the journey execution starts===================
[INFO ] 2023-01-20 18:18:48.798 [main] BrowserFactory - Opening CHROMEbrowser
[INFO ] 2023-01-20 18:18:48.810 [main] TestContext - =================To verify Buyer has provided with different recommendations "lot3" and after answering different set of question as looking for "Service", Budget radio as "Yes" and enters budget as "12345000", selects Service area as "Cleanroom services" and Additional facilities as "No, I have everything I need" during the journey execution starts===================
[INFO ] 2023-01-20 18:18:48.812 [main] BrowserFactory - Opening CHROMEbrowser
[INFO ] 2023-01-20 18:18:48.821 [main] TestContext - =================To verify Buyer has provided with different recommendations "lot1a" and after answering different set of question as looking for "Service", Budget radio as "Yes" and enters budget as "12345000", selects Service area as "Linen hire with standard wash" and Additional facilities as "No, I have everything I need" during the journey execution starts===================
[INFO ] 2023-01-20 18:18:48.823 [main] BrowserFactory - Opening CHROMEbrowser
[INFO ] 2023-01-20 18:18:48.834 [main] TestContext - =================To verify Buyer has provided with different recommendations "lot1b" and after answering different set of question as looking for "Service", Budget radio as "Yes" and enters budget as "12345000", selects Service area as "Standard wash" and Additional facilities as "No, I have everything I need" during the journey execution starts===================
[INFO ] 2023-01-20 18:18:48.836 [main] BrowserFactory - Opening CHROMEbrowser
[INFO ] 2023-01-20 18:18:48.847 [main] TestContext - =================To verify Buyer has provided with different recommendations "<recommendation>" and after answering different set of question as looking for "Service", Budget radio as "Yes" and enters budget as "7654321", selects Service area as "Theatre pack and gowns" and Additional facilities as "Anything else" during the journey execution starts===================
[INFO ] 2023-01-20 18:18:48.849 [main] BrowserFactory - Opening CHROMEbrowser
[INFO ] 2023-01-20 18:18:48.880 [main] TestContext - =================To verify Buyer has provided with different recommendations "<recommendation>" and after answering different set of question as looking for "Service", Budget radio as "Yes" and enters budget as "7654321", selects Service area as "Cleanroom services" and Additional facilities as "Anything else" during the journey execution starts===================
[INFO ] 2023-01-20 18:18:48.884 [main] BrowserFactory - Opening CHROMEbrowser
[INFO ] 2023-01-20 18:18:48.898 [main] TestContext - =================To verify Buyer has provided with different recommendations "<recommendation>" and after answering different set of question as looking for "Service", Budget radio as "Yes" and enters budget as "7654321", selects Service area as "Linen hire with standard wash" and Additional facilities as "Anything else" during the journey execution starts===================
[INFO ] 2023-01-20 18:18:48.900 [main] BrowserFactory - Opening CHROMEbrowser
[INFO ] 2023-01-20 18:18:48.909 [main] TestContext - =================To verify Buyer has provided with different recommendations "<recommendation>" and after answering different set of question as looking for "Service", Budget radio as "Yes" and enters budget as "7654321", selects Service area as "Standard wash" and Additional facilities as "Anything else" during the journey execution starts===================
[INFO ] 2023-01-20 18:18:48.911 [main] BrowserFactory - Opening CHROMEbrowser
[INFO ] 2023-01-20 18:18:48.919 [main] TestContext - =================To verify Buyer has provided with different recommendations "lot2" and after answering different set of question as looking for "Service", Budget radio as "Yes" and enters budget as "12345", Contract radio as "Yes" and enters contract length "13" , selects Service area as "Theatre pack and gowns" and Additional facilities as "No, I have everything I need" during the journey execution starts===================
[INFO ] 2023-01-20 18:18:48.921 [main] BrowserFactory - Opening CHROMEbrowser
[INFO ] 2023-01-20 18:18:48.930 [main] TestContext - =================To verify Buyer has provided with different recommendations "lot3" and after answering different set of question as looking for "Service", Budget radio as "Yes" and enters budget as "12345", Contract radio as "Yes" and enters contract length "14" , selects Service area as "Cleanroom services" and Additional facilities as "No, I have everything I need" during the journey execution starts===================
[INFO ] 2023-01-20 18:18:48.932 [main] BrowserFactory - Opening CHROMEbrowser
[INFO ] 2023-01-20 18:18:48.941 [main] TestContext - =================To verify Buyer has provided with different recommendations "lot1a" and after answering different set of question as looking for "Service", Budget radio as "Yes" and enters budget as "12345", Contract radio as "Yes" and enters contract length "21" , selects Service area as "Linen hire with standard wash" and Additional facilities as "No, I have everything I need" during the journey execution starts===================
[INFO ] 2023-01-20 18:18:48.943 [main] BrowserFactory - Opening CHROMEbrowser
[INFO ] 2023-01-20 18:18:48.951 [main] TestContext - =================To verify Buyer has provided with different recommendations "lot1b" and after answering different set of question as looking for "Service", Budget radio as "Yes" and enters budget as "12345", Contract radio as "Yes" and enters contract length "30" , selects Service area as "Standard wash" and Additional facilities as "No, I have everything I need" during the journey execution starts===================
[INFO ] 2023-01-20 18:18:48.952 [main] BrowserFactory - Opening CHROMEbrowser
[INFO ] 2023-01-20 18:18:48.960 [main] TestContext - =================To verify Buyer has provided with different recommendations "<recommendation>" and after answering different set of question as looking for "Service", Budget radio as "Yes" and enters budget as "12345", Contract radio as "Yes" and enters contract length "18" , selects Service area as "Theatre pack and gowns" and Additional facilities as "Anything else" during the journey execution starts===================
[INFO ] 2023-01-20 18:18:48.962 [main] BrowserFactory - Opening CHROMEbrowser
[INFO ] 2023-01-20 18:18:48.969 [main] TestContext - =================To verify Buyer has provided with different recommendations "<recommendation>" and after answering different set of question as looking for "Service", Budget radio as "Yes" and enters budget as "12345", Contract radio as "Yes" and enters contract length "20" , selects Service area as "Cleanroom services" and Additional facilities as "Anything else" during the journey execution starts===================
[INFO ] 2023-01-20 18:18:48.972 [main] BrowserFactory - Opening CHROMEbrowser
[INFO ] 2023-01-20 18:18:48.982 [main] TestContext - =================To verify Buyer has provided with different recommendations "<recommendation>" and after answering different set of question as looking for "Service", Budget radio as "Yes" and enters budget as "12345", Contract radio as "Yes" and enters contract length "25" , selects Service area as "Linen hire with standard wash" and Additional facilities as "Anything else" during the journey execution starts===================
[INFO ] 2023-01-20 18:18:48.983 [main] BrowserFactory - Opening CHROMEbrowser
[INFO ] 2023-01-20 18:18:48.990 [main] TestContext - =================To verify Buyer has provided with different recommendations "<recommendation>" and after answering different set of question as looking for "Service", Budget radio as "Yes" and enters budget as "12345", Contract radio as "Yes" and enters contract length "35" , selects Service area as "Standard wash" and Additional facilities as "Anything else" during the journey execution starts===================
[INFO ] 2023-01-20 18:18:48.992 [main] BrowserFactory - Opening CHROMEbrowser
[INFO ] 2023-01-20 18:18:49.000 [main] TestContext - =================To verify Buyer has provided with different recommendations "tech-both-lot1", lots "<lots>", service details "<details>" on GM results page after initiating GM journey for framework "cctv" and after answering different set of question by selecting what type of security "Security software", looking for "Both, product and service", selects multiple service areas "Hardware and software ICT solutions", Sector buying as "Devolved" during the journey execution starts===================
[INFO ] 2023-01-20 18:18:49.001 [main] BrowserFactory - Opening CHROMEbrowser
[INFO ] 2023-01-20 18:18:49.009 [main] TestContext - =================To verify Buyer has provided with different recommendations "lot4_lot5", lots "<lots>", service details "<details>" on GM results page after initiating GM journey for framework "cctv" and after answering different set of question as looking for "Product", Sector buying as "Education" during the journey execution starts===================
[INFO ] 2023-01-20 18:18:49.011 [main] BrowserFactory - Opening CHROMEbrowser
[INFO ] 2023-01-20 18:18:49.019 [main] TestContext - =================To verify Buyer has provided with different recommendations "lot2-tech", lots "<lots>", service details "<details>" on GM results page after initiating GM journey for framework "cctv" and after answering different set of question as looking for "Service", selects multiple service areas "<serviceAreaOpt>", Sector buying as "Education" during the journey execution starts===================
[INFO ] 2023-01-20 18:18:49.020 [main] BrowserFactory - Opening CHROMEbrowser
[INFO ] 2023-01-20 18:18:49.028 [main] TestContext - =================To verify Buyer has provided with different recommendations "techlot1b", lots "<lots>", service details "<details>" on GM results page after initiating GM journey for framework "cctv" and answering different set of question as selects type of security "Technical security" and which technical services "<techserviceAreaOpt>" during the journey execution starts===================
[INFO ] 2023-01-20 18:18:49.030 [main] BrowserFactory - Opening CHROMEbrowser
[INFO ] 2023-01-20 18:18:49.037 [main] TestContext - =================To verify Buyer has provided with different recommendations "seclot3", lots "<lots>", service details "<details>" on GM results page after initiating GM journey for framework "cctv" and answering different set of question as selects type of security "Security services" and which technical services "<techserviceAreaOpt>" during the journey execution starts===================
[INFO ] 2023-01-20 18:18:49.039 [main] BrowserFactory - Opening CHROMEbrowser
[INFO ] 2023-01-20 18:18:49.047 [main] TestContext - =================To verify Buyer has provided with different recommendations "<recommendation>", lots "<lots>", service details "fmmDetails" on GM results page after initiating GM journey for framework "cctv" and answering different set of question as selects type of security "Security services" and which technical services "<techserviceAreaOpt>" during the journey execution starts===================
[INFO ] 2023-01-20 18:18:49.048 [main] BrowserFactory - Opening CHROMEbrowser
[INFO ] 2023-01-20 18:18:49.058 [main] TestContext - =================To verify Buyer has provided with different recommendations "techlot1b_seclot1a", lots "2", service details "wpsfm2" on GM results page after initiating GM journey for framework "cctv" and answering different set of question as selects type of security "Security services" and which technical services "<techserviceAreaOpt>" during the journey execution starts===================
[INFO ] 2023-01-20 18:18:49.060 [main] BrowserFactory - Opening CHROMEbrowser
[INFO ] 2023-01-20 18:18:49.069 [main] TestContext - =================To verify Buyer has provided with different recommendations "seclot1a_techlot1b", lots "2", service details "wpsfm2" on GM results page after initiating GM journey for framework "cctv" and answering different set of question as selects type of security "Security services and technical security" and which technical services "<techserviceAreaOpt>" during the journey execution starts===================
[INFO ] 2023-01-20 18:18:49.070 [main] BrowserFactory - Opening CHROMEbrowser
[INFO ] 2023-01-20 18:18:49.077 [main] TestContext - =================To verify Buyer has provided with different recommendations "seclot1a", lots "<lots>", service details "<details>" on GM results page after initiating GM journey for framework "cctv" and answering different set of question as selects type of security "Security services" and which technical services "<techserviceAreaOpt>" during the journey execution starts===================
[INFO ] 2023-01-20 18:18:49.079 [main] BrowserFactory - Opening CHROMEbrowser
[INFO ] 2023-01-20 18:18:49.087 [main] TestContext - =================To verify Buyer has provided with different recommendations "seclot3_seclot1a", lots "<lots>", service details "<details>" on GM results page after initiating GM journey for framework "cctv" and answering different set of question as selects type of security "Security services and technical security" and which technical services "<techserviceAreaOpt>" during the journey execution starts===================
[INFO ] 2023-01-20 18:18:49.088 [main] BrowserFactory - Opening CHROMEbrowser
[INFO ] 2023-01-20 18:18:49.096 [main] TestContext - =================To verify Buyer has provided with different recommendations "seclot1a", lots "<lots>", service details "<details>" on GM results page after initiating GM journey for framework "cctv" and answering different set of question as selects type of security "Security services and technical security" and which technical services "<techserviceAreaOpt>" during the journey execution starts===================
[INFO ] 2023-01-20 18:18:49.098 [main] BrowserFactory - Opening CHROMEbrowser
[INFO ] 2023-01-20 18:18:49.105 [main] TestContext - =================To verify Buyer has provided with different recommendations "seclot1a", lots "<lots>", service details "<details>" on GM results page after initiating GM journey for framework "cctv" and answering different set of question as selects type of security "Security services and technical security" and which technical services "<techserviceAreaOpt>" during the journey execution starts===================
[INFO ] 2023-01-20 18:18:49.106 [main] BrowserFactory - Opening CHROMEbrowser
[INFO ] 2023-01-20 18:18:49.114 [main] TestContext - =================To verify Buyer has provided with different recommendations "seclot1a", lots "<lots>", service details "<details>" on GM results page after initiating GM journey for framework "cctv" and answering different set of question as selects type of security "Security services and technical security" and which technical services "<techserviceAreaOpt>" during the journey execution starts===================
[INFO ] 2023-01-20 18:18:49.115 [main] BrowserFactory - Opening CHROMEbrowser
[INFO ] 2023-01-20 18:18:49.123 [main] TestContext - =================To verify Buyer has provided with different recommendations "<recommServices>", service details "railLegalDetails" on GM results page after initiating GM journey for framework "legal" and after answering different set of question as sector looking for "Central Government", selects Service area as "Rail" during the journey execution starts===================
[INFO ] 2023-01-20 18:18:49.125 [main] BrowserFactory - Opening CHROMEbrowser
[INFO ] 2023-01-20 18:18:49.133 [main] TestContext - =================To verify Buyer has provided with different recommendations "RM6179RM3788lot1", lots "<lots>", service details "<details>" on GM results page after initiating GM journey for framework "legal" and after answering different set of question as sector looking for "Central Government", selects Service area as "Employment litigation" during the journey execution starts===================
[INFO ] 2023-01-20 18:18:49.135 [main] BrowserFactory - Opening CHROMEbrowser
[INFO ] 2023-01-20 18:18:49.143 [main] TestContext - =================To verify Buyer has provided with different service details "GLAS" on GM results page after initiating GM journey for framework "legal" and after answering different set of question as sector looking for "Central Government", selects Service area as "Employment litigation" during the journey execution starts===================
[INFO ] 2023-01-20 18:18:49.145 [main] BrowserFactory - Opening CHROMEbrowser
[INFO ] 2023-01-20 18:18:49.152 [main] TestContext - =================To verify Buyer has provided with different recommendations "RM6179RM3788lot1", lots "<lots>", service details "<details>" on GM results page after initiating GM journey for framework "legal" and after answering different set of question as sector looking for "Ministry of Defence or defence infrastructure organisation", selects Service area as "Employment litigation" during the journey execution starts===================
[INFO ] 2023-01-20 18:18:49.154 [main] BrowserFactory - Opening CHROMEbrowser
[INFO ] 2023-01-20 18:18:49.161 [main] TestContext - =================To verify Buyer has provided with different service details "eDisclosureandeDiscoveryServicesDetails" on GM results page after initiating GM journey for framework "legal" and after answering different set of question as sector looking for "Local Government", selects Service area as "eDisclosure and eDiscovery" during the journey execution starts===================
[INFO ] 2023-01-20 18:18:49.164 [main] BrowserFactory - Opening CHROMEbrowser
[INFO ] 2023-01-20 18:18:49.172 [main] TestContext - =================To verify Buyer has provided with different recommendations "wpslot1_wpslot2a", lots "<lots>", service details "<details>" on GM results page after initiating GM journey for framework "legal" and after answering different set of question as sector looking for "Local Government", selects Service area as "Anything else" during the journey execution starts===================
[INFO ] 2023-01-20 18:18:49.174 [main] BrowserFactory - Opening CHROMEbrowser
[INFO ] 2023-01-20 18:18:49.194 [main] TestContext - =================To verify Buyer has provided with different recommendations "wpslot1_wpslot2a", lots "<lots>", service details "<details>" on GM results page after initiating GM journey for framework "legal" and after answering different set of question as sector looking for "Devolved", selects Service area as "Multiple services" during the journey execution starts===================
[INFO ] 2023-01-20 18:18:49.200 [main] BrowserFactory - Opening CHROMEbrowser
[INFO ] 2023-01-20 18:18:49.208 [main] TestContext - =================To verify Buyer has provided with different recommendations "wpslot1_wpslot2b", lots "<lots>", service details "<details>" on GM results page after initiating GM journey for framework "legal" and after answering different set of question as sector looking for "Education", selects Service area as "Anything else" during the journey execution starts===================
[INFO ] 2023-01-20 18:18:49.211 [main] BrowserFactory - Opening CHROMEbrowser
[INFO ] 2023-01-20 18:18:49.218 [main] TestContext - =================To verify Buyer has provided with different recommendations "wpslot1_wpslot2b", lots "<lots>", service details "<details>" on GM results page after initiating GM journey for framework "legal" and after answering different set of question as sector looking for "Blue light", selects Service area as "Multiple services" during the journey execution starts===================
[INFO ] 2023-01-20 18:18:49.220 [main] BrowserFactory - Opening CHROMEbrowser
[INFO ] 2023-01-20 18:18:49.228 [main] TestContext - =================To verify Buyer has provided with different recommendations "wpslot1_wpslot2c", lots "<lots>", service details "<details>" on GM results page after initiating GM journey for framework "legal" and after answering different set of question as sector looking for "Health", selects Service area as "Anything else" during the journey execution starts===================
[INFO ] 2023-01-20 18:18:49.230 [main] BrowserFactory - Opening CHROMEbrowser
[INFO ] 2023-01-20 18:18:49.237 [main] TestContext - =================To verify Buyer has provided with different recommendations "wpslot1_wpslot2c", lots "<lots>", service details "<details>" on GM results page after initiating GM journey for framework "legal" and after answering different set of question as sector looking for "Charities", selects Service area as "Multiple services" during the journey execution starts===================
[INFO ] 2023-01-20 18:18:49.238 [main] BrowserFactory - Opening CHROMEbrowser
[INFO ] 2023-01-20 18:18:49.252 [main] TestContext - =================To verify Buyer has provided with different recommendations "wpslot1", lots "<lots>", service details "<details>" on GM results page after initiating GM journey for framework "legal" and after answering different set of question as sector looking for "Charities", selects Service area as "Multiple services" during the journey execution starts===================
[INFO ] 2023-01-20 18:18:49.261 [main] BrowserFactory - Opening CHROMEbrowser
[INFO ] 2023-01-20 18:18:49.277 [main] TestContext - =================To verify Buyer has provided with different recommendations "lot1", lots "<lots>", service details "<details>" on GM results page after initiating GM journey for framework "laptop" and after answering different set of question as looking for "Product", Sector buying as "Central Government" during the journey execution starts===================
[INFO ] 2023-01-20 18:18:49.282 [main] BrowserFactory - Opening CHROMEbrowser
[INFO ] 2023-01-20 18:18:49.300 [main] TestContext - =================To verify Buyer has provided with different recommendations "lot2-tech", lots "<lots>", service details "<details>" on GM results page after initiating GM journey for framework "laptop" and after answering different set of question as looking for "Service", selects multiple service areas "<serviceAreaOpt>", Sector buying as "Education" during the journey execution starts===================
[INFO ] 2023-01-20 18:18:49.304 [main] BrowserFactory - Opening CHROMEbrowser
[INFO ] 2023-01-20 18:18:49.322 [main] TestContext - =================To verify Buyer has provided with different recommendations "lot3-tech", lots "<lots>", service details "<details>" on GM results page after initiating GM journey for framework "laptop" and after answering different set of question as looking for "Service", selects multiple service areas "<serviceAreaOpt>", Sector buying as "Education" during the journey execution starts===================
[INFO ] 2023-01-20 18:18:49.325 [main] BrowserFactory - Opening CHROMEbrowser
[INFO ] 2023-01-20 18:18:49.341 [main] TestContext - =================To verify Buyer has provided with different recommendations "<recommendation>", lots "<lots>", service details "<details>" on GM results page after initiating GM journey for framework "laptop" and after answering different set of question as looking for "Service", selects multiple service areas "<serviceAreaOpt>", Sector buying as "Local Government" during the journey execution starts===================
[INFO ] 2023-01-20 18:18:49.344 [main] BrowserFactory - Opening CHROMEbrowser
[INFO ] 2023-01-20 18:18:49.355 [main] TestContext - =================To verify Buyer has provided with different recommendations "<recommendation>", lots "<lots>", service details "<details>" on GM results page after initiating GM journey for framework "laptop" and after answering different set of question as looking for "Service", selects multiple service areas "<serviceAreaOpt>", Sector buying as "Ministry of Defence or defence infrastructure organisation" during the journey execution starts===================
[INFO ] 2023-01-20 18:18:49.359 [main] BrowserFactory - Opening CHROMEbrowser
[INFO ] 2023-01-20 18:18:49.396 [main] TestContext - =================To verify Buyer has provided with different recommendations "<recommendation>", lots "<lots>", service details "techSerTechDetails" on GM results page after initiating GM journey for framework "laptop" and after answering different set of question as looking for "Service", selects multiple service areas "<serviceAreaOpt>" during the journey execution starts===================
[INFO ] 2023-01-20 18:18:49.404 [main] BrowserFactory - Opening CHROMEbrowser
[INFO ] 2023-01-20 18:18:49.440 [main] TestContext - =================To verify Buyer has provided with different recommendations "<recommendation>", lots "<lots>", service details "techSerTechDetails" on GM results page after initiating GM journey for framework "laptop" and after answering different set of question as looking for "Service", selects multiple service areas "<serviceAreaOpt>" during the journey execution starts===================
[INFO ] 2023-01-20 18:18:49.443 [main] BrowserFactory - Opening CHROMEbrowser
[INFO ] 2023-01-20 18:18:49.452 [main] TestContext - =================To verify Buyer has provided with different recommendations "tech-both-lot4", lots "<lots>", service details "<details>" on GM results page after initiating GM journey for framework "laptop" and after answering different set of question as looking for "Both, product and service", selects multiple service areas "Information assured services", Sector buying as "<sectorRadio>" during the journey execution starts===================
[INFO ] 2023-01-20 18:18:49.454 [main] BrowserFactory - Opening CHROMEbrowser
[INFO ] 2023-01-20 18:18:49.463 [main] TestContext - =================To verify Buyer has provided with different recommendations "tech-both-lot1", lots "1", service details "techBothTechDetailsInfo" on GM results page after initiating GM journey for framework "laptop" and after answering different set of question as looking for "Both, product and service", selects multiple service areas "Hardware and software ICT solutions", Sector buying as "Devolved" during the journey execution starts===================
[INFO ] 2023-01-20 18:18:49.465 [main] BrowserFactory - Opening CHROMEbrowser
[INFO ] 2023-01-20 18:18:49.475 [main] TestContext - =================To verify Buyer has provided with different recommendations "tech-both-edu-lot1", lots "1", service details "techProdEduDetails" on GM results page after initiating GM journey for framework "laptop" and after answering different set of question as looking for "Both, product and service", selects multiple service areas "Hardware and software ICT solutions", Sector buying as "Education" during the journey execution starts===================
[INFO ] 2023-01-20 18:18:49.479 [main] BrowserFactory - Opening CHROMEbrowser
[INFO ] 2023-01-20 18:18:49.490 [main] TestContext - =================To verify Buyer has provided with different recommendations "tech-both-lot2", lots "1", service details "techBothTechDetailsInfo" on GM results page after initiating GM journey for framework "laptop" and after answering different set of question as looking for "Both, product and service", selects multiple service areas "Audio-visual (AV)", Sector buying as "Health" during the journey execution starts===================
[INFO ] 2023-01-20 18:18:49.492 [main] BrowserFactory - Opening CHROMEbrowser
[INFO ] 2023-01-20 18:18:49.499 [main] TestContext - =================To verify Buyer has provided with different recommendations "tech-both-edu-lot5", lots "1", service details "techProdEduDetails" on GM results page after initiating GM journey for framework "laptop" and after answering different set of question as looking for "Both, product and service", selects multiple service areas "Audio-visual (AV)", Sector buying as "Education" during the journey execution starts===================
[INFO ] 2023-01-20 18:18:49.501 [main] BrowserFactory - Opening CHROMEbrowser
[INFO ] 2023-01-20 18:18:49.510 [main] TestContext - =================To verify Buyer has provided with different recommendations "tech-both-lot2", lots "1", service details "techBothTechDetailsInfo" on GM results page after initiating GM journey for framework "laptop" and after answering different set of question as looking for "Both, product and service", selects multiple service areas "Hardware", Sector buying as "Blue light" during the journey execution starts===================
[INFO ] 2023-01-20 18:18:49.512 [main] BrowserFactory - Opening CHROMEbrowser
[INFO ] 2023-01-20 18:18:49.520 [main] TestContext - =================To verify Buyer has provided with different recommendations "tech-both-edu-lot4", lots "1", service details "techProdEduDetails" on GM results page after initiating GM journey for framework "laptop" and after answering different set of question as looking for "Both, product and service", selects multiple service areas "Hardware", Sector buying as "Education" during the journey execution starts===================
[INFO ] 2023-01-20 18:18:49.522 [main] BrowserFactory - Opening CHROMEbrowser
[INFO ] 2023-01-20 18:18:49.530 [main] TestContext - =================To verify Buyer has provided with different recommendations "<recommendation>", lots "<lots>", service details "techBothTechDetailsInfo" on GM results page after initiating GM journey for framework "laptop" and after answering different set of question as looking for "Both, product and service", selects multiple service areas "Anything else", Sector buying as "Charities" during the journey execution starts===================
[INFO ] 2023-01-20 18:18:49.531 [main] BrowserFactory - Opening CHROMEbrowser
[INFO ] 2023-01-20 18:18:49.539 [main] TestContext - =================To verify Buyer has provided with different recommendations "<recommendation>", lots "<lots>", service details "techProdEduDetails" on GM results page after initiating GM journey for framework "laptop" and after answering different set of question as looking for "Both, product and service", selects multiple service areas "Anything else", Sector buying as "Education" during the journey execution starts===================
[INFO ] 2023-01-20 18:18:49.540 [main] BrowserFactory - Opening CHROMEbrowser
[INFO ] 2023-01-20 18:18:49.548 [main] TestContext - =================To verify Buyer has provided with different recommendations "tech-both-lot1", lots "<lots>", service details "<details>" on GM results page after initiating GM journey for framework "laptop" and after answering different set of question as looking for "Both, product and service", selects multiple service areas "Hardware and software ICT solutions", Sector buying as "Charities" and user clicks on Change answers during the journey execution starts===================
[INFO ] 2023-01-20 18:18:49.550 [main] BrowserFactory - Opening CHROMEbrowser
[INFO ] 2023-01-20 18:18:49.557 [main] TestContext - =================To verify Buyer has provided with different recommendations "<recommServices>", lots "<lots>", service details "<details>" on GM results page after initiating GM journey for framework "laptop" and after answering different set of question as looking for "Both, product and service", selects multiple service areas "Hardware and software ICT solutions", Sector buying as "Education" and and Buyer clicks on "Start over to change your answers" link during the journey execution starts===================
[INFO ] 2023-01-20 18:18:49.559 [main] BrowserFactory - Opening CHROMEbrowser
[INFO ] 2023-01-20 18:18:49.567 [main] TestContext - =================RM6102:Apprenticeship Training execution starts===================
[INFO ] 2023-01-20 18:18:49.569 [main] BrowserFactory - Opening CHROMEbrowser
[INFO ] 2023-01-20 18:18:49.577 [main] TestContext - =================RM6157: Building Materials - LOT1 execution starts===================
[INFO ] 2023-01-20 18:18:49.579 [main] BrowserFactory - Opening CHROMEbrowser
[INFO ] 2023-01-20 18:18:49.591 [main] TestContext - =================RM6157: Building Materials - LOT9 execution starts===================
[INFO ] 2023-01-20 18:18:49.593 [main] BrowserFactory - Opening CHROMEbrowser
[INFO ] 2023-01-20 18:18:49.602 [main] TestContext - =================RM6133: Employee Benefits execution starts===================
[INFO ] 2023-01-20 18:18:49.604 [main] BrowserFactory - Opening CHROMEbrowser
[INFO ] 2023-01-20 18:18:49.615 [main] TestContext - =================RM6133: Employee Benefits execution starts===================
[INFO ] 2023-01-20 18:18:49.617 [main] BrowserFactory - Opening CHROMEbrowser
[INFO ] 2023-01-20 18:18:49.625 [main] TestContext - =================RM6119: Furniture & Associated Services - LOT2 execution starts===================
[INFO ] 2023-01-20 18:18:49.627 [main] BrowserFactory - Opening CHROMEbrowser
[INFO ] 2023-01-20 18:18:49.635 [main] TestContext - =================RM6119: Furniture & Associated Services - LOT4 execution starts===================
[INFO ] 2023-01-20 18:18:49.636 [main] BrowserFactory - Opening CHROMEbrowser
[INFO ] 2023-01-20 18:18:49.644 [main] TestContext - =================RM6119: Furniture & Associated Services - LOT7 execution starts===================
[INFO ] 2023-01-20 18:18:49.645 [main] BrowserFactory - Opening CHROMEbrowser
[INFO ] 2023-01-20 18:18:49.652 [main] TestContext - =================RM6141:  Language Services-Escape Page execution starts===================
[INFO ] 2023-01-20 18:18:49.654 [main] BrowserFactory - Opening CHROMEbrowser
[INFO ] 2023-01-20 18:18:49.663 [main] TestContext - =================RM6141:  Language Services-Lot1 execution starts===================
[INFO ] 2023-01-20 18:18:49.665 [main] BrowserFactory - Opening CHROMEbrowser
[INFO ] 2023-01-20 18:18:49.672 [main] TestContext - =================RM6141:  Language Services-Lot5 execution starts===================
[INFO ] 2023-01-20 18:18:49.673 [main] BrowserFactory - Opening CHROMEbrowser
[INFO ] 2023-01-20 18:18:49.680 [main] TestContext - =================RM6174: MFD - LOT1 execution starts===================
[INFO ] 2023-01-20 18:18:49.682 [main] BrowserFactory - Opening CHROMEbrowser
[INFO ] 2023-01-20 18:18:49.690 [main] TestContext - =================RM6174: MFD - LOT4 execution starts===================
[INFO ] 2023-01-20 18:18:49.694 [main] BrowserFactory - Opening CHROMEbrowser
[INFO ] 2023-01-20 18:18:49.709 [main] TestContext - =================RM6182: EOccupational Health, Employee Assistance Programme Eye Care-Lot4.1 execution starts===================
[INFO ] 2023-01-20 18:18:49.710 [main] BrowserFactory - Opening CHROMEbrowser
[INFO ] 2023-01-20 18:18:49.721 [main] TestContext - =================RM6182: EOccupational Health, Employee Assistance Programme Eye Care-Lot5 execution starts===================
[INFO ] 2023-01-20 18:18:49.723 [main] BrowserFactory - Opening CHROMEbrowser
[INFO ] 2023-01-20 18:18:49.735 [main] TestContext - =================RM6141: Supply of Energy & Ancillary Services - LOT1 execution starts===================
[INFO ] 2023-01-20 18:18:49.737 [main] BrowserFactory - Opening CHROMEbrowser
[INFO ] 2023-01-20 18:18:49.746 [main] TestContext - =================RM6141: Supply of Energy & Ancillary Services - LOT3 execution starts===================
[INFO ] 2023-01-20 18:18:49.748 [main] BrowserFactory - Opening CHROMEbrowser
[INFO ] 2023-01-20 18:18:49.756 [main] TestContext - =================Verify the agreements results returned execution starts===================
[INFO ] 2023-01-20 18:18:49.757 [main] BrowserFactory - Opening CHROMEbrowser
[INFO ] 2023-01-20 18:18:49.769 [main] TestContext - =================Apply upcoming filter status execution starts===================
[INFO ] 2023-01-20 18:18:49.771 [main] BrowserFactory - Opening CHROMEbrowser
[INFO ] 2023-01-20 18:18:49.782 [main] TestContext - =================Apply expired filter status execution starts===================
[INFO ] 2023-01-20 18:18:49.783 [main] BrowserFactory - Opening CHROMEbrowser
[INFO ] 2023-01-20 18:18:49.791 [main] TestContext - =================Apply View all filter status execution starts===================
[INFO ] 2023-01-20 18:18:49.793 [main] BrowserFactory - Opening CHROMEbrowser
[INFO ] 2023-01-20 18:18:49.802 [main] TestContext - =================Filter by Agreement status execution starts===================
[INFO ] 2023-01-20 18:18:49.803 [main] BrowserFactory - Opening CHROMEbrowser
[INFO ] 2023-01-20 18:18:49.815 [main] TestContext - =================Navigate to DPS agreement page execution starts===================
[INFO ] 2023-01-20 18:18:49.817 [main] BrowserFactory - Opening CHROMEbrowser
[INFO ] 2023-01-20 18:18:49.823 [main] TestContext - =================Navigate to the Gcloud framework type execution starts===================
[INFO ] 2023-01-20 18:18:49.826 [main] BrowserFactory - Opening CHROMEbrowser
[INFO ] 2023-01-20 18:18:49.834 [main] TestContext - =================Navigate to the Upcoming framework type execution starts===================
[INFO ] 2023-01-20 18:18:49.835 [main] BrowserFactory - Opening CHROMEbrowser
[INFO ] 2023-01-20 18:18:49.842 [main] TestContext - =================Navigate to the Standard framework type - RM6157 execution starts===================
[INFO ] 2023-01-20 18:18:49.845 [main] BrowserFactory - Opening CHROMEbrowser
[INFO ] 2023-01-20 18:19:24.131 [main] TestContext - =================RM6102:Apprenticeship Training execution starts===================
[INFO ] 2023-01-20 18:19:24.135 [main] BrowserFactory - Opening CHROMEbrowser
[INFO ] 2023-01-20 18:20:23.753 [main] TestContext - =================RM6102:Apprenticeship Training execution starts===================
[INFO ] 2023-01-20 18:20:23.759 [main] BrowserFactory - Opening CHROMEbrowser
[INFO ] 2023-01-20 18:46:55.396 [main] TestContext - =================RM6102:Apprenticeship Training execution starts===================
[INFO ] 2023-01-20 18:46:55.399 [main] BrowserFactory - Opening CHROMEbrowser
[INFO ] 2023-01-20 18:47:36.328 [main] TestContext - =================RM6102:Apprenticeship Training execution starts===================
[INFO ] 2023-01-20 18:47:36.332 [main] BrowserFactory - Opening CHROMEbrowser
[INFO ] 2023-01-20 18:48:22.622 [main] TestContext - =================RM6102:Apprenticeship Training execution starts===================
[INFO ] 2023-01-20 18:48:22.631 [main] BrowserFactory - Opening CHROMEbrowser
[INFO ] 2023-01-20 18:55:37.701 [main] TestContext - =================RM6102:Apprenticeship Training execution starts===================
[INFO ] 2023-01-20 18:55:37.705 [main] BrowserFactory - Opening CHROMEbrowser
[INFO ] 2023-01-20 18:58:59.484 [main] TestContext - =================RM6102:Apprenticeship Training execution starts===================
[INFO ] 2023-01-20 18:58:59.488 [main] BrowserFactory - Opening CHROMEbrowser
[INFO ] 2023-01-20 19:08:45.443 [main] TestContext - =================RM6102:Apprenticeship Training execution starts===================
[INFO ] 2023-01-20 19:08:45.447 [main] BrowserFactory - Opening CHROMEbrowser
[INFO ] 2023-01-20 19:09:39.519 [main] TestContext - Successfully lunched the chrome browser
[INFO ] 2023-01-20 19:09:39.521 [main] TestContext - base.url:https://webuat.crowncommercial.gov.uk/
[INFO ] 2023-01-20 19:09:47.579 [main] BrowserFactory - https://webuat.crowncommercial.gov.uk/ is launched
[INFO ] 2023-01-20 19:10:01.819 [main] HomePage - Clicked on Start now button
[INFO ] 2023-01-20 19:10:05.016 [main] HomePage - Clicked on Start now button
[INFO ] 2023-01-20 19:10:07.216 [main] HomePage - Buyer clicked on Apprenticeship Training radio button
[INFO ] 2023-01-20 19:10:10.303 [main] HomePage - Clicked on Continue button
[INFO ] 2023-01-20 19:10:12.367 [main] HomePage - Buyer clicked on Learning and training services radio button
[INFO ] 2023-01-20 19:10:15.749 [main] HomePage - Clicked on Continue button
[INFO ] 2023-01-20 19:10:17.520 [main] TestContext - =================RM6102:Apprenticeship Training execution ends===================
[INFO ] 2023-01-20 19:10:36.810 [main] TestContext - =================RM6102:Apprenticeship Training execution starts===================
[INFO ] 2023-01-20 19:10:36.814 [main] BrowserFactory - Opening CHROMEbrowser
[INFO ] 2023-01-20 19:10:44.416 [main] TestContext - Successfully lunched the chrome browser
[INFO ] 2023-01-20 19:10:44.421 [main] TestContext - base.url:https://webuat.crowncommercial.gov.uk/
[INFO ] 2023-01-20 19:10:54.168 [main] BrowserFactory - https://webuat.crowncommercial.gov.uk/ is launched
[INFO ] 2023-01-20 19:11:08.309 [main] HomePage - Clicked on Start now button
[INFO ] 2023-01-20 19:11:11.535 [main] HomePage - Clicked on Start now button
[INFO ] 2023-01-20 19:11:13.691 [main] HomePage - Buyer clicked on Apprenticeship Training radio button
[INFO ] 2023-01-20 19:11:16.745 [main] HomePage - Clicked on Continue button
[INFO ] 2023-01-20 19:11:18.824 [main] HomePage - Buyer clicked on Learning and training services radio button
[INFO ] 2023-01-20 19:11:22.065 [main] HomePage - Clicked on Continue button
[INFO ] 2023-01-20 19:11:23.785 [main] TestContext - =================RM6102:Apprenticeship Training execution ends===================
