[INFO ] 2023-01-24 17:22:57.016 [main] TestContext - =================To verify question content and error handling content for framework "linen" for each question of the journey execution starts===================
[INFO ] 2023-01-24 17:22:57.023 [main] BrowserFactory - Opening CHROMEbrowser
[INFO ] 2023-01-24 17:23:08.600 [main] TestContext - Successfully lunched the chrome browser
[INFO ] 2023-01-24 17:23:08.602 [main] TestContext - base.url:https://webuat.crowncommercial.gov.uk/
[INFO ] 2023-01-24 17:23:16.293 [main] BrowserFactory - https://webuat.crowncommercial.gov.uk/ is launched
[INFO ] 2023-01-24 17:23:30.354 [main] HomePage - Clicked on Start now button
[INFO ] 2023-01-24 17:23:33.503 [main] HomePage - Clicked on Start now button
[INFO ] 2023-01-24 17:23:35.997 [main] HomePage - Clicked on Continue button
[INFO ] 2023-01-24 17:23:38.769 [main] HomePage - Buyer clicked on Linen radio button
[INFO ] 2023-01-24 17:23:41.401 [main] HomePage - Clicked on Continue button
[INFO ] 2023-01-24 17:23:43.997 [main] HomePage - Clicked on Continue button
[INFO ] 2023-01-24 17:23:46.255 [main] HomePage - Buyer clicked on Service radio button
[INFO ] 2023-01-24 17:23:48.871 [main] HomePage - Clicked on Continue button
[INFO ] 2023-01-24 17:23:51.475 [main] HomePage - Clicked on Continue button
[INFO ] 2023-01-24 17:23:53.952 [main] HomePage - Buyer clicked on Yes radio button
[INFO ] 2023-01-24 17:23:56.566 [main] HomePage - Clicked on Continue button
[INFO ] 2023-01-24 17:23:58.802 [main] HomePage - Buyer clicked on No radio button
[INFO ] 2023-01-24 17:24:01.547 [main] HomePage - Clicked on Continue button
[INFO ] 2023-01-24 17:24:04.174 [main] HomePage - Clicked on Continue button
[INFO ] 2023-01-24 17:24:06.419 [main] HomePage - Buyer clicked on Yes radio button
[INFO ] 2023-01-24 17:24:08.851 [main] HomePage - Clicked on Continue button
[INFO ] 2023-01-24 17:24:11.078 [main] HomePage - Buyer clicked on No radio button
[INFO ] 2023-01-24 17:24:13.601 [main] HomePage - Clicked on Continue button
[INFO ] 2023-01-24 17:24:16.128 [main] HomePage - Clicked on Continue button
[INFO ] 2023-01-24 17:24:18.407 [main] HomePage - Buyer clicked on Theatre pack and gowns radio button
[INFO ] 2023-01-24 17:24:21.117 [main] HomePage - Clicked on Continue button
[INFO ] 2023-01-24 17:24:23.637 [main] HomePage - Clicked on Continue button
[INFO ] 2023-01-24 17:24:26.931 [main] HomePage - Buyer clicked on Anything else checkbox  button
[INFO ] 2023-01-24 17:24:30.042 [main] HomePage - Clicked on Continue button
[INFO ] 2023-01-24 17:24:30.094 [main] TestContext - =================To verify question content and error handling content for framework "linen" for each question of the journey execution ends===================
[INFO ] 2023-01-24 17:24:30.409 [main] TestContext - =================To verify question content and error handling content for framework "legal" for each question of the journey execution starts===================
[INFO ] 2023-01-24 17:24:30.411 [main] BrowserFactory - Opening CHROMEbrowser
[INFO ] 2023-01-24 17:24:38.096 [main] TestContext - Successfully lunched the chrome browser
[INFO ] 2023-01-24 17:24:38.102 [main] TestContext - base.url:https://webuat.crowncommercial.gov.uk/
[INFO ] 2023-01-24 17:24:45.073 [main] BrowserFactory - https://webuat.crowncommercial.gov.uk/ is launched
[INFO ] 2023-01-24 17:24:59.023 [main] HomePage - Clicked on Start now button
[INFO ] 2023-01-24 17:25:02.196 [main] HomePage - Clicked on Start now button
[INFO ] 2023-01-24 17:25:04.628 [main] HomePage - Clicked on Continue button
[INFO ] 2023-01-24 17:25:07.396 [main] HomePage - Buyer clicked on Legal radio button
[INFO ] 2023-01-24 17:25:10.053 [main] HomePage - Clicked on Continue button
[INFO ] 2023-01-24 17:25:12.717 [main] HomePage - Clicked on Continue button
[INFO ] 2023-01-24 17:25:14.986 [main] HomePage - Buyer clicked on Central Government radio button
[INFO ] 2023-01-24 17:25:17.504 [main] HomePage - Clicked on Continue button
[INFO ] 2023-01-24 17:25:20.040 [main] HomePage - Clicked on Continue button
[INFO ] 2023-01-24 17:25:22.309 [main] HomePage - Buyer clicked on Property radio button
[INFO ] 2023-01-24 17:25:24.808 [main] HomePage - Clicked on Continue button
[INFO ] 2023-01-24 17:25:27.319 [main] HomePage - Clicked on Continue button
[INFO ] 2023-01-24 17:25:36.758 [main] HomePage - Buyer clicked on Devolved radio button
[INFO ] 2023-01-24 17:25:39.362 [main] HomePage - Clicked on Continue button
[INFO ] 2023-01-24 17:25:41.879 [main] HomePage - Clicked on Continue button
[INFO ] 2023-01-24 17:25:44.159 [main] HomePage - Buyer clicked on Anything else radio button
[INFO ] 2023-01-24 17:25:46.667 [main] HomePage - Clicked on Continue button
[INFO ] 2023-01-24 17:25:49.180 [main] HomePage - Clicked on Continue button
[INFO ] 2023-01-24 17:25:52.398 [main] HomePage - Buyer clicked on England or Wales checkbox  button
[INFO ] 2023-01-24 17:25:55.911 [main] HomePage - Clicked on Continue button
[INFO ] 2023-01-24 17:25:55.970 [main] TestContext - =================To verify question content and error handling content for framework "legal" for each question of the journey execution ends===================
[INFO ] 2023-01-24 17:25:56.290 [main] TestContext - =================To verify question content and error handling content for framework "cctv" for each question of technical security journey execution starts===================
[INFO ] 2023-01-24 17:25:56.292 [main] BrowserFactory - Opening CHROMEbrowser
[INFO ] 2023-01-24 17:26:03.266 [main] TestContext - Successfully lunched the chrome browser
[INFO ] 2023-01-24 17:26:03.267 [main] TestContext - base.url:https://webuat.crowncommercial.gov.uk/
[INFO ] 2023-01-24 17:26:10.552 [main] BrowserFactory - https://webuat.crowncommercial.gov.uk/ is launched
[INFO ] 2023-01-24 17:26:24.392 [main] HomePage - Clicked on Start now button
[INFO ] 2023-01-24 17:26:27.531 [main] HomePage - Clicked on Start now button
[INFO ] 2023-01-24 17:26:29.740 [main] HomePage - Clicked on Continue button
[INFO ] 2023-01-24 17:26:32.770 [main] HomePage - Buyer clicked on Security Services radio button
[INFO ] 2023-01-24 17:26:35.756 [main] HomePage - Clicked on Continue button
[INFO ] 2023-01-24 17:26:38.420 [main] HomePage - Clicked on Continue button
[INFO ] 2023-01-24 17:26:40.876 [main] HomePage - Buyer clicked on Technical security radio button
[INFO ] 2023-01-24 17:26:43.446 [main] HomePage - Clicked on Continue button
[INFO ] 2023-01-24 17:26:45.985 [main] HomePage - Clicked on Continue button
[INFO ] 2023-01-24 17:26:48.455 [main] HomePage - Buyer clicked on Risk assessments radio button
[INFO ] 2023-01-24 17:26:51.921 [main] HomePage - Clicked on Continue button
[INFO ] 2023-01-24 17:26:52.000 [main] TestContext - =================To verify question content and error handling content for framework "cctv" for each question of technical security journey execution ends===================
[INFO ] 2023-01-24 17:26:52.264 [main] TestContext - =================To verify question content and error handling content for framework "cctv" for each question of security services journey execution starts===================
[INFO ] 2023-01-24 17:26:52.267 [main] BrowserFactory - Opening CHROMEbrowser
[INFO ] 2023-01-24 17:26:59.856 [main] TestContext - Successfully lunched the chrome browser
[INFO ] 2023-01-24 17:26:59.857 [main] TestContext - base.url:https://webuat.crowncommercial.gov.uk/
[INFO ] 2023-01-24 17:27:07.387 [main] BrowserFactory - https://webuat.crowncommercial.gov.uk/ is launched
[INFO ] 2023-01-24 17:27:21.259 [main] HomePage - Clicked on Start now button
[INFO ] 2023-01-24 17:27:24.554 [main] HomePage - Clicked on Start now button
[INFO ] 2023-01-24 17:27:26.885 [main] HomePage - Clicked on Continue button
[INFO ] 2023-01-24 17:27:29.615 [main] HomePage - Buyer clicked on Security Services radio button
[INFO ] 2023-01-24 17:27:32.867 [main] HomePage - Clicked on Continue button
[INFO ] 2023-01-24 17:27:35.469 [main] HomePage - Clicked on Continue button
[INFO ] 2023-01-24 17:27:37.715 [main] HomePage - Buyer clicked on Security services radio button
[INFO ] 2023-01-24 17:27:40.290 [main] HomePage - Clicked on Continue button
[INFO ] 2023-01-24 17:27:42.763 [main] HomePage - Clicked on Continue button
[INFO ] 2023-01-24 17:27:45.989 [main] HomePage - Buyer clicked on Guarding services and patrols checkbox  button
[INFO ] 2023-01-24 17:27:48.549 [main] HomePage - Clicked on Continue button
[INFO ] 2023-01-24 17:27:50.973 [main] HomePage - Clicked on Continue button
[INFO ] 2023-01-24 17:27:54.204 [main] HomePage - Buyer clicked on Waste services checkbox  button
[INFO ] 2023-01-24 17:27:56.718 [main] HomePage - Clicked on Continue button
[INFO ] 2023-01-24 17:27:59.256 [main] HomePage - Clicked on Continue button
[INFO ] 2023-01-24 17:28:01.451 [main] HomePage - Buyer clicked on Ministry of Defence or defence infrastructure organisation radio button
[INFO ] 2023-01-24 17:28:04.564 [main] HomePage - Clicked on Continue button
[INFO ] 2023-01-24 17:28:04.623 [main] TestContext - =================To verify question content and error handling content for framework "cctv" for each question of security services journey execution ends===================
[INFO ] 2023-01-24 17:28:05.032 [main] TestContext - =================To verify question content and error handling content for framework "cctv" for each question of security services journey execution starts===================
[INFO ] 2023-01-24 17:28:05.033 [main] BrowserFactory - Opening CHROMEbrowser
[INFO ] 2023-01-24 17:28:11.637 [main] TestContext - Successfully lunched the chrome browser
[INFO ] 2023-01-24 17:28:11.638 [main] TestContext - base.url:https://webuat.crowncommercial.gov.uk/
[INFO ] 2023-01-24 17:28:18.910 [main] BrowserFactory - https://webuat.crowncommercial.gov.uk/ is launched
[INFO ] 2023-01-24 17:28:32.899 [main] HomePage - Clicked on Start now button
[INFO ] 2023-01-24 17:28:36.143 [main] HomePage - Clicked on Start now button
[INFO ] 2023-01-24 17:28:38.576 [main] HomePage - Clicked on Continue button
[INFO ] 2023-01-24 17:28:42.296 [main] HomePage - Buyer clicked on Security Services radio button
[INFO ] 2023-01-24 17:28:44.967 [main] HomePage - Clicked on Continue button
[INFO ] 2023-01-24 17:28:47.518 [main] HomePage - Clicked on Continue button
[INFO ] 2023-01-24 17:28:49.756 [main] HomePage - Buyer clicked on Security services and technical security radio button
[INFO ] 2023-01-24 17:28:52.472 [main] HomePage - Clicked on Continue button
[INFO ] 2023-01-24 17:28:54.962 [main] HomePage - Clicked on Continue button
[INFO ] 2023-01-24 17:28:58.312 [main] HomePage - Buyer clicked on Alarm response centres checkbox  button
[INFO ] 2023-01-24 17:29:00.786 [main] HomePage - Clicked on Continue button
[INFO ] 2023-01-24 17:29:03.251 [main] HomePage - Clicked on Continue button
[INFO ] 2023-01-24 17:29:05.468 [main] HomePage - Buyer clicked on Statutory inspections and testing radio button
[INFO ] 2023-01-24 17:29:07.994 [main] HomePage - Clicked on Continue button
[INFO ] 2023-01-24 17:29:10.456 [main] HomePage - Clicked on Continue button
[INFO ] 2023-01-24 17:29:12.663 [main] HomePage - Buyer clicked on Education radio button
[INFO ] 2023-01-24 17:29:16.278 [main] HomePage - Clicked on Continue button
[INFO ] 2023-01-24 17:29:16.330 [main] TestContext - =================To verify question content and error handling content for framework "cctv" for each question of security services journey execution ends===================
[INFO ] 2023-01-24 17:29:16.724 [main] TestContext - =================To verify Buyer has provided with different recommendations "lot2", lots "<lots>", service details "<details>" on GM results page after initiating GM journey for framework "detection" and after answering different set of question as looking for "Secure collection and delivery services", Sector buying as "<sectorRadio>" during the journey execution starts===================
[INFO ] 2023-01-24 17:29:16.726 [main] BrowserFactory - Opening CHROMEbrowser
[INFO ] 2023-01-24 17:29:23.669 [main] TestContext - Successfully lunched the chrome browser
[INFO ] 2023-01-24 17:29:23.670 [main] TestContext - base.url:https://webuat.crowncommercial.gov.uk/
[INFO ] 2023-01-24 17:29:30.718 [main] BrowserFactory - https://webuat.crowncommercial.gov.uk/ is launched
[INFO ] 2023-01-24 17:29:44.509 [main] HomePage - Clicked on Start now button
[INFO ] 2023-01-24 17:29:47.720 [main] HomePage - Clicked on Start now button
[INFO ] 2023-01-24 17:29:49.802 [main] HomePage - Buyer clicked on Courier radio button
[INFO ] 2023-01-24 17:29:52.865 [main] HomePage - Clicked on Continue button
[INFO ] 2023-01-24 17:29:54.927 [main] HomePage - Buyer clicked on Secure collection and delivery services radio button
[INFO ] 2023-01-24 17:29:58.464 [main] HomePage - Clicked on Continue button
[INFO ] 2023-01-24 17:29:59.512 [main] TestContext - =================To verify Buyer has provided with different recommendations "lot2", lots "<lots>", service details "<details>" on GM results page after initiating GM journey for framework "detection" and after answering different set of question as looking for "Secure collection and delivery services", Sector buying as "<sectorRadio>" during the journey execution ends===================
[INFO ] 2023-01-24 17:29:59.741 [main] TestContext - =================To verify Buyer has provided with different recommendations "lot6", lots "<lots>", service details "<details>" on GM results page after initiating GM journey for framework "detection" and after answering different set of question as looking for "Asset recovery, disposal and destruction", Sector buying as "<sectorRadio>" during the journey execution starts===================
[INFO ] 2023-01-24 17:29:59.742 [main] BrowserFactory - Opening CHROMEbrowser
[INFO ] 2023-01-24 17:30:06.388 [main] TestContext - Successfully lunched the chrome browser
[INFO ] 2023-01-24 17:30:06.392 [main] TestContext - base.url:https://webuat.crowncommercial.gov.uk/
[INFO ] 2023-01-24 17:30:13.657 [main] BrowserFactory - https://webuat.crowncommercial.gov.uk/ is launched
[INFO ] 2023-01-24 17:30:27.495 [main] HomePage - Clicked on Start now button
[INFO ] 2023-01-24 17:30:30.750 [main] HomePage - Clicked on Start now button
[INFO ] 2023-01-24 17:30:32.811 [main] HomePage - Buyer clicked on Courier radio button
[INFO ] 2023-01-24 17:30:35.988 [main] HomePage - Clicked on Continue button
[INFO ] 2023-01-24 17:30:38.038 [main] HomePage - Buyer clicked on Asset recovery, disposal and destruction radio button
[INFO ] 2023-01-24 17:30:41.765 [main] HomePage - Clicked on Continue button
[INFO ] 2023-01-24 17:30:42.766 [main] TestContext - =================To verify Buyer has provided with different recommendations "lot6", lots "<lots>", service details "<details>" on GM results page after initiating GM journey for framework "detection" and after answering different set of question as looking for "Asset recovery, disposal and destruction", Sector buying as "<sectorRadio>" during the journey execution ends===================
[INFO ] 2023-01-24 17:30:42.983 [main] TestContext - =================To verify Buyer has provided with different recommendations "<recommServices>", service details "<details>" on GM results page after initiating GM journey for framework "housing" and after answering different set of question as sector looking for "<sector>", selects Service area as "<serviceArea>" during the journey execution starts===================
[INFO ] 2023-01-24 17:30:42.984 [main] BrowserFactory - Opening CHROMEbrowser
[INFO ] 2023-01-24 17:30:49.365 [main] TestContext - Successfully lunched the chrome browser
[INFO ] 2023-01-24 17:30:49.366 [main] TestContext - base.url:https://webuat.crowncommercial.gov.uk/
[INFO ] 2023-01-24 17:30:57.796 [main] BrowserFactory - https://webuat.crowncommercial.gov.uk/ is launched
[INFO ] 2023-01-24 17:31:11.874 [main] HomePage - Clicked on Start now button
[INFO ] 2023-01-24 17:31:17.826 [main] HomePage - Clicked on Start now button
[INFO ] 2023-01-24 17:31:19.890 [main] HomePage - Buyer clicked on Housing radio button
[INFO ] 2023-01-24 17:31:23.144 [main] HomePage - Clicked on Continue button
[INFO ] 2023-01-24 17:31:25.249 [main] HomePage - Buyer clicked on Estate services radio button
[INFO ] 2023-01-24 17:31:28.268 [main] HomePage - Clicked on Continue button
[INFO ] 2023-01-24 17:31:30.444 [main] GMResultPage - User is on guided match search results with request for more information
[INFO ] 2023-01-24 17:31:31.133 [main] TestContext - =================To verify Buyer has provided with different recommendations "<recommServices>", service details "<details>" on GM results page after initiating GM journey for framework "housing" and after answering different set of question as sector looking for "<sector>", selects Service area as "<serviceArea>" during the journey execution ends===================
[INFO ] 2023-01-24 17:31:31.345 [main] TestContext - =================To verify Buyer has provided with different recommendations "<recommServices>", service details "<details>" on GM results page after initiating GM journey for framework "housing" and after answering different set of question as sector looking for "Ministry of Defence or defence infrastructure organisation", selects Service area as "<serviceArea>" during the journey execution starts===================
[INFO ] 2023-01-24 17:31:31.346 [main] BrowserFactory - Opening CHROMEbrowser
[INFO ] 2023-01-24 17:31:38.289 [main] TestContext - Successfully lunched the chrome browser
[INFO ] 2023-01-24 17:31:38.289 [main] TestContext - base.url:https://webuat.crowncommercial.gov.uk/
[INFO ] 2023-01-24 17:31:45.654 [main] BrowserFactory - https://webuat.crowncommercial.gov.uk/ is launched
[INFO ] 2023-01-24 17:31:59.505 [main] HomePage - Clicked on Start now button
[INFO ] 2023-01-24 17:32:02.743 [main] HomePage - Clicked on Start now button
[INFO ] 2023-01-24 17:32:04.827 [main] HomePage - Buyer clicked on Housing radio button
[INFO ] 2023-01-24 17:32:07.923 [main] HomePage - Clicked on Continue button
[INFO ] 2023-01-24 17:32:09.972 [main] HomePage - Buyer clicked on Housing maintenance and management radio button
[INFO ] 2023-01-24 17:32:12.701 [main] HomePage - Clicked on Continue button
[INFO ] 2023-01-24 17:32:14.746 [main] HomePage - Buyer clicked on Ministry of Defence or defence infrastructure organisation radio button
[INFO ] 2023-01-24 17:32:18.191 [main] HomePage - Clicked on Continue button
[INFO ] 2023-01-24 17:32:25.041 [main] TestContext - =================To verify Buyer has provided with different recommendations "<recommServices>", service details "<details>" on GM results page after initiating GM journey for framework "housing" and after answering different set of question as sector looking for "Ministry of Defence or defence infrastructure organisation", selects Service area as "<serviceArea>" during the journey execution ends===================
[INFO ] 2023-01-24 17:32:25.265 [main] TestContext - =================To verify Buyer has provided with different recommendations "<recommServices>", service details "<details>" on GM results page after initiating GM journey for framework "housing" and after answering different set of question as sector looking for "Ministry of Defence or defence infrastructure organisation", selects Service area as "<serviceArea>" during the journey execution starts===================
[INFO ] 2023-01-24 17:32:25.266 [main] BrowserFactory - Opening CHROMEbrowser
[INFO ] 2023-01-24 17:32:33.105 [main] TestContext - Successfully lunched the chrome browser
[INFO ] 2023-01-24 17:32:33.105 [main] TestContext - base.url:https://webuat.crowncommercial.gov.uk/
[INFO ] 2023-01-24 17:32:40.460 [main] BrowserFactory - https://webuat.crowncommercial.gov.uk/ is launched
[INFO ] 2023-01-24 17:32:54.425 [main] HomePage - Clicked on Start now button
[INFO ] 2023-01-24 17:32:57.617 [main] HomePage - Clicked on Start now button
[INFO ] 2023-01-24 17:32:59.679 [main] HomePage - Buyer clicked on Facilities Management (FM) radio button
[INFO ] 2023-01-24 17:33:02.881 [main] HomePage - Clicked on Continue button
[INFO ] 2023-01-24 17:33:08.900 [main] TestContext - =================To verify Buyer has provided with different recommendations "<recommServices>", service details "<details>" on GM results page after initiating GM journey for framework "housing" and after answering different set of question as sector looking for "Ministry of Defence or defence infrastructure organisation", selects Service area as "<serviceArea>" during the journey execution ends===================
[INFO ] 2023-01-24 17:33:09.061 [main] TestContext - =================To verify Buyer has provided with different recommendations "<recommServices>", service details "fmmDetails_buildingCleaningServices" on GM results page after initiating GM journey for framework "housing" and after answering different set of question as sector looking for "<sector>", selects Service area as "<serviceArea>" during the journey execution starts===================
[INFO ] 2023-01-24 17:33:09.062 [main] BrowserFactory - Opening CHROMEbrowser
[INFO ] 2023-01-24 17:33:17.835 [main] TestContext - Successfully lunched the chrome browser
[INFO ] 2023-01-24 17:33:17.841 [main] TestContext - base.url:https://webuat.crowncommercial.gov.uk/
[INFO ] 2023-01-24 17:33:24.242 [main] BrowserFactory - https://webuat.crowncommercial.gov.uk/ is launched
[INFO ] 2023-01-24 17:33:39.256 [main] HomePage - Clicked on Start now button
[INFO ] 2023-01-24 17:33:42.552 [main] HomePage - Clicked on Start now button
[INFO ] 2023-01-24 17:33:44.614 [main] HomePage - Buyer clicked on Facilities Management (FM) radio button
[INFO ] 2023-01-24 17:33:47.867 [main] HomePage - Clicked on Continue button
[INFO ] 2023-01-24 17:33:53.878 [main] TestContext - =================To verify Buyer has provided with different recommendations "<recommServices>", service details "fmmDetails_buildingCleaningServices" on GM results page after initiating GM journey for framework "housing" and after answering different set of question as sector looking for "<sector>", selects Service area as "<serviceArea>" during the journey execution ends===================
[INFO ] 2023-01-24 17:33:54.104 [main] TestContext - =================To verify Buyer has provided with different recommendations "<recommServices>", service details "<details>" on GM results page after initiating GM journey for framework "housing" and after answering different set of question as sector looking for "<sector>", selects Service area as "<serviceArea>" during the journey execution starts===================
[INFO ] 2023-01-24 17:33:54.105 [main] BrowserFactory - Opening CHROMEbrowser
[INFO ] 2023-01-24 17:34:02.395 [main] TestContext - Successfully lunched the chrome browser
[INFO ] 2023-01-24 17:34:02.396 [main] TestContext - base.url:https://webuat.crowncommercial.gov.uk/
[INFO ] 2023-01-24 17:34:09.894 [main] BrowserFactory - https://webuat.crowncommercial.gov.uk/ is launched
[INFO ] 2023-01-24 17:34:23.774 [main] HomePage - Clicked on Start now button
[INFO ] 2023-01-24 17:34:27.003 [main] HomePage - Clicked on Start now button
[INFO ] 2023-01-24 17:34:29.065 [main] HomePage - Buyer clicked on Facilities Management (FM) radio button
[INFO ] 2023-01-24 17:34:32.240 [main] HomePage - Clicked on Continue button
[INFO ] 2023-01-24 17:34:38.247 [main] TestContext - =================To verify Buyer has provided with different recommendations "<recommServices>", service details "<details>" on GM results page after initiating GM journey for framework "housing" and after answering different set of question as sector looking for "<sector>", selects Service area as "<serviceArea>" during the journey execution ends===================
[INFO ] 2023-01-24 17:34:38.519 [main] TestContext - =================To verify Buyer has initiated GM journey for framework "linen" and is provided with GM Escape page on selection of Product during the journey execution starts===================
[INFO ] 2023-01-24 17:34:38.521 [main] BrowserFactory - Opening CHROMEbrowser
[INFO ] 2023-01-24 17:34:46.556 [main] TestContext - Successfully lunched the chrome browser
[INFO ] 2023-01-24 17:34:46.557 [main] TestContext - base.url:https://webuat.crowncommercial.gov.uk/
[INFO ] 2023-01-24 17:34:53.803 [main] BrowserFactory - https://webuat.crowncommercial.gov.uk/ is launched
[INFO ] 2023-01-24 17:35:08.507 [main] HomePage - Clicked on Start now button
[INFO ] 2023-01-24 17:35:11.745 [main] HomePage - Clicked on Start now button
[INFO ] 2023-01-24 17:35:13.809 [main] HomePage - Buyer clicked on Linen radio button
[INFO ] 2023-01-24 17:35:16.831 [main] HomePage - Clicked on Continue button
[INFO ] 2023-01-24 17:35:18.879 [main] HomePage - Buyer clicked on Product radio button
[INFO ] 2023-01-24 17:35:21.800 [main] HomePage - Clicked on Continue button
[INFO ] 2023-01-24 17:35:24.740 [main] GMResultPage - User is on guided match search results with request for more information
[INFO ] 2023-01-24 17:35:27.782 [main] HomePage - Clicked on Start again to change your answers button
[INFO ] 2023-01-24 17:35:29.820 [main] HomePage - Buyer clicked on Linen radio button
[INFO ] 2023-01-24 17:35:32.480 [main] HomePage - Clicked on Continue button
[INFO ] 2023-01-24 17:35:34.526 [main] HomePage - Buyer clicked on Service radio button
[INFO ] 2023-01-24 17:35:37.208 [main] HomePage - Clicked on Continue button
[INFO ] 2023-01-24 17:35:39.252 [main] HomePage - Buyer clicked on No radio button
[INFO ] 2023-01-24 17:35:42.169 [main] HomePage - Clicked on Continue button
[INFO ] 2023-01-24 17:35:44.219 [main] HomePage - Buyer clicked on No radio button
[INFO ] 2023-01-24 17:35:46.892 [main] HomePage - Clicked on Continue button
[INFO ] 2023-01-24 17:35:48.925 [main] HomePage - Buyer clicked on Theatre pack and gowns radio button
[INFO ] 2023-01-24 17:35:51.471 [main] HomePage - Clicked on Continue button
[INFO ] 2023-01-24 17:35:54.514 [main] HomePage - Buyer clicked on Anything else checkbox  button
[INFO ] 2023-01-24 17:35:57.610 [main] HomePage - Clicked on Continue button
[INFO ] 2023-01-24 17:36:01.486 [main] TestContext - =================To verify Buyer has initiated GM journey for framework "linen" and is provided with GM Escape page on selection of Product during the journey execution ends===================
[INFO ] 2023-01-24 17:36:01.980 [main] TestContext - =================To verify Buyer has provided with different recommendations "lot2" and after answering different set of question as looking for "Service", Budget radio as "Yes" and enters budget as "12345", Contract radio as "Yes" and enters contract length "10" , selects Service area as "Theatre pack and gowns" and Additional facilities as "No, I have everything I need" during the journey execution starts===================
[INFO ] 2023-01-24 17:36:01.981 [main] BrowserFactory - Opening CHROMEbrowser
[INFO ] 2023-01-24 17:36:11.215 [main] TestContext - Successfully lunched the chrome browser
[INFO ] 2023-01-24 17:36:11.216 [main] TestContext - base.url:https://webuat.crowncommercial.gov.uk/
[INFO ] 2023-01-24 17:36:18.649 [main] BrowserFactory - https://webuat.crowncommercial.gov.uk/ is launched
[INFO ] 2023-01-24 17:36:32.806 [main] HomePage - Clicked on Start now button
[INFO ] 2023-01-24 17:36:36.106 [main] HomePage - Clicked on Start now button
[INFO ] 2023-01-24 17:36:38.156 [main] HomePage - Buyer clicked on Linen radio button
[INFO ] 2023-01-24 17:54:08.849 [main] TestContext - =================To verify question content and error handling content for framework "linen" for each question of the journey execution starts===================
[INFO ] 2023-01-24 17:54:08.852 [main] BrowserFactory - Opening CHROMEbrowser
