[INFO ] 2022-11-23 09:51:37.222 [main] TestContext - =================To verify Buyer has provided with different recommendations "RM3788lot1RM6179", lots "<lots>", service details "<details>" on GM results page after initiating GM journey for framework "legal" and after answering different set of question as sector looking for "Central Government", selects Service area as "Employment litigation" during the journey execution starts===================
[INFO ] 2022-11-23 09:51:37.233 [main] BrowserFactory - Opening CHROMEbrowser
[INFO ] 2022-11-23 09:51:47.449 [main] TestContext - Successfully lunched the chrome browser
[INFO ] 2022-11-23 09:51:47.467 [main] TestContext - base.url:https://webuat.crowncommercial.gov.uk/
[INFO ] 2022-11-23 09:51:57.322 [main] BrowserFactory - https://webuat.crowncommercial.gov.uk/ is launched
[INFO ] 2022-11-23 09:52:06.825 [main] HomePage - Clicked on Start now button
[INFO ] 2022-11-23 09:52:10.099 [main] HomePage - Clicked on Start now button
[INFO ] 2022-11-23 09:52:12.187 [main] HomePage - Buyer clicked on Legal radio button
[INFO ] 2022-11-23 09:52:15.084 [main] HomePage - Clicked on Continue button
[INFO ] 2022-11-23 09:52:17.125 [main] HomePage - Buyer clicked on Central Government radio button
[INFO ] 2022-11-23 09:52:19.693 [main] HomePage - Clicked on Continue button
[INFO ] 2022-11-23 09:52:21.737 [main] HomePage - Buyer clicked on Employment litigation radio button
[INFO ] 2022-11-23 09:52:24.150 [main] HomePage - Clicked on Continue button
[INFO ] 2022-11-23 09:52:26.227 [main] HomePage - Buyer clicked on No radio button
[INFO ] 2022-11-23 09:52:30.111 [main] HomePage - Clicked on Continue button
[INFO ] 2022-11-23 09:52:32.244 [main] GMResultPage - The details related to CTA is already expanded
[INFO ] 2022-11-23 09:52:42.762 [main] TestContext - =================To verify Buyer has provided with different recommendations "RM3788lot1RM6179", lots "<lots>", service details "<details>" on GM results page after initiating GM journey for framework "legal" and after answering different set of question as sector looking for "Central Government", selects Service area as "Employment litigation" during the journey execution ends===================
[INFO ] 2022-11-23 09:52:43.068 [main] TestContext - =================To verify Buyer has provided with different recommendations "RM6179RM3788lot1", lots "<lots>", service details "<details>" on GM results page after initiating GM journey for framework "legal" and after answering different set of question as sector looking for "Ministry of Defence or defence infrastructure organisation", selects Service area as "Employment litigation" during the journey execution starts===================
[INFO ] 2022-11-23 09:52:43.070 [main] BrowserFactory - Opening CHROMEbrowser
[INFO ] 2022-11-23 09:52:52.888 [main] TestContext - Successfully lunched the chrome browser
[INFO ] 2022-11-23 09:52:52.902 [main] TestContext - base.url:https://webuat.crowncommercial.gov.uk/
[INFO ] 2022-11-23 09:52:53.798 [main] BrowserFactory - https://webuat.crowncommercial.gov.uk/ is launched
[INFO ] 2022-11-23 09:53:25.941 [main] TestContext - =================To verify Buyer has provided with different recommendations "wpslot1_wpslot2a", lots "<lots>", service details "<details>" on GM results page after initiating GM journey for framework "legal" and after answering different set of question as sector looking for "Local Government", selects Service area as "Anything else" during the journey execution starts===================
[INFO ] 2022-11-23 09:53:25.944 [main] BrowserFactory - Opening CHROMEbrowser
[INFO ] 2022-11-23 09:55:13.469 [main] TestContext - =================To verify Buyer has provided with different recommendations "RM3788lot1RM6179", lots "<lots>", service details "<details>" on GM results page after initiating GM journey for framework "legal" and after answering different set of question as sector looking for "Central Government", selects Service area as "Employment litigation" during the journey execution starts===================
[INFO ] 2022-11-23 09:55:13.474 [main] BrowserFactory - Opening CHROMEbrowser
[INFO ] 2022-11-23 09:55:22.635 [main] TestContext - Successfully lunched the chrome browser
[INFO ] 2022-11-23 09:55:22.642 [main] TestContext - base.url:https://webuat.crowncommercial.gov.uk/
[INFO ] 2022-11-23 09:55:33.030 [main] BrowserFactory - https://webuat.crowncommercial.gov.uk/ is launched
[INFO ] 2022-11-23 09:55:42.087 [main] HomePage - Clicked on Start now button
[INFO ] 2022-11-23 09:55:45.383 [main] HomePage - Clicked on Start now button
[INFO ] 2022-11-23 09:55:47.505 [main] HomePage - Buyer clicked on Legal radio button
[INFO ] 2022-11-23 09:55:50.478 [main] HomePage - Clicked on Continue button
[INFO ] 2022-11-23 09:55:52.517 [main] HomePage - Buyer clicked on Central Government radio button
[INFO ] 2022-11-23 09:55:55.028 [main] HomePage - Clicked on Continue button
[INFO ] 2022-11-23 09:55:57.069 [main] HomePage - Buyer clicked on Employment litigation radio button
[INFO ] 2022-11-23 09:55:59.458 [main] HomePage - Clicked on Continue button
[INFO ] 2022-11-23 09:56:01.535 [main] HomePage - Buyer clicked on No radio button
[INFO ] 2022-11-23 09:56:05.707 [main] HomePage - Clicked on Continue button
[INFO ] 2022-11-23 09:56:07.840 [main] GMResultPage - The details related to CTA is already expanded
[INFO ] 2022-11-23 09:56:17.477 [main] TestContext - =================To verify Buyer has provided with different recommendations "RM3788lot1RM6179", lots "<lots>", service details "<details>" on GM results page after initiating GM journey for framework "legal" and after answering different set of question as sector looking for "Central Government", selects Service area as "Employment litigation" during the journey execution ends===================
[INFO ] 2022-11-23 09:56:17.712 [main] TestContext - =================To verify Buyer has provided with different recommendations "RM6179RM3788lot1", lots "<lots>", service details "<details>" on GM results page after initiating GM journey for framework "legal" and after answering different set of question as sector looking for "Ministry of Defence or defence infrastructure organisation", selects Service area as "Employment litigation" during the journey execution starts===================
[INFO ] 2022-11-23 09:56:17.715 [main] BrowserFactory - Opening CHROMEbrowser
[INFO ] 2022-11-23 09:56:25.110 [main] TestContext - Successfully lunched the chrome browser
[INFO ] 2022-11-23 09:56:25.112 [main] TestContext - base.url:https://webuat.crowncommercial.gov.uk/
[INFO ] 2022-11-23 09:56:34.051 [main] BrowserFactory - https://webuat.crowncommercial.gov.uk/ is launched
[INFO ] 2022-11-23 09:56:43.115 [main] HomePage - Clicked on Start now button
[INFO ] 2022-11-23 09:56:46.522 [main] HomePage - Clicked on Start now button
[INFO ] 2022-11-23 09:56:48.641 [main] HomePage - Buyer clicked on Legal radio button
[INFO ] 2022-11-23 09:56:51.567 [main] HomePage - Clicked on Continue button
[INFO ] 2022-11-23 09:56:53.611 [main] HomePage - Buyer clicked on Ministry of Defence or defence infrastructure organisation radio button
[INFO ] 2022-11-23 09:56:56.115 [main] HomePage - Clicked on Continue button
[INFO ] 2022-11-23 09:56:58.156 [main] HomePage - Buyer clicked on Employment litigation radio button
[INFO ] 2022-11-23 09:57:00.583 [main] HomePage - Clicked on Continue button
[INFO ] 2022-11-23 09:57:02.887 [main] HomePage - Buyer clicked on Yes radio button
[INFO ] 2022-11-23 09:57:08.007 [main] HomePage - Clicked on Continue button
[INFO ] 2022-11-23 09:57:10.134 [main] GMResultPage - The details related to CTA is already expanded
[INFO ] 2022-11-23 09:57:19.036 [main] TestContext - =================To verify Buyer has provided with different recommendations "RM6179RM3788lot1", lots "<lots>", service details "<details>" on GM results page after initiating GM journey for framework "legal" and after answering different set of question as sector looking for "Ministry of Defence or defence infrastructure organisation", selects Service area as "Employment litigation" during the journey execution ends===================
[INFO ] 2022-11-23 09:57:19.257 [main] TestContext - =================To verify Buyer has provided with different recommendations "wpslot1_wpslot2a", lots "<lots>", service details "<details>" on GM results page after initiating GM journey for framework "legal" and after answering different set of question as sector looking for "Local Government", selects Service area as "Anything else" during the journey execution starts===================
[INFO ] 2022-11-23 09:57:19.258 [main] BrowserFactory - Opening CHROMEbrowser
[INFO ] 2022-11-23 09:57:26.519 [main] TestContext - Successfully lunched the chrome browser
[INFO ] 2022-11-23 09:57:26.521 [main] TestContext - base.url:https://webuat.crowncommercial.gov.uk/
[INFO ] 2022-11-23 09:57:35.672 [main] BrowserFactory - https://webuat.crowncommercial.gov.uk/ is launched
[INFO ] 2022-11-23 09:57:44.659 [main] HomePage - Clicked on Start now button
[INFO ] 2022-11-23 09:57:47.877 [main] HomePage - Clicked on Start now button
[INFO ] 2022-11-23 09:57:49.963 [main] HomePage - Buyer clicked on Legal radio button
[INFO ] 2022-11-23 09:57:52.941 [main] HomePage - Clicked on Continue button
[INFO ] 2022-11-23 09:57:54.982 [main] HomePage - Buyer clicked on Local Government radio button
[INFO ] 2022-11-23 09:57:57.472 [main] HomePage - Clicked on Continue button
[INFO ] 2022-11-23 09:57:59.502 [main] HomePage - Buyer clicked on Anything else radio button
[INFO ] 2022-11-23 09:58:01.867 [main] HomePage - Clicked on Continue button
[INFO ] 2022-11-23 09:58:04.943 [main] HomePage - Buyer clicked on England or Wales checkbox  button
[INFO ] 2022-11-23 09:58:08.508 [main] HomePage - Clicked on Continue button
[INFO ] 2022-11-23 09:58:08.752 [main] GMResultPage - The details related to CTA is already expanded
[INFO ] 2022-11-23 09:58:12.099 [main] TestContext - =================To verify Buyer has provided with different recommendations "wpslot1_wpslot2a", lots "<lots>", service details "<details>" on GM results page after initiating GM journey for framework "legal" and after answering different set of question as sector looking for "Local Government", selects Service area as "Anything else" during the journey execution ends===================
[INFO ] 2022-11-23 09:58:12.255 [main] TestContext - =================To verify Buyer has provided with different recommendations "wpslot1_wpslot2a", lots "<lots>", service details "<details>" on GM results page after initiating GM journey for framework "legal" and after answering different set of question as sector looking for "Devolved", selects Service area as "Multiple services" during the journey execution starts===================
[INFO ] 2022-11-23 09:58:12.257 [main] BrowserFactory - Opening CHROMEbrowser
[INFO ] 2022-11-23 09:58:20.818 [main] TestContext - Successfully lunched the chrome browser
[INFO ] 2022-11-23 09:58:20.820 [main] TestContext - base.url:https://webuat.crowncommercial.gov.uk/
[INFO ] 2022-11-23 09:58:29.186 [main] BrowserFactory - https://webuat.crowncommercial.gov.uk/ is launched
[INFO ] 2022-11-23 09:58:38.139 [main] HomePage - Clicked on Start now button
[INFO ] 2022-11-23 09:58:41.350 [main] HomePage - Clicked on Start now button
[INFO ] 2022-11-23 09:58:43.452 [main] HomePage - Buyer clicked on Legal radio button
[INFO ] 2022-11-23 09:58:46.400 [main] HomePage - Clicked on Continue button
[INFO ] 2022-11-23 09:58:48.430 [main] HomePage - Buyer clicked on Devolved radio button
[INFO ] 2022-11-23 09:58:50.922 [main] HomePage - Clicked on Continue button
[INFO ] 2022-11-23 09:58:52.962 [main] HomePage - Buyer clicked on Multiple services radio button
[INFO ] 2022-11-23 09:58:55.350 [main] HomePage - Clicked on Continue button
[INFO ] 2022-11-23 09:58:58.421 [main] HomePage - Buyer clicked on England or Wales checkbox  button
[INFO ] 2022-11-23 09:59:02.212 [main] HomePage - Clicked on Continue button
[INFO ] 2022-11-23 09:59:02.262 [main] GMResultPage - The details related to CTA is already expanded
[INFO ] 2022-11-23 09:59:04.559 [main] TestContext - =================To verify Buyer has provided with different recommendations "wpslot1_wpslot2a", lots "<lots>", service details "<details>" on GM results page after initiating GM journey for framework "legal" and after answering different set of question as sector looking for "Devolved", selects Service area as "Multiple services" during the journey execution ends===================
[INFO ] 2022-11-23 09:59:04.707 [main] TestContext - =================To verify Buyer has provided with different recommendations "wpslot1_wpslot2b", lots "<lots>", service details "<details>" on GM results page after initiating GM journey for framework "legal" and after answering different set of question as sector looking for "Education", selects Service area as "Anything else" during the journey execution starts===================
[INFO ] 2022-11-23 09:59:04.708 [main] BrowserFactory - Opening CHROMEbrowser
[INFO ] 2022-11-23 09:59:11.970 [main] TestContext - Successfully lunched the chrome browser
[INFO ] 2022-11-23 09:59:11.973 [main] TestContext - base.url:https://webuat.crowncommercial.gov.uk/
[INFO ] 2022-11-23 09:59:20.444 [main] BrowserFactory - https://webuat.crowncommercial.gov.uk/ is launched
[INFO ] 2022-11-23 09:59:29.313 [main] HomePage - Clicked on Start now button
[INFO ] 2022-11-23 09:59:32.853 [main] HomePage - Clicked on Start now button
[INFO ] 2022-11-23 09:59:34.940 [main] HomePage - Buyer clicked on Legal radio button
[INFO ] 2022-11-23 09:59:37.838 [main] HomePage - Clicked on Continue button
[INFO ] 2022-11-23 09:59:39.879 [main] HomePage - Buyer clicked on Education radio button
[INFO ] 2022-11-23 09:59:42.361 [main] HomePage - Clicked on Continue button
[INFO ] 2022-11-23 09:59:44.402 [main] HomePage - Buyer clicked on Anything else radio button
[INFO ] 2022-11-23 09:59:46.751 [main] HomePage - Clicked on Continue button
[INFO ] 2022-11-23 09:59:49.827 [main] HomePage - Buyer clicked on Scotland checkbox  button
[INFO ] 2022-11-23 09:59:53.678 [main] HomePage - Clicked on Continue button
[INFO ] 2022-11-23 09:59:53.727 [main] GMResultPage - The details related to CTA is already expanded
[INFO ] 2022-11-23 09:59:55.997 [main] TestContext - =================To verify Buyer has provided with different recommendations "wpslot1_wpslot2b", lots "<lots>", service details "<details>" on GM results page after initiating GM journey for framework "legal" and after answering different set of question as sector looking for "Education", selects Service area as "Anything else" during the journey execution ends===================
[INFO ] 2022-11-23 09:59:56.233 [main] TestContext - =================To verify Buyer has provided with different recommendations "wpslot1_wpslot2b", lots "<lots>", service details "<details>" on GM results page after initiating GM journey for framework "legal" and after answering different set of question as sector looking for "Blue light", selects Service area as "Multiple services" during the journey execution starts===================
[INFO ] 2022-11-23 09:59:56.235 [main] BrowserFactory - Opening CHROMEbrowser
[INFO ] 2022-11-23 10:00:03.550 [main] TestContext - Successfully lunched the chrome browser
[INFO ] 2022-11-23 10:00:03.551 [main] TestContext - base.url:https://webuat.crowncommercial.gov.uk/
[INFO ] 2022-11-23 10:00:12.322 [main] BrowserFactory - https://webuat.crowncommercial.gov.uk/ is launched
[INFO ] 2022-11-23 10:00:21.331 [main] HomePage - Clicked on Start now button
[INFO ] 2022-11-23 10:00:24.853 [main] HomePage - Clicked on Start now button
[INFO ] 2022-11-23 10:00:26.942 [main] HomePage - Buyer clicked on Legal radio button
[INFO ] 2022-11-23 10:00:29.750 [main] HomePage - Clicked on Continue button
[INFO ] 2022-11-23 10:00:31.797 [main] HomePage - Buyer clicked on Blue light radio button
[INFO ] 2022-11-23 10:00:34.300 [main] HomePage - Clicked on Continue button
[INFO ] 2022-11-23 10:00:36.372 [main] HomePage - Buyer clicked on Multiple services radio button
[INFO ] 2022-11-23 10:00:38.856 [main] HomePage - Clicked on Continue button
[INFO ] 2022-11-23 10:00:41.908 [main] HomePage - Buyer clicked on Scotland checkbox  button
[INFO ] 2022-11-23 10:00:45.168 [main] HomePage - Clicked on Continue button
[INFO ] 2022-11-23 10:00:45.210 [main] GMResultPage - The details related to CTA is already expanded
[INFO ] 2022-11-23 10:00:47.475 [main] TestContext - =================To verify Buyer has provided with different recommendations "wpslot1_wpslot2b", lots "<lots>", service details "<details>" on GM results page after initiating GM journey for framework "legal" and after answering different set of question as sector looking for "Blue light", selects Service area as "Multiple services" during the journey execution ends===================
[INFO ] 2022-11-23 10:00:47.684 [main] TestContext - =================To verify Buyer has provided with different recommendations "wpslot1_wpslot2c", lots "<lots>", service details "<details>" on GM results page after initiating GM journey for framework "legal" and after answering different set of question as sector looking for "Health", selects Service area as "Anything else" during the journey execution starts===================
[INFO ] 2022-11-23 10:00:47.686 [main] BrowserFactory - Opening CHROMEbrowser
[INFO ] 2022-11-23 10:00:55.093 [main] TestContext - Successfully lunched the chrome browser
[INFO ] 2022-11-23 10:00:55.095 [main] TestContext - base.url:https://webuat.crowncommercial.gov.uk/
[INFO ] 2022-11-23 10:01:04.570 [main] BrowserFactory - https://webuat.crowncommercial.gov.uk/ is launched
[INFO ] 2022-11-23 10:01:13.247 [main] HomePage - Clicked on Start now button
[INFO ] 2022-11-23 10:01:16.582 [main] HomePage - Clicked on Start now button
[INFO ] 2022-11-23 10:01:18.698 [main] HomePage - Buyer clicked on Legal radio button
[INFO ] 2022-11-23 10:01:21.625 [main] HomePage - Clicked on Continue button
[INFO ] 2022-11-23 10:01:23.672 [main] HomePage - Buyer clicked on Health radio button
[INFO ] 2022-11-23 10:01:26.195 [main] HomePage - Clicked on Continue button
[INFO ] 2022-11-23 10:01:28.260 [main] HomePage - Buyer clicked on Anything else radio button
[INFO ] 2022-11-23 10:01:30.681 [main] HomePage - Clicked on Continue button
[INFO ] 2022-11-23 10:01:33.723 [main] HomePage - Buyer clicked on Northern Ireland checkbox  button
[INFO ] 2022-11-23 10:01:37.163 [main] HomePage - Clicked on Continue button
[INFO ] 2022-11-23 10:01:37.205 [main] GMResultPage - The details related to CTA is already expanded
[INFO ] 2022-11-23 10:01:39.538 [main] TestContext - =================To verify Buyer has provided with different recommendations "wpslot1_wpslot2c", lots "<lots>", service details "<details>" on GM results page after initiating GM journey for framework "legal" and after answering different set of question as sector looking for "Health", selects Service area as "Anything else" during the journey execution ends===================
[INFO ] 2022-11-23 10:01:39.684 [main] TestContext - =================To verify Buyer has provided with different recommendations "wpslot1_wpslot2c", lots "<lots>", service details "<details>" on GM results page after initiating GM journey for framework "legal" and after answering different set of question as sector looking for "Charities", selects Service area as "Multiple services" during the journey execution starts===================
[INFO ] 2022-11-23 10:01:39.685 [main] BrowserFactory - Opening CHROMEbrowser
[INFO ] 2022-11-23 10:01:47.636 [main] TestContext - Successfully lunched the chrome browser
[INFO ] 2022-11-23 10:01:47.637 [main] TestContext - base.url:https://webuat.crowncommercial.gov.uk/
[INFO ] 2022-11-23 10:01:54.869 [main] BrowserFactory - https://webuat.crowncommercial.gov.uk/ is launched
[INFO ] 2022-11-23 10:02:03.628 [main] HomePage - Clicked on Start now button
[INFO ] 2022-11-23 10:02:06.920 [main] HomePage - Clicked on Start now button
[INFO ] 2022-11-23 10:02:09.015 [main] HomePage - Buyer clicked on Legal radio button
[INFO ] 2022-11-23 10:02:11.936 [main] HomePage - Clicked on Continue button
[INFO ] 2022-11-23 10:02:13.979 [main] HomePage - Buyer clicked on Charities radio button
[INFO ] 2022-11-23 10:02:16.458 [main] HomePage - Clicked on Continue button
[INFO ] 2022-11-23 10:02:18.498 [main] HomePage - Buyer clicked on Multiple services radio button
[INFO ] 2022-11-23 10:02:20.871 [main] HomePage - Clicked on Continue button
[INFO ] 2022-11-23 10:02:23.939 [main] HomePage - Buyer clicked on Northern Ireland checkbox  button
[INFO ] 2022-11-23 10:02:27.769 [main] HomePage - Clicked on Continue button
[INFO ] 2022-11-23 10:02:27.823 [main] GMResultPage - The details related to CTA is already expanded
[INFO ] 2022-11-23 10:02:30.181 [main] TestContext - =================To verify Buyer has provided with different recommendations "wpslot1_wpslot2c", lots "<lots>", service details "<details>" on GM results page after initiating GM journey for framework "legal" and after answering different set of question as sector looking for "Charities", selects Service area as "Multiple services" during the journey execution ends===================
[INFO ] 2022-11-23 10:02:30.327 [main] TestContext - =================To verify Buyer has provided with different recommendations "wpslot1", lots "<lots>", service details "<details>" on GM results page after initiating GM journey for framework "legal" and after answering different set of question as sector looking for "Charities", selects Service area as "Multiple services" during the journey execution starts===================
[INFO ] 2022-11-23 10:02:30.329 [main] BrowserFactory - Opening CHROMEbrowser
[INFO ] 2022-11-23 10:02:39.222 [main] TestContext - Successfully lunched the chrome browser
[INFO ] 2022-11-23 10:02:39.224 [main] TestContext - base.url:https://webuat.crowncommercial.gov.uk/
[INFO ] 2022-11-23 10:02:46.340 [main] BrowserFactory - https://webuat.crowncommercial.gov.uk/ is launched
[INFO ] 2022-11-23 10:02:55.133 [main] HomePage - Clicked on Start now button
[INFO ] 2022-11-23 10:02:58.382 [main] HomePage - Clicked on Start now button
[INFO ] 2022-11-23 10:03:00.476 [main] HomePage - Buyer clicked on Legal radio button
[INFO ] 2022-11-23 10:03:03.403 [main] HomePage - Clicked on Continue button
[INFO ] 2022-11-23 10:03:05.442 [main] HomePage - Buyer clicked on Charities radio button
[INFO ] 2022-11-23 10:03:07.946 [main] HomePage - Clicked on Continue button
[INFO ] 2022-11-23 10:03:09.986 [main] HomePage - Buyer clicked on Multiple services radio button
[INFO ] 2022-11-23 10:03:12.371 [main] HomePage - Clicked on Continue button
[INFO ] 2022-11-23 10:03:15.447 [main] HomePage - Buyer clicked on England or Wales checkbox  button
[INFO ] 2022-11-23 10:03:18.493 [main] HomePage - Buyer clicked on Northern Ireland checkbox  button
[INFO ] 2022-11-23 10:03:21.521 [main] HomePage - Buyer clicked on Scotland checkbox  button
[INFO ] 2022-11-23 10:03:24.692 [main] HomePage - Clicked on Continue button
[INFO ] 2022-11-23 10:03:24.737 [main] GMResultPage - The details related to CTA is already expanded
[INFO ] 2022-11-23 10:03:26.989 [main] TestContext - =================To verify Buyer has provided with different recommendations "wpslot1", lots "<lots>", service details "<details>" on GM results page after initiating GM journey for framework "legal" and after answering different set of question as sector looking for "Charities", selects Service area as "Multiple services" during the journey execution ends===================
[INFO ] 2022-11-23 10:09:07.117 [main] TestContext - =================To verify Buyer has provided with different recommendations "RM3788lot1RM6179", lots "<lots>", service details "<details>" on GM results page after initiating GM journey for framework "legal" and after answering different set of question as sector looking for "Central Government", selects Service area as "Employment litigation" during the journey execution starts===================
[INFO ] 2022-11-23 10:09:07.123 [main] BrowserFactory - Opening CHROMEbrowser
[INFO ] 2022-11-23 10:09:16.963 [main] TestContext - Successfully lunched the chrome browser
[INFO ] 2022-11-23 10:09:16.968 [main] TestContext - base.url:https://webuat.crowncommercial.gov.uk/
[INFO ] 2022-11-23 10:09:27.145 [main] BrowserFactory - https://webuat.crowncommercial.gov.uk/ is launched
[INFO ] 2022-11-23 10:09:36.184 [main] HomePage - Clicked on Start now button
[INFO ] 2022-11-23 10:09:39.512 [main] HomePage - Clicked on Start now button
[INFO ] 2022-11-23 10:09:41.601 [main] HomePage - Buyer clicked on Legal radio button
[INFO ] 2022-11-23 10:09:44.569 [main] HomePage - Clicked on Continue button
[INFO ] 2022-11-23 10:09:46.618 [main] HomePage - Buyer clicked on Central Government radio button
[INFO ] 2022-11-23 10:09:49.139 [main] HomePage - Clicked on Continue button
[INFO ] 2022-11-23 10:09:51.171 [main] HomePage - Buyer clicked on Employment litigation radio button
[INFO ] 2022-11-23 10:09:53.533 [main] HomePage - Clicked on Continue button
[INFO ] 2022-11-23 10:09:55.590 [main] HomePage - Buyer clicked on No radio button
[INFO ] 2022-11-23 10:09:59.951 [main] HomePage - Clicked on Continue button
[INFO ] 2022-11-23 10:10:02.109 [main] GMResultPage - The details related to CTA is already expanded
[INFO ] 2022-11-23 10:10:11.358 [main] TestContext - =================To verify Buyer has provided with different recommendations "RM3788lot1RM6179", lots "<lots>", service details "<details>" on GM results page after initiating GM journey for framework "legal" and after answering different set of question as sector looking for "Central Government", selects Service area as "Employment litigation" during the journey execution ends===================
[INFO ] 2022-11-23 10:11:16.541 [main] TestContext - =================To verify Buyer has provided with different recommendations "RM6179RM3788lot", lots "<lots>", service details "<details>" on GM results page after initiating GM journey for framework "legal" and after answering different set of question as sector looking for "Central Government", selects Service area as "Employment litigation" during the journey execution starts===================
[INFO ] 2022-11-23 10:11:16.546 [main] BrowserFactory - Opening CHROMEbrowser
[INFO ] 2022-11-23 10:11:25.152 [main] TestContext - Successfully lunched the chrome browser
[INFO ] 2022-11-23 10:11:25.158 [main] TestContext - base.url:https://webuat.crowncommercial.gov.uk/
[INFO ] 2022-11-23 10:11:36.435 [main] BrowserFactory - https://webuat.crowncommercial.gov.uk/ is launched
[INFO ] 2022-11-23 10:11:45.254 [main] HomePage - Clicked on Start now button
[INFO ] 2022-11-23 10:11:48.509 [main] HomePage - Clicked on Start now button
[INFO ] 2022-11-23 10:11:50.630 [main] HomePage - Buyer clicked on Legal radio button
[INFO ] 2022-11-23 10:11:53.553 [main] HomePage - Clicked on Continue button
[INFO ] 2022-11-23 10:11:55.594 [main] HomePage - Buyer clicked on Central Government radio button
[INFO ] 2022-11-23 10:11:58.131 [main] HomePage - Clicked on Continue button
[INFO ] 2022-11-23 10:12:00.203 [main] HomePage - Buyer clicked on Employment litigation radio button
[INFO ] 2022-11-23 10:12:02.662 [main] HomePage - Clicked on Continue button
[INFO ] 2022-11-23 10:12:04.712 [main] HomePage - Buyer clicked on No radio button
[INFO ] 2022-11-23 10:12:08.456 [main] HomePage - Clicked on Continue button
[INFO ] 2022-11-23 10:12:10.609 [main] GMResultPage - The details related to CTA is already expanded
[INFO ] 2022-11-23 10:12:19.583 [main] TestContext - =================To verify Buyer has provided with different recommendations "RM6179RM3788lot", lots "<lots>", service details "<details>" on GM results page after initiating GM journey for framework "legal" and after answering different set of question as sector looking for "Central Government", selects Service area as "Employment litigation" during the journey execution ends===================
[INFO ] 2022-11-23 10:13:05.525 [main] TestContext - =================To verify Buyer has provided with different recommendations "RM6179RM3788lot1", lots "<lots>", service details "<details>" on GM results page after initiating GM journey for framework "legal" and after answering different set of question as sector looking for "Central Government", selects Service area as "Employment litigation" during the journey execution starts===================
[INFO ] 2022-11-23 10:13:05.530 [main] BrowserFactory - Opening CHROMEbrowser
[INFO ] 2022-11-23 10:13:14.238 [main] TestContext - Successfully lunched the chrome browser
[INFO ] 2022-11-23 10:13:14.241 [main] TestContext - base.url:https://webuat.crowncommercial.gov.uk/
[INFO ] 2022-11-23 10:13:23.641 [main] BrowserFactory - https://webuat.crowncommercial.gov.uk/ is launched
[INFO ] 2022-11-23 10:13:32.462 [main] HomePage - Clicked on Start now button
[INFO ] 2022-11-23 10:13:35.722 [main] HomePage - Clicked on Start now button
[INFO ] 2022-11-23 10:13:37.806 [main] HomePage - Buyer clicked on Legal radio button
[INFO ] 2022-11-23 10:13:40.758 [main] HomePage - Clicked on Continue button
[INFO ] 2022-11-23 10:13:42.804 [main] HomePage - Buyer clicked on Central Government radio button
[INFO ] 2022-11-23 10:13:45.301 [main] HomePage - Clicked on Continue button
[INFO ] 2022-11-23 10:13:47.345 [main] HomePage - Buyer clicked on Employment litigation radio button
[INFO ] 2022-11-23 10:13:49.752 [main] HomePage - Clicked on Continue button
[INFO ] 2022-11-23 10:13:51.826 [main] HomePage - Buyer clicked on No radio button
[INFO ] 2022-11-23 10:13:55.807 [main] HomePage - Clicked on Continue button
[INFO ] 2022-11-23 10:13:55.864 [main] GMResultPage - The details related to CTA is already expanded
[INFO ] 2022-11-23 10:14:06.915 [main] TestContext - =================To verify Buyer has provided with different recommendations "RM6179RM3788lot1", lots "<lots>", service details "<details>" on GM results page after initiating GM journey for framework "legal" and after answering different set of question as sector looking for "Central Government", selects Service area as "Employment litigation" during the journey execution ends===================
[INFO ] 2022-11-23 10:16:18.272 [main] TestContext - =================To verify Buyer has provided with different recommendations "RM3788lot1RM6179", lots "<lots>", service details "<details>" on GM results page after initiating GM journey for framework "legal" and after answering different set of question as sector looking for "Central Government", selects Service area as "Employment litigation" during the journey execution starts===================
[INFO ] 2022-11-23 10:16:18.278 [main] BrowserFactory - Opening CHROMEbrowser
[INFO ] 2022-11-23 10:16:25.960 [main] TestContext - Successfully lunched the chrome browser
[INFO ] 2022-11-23 10:16:25.962 [main] TestContext - base.url:https://webuat.crowncommercial.gov.uk/
[INFO ] 2022-11-23 10:16:35.854 [main] BrowserFactory - https://webuat.crowncommercial.gov.uk/ is launched
[INFO ] 2022-11-23 10:16:44.764 [main] HomePage - Clicked on Start now button
[INFO ] 2022-11-23 10:16:47.936 [main] HomePage - Clicked on Start now button
[INFO ] 2022-11-23 10:16:50.035 [main] HomePage - Buyer clicked on Legal radio button
[INFO ] 2022-11-23 10:16:52.955 [main] HomePage - Clicked on Continue button
[INFO ] 2022-11-23 10:16:54.998 [main] HomePage - Buyer clicked on Central Government radio button
[INFO ] 2022-11-23 10:16:57.525 [main] HomePage - Clicked on Continue button
[INFO ] 2022-11-23 10:16:59.567 [main] HomePage - Buyer clicked on Employment litigation radio button
[INFO ] 2022-11-23 10:17:01.950 [main] HomePage - Clicked on Continue button
[INFO ] 2022-11-23 10:17:04.026 [main] HomePage - Buyer clicked on No radio button
[INFO ] 2022-11-23 10:17:08.031 [main] HomePage - Clicked on Continue button
[INFO ] 2022-11-23 10:17:10.170 [main] GMResultPage - The details related to CTA is already expanded
[INFO ] 2022-11-23 10:17:19.903 [main] TestContext - =================To verify Buyer has provided with different recommendations "RM3788lot1RM6179", lots "<lots>", service details "<details>" on GM results page after initiating GM journey for framework "legal" and after answering different set of question as sector looking for "Central Government", selects Service area as "Employment litigation" during the journey execution ends===================
[INFO ] 2022-11-23 10:18:32.814 [main] TestContext - =================To verify Buyer has provided with different recommendations "RM6179RM3788lot1", lots "<lots>", service details "<details>" on GM results page after initiating GM journey for framework "legal" and after answering different set of question as sector looking for "Central Government", selects Service area as "Employment litigation" during the journey execution starts===================
[INFO ] 2022-11-23 10:18:32.819 [main] BrowserFactory - Opening CHROMEbrowser
[INFO ] 2022-11-23 10:18:41.646 [main] TestContext - Successfully lunched the chrome browser
[INFO ] 2022-11-23 10:18:41.649 [main] TestContext - base.url:https://webuat.crowncommercial.gov.uk/
[INFO ] 2022-11-23 10:18:50.321 [main] BrowserFactory - https://webuat.crowncommercial.gov.uk/ is launched
[INFO ] 2022-11-23 10:18:59.121 [main] HomePage - Clicked on Start now button
[INFO ] 2022-11-23 10:19:02.379 [main] HomePage - Clicked on Start now button
[INFO ] 2022-11-23 10:19:04.490 [main] HomePage - Buyer clicked on Legal radio button
[INFO ] 2022-11-23 10:19:07.383 [main] HomePage - Clicked on Continue button
[INFO ] 2022-11-23 10:19:09.427 [main] HomePage - Buyer clicked on Central Government radio button
[INFO ] 2022-11-23 10:19:11.970 [main] HomePage - Clicked on Continue button
[INFO ] 2022-11-23 10:19:14.009 [main] HomePage - Buyer clicked on Employment litigation radio button
[INFO ] 2022-11-23 10:19:16.415 [main] HomePage - Clicked on Continue button
[INFO ] 2022-11-23 10:19:18.491 [main] HomePage - Buyer clicked on No radio button
[INFO ] 2022-11-23 10:19:22.728 [main] HomePage - Clicked on Continue button
[INFO ] 2022-11-23 10:19:24.866 [main] GMResultPage - The details related to CTA is already expanded
[INFO ] 2022-11-23 10:19:34.023 [main] TestContext - =================To verify Buyer has provided with different recommendations "RM6179RM3788lot1", lots "<lots>", service details "<details>" on GM results page after initiating GM journey for framework "legal" and after answering different set of question as sector looking for "Central Government", selects Service area as "Employment litigation" during the journey execution ends===================
[INFO ] 2022-11-23 10:20:08.268 [main] TestContext - =================To verify Buyer has provided with different recommendations "RM6179RM3788lot1", lots "<lots>", service details "<details>" on GM results page after initiating GM journey for framework "legal" and after answering different set of question as sector looking for "Central Government", selects Service area as "Employment litigation" during the journey execution starts===================
[INFO ] 2022-11-23 10:20:08.272 [main] BrowserFactory - Opening CHROMEbrowser
[INFO ] 2022-11-23 10:20:16.226 [main] TestContext - Successfully lunched the chrome browser
[INFO ] 2022-11-23 10:20:16.235 [main] TestContext - base.url:https://webuat.crowncommercial.gov.uk/
[INFO ] 2022-11-23 10:20:26.824 [main] BrowserFactory - https://webuat.crowncommercial.gov.uk/ is launched
[INFO ] 2022-11-23 10:20:35.778 [main] HomePage - Clicked on Start now button
[INFO ] 2022-11-23 10:20:38.985 [main] HomePage - Clicked on Start now button
[INFO ] 2022-11-23 10:20:41.082 [main] HomePage - Buyer clicked on Legal radio button
[INFO ] 2022-11-23 10:20:43.965 [main] HomePage - Clicked on Continue button
[INFO ] 2022-11-23 10:20:46.030 [main] HomePage - Buyer clicked on Central Government radio button
[INFO ] 2022-11-23 10:20:48.524 [main] HomePage - Clicked on Continue button
[INFO ] 2022-11-23 10:20:50.567 [main] HomePage - Buyer clicked on Employment litigation radio button
[INFO ] 2022-11-23 10:20:53.848 [main] HomePage - Clicked on Continue button
[INFO ] 2022-11-23 10:20:55.910 [main] HomePage - Buyer clicked on No radio button
[INFO ] 2022-11-23 10:20:59.869 [main] HomePage - Clicked on Continue button
[INFO ] 2022-11-23 10:21:01.998 [main] GMResultPage - The details related to CTA is already expanded
[INFO ] 2022-11-23 10:21:04.468 [main] TestContext - =================To verify Buyer has provided with different recommendations "RM6179RM3788lot1", lots "<lots>", service details "<details>" on GM results page after initiating GM journey for framework "legal" and after answering different set of question as sector looking for "Central Government", selects Service area as "Employment litigation" during the journey execution ends===================
[INFO ] 2022-11-23 10:21:33.401 [main] TestContext - =================To verify Buyer has provided with different recommendations "RM6179RM3788lot1", lots "<lots>", service details "<details>" on GM results page after initiating GM journey for framework "legal" and after answering different set of question as sector looking for "Ministry of Defence or defence infrastructure organisation", selects Service area as "Employment litigation" during the journey execution starts===================
[INFO ] 2022-11-23 10:21:33.405 [main] BrowserFactory - Opening CHROMEbrowser
[INFO ] 2022-11-23 10:21:43.137 [main] TestContext - Successfully lunched the chrome browser
[INFO ] 2022-11-23 10:21:43.141 [main] TestContext - base.url:https://webuat.crowncommercial.gov.uk/
[INFO ] 2022-11-23 10:21:50.568 [main] BrowserFactory - https://webuat.crowncommercial.gov.uk/ is launched
[INFO ] 2022-11-23 10:21:59.436 [main] HomePage - Clicked on Start now button
[INFO ] 2022-11-23 10:22:02.605 [main] HomePage - Clicked on Start now button
[INFO ] 2022-11-23 10:22:04.695 [main] HomePage - Buyer clicked on Legal radio button
[INFO ] 2022-11-23 10:22:07.581 [main] HomePage - Clicked on Continue button
[INFO ] 2022-11-23 10:22:09.624 [main] HomePage - Buyer clicked on Ministry of Defence or defence infrastructure organisation radio button
[INFO ] 2022-11-23 10:22:12.132 [main] HomePage - Clicked on Continue button
[INFO ] 2022-11-23 10:22:14.175 [main] HomePage - Buyer clicked on Employment litigation radio button
[INFO ] 2022-11-23 10:22:16.606 [main] HomePage - Clicked on Continue button
[INFO ] 2022-11-23 10:22:18.900 [main] HomePage - Buyer clicked on Yes radio button
[INFO ] 2022-11-23 10:22:23.934 [main] HomePage - Clicked on Continue button
[INFO ] 2022-11-23 10:22:26.066 [main] GMResultPage - The details related to CTA is already expanded
[INFO ] 2022-11-23 10:22:28.558 [main] TestContext - =================To verify Buyer has provided with different recommendations "RM6179RM3788lot1", lots "<lots>", service details "<details>" on GM results page after initiating GM journey for framework "legal" and after answering different set of question as sector looking for "Ministry of Defence or defence infrastructure organisation", selects Service area as "Employment litigation" during the journey execution ends===================
[INFO ] 2022-11-23 10:23:31.106 [main] TestContext - =================To verify Buyer has provided with different recommendations "<recommServices>", service details "railLegalDetails" on GM results page after initiating GM journey for framework "legal" and after answering different set of question as sector looking for "Central Government", selects Service area as "Rail" during the journey execution starts===================
[INFO ] 2022-11-23 10:23:31.112 [main] BrowserFactory - Opening CHROMEbrowser
[INFO ] 2022-11-23 10:23:42.026 [main] TestContext - Successfully lunched the chrome browser
[INFO ] 2022-11-23 10:23:42.030 [main] TestContext - base.url:https://webuat.crowncommercial.gov.uk/
[INFO ] 2022-11-23 10:23:50.106 [main] BrowserFactory - https://webuat.crowncommercial.gov.uk/ is launched
[INFO ] 2022-11-23 10:23:59.145 [main] HomePage - Clicked on Start now button
[INFO ] 2022-11-23 10:24:02.821 [main] HomePage - Clicked on Start now button
[INFO ] 2022-11-23 10:24:04.920 [main] HomePage - Buyer clicked on Legal radio button
[INFO ] 2022-11-23 10:24:07.750 [main] HomePage - Clicked on Continue button
[INFO ] 2022-11-23 10:24:09.793 [main] HomePage - Buyer clicked on Central Government radio button
[INFO ] 2022-11-23 10:24:12.308 [main] HomePage - Clicked on Continue button
[INFO ] 2022-11-23 10:24:14.353 [main] HomePage - Buyer clicked on Rail radio button
[INFO ] 2022-11-23 10:24:17.534 [main] HomePage - Clicked on Continue button
[INFO ] 2022-11-23 10:24:21.412 [main] TestContext - =================To verify Buyer has provided with different recommendations "<recommServices>", service details "railLegalDetails" on GM results page after initiating GM journey for framework "legal" and after answering different set of question as sector looking for "Central Government", selects Service area as "Rail" during the journey execution ends===================
[INFO ] 2022-11-23 10:24:21.674 [main] TestContext - =================To verify Buyer has provided with different recommendations "RM6179RM3788lot1", lots "<lots>", service details "<details>" on GM results page after initiating GM journey for framework "legal" and after answering different set of question as sector looking for "Central Government", selects Service area as "Employment litigation" during the journey execution starts===================
[INFO ] 2022-11-23 10:24:21.676 [main] BrowserFactory - Opening CHROMEbrowser
[INFO ] 2022-11-23 10:24:28.942 [main] TestContext - Successfully lunched the chrome browser
[INFO ] 2022-11-23 10:24:28.944 [main] TestContext - base.url:https://webuat.crowncommercial.gov.uk/
[INFO ] 2022-11-23 10:24:37.711 [main] BrowserFactory - https://webuat.crowncommercial.gov.uk/ is launched
[INFO ] 2022-11-23 10:24:46.452 [main] HomePage - Clicked on Start now button
[INFO ] 2022-11-23 10:24:49.720 [main] HomePage - Clicked on Start now button
[INFO ] 2022-11-23 10:24:51.803 [main] HomePage - Buyer clicked on Legal radio button
[INFO ] 2022-11-23 10:24:54.569 [main] HomePage - Clicked on Continue button
[INFO ] 2022-11-23 10:24:56.624 [main] HomePage - Buyer clicked on Central Government radio button
[INFO ] 2022-11-23 10:24:59.106 [main] HomePage - Clicked on Continue button
[INFO ] 2022-11-23 10:25:01.148 [main] HomePage - Buyer clicked on Employment litigation radio button
[INFO ] 2022-11-23 10:25:03.559 [main] HomePage - Clicked on Continue button
[INFO ] 2022-11-23 10:25:05.632 [main] HomePage - Buyer clicked on No radio button
[INFO ] 2022-11-23 10:25:09.706 [main] HomePage - Clicked on Continue button
[INFO ] 2022-11-23 10:25:11.837 [main] GMResultPage - The details related to CTA is already expanded
[INFO ] 2022-11-23 10:25:14.314 [main] TestContext - =================To verify Buyer has provided with different recommendations "RM6179RM3788lot1", lots "<lots>", service details "<details>" on GM results page after initiating GM journey for framework "legal" and after answering different set of question as sector looking for "Central Government", selects Service area as "Employment litigation" during the journey execution ends===================
[INFO ] 2022-11-23 10:25:14.500 [main] TestContext - =================To verify Buyer has provided with different service details "GLAS" on GM results page after initiating GM journey for framework "legal" and after answering different set of question as sector looking for "Central Government", selects Service area as "Employment litigation" during the journey execution starts===================
[INFO ] 2022-11-23 10:25:14.502 [main] BrowserFactory - Opening CHROMEbrowser
[INFO ] 2022-11-23 10:25:21.558 [main] TestContext - Successfully lunched the chrome browser
[INFO ] 2022-11-23 10:25:21.560 [main] TestContext - base.url:https://webuat.crowncommercial.gov.uk/
[INFO ] 2022-11-23 10:25:31.384 [main] BrowserFactory - https://webuat.crowncommercial.gov.uk/ is launched
[INFO ] 2022-11-23 10:25:40.319 [main] HomePage - Clicked on Start now button
[INFO ] 2022-11-23 10:25:43.488 [main] HomePage - Clicked on Start now button
[INFO ] 2022-11-23 10:25:45.578 [main] HomePage - Buyer clicked on Legal radio button
[INFO ] 2022-11-23 10:25:48.456 [main] HomePage - Clicked on Continue button
[INFO ] 2022-11-23 10:25:50.514 [main] HomePage - Buyer clicked on Central Government radio button
[INFO ] 2022-11-23 10:25:53.004 [main] HomePage - Clicked on Continue button
[INFO ] 2022-11-23 10:25:55.045 [main] HomePage - Buyer clicked on Employment litigation radio button
[INFO ] 2022-11-23 10:25:58.230 [main] HomePage - Clicked on Continue button
[INFO ] 2022-11-23 10:26:00.524 [main] HomePage - Buyer clicked on Yes radio button
[INFO ] 2022-11-23 10:26:04.822 [main] HomePage - Clicked on Continue button
[INFO ] 2022-11-23 10:26:09.308 [main] TestContext - =================To verify Buyer has provided with different service details "GLAS" on GM results page after initiating GM journey for framework "legal" and after answering different set of question as sector looking for "Central Government", selects Service area as "Employment litigation" during the journey execution ends===================
[INFO ] 2022-11-23 10:26:09.529 [main] TestContext - =================To verify Buyer has provided with different recommendations "RM6179RM3788lot1", lots "<lots>", service details "<details>" on GM results page after initiating GM journey for framework "legal" and after answering different set of question as sector looking for "Ministry of Defence or defence infrastructure organisation", selects Service area as "Employment litigation" during the journey execution starts===================
[INFO ] 2022-11-23 10:26:09.530 [main] BrowserFactory - Opening CHROMEbrowser
[INFO ] 2022-11-23 10:26:16.660 [main] TestContext - Successfully lunched the chrome browser
[INFO ] 2022-11-23 10:26:16.661 [main] TestContext - base.url:https://webuat.crowncommercial.gov.uk/
[INFO ] 2022-11-23 10:26:25.136 [main] BrowserFactory - https://webuat.crowncommercial.gov.uk/ is launched
[INFO ] 2022-11-23 10:26:33.978 [main] HomePage - Clicked on Start now button
[INFO ] 2022-11-23 10:26:37.196 [main] HomePage - Clicked on Start now button
[INFO ] 2022-11-23 10:26:39.283 [main] HomePage - Buyer clicked on Legal radio button
[INFO ] 2022-11-23 10:26:42.162 [main] HomePage - Clicked on Continue button
[INFO ] 2022-11-23 10:26:44.202 [main] HomePage - Buyer clicked on Ministry of Defence or defence infrastructure organisation radio button
[INFO ] 2022-11-23 10:26:46.737 [main] HomePage - Clicked on Continue button
[INFO ] 2022-11-23 10:26:48.778 [main] HomePage - Buyer clicked on Employment litigation radio button
[INFO ] 2022-11-23 10:26:51.191 [main] HomePage - Clicked on Continue button
[INFO ] 2022-11-23 10:26:53.486 [main] HomePage - Buyer clicked on Yes radio button
[INFO ] 2022-11-23 10:26:58.857 [main] HomePage - Clicked on Continue button
[INFO ] 2022-11-23 10:27:00.990 [main] GMResultPage - The details related to CTA is already expanded
[INFO ] 2022-11-23 10:27:03.331 [main] TestContext - =================To verify Buyer has provided with different recommendations "RM6179RM3788lot1", lots "<lots>", service details "<details>" on GM results page after initiating GM journey for framework "legal" and after answering different set of question as sector looking for "Ministry of Defence or defence infrastructure organisation", selects Service area as "Employment litigation" during the journey execution ends===================
[INFO ] 2022-11-23 10:27:03.496 [main] TestContext - =================To verify Buyer has provided with different service details "eDisclosureandeDiscoveryServicesDetails" on GM results page after initiating GM journey for framework "legal" and after answering different set of question as sector looking for "Local Government", selects Service area as "eDisclosure and eDiscovery" during the journey execution starts===================
[INFO ] 2022-11-23 10:27:03.497 [main] BrowserFactory - Opening CHROMEbrowser
[INFO ] 2022-11-23 10:27:10.619 [main] TestContext - Successfully lunched the chrome browser
[INFO ] 2022-11-23 10:27:10.621 [main] TestContext - base.url:https://webuat.crowncommercial.gov.uk/
[INFO ] 2022-11-23 10:27:19.953 [main] BrowserFactory - https://webuat.crowncommercial.gov.uk/ is launched
[INFO ] 2022-11-23 10:27:28.777 [main] HomePage - Clicked on Start now button
[INFO ] 2022-11-23 10:27:31.951 [main] HomePage - Clicked on Start now button
[INFO ] 2022-11-23 10:27:34.001 [main] HomePage - Buyer clicked on Legal radio button
[INFO ] 2022-11-23 10:27:36.886 [main] HomePage - Clicked on Continue button
[INFO ] 2022-11-23 10:27:38.928 [main] HomePage - Buyer clicked on Local Government radio button
[INFO ] 2022-11-23 10:27:41.463 [main] HomePage - Clicked on Continue button
[INFO ] 2022-11-23 10:27:43.500 [main] HomePage - Buyer clicked on eDisclosure and eDiscovery radio button
[INFO ] 2022-11-23 10:27:46.616 [main] HomePage - Clicked on Continue button
[INFO ] 2022-11-23 10:27:50.411 [main] TestContext - =================To verify Buyer has provided with different service details "eDisclosureandeDiscoveryServicesDetails" on GM results page after initiating GM journey for framework "legal" and after answering different set of question as sector looking for "Local Government", selects Service area as "eDisclosure and eDiscovery" during the journey execution ends===================
[INFO ] 2022-11-23 10:27:50.600 [main] TestContext - =================To verify Buyer has provided with different recommendations "wpslot1_wpslot2a", lots "<lots>", service details "<details>" on GM results page after initiating GM journey for framework "legal" and after answering different set of question as sector looking for "Local Government", selects Service area as "Anything else" during the journey execution starts===================
[INFO ] 2022-11-23 10:27:50.601 [main] BrowserFactory - Opening CHROMEbrowser
[INFO ] 2022-11-23 10:27:58.896 [main] TestContext - Successfully lunched the chrome browser
[INFO ] 2022-11-23 10:27:58.898 [main] TestContext - base.url:https://webuat.crowncommercial.gov.uk/
[INFO ] 2022-11-23 10:28:05.815 [main] BrowserFactory - https://webuat.crowncommercial.gov.uk/ is launched
[INFO ] 2022-11-23 10:28:14.628 [main] HomePage - Clicked on Start now button
[INFO ] 2022-11-23 10:28:17.882 [main] HomePage - Clicked on Start now button
[INFO ] 2022-11-23 10:28:19.975 [main] HomePage - Buyer clicked on Legal radio button
[INFO ] 2022-11-23 10:28:22.917 [main] HomePage - Clicked on Continue button
[INFO ] 2022-11-23 10:28:24.960 [main] HomePage - Buyer clicked on Local Government radio button
[INFO ] 2022-11-23 10:28:27.443 [main] HomePage - Clicked on Continue button
[INFO ] 2022-11-23 10:28:29.505 [main] HomePage - Buyer clicked on Anything else radio button
[INFO ] 2022-11-23 10:28:32.993 [main] HomePage - Clicked on Continue button
[INFO ] 2022-11-23 10:28:36.056 [main] HomePage - Buyer clicked on England or Wales checkbox  button
[INFO ] 2022-11-23 10:28:39.582 [main] HomePage - Clicked on Continue button
[INFO ] 2022-11-23 10:28:39.637 [main] GMResultPage - The details related to CTA is already expanded
[INFO ] 2022-11-23 10:28:41.891 [main] TestContext - =================To verify Buyer has provided with different recommendations "wpslot1_wpslot2a", lots "<lots>", service details "<details>" on GM results page after initiating GM journey for framework "legal" and after answering different set of question as sector looking for "Local Government", selects Service area as "Anything else" during the journey execution ends===================
[INFO ] 2022-11-23 10:28:42.030 [main] TestContext - =================To verify Buyer has provided with different recommendations "wpslot1_wpslot2a", lots "<lots>", service details "<details>" on GM results page after initiating GM journey for framework "legal" and after answering different set of question as sector looking for "Devolved", selects Service area as "Multiple services" during the journey execution starts===================
[INFO ] 2022-11-23 10:28:42.032 [main] BrowserFactory - Opening CHROMEbrowser
[INFO ] 2022-11-23 10:28:50.478 [main] TestContext - Successfully lunched the chrome browser
[INFO ] 2022-11-23 10:28:50.480 [main] TestContext - base.url:https://webuat.crowncommercial.gov.uk/
[INFO ] 2022-11-23 10:28:57.593 [main] BrowserFactory - https://webuat.crowncommercial.gov.uk/ is launched
[INFO ] 2022-11-23 10:29:06.744 [main] HomePage - Clicked on Start now button
[INFO ] 2022-11-23 10:29:09.936 [main] HomePage - Clicked on Start now button
[INFO ] 2022-11-23 10:29:12.044 [main] HomePage - Buyer clicked on Legal radio button
[INFO ] 2022-11-23 10:29:15.011 [main] HomePage - Clicked on Continue button
[INFO ] 2022-11-23 10:29:17.065 [main] HomePage - Buyer clicked on Devolved radio button
[INFO ] 2022-11-23 10:29:19.579 [main] HomePage - Clicked on Continue button
[INFO ] 2022-11-23 10:29:21.618 [main] HomePage - Buyer clicked on Multiple services radio button
[INFO ] 2022-11-23 10:29:24.890 [main] HomePage - Clicked on Continue button
[INFO ] 2022-11-23 10:29:27.931 [main] HomePage - Buyer clicked on England or Wales checkbox  button
[INFO ] 2022-11-23 10:29:31.599 [main] HomePage - Clicked on Continue button
[INFO ] 2022-11-23 10:29:31.657 [main] GMResultPage - The details related to CTA is already expanded
[INFO ] 2022-11-23 10:29:33.911 [main] TestContext - =================To verify Buyer has provided with different recommendations "wpslot1_wpslot2a", lots "<lots>", service details "<details>" on GM results page after initiating GM journey for framework "legal" and after answering different set of question as sector looking for "Devolved", selects Service area as "Multiple services" during the journey execution ends===================
[INFO ] 2022-11-23 10:29:34.095 [main] TestContext - =================To verify Buyer has provided with different recommendations "wpslot1_wpslot2b", lots "<lots>", service details "<details>" on GM results page after initiating GM journey for framework "legal" and after answering different set of question as sector looking for "Education", selects Service area as "Anything else" during the journey execution starts===================
[INFO ] 2022-11-23 10:29:34.097 [main] BrowserFactory - Opening CHROMEbrowser
[INFO ] 2022-11-23 10:29:42.508 [main] TestContext - Successfully lunched the chrome browser
[INFO ] 2022-11-23 10:29:42.510 [main] TestContext - base.url:https://webuat.crowncommercial.gov.uk/
[INFO ] 2022-11-23 10:29:50.544 [main] BrowserFactory - https://webuat.crowncommercial.gov.uk/ is launched
[INFO ] 2022-11-23 10:29:59.177 [main] HomePage - Clicked on Start now button
[INFO ] 2022-11-23 10:30:02.377 [main] HomePage - Clicked on Start now button
[INFO ] 2022-11-23 10:30:04.457 [main] HomePage - Buyer clicked on Legal radio button
[INFO ] 2022-11-23 10:30:07.355 [main] HomePage - Clicked on Continue button
[INFO ] 2022-11-23 10:30:09.397 [main] HomePage - Buyer clicked on Education radio button
[INFO ] 2022-11-23 10:30:11.896 [main] HomePage - Clicked on Continue button
[INFO ] 2022-11-23 10:30:13.925 [main] HomePage - Buyer clicked on Anything else radio button
[INFO ] 2022-11-23 10:30:16.316 [main] HomePage - Clicked on Continue button
[INFO ] 2022-11-23 10:30:19.389 [main] HomePage - Buyer clicked on Scotland checkbox  button
[INFO ] 2022-11-23 10:30:23.128 [main] HomePage - Clicked on Continue button
[INFO ] 2022-11-23 10:30:23.180 [main] GMResultPage - The details related to CTA is already expanded
[INFO ] 2022-11-23 10:30:25.425 [main] TestContext - =================To verify Buyer has provided with different recommendations "wpslot1_wpslot2b", lots "<lots>", service details "<details>" on GM results page after initiating GM journey for framework "legal" and after answering different set of question as sector looking for "Education", selects Service area as "Anything else" during the journey execution ends===================
[INFO ] 2022-11-23 10:30:25.601 [main] TestContext - =================To verify Buyer has provided with different recommendations "wpslot1_wpslot2b", lots "<lots>", service details "<details>" on GM results page after initiating GM journey for framework "legal" and after answering different set of question as sector looking for "Blue light", selects Service area as "Multiple services" during the journey execution starts===================
[INFO ] 2022-11-23 10:30:25.603 [main] BrowserFactory - Opening CHROMEbrowser
[INFO ] 2022-11-23 10:30:32.506 [main] TestContext - Successfully lunched the chrome browser
[INFO ] 2022-11-23 10:30:32.507 [main] TestContext - base.url:https://webuat.crowncommercial.gov.uk/
[INFO ] 2022-11-23 10:30:41.816 [main] BrowserFactory - https://webuat.crowncommercial.gov.uk/ is launched
[INFO ] 2022-11-23 10:30:50.619 [main] HomePage - Clicked on Start now button
[INFO ] 2022-11-23 10:30:53.837 [main] HomePage - Clicked on Start now button
[INFO ] 2022-11-23 10:30:55.922 [main] HomePage - Buyer clicked on Legal radio button
[INFO ] 2022-11-23 10:30:58.935 [main] HomePage - Clicked on Continue button
[INFO ] 2022-11-23 10:31:00.984 [main] HomePage - Buyer clicked on Blue light radio button
[INFO ] 2022-11-23 10:31:03.507 [main] HomePage - Clicked on Continue button
[INFO ] 2022-11-23 10:31:05.543 [main] HomePage - Buyer clicked on Multiple services radio button
[INFO ] 2022-11-23 10:31:07.914 [main] HomePage - Clicked on Continue button
[INFO ] 2022-11-23 10:31:10.988 [main] HomePage - Buyer clicked on Scotland checkbox  button
[INFO ] 2022-11-23 10:31:14.867 [main] HomePage - Clicked on Continue button
[INFO ] 2022-11-23 10:31:14.918 [main] GMResultPage - The details related to CTA is already expanded
[INFO ] 2022-11-23 10:31:17.152 [main] TestContext - =================To verify Buyer has provided with different recommendations "wpslot1_wpslot2b", lots "<lots>", service details "<details>" on GM results page after initiating GM journey for framework "legal" and after answering different set of question as sector looking for "Blue light", selects Service area as "Multiple services" during the journey execution ends===================
[INFO ] 2022-11-23 10:31:17.303 [main] TestContext - =================To verify Buyer has provided with different recommendations "wpslot1_wpslot2c", lots "<lots>", service details "<details>" on GM results page after initiating GM journey for framework "legal" and after answering different set of question as sector looking for "Health", selects Service area as "Anything else" during the journey execution starts===================
[INFO ] 2022-11-23 10:31:17.304 [main] BrowserFactory - Opening CHROMEbrowser
[INFO ] 2022-11-23 10:31:25.517 [main] TestContext - Successfully lunched the chrome browser
[INFO ] 2022-11-23 10:31:25.519 [main] TestContext - base.url:https://webuat.crowncommercial.gov.uk/
[INFO ] 2022-11-23 10:31:32.303 [main] BrowserFactory - https://webuat.crowncommercial.gov.uk/ is launched
[INFO ] 2022-11-23 10:31:40.960 [main] HomePage - Clicked on Start now button
[INFO ] 2022-11-23 10:31:44.137 [main] HomePage - Clicked on Start now button
[INFO ] 2022-11-23 10:31:46.217 [main] HomePage - Buyer clicked on Legal radio button
[INFO ] 2022-11-23 10:31:49.139 [main] HomePage - Clicked on Continue button
[INFO ] 2022-11-23 10:31:51.183 [main] HomePage - Buyer clicked on Health radio button
[INFO ] 2022-11-23 10:31:53.645 [main] HomePage - Clicked on Continue button
[INFO ] 2022-11-23 10:31:55.681 [main] HomePage - Buyer clicked on Anything else radio button
[INFO ] 2022-11-23 10:31:58.057 [main] HomePage - Clicked on Continue button
[INFO ] 2022-11-23 10:32:01.124 [main] HomePage - Buyer clicked on Northern Ireland checkbox  button
[INFO ] 2022-11-23 10:32:05.109 [main] HomePage - Clicked on Continue button
[INFO ] 2022-11-23 10:32:05.155 [main] GMResultPage - The details related to CTA is already expanded
[INFO ] 2022-11-23 10:32:07.476 [main] TestContext - =================To verify Buyer has provided with different recommendations "wpslot1_wpslot2c", lots "<lots>", service details "<details>" on GM results page after initiating GM journey for framework "legal" and after answering different set of question as sector looking for "Health", selects Service area as "Anything else" during the journey execution ends===================
[INFO ] 2022-11-23 10:32:07.673 [main] TestContext - =================To verify Buyer has provided with different recommendations "wpslot1_wpslot2c", lots "<lots>", service details "<details>" on GM results page after initiating GM journey for framework "legal" and after answering different set of question as sector looking for "Charities", selects Service area as "Multiple services" during the journey execution starts===================
[INFO ] 2022-11-23 10:32:07.674 [main] BrowserFactory - Opening CHROMEbrowser
[INFO ] 2022-11-23 10:32:14.822 [main] TestContext - Successfully lunched the chrome browser
[INFO ] 2022-11-23 10:32:14.824 [main] TestContext - base.url:https://webuat.crowncommercial.gov.uk/
[INFO ] 2022-11-23 10:32:23.818 [main] BrowserFactory - https://webuat.crowncommercial.gov.uk/ is launched
[INFO ] 2022-11-23 10:32:32.677 [main] HomePage - Clicked on Start now button
[INFO ] 2022-11-23 10:32:36.125 [main] HomePage - Clicked on Start now button
[INFO ] 2022-11-23 10:32:38.210 [main] HomePage - Buyer clicked on Legal radio button
[INFO ] 2022-11-23 10:32:41.048 [main] HomePage - Clicked on Continue button
[INFO ] 2022-11-23 10:32:43.090 [main] HomePage - Buyer clicked on Charities radio button
[INFO ] 2022-11-23 10:32:45.570 [main] HomePage - Clicked on Continue button
[INFO ] 2022-11-23 10:32:47.616 [main] HomePage - Buyer clicked on Multiple services radio button
[INFO ] 2022-11-23 10:32:51.546 [main] HomePage - Clicked on Continue button
[INFO ] 2022-11-23 10:32:54.596 [main] HomePage - Buyer clicked on Northern Ireland checkbox  button
[INFO ] 2022-11-23 10:32:58.066 [main] HomePage - Clicked on Continue button
[INFO ] 2022-11-23 10:32:58.115 [main] GMResultPage - The details related to CTA is already expanded
[INFO ] 2022-11-23 10:33:00.232 [main] TestContext - =================To verify Buyer has provided with different recommendations "wpslot1_wpslot2c", lots "<lots>", service details "<details>" on GM results page after initiating GM journey for framework "legal" and after answering different set of question as sector looking for "Charities", selects Service area as "Multiple services" during the journey execution ends===================
[INFO ] 2022-11-23 10:33:00.431 [main] TestContext - =================To verify Buyer has provided with different recommendations "wpslot1", lots "<lots>", service details "<details>" on GM results page after initiating GM journey for framework "legal" and after answering different set of question as sector looking for "Charities", selects Service area as "Multiple services" during the journey execution starts===================
[INFO ] 2022-11-23 10:33:00.433 [main] BrowserFactory - Opening CHROMEbrowser
[INFO ] 2022-11-23 10:33:09.130 [main] TestContext - Successfully lunched the chrome browser
[INFO ] 2022-11-23 10:33:09.131 [main] TestContext - base.url:https://webuat.crowncommercial.gov.uk/
[INFO ] 2022-11-23 10:33:16.923 [main] BrowserFactory - https://webuat.crowncommercial.gov.uk/ is launched
[INFO ] 2022-11-23 10:33:26.226 [main] HomePage - Clicked on Start now button
[INFO ] 2022-11-23 10:33:29.467 [main] HomePage - Clicked on Start now button
[INFO ] 2022-11-23 10:33:31.556 [main] HomePage - Buyer clicked on Legal radio button
[INFO ] 2022-11-23 10:33:34.439 [main] HomePage - Clicked on Continue button
[INFO ] 2022-11-23 10:33:36.498 [main] HomePage - Buyer clicked on Charities radio button
[INFO ] 2022-11-23 10:33:38.974 [main] HomePage - Clicked on Continue button
[INFO ] 2022-11-23 10:33:41.014 [main] HomePage - Buyer clicked on Multiple services radio button
[INFO ] 2022-11-23 10:33:43.382 [main] HomePage - Clicked on Continue button
[INFO ] 2022-11-23 10:33:46.455 [main] HomePage - Buyer clicked on England or Wales checkbox  button
[INFO ] 2022-11-23 10:33:49.498 [main] HomePage - Buyer clicked on Northern Ireland checkbox  button
[INFO ] 2022-11-23 10:33:52.536 [main] HomePage - Buyer clicked on Scotland checkbox  button
[INFO ] 2022-11-23 10:33:55.765 [main] HomePage - Clicked on Continue button
[INFO ] 2022-11-23 10:33:55.806 [main] GMResultPage - The details related to CTA is already expanded
[INFO ] 2022-11-23 10:33:58.127 [main] TestContext - =================To verify Buyer has provided with different recommendations "wpslot1", lots "<lots>", service details "<details>" on GM results page after initiating GM journey for framework "legal" and after answering different set of question as sector looking for "Charities", selects Service area as "Multiple services" during the journey execution ends===================
[INFO ] 2022-11-23 11:14:08.163 [main] TestContext - =================To verify Buyer has provided with different recommendations "RM6179RM3788lot1", lots "<lots>", service details "<details>" on GM results page after initiating GM journey for framework "legal" and after answering different set of question as sector looking for "Ministry of Defence or defence infrastructure organisation", selects Service area as "Employment litigation" during the journey execution starts===================
[INFO ] 2022-11-23 11:14:08.168 [main] BrowserFactory - Opening CHROMEbrowser
[INFO ] 2022-11-23 11:14:13.421 [main] TestContext - Successfully lunched the chrome browser
[INFO ] 2022-11-23 11:14:13.423 [main] TestContext - base.url:https://webuat.crowncommercial.gov.uk/
[INFO ] 2022-11-23 11:14:23.915 [main] BrowserFactory - https://webuat.crowncommercial.gov.uk/ is launched
[INFO ] 2022-11-23 11:14:35.255 [main] HomePage - Clicked on Start now button
[INFO ] 2022-11-23 11:14:37.998 [main] HomePage - Clicked on Start now button
[INFO ] 2022-11-23 11:14:40.045 [main] HomePage - Buyer clicked on Legal radio button
[INFO ] 2022-11-23 11:14:42.807 [main] HomePage - Clicked on Continue button
[INFO ] 2022-11-23 11:14:44.855 [main] HomePage - Buyer clicked on Ministry of Defence or defence infrastructure organisation radio button
[INFO ] 2022-11-23 11:14:47.496 [main] HomePage - Clicked on Continue button
[INFO ] 2022-11-23 11:14:49.537 [main] HomePage - Buyer clicked on Employment litigation radio button
[INFO ] 2022-11-23 11:14:52.064 [main] HomePage - Clicked on Continue button
[INFO ] 2022-11-23 11:14:54.376 [main] HomePage - Buyer clicked on Yes radio button
[INFO ] 2022-11-23 11:14:59.540 [main] HomePage - Clicked on Continue button
[INFO ] 2022-11-23 11:15:01.666 [main] GMResultPage - The details related to CTA is already expanded
[INFO ] 2022-11-23 11:15:03.829 [main] TestContext - =================To verify Buyer has provided with different recommendations "RM6179RM3788lot1", lots "<lots>", service details "<details>" on GM results page after initiating GM journey for framework "legal" and after answering different set of question as sector looking for "Ministry of Defence or defence infrastructure organisation", selects Service area as "Employment litigation" during the journey execution ends===================
