[INFO ] 2022-12-20 15:05:39.493 [main] TestContext - =================RM6133: Employee Benefits execution starts===================
[INFO ] 2022-12-20 15:05:39.498 [main] BrowserFactory - Opening CHROMEbrowser
[INFO ] 2022-12-20 15:06:15.316 [main] TestContext - Successfully lunched the chrome browser
[INFO ] 2022-12-20 15:06:15.338 [main] TestContext - base.url:https://webuat.crowncommercial.gov.uk/
[INFO ] 2022-12-20 15:06:25.507 [main] BrowserFactory - https://webuat.crowncommercial.gov.uk/ is launched
[INFO ] 2022-12-20 15:06:35.128 [main] HomePage - Clicked on Start now button
[INFO ] 2022-12-20 15:06:38.746 [main] HomePage - Clicked on Start now button
[INFO ] 2022-12-20 15:06:40.878 [main] HomePage - Buyer clicked on Employee Benefits radio button
[INFO ] 2022-12-20 15:06:43.653 [main] HomePage - Clicked on Continue button
[INFO ] 2022-12-20 15:06:45.716 [main] HomePage - Buyer clicked on Child care voucher scheme radio button
[INFO ] 2022-12-20 15:06:49.544 [main] HomePage - Clicked on Continue button
[INFO ] 2022-12-20 15:06:52.602 [main] TestContext - =================RM6133: Employee Benefits execution ends===================
[INFO ] 2022-12-20 15:06:52.713 [main] TestContext - =================RM6133: Employee Benefits execution starts===================
[INFO ] 2022-12-20 15:06:52.714 [main] BrowserFactory - Opening CHROMEbrowser
[INFO ] 2022-12-20 15:06:58.149 [main] TestContext - Successfully lunched the chrome browser
[INFO ] 2022-12-20 15:06:58.150 [main] TestContext - base.url:https://webuat.crowncommercial.gov.uk/
[INFO ] 2022-12-20 15:07:05.154 [main] BrowserFactory - https://webuat.crowncommercial.gov.uk/ is launched
[INFO ] 2022-12-20 15:07:13.753 [main] HomePage - Clicked on Start now button
[INFO ] 2022-12-20 15:07:17.013 [main] HomePage - Clicked on Start now button
[INFO ] 2022-12-20 15:07:19.212 [main] HomePage - Buyer clicked on Employee Benefits radio button
[INFO ] 2022-12-20 15:07:22.119 [main] HomePage - Clicked on Continue button
[INFO ] 2022-12-20 15:07:24.189 [main] HomePage - Buyer clicked on Employee financial wellbeing scheme radio button
[INFO ] 2022-12-20 15:07:27.208 [main] HomePage - Clicked on Continue button
[INFO ] 2022-12-20 15:07:30.259 [main] TestContext - =================RM6133: Employee Benefits execution ends===================
