[INFO ] 2023-06-07 13:51:07.759 [main] TestContext - =================RM324:Heat Networks and Electricity Generation Assets DPS execution starts===================
[INFO ] 2023-06-07 13:51:07.781 [main] BrowserFactory - Opening CHROMEbrowser
[INFO ] 2023-06-07 13:51:18.565 [main] TestContext - Successfully lunched the chrome browser
[INFO ] 2023-06-07 13:51:18.567 [main] TestContext - base.url:https://webuat.crowncommercial.gov.uk/
[INFO ] 2023-06-07 13:51:29.007 [main] BrowserFactory - https://webuat.crowncommercial.gov.uk/ is launched
[INFO ] 2023-06-07 13:51:44.349 [main] HomePage - Clicked on Start now button
[INFO ] 2023-06-07 13:51:49.773 [main] HomePage - Clicked on Start now button
[INFO ] 2023-06-07 13:51:54.747 [main] TestContext - =================RM324:Heat Networks and Electricity Generation Assets DPS execution ends===================
[INFO ] 2023-06-07 13:54:57.946 [main] TestContext - =================RM324:Heat Networks and Electricity Generation Assets DPS execution starts===================
[INFO ] 2023-06-07 13:54:57.949 [main] BrowserFactory - Opening CHROMEbrowser
[INFO ] 2023-06-07 13:55:06.239 [main] TestContext - Successfully lunched the chrome browser
[INFO ] 2023-06-07 13:55:06.241 [main] TestContext - base.url:https://webuat.crowncommercial.gov.uk/
[INFO ] 2023-06-07 13:55:21.487 [main] BrowserFactory - https://webuat.crowncommercial.gov.uk/ is launched
[INFO ] 2023-06-07 13:55:36.307 [main] HomePage - Clicked on Start now button
[INFO ] 2023-06-07 13:55:41.396 [main] HomePage - Clicked on Start now button
[INFO ] 2023-06-07 13:55:43.536 [main] HomePage - Buyer clicked on Energy Demand Management / Generation Services radio button
[INFO ] 2023-06-07 13:55:46.377 [main] HomePage - Clicked on Continue button
[INFO ] 2023-06-07 13:55:49.227 [main] TestContext - =================RM324:Heat Networks and Electricity Generation Assets DPS execution ends===================
[INFO ] 2023-06-07 13:58:24.100 [main] TestContext - =================RM324:Heat Networks and Electricity Generation Assets DPS execution starts===================
[INFO ] 2023-06-07 13:58:24.104 [main] BrowserFactory - Opening CHROMEbrowser
[INFO ] 2023-06-07 13:58:31.603 [main] TestContext - Successfully lunched the chrome browser
[INFO ] 2023-06-07 13:58:31.606 [main] TestContext - base.url:https://webuat.crowncommercial.gov.uk/
[INFO ] 2023-06-07 13:58:45.961 [main] BrowserFactory - https://webuat.crowncommercial.gov.uk/ is launched
[INFO ] 2023-06-07 13:59:00.927 [main] HomePage - Clicked on Start now button
[INFO ] 2023-06-07 13:59:05.706 [main] HomePage - Clicked on Start now button
[INFO ] 2023-06-07 13:59:07.961 [main] HomePage - Buyer clicked on Energy Demand Management / Generation Services radio button
[INFO ] 2023-06-07 13:59:10.844 [main] HomePage - Clicked on Continue button
[INFO ] 2023-06-07 13:59:13.536 [main] HomePage - Buyer clicked on Heat networks and electricity generation assets radio button
[INFO ] 2023-06-07 13:59:17.023 [main] HomePage - Clicked on Continue button
[INFO ] 2023-06-07 13:59:19.117 [main] HomePage - Buyer clicked on Energy advisory, design and technical services radio button
[INFO ] 2023-06-07 13:59:22.671 [main] HomePage - Clicked on Continue button
[INFO ] 2023-06-07 13:59:28.452 [main] TestContext - =================RM324:Heat Networks and Electricity Generation Assets DPS execution ends===================
[INFO ] 2023-06-07 14:00:59.434 [main] TestContext - =================RM324:Heat Networks and Electricity Generation Assets DPS execution starts===================
[INFO ] 2023-06-07 14:00:59.437 [main] BrowserFactory - Opening CHROMEbrowser
[INFO ] 2023-06-07 14:01:06.965 [main] TestContext - Successfully lunched the chrome browser
[INFO ] 2023-06-07 14:01:06.967 [main] TestContext - base.url:https://webuat.crowncommercial.gov.uk/
[INFO ] 2023-06-07 14:01:15.487 [main] BrowserFactory - https://webuat.crowncommercial.gov.uk/ is launched
[INFO ] 2023-06-07 14:01:30.501 [main] HomePage - Clicked on Start now button
[INFO ] 2023-06-07 14:01:35.713 [main] HomePage - Clicked on Start now button
[INFO ] 2023-06-07 14:01:37.900 [main] HomePage - Buyer clicked on Energy Demand Management / Generation Services radio button
[INFO ] 2023-06-07 14:01:40.785 [main] HomePage - Clicked on Continue button
[INFO ] 2023-06-07 14:01:43.140 [main] HomePage - Buyer clicked on Heat networks and electricity generation assets radio button
[INFO ] 2023-06-07 14:01:45.974 [main] HomePage - Clicked on Continue button
[INFO ] 2023-06-07 14:01:48.042 [main] HomePage - Buyer clicked on Energy advisory, design and technical services radio button
[INFO ] 2023-06-07 14:01:51.547 [main] HomePage - Clicked on Continue button
[INFO ] 2023-06-07 14:01:53.349 [main] TestContext - =================RM324:Heat Networks and Electricity Generation Assets DPS execution ends===================
[INFO ] 2023-06-07 14:16:05.487 [main] TestContext - =================To verify Buyer has provided with different recommendations "<recommServices>", service details "<details>" on GM results page after initiating GM journey for framework "housing" and after answering different set of question as sector looking for "<sector>", selects Service area as "<serviceArea>" during the journey execution starts===================
[INFO ] 2023-06-07 14:16:05.490 [main] BrowserFactory - Opening CHROMEbrowser
[INFO ] 2023-06-07 14:16:49.740 [main] TestContext - =================RM6213:Vehicle Charging Infrastructure Solutions execution starts===================
[INFO ] 2023-06-07 14:16:49.744 [main] BrowserFactory - Opening CHROMEbrowser
[INFO ] 2023-06-07 14:16:56.565 [main] TestContext - Successfully lunched the chrome browser
[INFO ] 2023-06-07 14:16:56.568 [main] TestContext - base.url:https://webuat.crowncommercial.gov.uk/
[INFO ] 2023-06-07 14:17:04.889 [main] BrowserFactory - https://webuat.crowncommercial.gov.uk/ is launched
[INFO ] 2023-06-07 14:17:19.756 [main] HomePage - Clicked on Start now button
[INFO ] 2023-06-07 14:17:25.180 [main] HomePage - Clicked on Start now button
[INFO ] 2023-06-07 14:17:27.290 [main] HomePage - Buyer clicked on Fleet radio button
[INFO ] 2023-06-07 14:17:30.146 [main] HomePage - Clicked on Continue button
[INFO ] 2023-06-07 14:17:32.350 [main] HomePage - Buyer clicked on Vehicle charging infrastructure solutions radio button
[INFO ] 2023-06-07 14:17:36.198 [main] HomePage - Clicked on Continue button
[INFO ] 2023-06-07 14:17:41.577 [main] TestContext - =================RM6213:Vehicle Charging Infrastructure Solutions execution ends===================
[INFO ] 2023-06-07 14:18:19.533 [main] TestContext - =================RM6213:Vehicle Charging Infrastructure Solutions execution starts===================
[INFO ] 2023-06-07 14:18:19.536 [main] BrowserFactory - Opening CHROMEbrowser
[INFO ] 2023-06-07 14:18:27.055 [main] TestContext - Successfully lunched the chrome browser
[INFO ] 2023-06-07 14:18:27.058 [main] TestContext - base.url:https://webuat.crowncommercial.gov.uk/
[INFO ] 2023-06-07 14:18:36.718 [main] BrowserFactory - https://webuat.crowncommercial.gov.uk/ is launched
[INFO ] 2023-06-07 14:18:51.537 [main] HomePage - Clicked on Start now button
[INFO ] 2023-06-07 14:18:56.569 [main] HomePage - Clicked on Start now button
[INFO ] 2023-06-07 14:18:58.691 [main] HomePage - Buyer clicked on Fleet radio button
[INFO ] 2023-06-07 14:19:01.654 [main] HomePage - Clicked on Continue button
[INFO ] 2023-06-07 14:19:04.048 [main] HomePage - Buyer clicked on Vehicle charging infrastructure solutions radio button
[INFO ] 2023-06-07 14:19:07.817 [main] HomePage - Clicked on Continue button
[INFO ] 2023-06-07 14:19:09.147 [main] TestContext - =================RM6213:Vehicle Charging Infrastructure Solutions execution ends===================
[INFO ] 2023-06-07 14:35:23.046 [main] TestContext - =================RM6244:Purchase of Standard and Specialist Vehicles execution starts===================
[INFO ] 2023-06-07 14:35:23.049 [main] BrowserFactory - Opening CHROMEbrowser
[INFO ] 2023-06-07 14:35:30.994 [main] TestContext - Successfully lunched the chrome browser
[INFO ] 2023-06-07 14:35:30.996 [main] TestContext - base.url:https://webuat.crowncommercial.gov.uk/
[INFO ] 2023-06-07 14:35:41.426 [main] BrowserFactory - https://webuat.crowncommercial.gov.uk/ is launched
[INFO ] 2023-06-07 14:35:56.161 [main] HomePage - Clicked on Start now button
[INFO ] 2023-06-07 14:36:01.100 [main] HomePage - Clicked on Start now button
[INFO ] 2023-06-07 14:36:03.241 [main] HomePage - Buyer clicked on Fleet radio button
[INFO ] 2023-06-07 14:36:06.050 [main] HomePage - Clicked on Continue button
[INFO ] 2023-06-07 14:36:08.296 [main] HomePage - Buyer clicked on Vehicle purchase radio button
[INFO ] 2023-06-07 14:36:11.071 [main] HomePage - Clicked on Continue button
[INFO ] 2023-06-07 14:36:13.137 [main] HomePage - Buyer clicked on Other sectors radio button
[INFO ] 2023-06-07 14:36:16.104 [main] HomePage - Clicked on Continue button
[INFO ] 2023-06-07 14:36:18.149 [main] HomePage - Buyer clicked on Light and medium commercial vehicles up to 7.5 tonnes radio button
[INFO ] 2023-06-07 14:36:21.840 [main] HomePage - Clicked on Continue button
[INFO ] 2023-06-07 14:36:28.196 [main] TestContext - =================RM6244:Purchase of Standard and Specialist Vehicles execution ends===================
[INFO ] 2023-06-07 14:36:28.530 [main] TestContext - =================RM6096:Vehicle Lease, Fleet Management & Flexible Rental Solutions execution starts===================
[INFO ] 2023-06-07 14:36:28.532 [main] BrowserFactory - Opening CHROMEbrowser
[INFO ] 2023-06-07 14:36:34.932 [main] TestContext - Successfully lunched the chrome browser
[INFO ] 2023-06-07 14:36:34.933 [main] TestContext - base.url:https://webuat.crowncommercial.gov.uk/
[INFO ] 2023-06-07 14:36:48.313 [main] BrowserFactory - https://webuat.crowncommercial.gov.uk/ is launched
[INFO ] 2023-06-07 14:37:02.774 [main] HomePage - Clicked on Start now button
[INFO ] 2023-06-07 14:37:09.270 [main] HomePage - Clicked on Start now button
[INFO ] 2023-06-07 14:37:11.720 [main] HomePage - Buyer clicked on Fleet radio button
[INFO ] 2023-06-07 14:37:16.508 [main] HomePage - Clicked on Continue button
[INFO ] 2023-06-07 14:37:18.634 [main] HomePage - Buyer clicked on Vehicle lease and hire radio button
[INFO ] 2023-06-07 14:37:21.225 [main] HomePage - Clicked on Continue button
[INFO ] 2023-06-07 14:37:23.254 [main] HomePage - Buyer clicked on Hire vehicles up to 3.5 tonnes radio button
[INFO ] 2023-06-07 14:37:26.816 [main] HomePage - Clicked on Continue button
[INFO ] 2023-06-07 14:37:28.794 [main] TestContext - =================RM6096:Vehicle Lease, Fleet Management & Flexible Rental Solutions execution ends===================
[INFO ] 2023-06-07 14:40:37.324 [main] TestContext - =================RM6244:Purchase of Standard and Specialist Vehicles execution starts===================
[INFO ] 2023-06-07 14:40:37.329 [main] BrowserFactory - Opening CHROMEbrowser
[INFO ] 2023-06-07 14:40:44.709 [main] TestContext - Successfully lunched the chrome browser
[INFO ] 2023-06-07 14:40:44.711 [main] TestContext - base.url:https://webuat.crowncommercial.gov.uk/
[INFO ] 2023-06-07 14:40:53.396 [main] BrowserFactory - https://webuat.crowncommercial.gov.uk/ is launched
[INFO ] 2023-06-07 14:41:08.115 [main] HomePage - Clicked on Start now button
[INFO ] 2023-06-07 14:41:13.294 [main] HomePage - Clicked on Start now button
[INFO ] 2023-06-07 14:41:15.405 [main] HomePage - Buyer clicked on Fleet radio button
[INFO ] 2023-06-07 14:41:18.240 [main] HomePage - Clicked on Continue button
[INFO ] 2023-06-07 14:41:20.626 [main] HomePage - Buyer clicked on Vehicle purchase radio button
[INFO ] 2023-06-07 14:41:24.646 [main] HomePage - Clicked on Continue button
[INFO ] 2023-06-07 14:41:26.711 [main] HomePage - Buyer clicked on Other sectors radio button
[INFO ] 2023-06-07 14:41:29.268 [main] HomePage - Clicked on Continue button
[INFO ] 2023-06-07 14:41:31.348 [main] HomePage - Buyer clicked on Passenger cars radio button
[INFO ] 2023-06-07 14:41:34.858 [main] HomePage - Clicked on Continue button
[INFO ] 2023-06-07 14:41:37.311 [main] TestContext - =================RM6244:Purchase of Standard and Specialist Vehicles execution ends===================
[INFO ] 2023-06-07 14:41:37.472 [main] TestContext - =================RM6096:Vehicle Lease, Fleet Management & Flexible Rental Solutions execution starts===================
[INFO ] 2023-06-07 14:41:37.474 [main] BrowserFactory - Opening CHROMEbrowser
[INFO ] 2023-06-07 14:41:43.118 [main] TestContext - Successfully lunched the chrome browser
[INFO ] 2023-06-07 14:41:43.123 [main] TestContext - base.url:https://webuat.crowncommercial.gov.uk/
[INFO ] 2023-06-07 14:41:55.729 [main] BrowserFactory - https://webuat.crowncommercial.gov.uk/ is launched
[INFO ] 2023-06-07 14:42:10.280 [main] HomePage - Clicked on Start now button
[INFO ] 2023-06-07 14:42:15.620 [main] HomePage - Clicked on Start now button
[INFO ] 2023-06-07 14:42:17.710 [main] HomePage - Buyer clicked on Fleet radio button
[INFO ] 2023-06-07 14:42:20.484 [main] HomePage - Clicked on Continue button
[INFO ] 2023-06-07 14:42:22.659 [main] HomePage - Buyer clicked on Vehicle lease and hire radio button
[INFO ] 2023-06-07 14:42:25.473 [main] HomePage - Clicked on Continue button
[INFO ] 2023-06-07 14:42:27.538 [main] HomePage - Buyer clicked on Hire vehicles up to 3.5 tonnes radio button
[INFO ] 2023-06-07 14:42:32.334 [main] HomePage - Clicked on Continue button
[INFO ] 2023-06-07 14:42:34.115 [main] TestContext - =================RM6096:Vehicle Lease, Fleet Management & Flexible Rental Solutions execution ends===================
[INFO ] 2023-06-07 15:41:07.651 [main] TestContext - =================RM6142:Supply of tyres, glass and fast fit solutions execution starts===================
[INFO ] 2023-06-07 15:41:07.654 [main] BrowserFactory - Opening CHROMEbrowser
[INFO ] 2023-06-07 15:41:16.925 [main] TestContext - Successfully lunched the chrome browser
[INFO ] 2023-06-07 15:41:16.927 [main] TestContext - base.url:https://webuat.crowncommercial.gov.uk/
[INFO ] 2023-06-07 15:41:26.954 [main] BrowserFactory - https://webuat.crowncommercial.gov.uk/ is launched
[INFO ] 2023-06-07 15:41:42.211 [main] HomePage - Clicked on Start now button
[INFO ] 2023-06-07 15:41:47.015 [main] HomePage - Clicked on Start now button
[INFO ] 2023-06-07 15:41:49.131 [main] HomePage - Buyer clicked on Fleet radio button
[INFO ] 2023-06-07 15:41:51.986 [main] HomePage - Clicked on Continue button
[INFO ] 2023-06-07 15:41:54.183 [main] HomePage - Buyer clicked on Tyres and/or fast fit products radio button
[INFO ] 2023-06-07 15:41:57.986 [main] HomePage - Clicked on Continue button
[INFO ] 2023-06-07 15:42:00.064 [main] HomePage - Buyer clicked on Blue light sector radio button
[INFO ] 2023-06-07 15:42:03.920 [main] HomePage - Clicked on Continue button
[INFO ] 2023-06-07 15:42:05.940 [main] TestContext - =================RM6142:Supply of tyres, glass and fast fit solutions execution ends===================
